03:12:17 **** Build of project men_test_bsp ****
make -k all 
"Running Make include in ps7_cortexa9_0/libsrc/coresightps_dcc_v1_0/src"
make -C ps7_cortexa9_0/libsrc/coresightps_dcc_v1_0/src -s include  "SHELL=CMD" "COMPILER=arm-xilinx-eabi-gcc" "ARCHIVER=arm-xilinx-eabi-ar" "COMPILER_FLAGS=  -O2 -c" "EXTRA_COMPILER_FLAGS=-g"
"Running Make include in ps7_cortexa9_0/libsrc/cpu_cortexa9_v2_1/src"
make -C ps7_cortexa9_0/libsrc/cpu_cortexa9_v2_1/src -s include  "SHELL=CMD" "COMPILER=arm-xilinx-eabi-gcc" "ARCHIVER=arm-xilinx-eabi-ar" "COMPILER_FLAGS=  -O2 -c" "EXTRA_COMPILER_FLAGS=-g"
"Running Make include in ps7_cortexa9_0/libsrc/devcfg_v3_3/src"
make -C ps7_cortexa9_0/libsrc/devcfg_v3_3/src -s include  "SHELL=CMD" "COMPILER=arm-xilinx-eabi-gcc" "ARCHIVER=arm-xilinx-eabi-ar" "COMPILER_FLAGS=  -O2 -c" "EXTRA_COMPILER_FLAGS=-g"
"Running Make include in ps7_cortexa9_0/libsrc/dmaps_v2_1/src"
make -C ps7_cortexa9_0/libsrc/dmaps_v2_1/src -s include  "SHELL=CMD" "COMPILER=arm-xilinx-eabi-gcc" "ARCHIVER=arm-xilinx-eabi-ar" "COMPILER_FLAGS=  -O2 -c" "EXTRA_COMPILER_FLAGS=-g"
"Running Make include in ps7_cortexa9_0/libsrc/gpiops_v3_0/src"
make -C ps7_cortexa9_0/libsrc/gpiops_v3_0/src -s include  "SHELL=CMD" "COMPILER=arm-xilinx-eabi-gcc" "ARCHIVER=arm-xilinx-eabi-ar" "COMPILER_FLAGS=  -O2 -c" "EXTRA_COMPILER_FLAGS=-g"
"Running Make include in ps7_cortexa9_0/libsrc/scugic_v3_0/src"
make -C ps7_cortexa9_0/libsrc/scugic_v3_0/src -s include  "SHELL=CMD" "COMPILER=arm-xilinx-eabi-gcc" "ARCHIVER=arm-xilinx-eabi-ar" "COMPILER_FLAGS=  -O2 -c" "EXTRA_COMPILER_FLAGS=-g"
"Running Make include in ps7_cortexa9_0/libsrc/scutimer_v2_1/src"
make -C ps7_cortexa9_0/libsrc/scutimer_v2_1/src -s include  "SHELL=CMD" "COMPILER=arm-xilinx-eabi-gcc" "ARCHIVER=arm-xilinx-eabi-ar" "COMPILER_FLAGS=  -O2 -c" "EXTRA_COMPILER_FLAGS=-g"
"Running Make include in ps7_cortexa9_0/libsrc/scuwdt_v2_1/src"
make -C ps7_cortexa9_0/libsrc/scuwdt_v2_1/src -s include  "SHELL=CMD" "COMPILER=arm-xilinx-eabi-gcc" "ARCHIVER=arm-xilinx-eabi-ar" "COMPILER_FLAGS=  -O2 -c" "EXTRA_COMPILER_FLAGS=-g"
"Running Make include in ps7_cortexa9_0/libsrc/standalone_v5_1/src"
make -C ps7_cortexa9_0/libsrc/standalone_v5_1/src -s include  "SHELL=CMD" "COMPILER=arm-xilinx-eabi-gcc" "ARCHIVER=arm-xilinx-eabi-ar" "COMPILER_FLAGS=  -O2 -c" "EXTRA_COMPILER_FLAGS=-g"
"Running Make include in ps7_cortexa9_0/libsrc/uartps_v3_0/src"
make -C ps7_cortexa9_0/libsrc/uartps_v3_0/src -s include  "SHELL=CMD" "COMPILER=arm-xilinx-eabi-gcc" "ARCHIVER=arm-xilinx-eabi-ar" "COMPILER_FLAGS=  -O2 -c" "EXTRA_COMPILER_FLAGS=-g"
"Running Make include in ps7_cortexa9_0/libsrc/xadcps_v2_2/src"
make -C ps7_cortexa9_0/libsrc/xadcps_v2_2/src -s include  "SHELL=CMD" "COMPILER=arm-xilinx-eabi-gcc" "ARCHIVER=arm-xilinx-eabi-ar" "COMPILER_FLAGS=  -O2 -c" "EXTRA_COMPILER_FLAGS=-g"
"Running Make libs in ps7_cortexa9_0/libsrc/coresightps_dcc_v1_0/src"
make -C ps7_cortexa9_0/libsrc/coresightps_dcc_v1_0/src -s libs  "SHELL=CMD" "COMPILER=arm-xilinx-eabi-gcc" "ARCHIVER=arm-xilinx-eabi-ar" "COMPILER_FLAGS=  -O2 -c" "EXTRA_COMPILER_FLAGS=-g"
"Compiling coresightps_dcc"
arm-xilinx-eabi-ar: creating ../../../lib/libxil.a
"Running Make libs in ps7_cortexa9_0/libsrc/cpu_cortexa9_v2_1/src"
make -C ps7_cortexa9_0/libsrc/cpu_cortexa9_v2_1/src -s libs  "SHELL=CMD" "COMPILER=arm-xilinx-eabi-gcc" "ARCHIVER=arm-xilinx-eabi-ar" "COMPILER_FLAGS=  -O2 -c" "EXTRA_COMPILER_FLAGS=-g"
"Compiling cpu_cortexa9"
"Running Make libs in ps7_cortexa9_0/libsrc/devcfg_v3_3/src"
make -C ps7_cortexa9_0/libsrc/devcfg_v3_3/src -s libs  "SHELL=CMD" "COMPILER=arm-xilinx-eabi-gcc" "ARCHIVER=arm-xilinx-eabi-ar" "COMPILER_FLAGS=  -O2 -c" "EXTRA_COMPILER_FLAGS=-g"
"Compiling devcfg"
"Running Make libs in ps7_cortexa9_0/libsrc/dmaps_v2_1/src"
make -C ps7_cortexa9_0/libsrc/dmaps_v2_1/src -s libs  "SHELL=CMD" "COMPILER=arm-xilinx-eabi-gcc" "ARCHIVER=arm-xilinx-eabi-ar" "COMPILER_FLAGS=  -O2 -c" "EXTRA_COMPILER_FLAGS=-g"
"Compiling dmaps"
"Running Make libs in ps7_cortexa9_0/libsrc/gpiops_v3_0/src"
make -C ps7_cortexa9_0/libsrc/gpiops_v3_0/src -s libs  "SHELL=CMD" "COMPILER=arm-xilinx-eabi-gcc" "ARCHIVER=arm-xilinx-eabi-ar" "COMPILER_FLAGS=  -O2 -c" "EXTRA_COMPILER_FLAGS=-g"
"Compiling gpiops"
"Running Make libs in ps7_cortexa9_0/libsrc/scugic_v3_0/src"
make -C ps7_cortexa9_0/libsrc/scugic_v3_0/src -s libs  "SHELL=CMD" "COMPILER=arm-xilinx-eabi-gcc" "ARCHIVER=arm-xilinx-eabi-ar" "COMPILER_FLAGS=  -O2 -c" "EXTRA_COMPILER_FLAGS=-g"
"Compiling scugic"
"Running Make libs in ps7_cortexa9_0/libsrc/scutimer_v2_1/src"
make -C ps7_cortexa9_0/libsrc/scutimer_v2_1/src -s libs  "SHELL=CMD" "COMPILER=arm-xilinx-eabi-gcc" "ARCHIVER=arm-xilinx-eabi-ar" "COMPILER_FLAGS=  -O2 -c" "EXTRA_COMPILER_FLAGS=-g"
"Compiling scutimer"
"Running Make libs in ps7_cortexa9_0/libsrc/scuwdt_v2_1/src"
make -C ps7_cortexa9_0/libsrc/scuwdt_v2_1/src -s libs  "SHELL=CMD" "COMPILER=arm-xilinx-eabi-gcc" "ARCHIVER=arm-xilinx-eabi-ar" "COMPILER_FLAGS=  -O2 -c" "EXTRA_COMPILER_FLAGS=-g"
"Compiling scuwdt"
"Running Make libs in ps7_cortexa9_0/libsrc/standalone_v5_1/src"
make -C ps7_cortexa9_0/libsrc/standalone_v5_1/src -s libs  "SHELL=CMD" "COMPILER=arm-xilinx-eabi-gcc" "ARCHIVER=arm-xilinx-eabi-ar" "COMPILER_FLAGS=  -O2 -c" "EXTRA_COMPILER_FLAGS=-g"
"Compiling standalone"
"Running Make libs in ps7_cortexa9_0/libsrc/uartps_v3_0/src"
make -C ps7_cortexa9_0/libsrc/uartps_v3_0/src -s libs  "SHELL=CMD" "COMPILER=arm-xilinx-eabi-gcc" "ARCHIVER=arm-xilinx-eabi-ar" "COMPILER_FLAGS=  -O2 -c" "EXTRA_COMPILER_FLAGS=-g"
"Compiling uartps"
"Running Make libs in ps7_cortexa9_0/libsrc/xadcps_v2_2/src"
make -C ps7_cortexa9_0/libsrc/xadcps_v2_2/src -s libs  "SHELL=CMD" "COMPILER=arm-xilinx-eabi-gcc" "ARCHIVER=arm-xilinx-eabi-ar" "COMPILER_FLAGS=  -O2 -c" "EXTRA_COMPILER_FLAGS=-g"
"Compiling xadcps"
'Finished building libraries'
03:12:38 **** Build of configuration Debug for project men_test ****
make all 
'Building file: ../src/helloworld.c'
'Invoking: ARM gcc compiler'
arm-xilinx-eabi-gcc -Wall -O0 -g3 -c -fmessage-length=0 -MT"src/helloworld.o" -I../../men_test_bsp/ps7_cortexa9_0/include -MMD -MP -MF"src/helloworld.d" -MT"src/helloworld.d" -o "src/helloworld.o" "../src/helloworld.c"
'Finished building: ../src/helloworld.c'
' '
'Building file: ../src/platform.c'
'Invoking: ARM gcc compiler'
arm-xilinx-eabi-gcc -Wall -O0 -g3 -c -fmessage-length=0 -MT"src/platform.o" -I../../men_test_bsp/ps7_cortexa9_0/include -MMD -MP -MF"src/platform.d" -MT"src/platform.d" -o "src/platform.o" "../src/platform.c"
'Finished building: ../src/platform.c'
' '
'Building target: men_test.elf'
'Invoking: ARM gcc linker'
arm-xilinx-eabi-gcc -Wl,-T -Wl,../src/lscript.ld -L../../men_test_bsp/ps7_cortexa9_0/lib -o "men_test.elf"  ./src/helloworld.o ./src/platform.o   -Wl,--start-group,-lxil,-lgcc,-lc,--end-group
'Finished building target: men_test.elf'
' '
'Invoking: ARM Print Size'
arm-xilinx-eabi-size men_test.elf  |tee "men_test.elf.size"
   text	   data	    bss	    dec	    hex	filename
  22888	   1152	  22564	  46604	   b60c	men_test.elf
'Finished building: men_test.elf.size'
' '
03:15:01 **** Build of project men_test1_bsp ****
make -k all 
"Running Make include in ps7_cortexa9_0/libsrc/coresightps_dcc_v1_0/src"
make -C ps7_cortexa9_0/libsrc/coresightps_dcc_v1_0/src -s include  "SHELL=CMD" "COMPILER=arm-xilinx-eabi-gcc" "ARCHIVER=arm-xilinx-eabi-ar" "COMPILER_FLAGS=  -O2 -c" "EXTRA_COMPILER_FLAGS=-g"
"Running Make include in ps7_cortexa9_0/libsrc/cpu_cortexa9_v2_1/src"
make -C ps7_cortexa9_0/libsrc/cpu_cortexa9_v2_1/src -s include  "SHELL=CMD" "COMPILER=arm-xilinx-eabi-gcc" "ARCHIVER=arm-xilinx-eabi-ar" "COMPILER_FLAGS=  -O2 -c" "EXTRA_COMPILER_FLAGS=-g"
"Running Make include in ps7_cortexa9_0/libsrc/devcfg_v3_3/src"
make -C ps7_cortexa9_0/libsrc/devcfg_v3_3/src -s include  "SHELL=CMD" "COMPILER=arm-xilinx-eabi-gcc" "ARCHIVER=arm-xilinx-eabi-ar" "COMPILER_FLAGS=  -O2 -c" "EXTRA_COMPILER_FLAGS=-g"
"Running Make include in ps7_cortexa9_0/libsrc/dmaps_v2_1/src"
make -C ps7_cortexa9_0/libsrc/dmaps_v2_1/src -s include  "SHELL=CMD" "COMPILER=arm-xilinx-eabi-gcc" "ARCHIVER=arm-xilinx-eabi-ar" "COMPILER_FLAGS=  -O2 -c" "EXTRA_COMPILER_FLAGS=-g"
"Running Make include in ps7_cortexa9_0/libsrc/gpiops_v3_0/src"
make -C ps7_cortexa9_0/libsrc/gpiops_v3_0/src -s include  "SHELL=CMD" "COMPILER=arm-xilinx-eabi-gcc" "ARCHIVER=arm-xilinx-eabi-ar" "COMPILER_FLAGS=  -O2 -c" "EXTRA_COMPILER_FLAGS=-g"
"Running Make include in ps7_cortexa9_0/libsrc/scugic_v3_0/src"
make -C ps7_cortexa9_0/libsrc/scugic_v3_0/src -s include  "SHELL=CMD" "COMPILER=arm-xilinx-eabi-gcc" "ARCHIVER=arm-xilinx-eabi-ar" "COMPILER_FLAGS=  -O2 -c" "EXTRA_COMPILER_FLAGS=-g"
"Running Make include in ps7_cortexa9_0/libsrc/scutimer_v2_1/src"
make -C ps7_cortexa9_0/libsrc/scutimer_v2_1/src -s include  "SHELL=CMD" "COMPILER=arm-xilinx-eabi-gcc" "ARCHIVER=arm-xilinx-eabi-ar" "COMPILER_FLAGS=  -O2 -c" "EXTRA_COMPILER_FLAGS=-g"
"Running Make include in ps7_cortexa9_0/libsrc/scuwdt_v2_1/src"
make -C ps7_cortexa9_0/libsrc/scuwdt_v2_1/src -s include  "SHELL=CMD" "COMPILER=arm-xilinx-eabi-gcc" "ARCHIVER=arm-xilinx-eabi-ar" "COMPILER_FLAGS=  -O2 -c" "EXTRA_COMPILER_FLAGS=-g"
"Running Make include in ps7_cortexa9_0/libsrc/standalone_v5_1/src"
make -C ps7_cortexa9_0/libsrc/standalone_v5_1/src -s include  "SHELL=CMD" "COMPILER=arm-xilinx-eabi-gcc" "ARCHIVER=arm-xilinx-eabi-ar" "COMPILER_FLAGS=  -O2 -c" "EXTRA_COMPILER_FLAGS=-g"
"Running Make include in ps7_cortexa9_0/libsrc/uartps_v3_0/src"
make -C ps7_cortexa9_0/libsrc/uartps_v3_0/src -s include  "SHELL=CMD" "COMPILER=arm-xilinx-eabi-gcc" "ARCHIVER=arm-xilinx-eabi-ar" "COMPILER_FLAGS=  -O2 -c" "EXTRA_COMPILER_FLAGS=-g"
"Running Make include in ps7_cortexa9_0/libsrc/xadcps_v2_2/src"
make -C ps7_cortexa9_0/libsrc/xadcps_v2_2/src -s include  "SHELL=CMD" "COMPILER=arm-xilinx-eabi-gcc" "ARCHIVER=arm-xilinx-eabi-ar" "COMPILER_FLAGS=  -O2 -c" "EXTRA_COMPILER_FLAGS=-g"
"Running Make libs in ps7_cortexa9_0/libsrc/coresightps_dcc_v1_0/src"
make -C ps7_cortexa9_0/libsrc/coresightps_dcc_v1_0/src -s libs  "SHELL=CMD" "COMPILER=arm-xilinx-eabi-gcc" "ARCHIVER=arm-xilinx-eabi-ar" "COMPILER_FLAGS=  -O2 -c" "EXTRA_COMPILER_FLAGS=-g"
"Compiling coresightps_dcc"
arm-xilinx-eabi-ar: creating ../../../lib/libxil.a
"Running Make libs in ps7_cortexa9_0/libsrc/cpu_cortexa9_v2_1/src"
make -C ps7_cortexa9_0/libsrc/cpu_cortexa9_v2_1/src -s libs  "SHELL=CMD" "COMPILER=arm-xilinx-eabi-gcc" "ARCHIVER=arm-xilinx-eabi-ar" "COMPILER_FLAGS=  -O2 -c" "EXTRA_COMPILER_FLAGS=-g"
"Compiling cpu_cortexa9"
"Running Make libs in ps7_cortexa9_0/libsrc/devcfg_v3_3/src"
make -C ps7_cortexa9_0/libsrc/devcfg_v3_3/src -s libs  "SHELL=CMD" "COMPILER=arm-xilinx-eabi-gcc" "ARCHIVER=arm-xilinx-eabi-ar" "COMPILER_FLAGS=  -O2 -c" "EXTRA_COMPILER_FLAGS=-g"
"Compiling devcfg"
"Running Make libs in ps7_cortexa9_0/libsrc/dmaps_v2_1/src"
make -C ps7_cortexa9_0/libsrc/dmaps_v2_1/src -s libs  "SHELL=CMD" "COMPILER=arm-xilinx-eabi-gcc" "ARCHIVER=arm-xilinx-eabi-ar" "COMPILER_FLAGS=  -O2 -c" "EXTRA_COMPILER_FLAGS=-g"
"Compiling dmaps"
"Running Make libs in ps7_cortexa9_0/libsrc/gpiops_v3_0/src"
make -C ps7_cortexa9_0/libsrc/gpiops_v3_0/src -s libs  "SHELL=CMD" "COMPILER=arm-xilinx-eabi-gcc" "ARCHIVER=arm-xilinx-eabi-ar" "COMPILER_FLAGS=  -O2 -c" "EXTRA_COMPILER_FLAGS=-g"
"Compiling gpiops"
"Running Make libs in ps7_cortexa9_0/libsrc/scugic_v3_0/src"
make -C ps7_cortexa9_0/libsrc/scugic_v3_0/src -s libs  "SHELL=CMD" "COMPILER=arm-xilinx-eabi-gcc" "ARCHIVER=arm-xilinx-eabi-ar" "COMPILER_FLAGS=  -O2 -c" "EXTRA_COMPILER_FLAGS=-g"
"Compiling scugic"
"Running Make libs in ps7_cortexa9_0/libsrc/scutimer_v2_1/src"
make -C ps7_cortexa9_0/libsrc/scutimer_v2_1/src -s libs  "SHELL=CMD" "COMPILER=arm-xilinx-eabi-gcc" "ARCHIVER=arm-xilinx-eabi-ar" "COMPILER_FLAGS=  -O2 -c" "EXTRA_COMPILER_FLAGS=-g"
"Compiling scutimer"
"Running Make libs in ps7_cortexa9_0/libsrc/scuwdt_v2_1/src"
make -C ps7_cortexa9_0/libsrc/scuwdt_v2_1/src -s libs  "SHELL=CMD" "COMPILER=arm-xilinx-eabi-gcc" "ARCHIVER=arm-xilinx-eabi-ar" "COMPILER_FLAGS=  -O2 -c" "EXTRA_COMPILER_FLAGS=-g"
"Compiling scuwdt"
"Running Make libs in ps7_cortexa9_0/libsrc/standalone_v5_1/src"
make -C ps7_cortexa9_0/libsrc/standalone_v5_1/src -s libs  "SHELL=CMD" "COMPILER=arm-xilinx-eabi-gcc" "ARCHIVER=arm-xilinx-eabi-ar" "COMPILER_FLAGS=  -O2 -c" "EXTRA_COMPILER_FLAGS=-g"
"Compiling standalone"
"Running Make libs in ps7_cortexa9_0/libsrc/uartps_v3_0/src"
make -C ps7_cortexa9_0/libsrc/uartps_v3_0/src -s libs  "SHELL=CMD" "COMPILER=arm-xilinx-eabi-gcc" "ARCHIVER=arm-xilinx-eabi-ar" "COMPILER_FLAGS=  -O2 -c" "EXTRA_COMPILER_FLAGS=-g"
"Compiling uartps"
"Running Make libs in ps7_cortexa9_0/libsrc/xadcps_v2_2/src"
make -C ps7_cortexa9_0/libsrc/xadcps_v2_2/src -s libs  "SHELL=CMD" "COMPILER=arm-xilinx-eabi-gcc" "ARCHIVER=arm-xilinx-eabi-ar" "COMPILER_FLAGS=  -O2 -c" "EXTRA_COMPILER_FLAGS=-g"
"Compiling xadcps"
'Finished building libraries'
03:15:22 **** Build of configuration Debug for project men_test1 ****
make all 
'Building file: ../src/memory_config_g.c'
'Invoking: ARM gcc compiler'
arm-xilinx-eabi-gcc -Wall -O0 -g3 -c -fmessage-length=0 -MT"src/memory_config_g.o" -I../../men_test1_bsp/ps7_cortexa9_0/include -MMD -MP -MF"src/memory_config_g.d" -MT"src/memory_config_g.d" -o "src/memory_config_g.o" "../src/memory_config_g.c"
'Finished building: ../src/memory_config_g.c'
' '
'Building file: ../src/memorytest.c'
'Invoking: ARM gcc compiler'
arm-xilinx-eabi-gcc -Wall -O0 -g3 -c -fmessage-length=0 -MT"src/memorytest.o" -I../../men_test1_bsp/ps7_cortexa9_0/include -MMD -MP -MF"src/memorytest.d" -MT"src/memorytest.d" -o "src/memorytest.o" "../src/memorytest.c"
'Finished building: ../src/memorytest.c'
' '
'Building file: ../src/platform.c'
'Invoking: ARM gcc compiler'
arm-xilinx-eabi-gcc -Wall -O0 -g3 -c -fmessage-length=0 -MT"src/platform.o" -I../../men_test1_bsp/ps7_cortexa9_0/include -MMD -MP -MF"src/platform.d" -MT"src/platform.d" -o "src/platform.o" "../src/platform.c"
'Finished building: ../src/platform.c'
' '
'Building target: men_test1.elf'
'Invoking: ARM gcc linker'
arm-xilinx-eabi-gcc -Wl,-T -Wl,../src/lscript.ld -L../../men_test1_bsp/ps7_cortexa9_0/lib -o "men_test1.elf"  ./src/memory_config_g.o ./src/memorytest.o ./src/platform.o   -Wl,--start-group,-lxil,-lgcc,-lc,--end-group
'Finished building target: men_test1.elf'
' '
'Invoking: ARM Print Size'
arm-xilinx-eabi-size men_test1.elf  |tee "men_test1.elf.size"
   text	   data	    bss	    dec	    hex	filename
  26292	   1184	  14388	  41864	   a388	men_test1.elf
'Finished building: men_test1.elf.size'
' '
03:17:37 **** Incremental Build of configuration Debug for project men_test1 ****
make all 
make: Nothing to be done for `all'.
05:47:58 **** Auto Build of project men_test1_bsp ****
make -k all 
"Running Make include in ps7_cortexa9_0/libsrc/coresightps_dcc_v1_0/src"
make -C ps7_cortexa9_0/libsrc/coresightps_dcc_v1_0/src -s include  "SHELL=CMD" "COMPILER=arm-xilinx-eabi-gcc" "ARCHIVER=arm-xilinx-eabi-ar" "COMPILER_FLAGS=  -O2 -c" "EXTRA_COMPILER_FLAGS=-g"
"Running Make include in ps7_cortexa9_0/libsrc/cpu_cortexa9_v2_1/src"
make -C ps7_cortexa9_0/libsrc/cpu_cortexa9_v2_1/src -s include  "SHELL=CMD" "COMPILER=arm-xilinx-eabi-gcc" "ARCHIVER=arm-xilinx-eabi-ar" "COMPILER_FLAGS=  -O2 -c" "EXTRA_COMPILER_FLAGS=-g"
"Running Make include in ps7_cortexa9_0/libsrc/devcfg_v3_3/src"
make -C ps7_cortexa9_0/libsrc/devcfg_v3_3/src -s include  "SHELL=CMD" "COMPILER=arm-xilinx-eabi-gcc" "ARCHIVER=arm-xilinx-eabi-ar" "COMPILER_FLAGS=  -O2 -c" "EXTRA_COMPILER_FLAGS=-g"
"Running Make include in ps7_cortexa9_0/libsrc/dmaps_v2_1/src"
make -C ps7_cortexa9_0/libsrc/dmaps_v2_1/src -s include  "SHELL=CMD" "COMPILER=arm-xilinx-eabi-gcc" "ARCHIVER=arm-xilinx-eabi-ar" "COMPILER_FLAGS=  -O2 -c" "EXTRA_COMPILER_FLAGS=-g"
"Running Make include in ps7_cortexa9_0/libsrc/gpiops_v3_0/src"
make -C ps7_cortexa9_0/libsrc/gpiops_v3_0/src -s include  "SHELL=CMD" "COMPILER=arm-xilinx-eabi-gcc" "ARCHIVER=arm-xilinx-eabi-ar" "COMPILER_FLAGS=  -O2 -c" "EXTRA_COMPILER_FLAGS=-g"
"Running Make include in ps7_cortexa9_0/libsrc/scugic_v3_0/src"
make -C ps7_cortexa9_0/libsrc/scugic_v3_0/src -s include  "SHELL=CMD" "COMPILER=arm-xilinx-eabi-gcc" "ARCHIVER=arm-xilinx-eabi-ar" "COMPILER_FLAGS=  -O2 -c" "EXTRA_COMPILER_FLAGS=-g"
"Running Make include in ps7_cortexa9_0/libsrc/scutimer_v2_1/src"
make -C ps7_cortexa9_0/libsrc/scutimer_v2_1/src -s include  "SHELL=CMD" "COMPILER=arm-xilinx-eabi-gcc" "ARCHIVER=arm-xilinx-eabi-ar" "COMPILER_FLAGS=  -O2 -c" "EXTRA_COMPILER_FLAGS=-g"
"Running Make include in ps7_cortexa9_0/libsrc/scuwdt_v2_1/src"
make -C ps7_cortexa9_0/libsrc/scuwdt_v2_1/src -s include  "SHELL=CMD" "COMPILER=arm-xilinx-eabi-gcc" "ARCHIVER=arm-xilinx-eabi-ar" "COMPILER_FLAGS=  -O2 -c" "EXTRA_COMPILER_FLAGS=-g"
"Running Make include in ps7_cortexa9_0/libsrc/standalone_v5_1/src"
make -C ps7_cortexa9_0/libsrc/standalone_v5_1/src -s include  "SHELL=CMD" "COMPILER=arm-xilinx-eabi-gcc" "ARCHIVER=arm-xilinx-eabi-ar" "COMPILER_FLAGS=  -O2 -c" "EXTRA_COMPILER_FLAGS=-g"
"Running Make include in ps7_cortexa9_0/libsrc/uartps_v3_0/src"
make -C ps7_cortexa9_0/libsrc/uartps_v3_0/src -s include  "SHELL=CMD" "COMPILER=arm-xilinx-eabi-gcc" "ARCHIVER=arm-xilinx-eabi-ar" "COMPILER_FLAGS=  -O2 -c" "EXTRA_COMPILER_FLAGS=-g"
"Running Make include in ps7_cortexa9_0/libsrc/xadcps_v2_2/src"
make -C ps7_cortexa9_0/libsrc/xadcps_v2_2/src -s include  "SHELL=CMD" "COMPILER=arm-xilinx-eabi-gcc" "ARCHIVER=arm-xilinx-eabi-ar" "COMPILER_FLAGS=  -O2 -c" "EXTRA_COMPILER_FLAGS=-g"
"Running Make libs in ps7_cortexa9_0/libsrc/coresightps_dcc_v1_0/src"
make -C ps7_cortexa9_0/libsrc/coresightps_dcc_v1_0/src -s libs  "SHELL=CMD" "COMPILER=arm-xilinx-eabi-gcc" "ARCHIVER=arm-xilinx-eabi-ar" "COMPILER_FLAGS=  -O2 -c" "EXTRA_COMPILER_FLAGS=-g"
"Compiling coresightps_dcc"
"Running Make libs in ps7_cortexa9_0/libsrc/cpu_cortexa9_v2_1/src"
make -C ps7_cortexa9_0/libsrc/cpu_cortexa9_v2_1/src -s libs  "SHELL=CMD" "COMPILER=arm-xilinx-eabi-gcc" "ARCHIVER=arm-xilinx-eabi-ar" "COMPILER_FLAGS=  -O2 -c" "EXTRA_COMPILER_FLAGS=-g"
"Compiling cpu_cortexa9"
"Running Make libs in ps7_cortexa9_0/libsrc/devcfg_v3_3/src"
make -C ps7_cortexa9_0/libsrc/devcfg_v3_3/src -s libs  "SHELL=CMD" "COMPILER=arm-xilinx-eabi-gcc" "ARCHIVER=arm-xilinx-eabi-ar" "COMPILER_FLAGS=  -O2 -c" "EXTRA_COMPILER_FLAGS=-g"
"Compiling devcfg"
"Running Make libs in ps7_cortexa9_0/libsrc/dmaps_v2_1/src"
make -C ps7_cortexa9_0/libsrc/dmaps_v2_1/src -s libs  "SHELL=CMD" "COMPILER=arm-xilinx-eabi-gcc" "ARCHIVER=arm-xilinx-eabi-ar" "COMPILER_FLAGS=  -O2 -c" "EXTRA_COMPILER_FLAGS=-g"
"Compiling dmaps"
"Running Make libs in ps7_cortexa9_0/libsrc/gpiops_v3_0/src"
make -C ps7_cortexa9_0/libsrc/gpiops_v3_0/src -s libs  "SHELL=CMD" "COMPILER=arm-xilinx-eabi-gcc" "ARCHIVER=arm-xilinx-eabi-ar" "COMPILER_FLAGS=  -O2 -c" "EXTRA_COMPILER_FLAGS=-g"
"Compiling gpiops"
"Running Make libs in ps7_cortexa9_0/libsrc/scugic_v3_0/src"
make -C ps7_cortexa9_0/libsrc/scugic_v3_0/src -s libs  "SHELL=CMD" "COMPILER=arm-xilinx-eabi-gcc" "ARCHIVER=arm-xilinx-eabi-ar" "COMPILER_FLAGS=  -O2 -c" "EXTRA_COMPILER_FLAGS=-g"
"Compiling scugic"
"Running Make libs in ps7_cortexa9_0/libsrc/scutimer_v2_1/src"
make -C ps7_cortexa9_0/libsrc/scutimer_v2_1/src -s libs  "SHELL=CMD" "COMPILER=arm-xilinx-eabi-gcc" "ARCHIVER=arm-xilinx-eabi-ar" "COMPILER_FLAGS=  -O2 -c" "EXTRA_COMPILER_FLAGS=-g"
"Compiling scutimer"
"Running Make libs in ps7_cortexa9_0/libsrc/scuwdt_v2_1/src"
make -C ps7_cortexa9_0/libsrc/scuwdt_v2_1/src -s libs  "SHELL=CMD" "COMPILER=arm-xilinx-eabi-gcc" "ARCHIVER=arm-xilinx-eabi-ar" "COMPILER_FLAGS=  -O2 -c" "EXTRA_COMPILER_FLAGS=-g"
"Compiling scuwdt"
"Running Make libs in ps7_cortexa9_0/libsrc/standalone_v5_1/src"
make -C ps7_cortexa9_0/libsrc/standalone_v5_1/src -s libs  "SHELL=CMD" "COMPILER=arm-xilinx-eabi-gcc" "ARCHIVER=arm-xilinx-eabi-ar" "COMPILER_FLAGS=  -O2 -c" "EXTRA_COMPILER_FLAGS=-g"
"Compiling standalone"
"Running Make libs in ps7_cortexa9_0/libsrc/uartps_v3_0/src"
make -C ps7_cortexa9_0/libsrc/uartps_v3_0/src -s libs  "SHELL=CMD" "COMPILER=arm-xilinx-eabi-gcc" "ARCHIVER=arm-xilinx-eabi-ar" "COMPILER_FLAGS=  -O2 -c" "EXTRA_COMPILER_FLAGS=-g"
"Compiling uartps"
"Running Make libs in ps7_cortexa9_0/libsrc/xadcps_v2_2/src"
make -C ps7_cortexa9_0/libsrc/xadcps_v2_2/src -s libs  "SHELL=CMD" "COMPILER=arm-xilinx-eabi-gcc" "ARCHIVER=arm-xilinx-eabi-ar" "COMPILER_FLAGS=  -O2 -c" "EXTRA_COMPILER_FLAGS=-g"
"Compiling xadcps"
'Finished building libraries'
05:48:22 **** Auto Build of configuration Debug for project men_test1 ****
make all 
'Building file: ../src/memorytest.c'
'Invoking: ARM gcc compiler'
arm-xilinx-eabi-gcc -Wall -O0 -g3 -c -fmessage-length=0 -MT"src/memorytest.o" -I../../men_test1_bsp/ps7_cortexa9_0/include -MMD -MP -MF"src/memorytest.d" -MT"src/memorytest.d" -o "src/memorytest.o" "../src/memorytest.c"
'Finished building: ../src/memorytest.c'
' '
'Building file: ../src/platform.c'
'Invoking: ARM gcc compiler'
arm-xilinx-eabi-gcc -Wall -O0 -g3 -c -fmessage-length=0 -MT"src/platform.o" -I../../men_test1_bsp/ps7_cortexa9_0/include -MMD -MP -MF"src/platform.d" -MT"src/platform.d" -o "src/platform.o" "../src/platform.c"
'Finished building: ../src/platform.c'
' '
'Building target: men_test1.elf'
'Invoking: ARM gcc linker'
arm-xilinx-eabi-gcc -Wl,-T -Wl,../src/lscript.ld -L../../men_test1_bsp/ps7_cortexa9_0/lib -o "men_test1.elf"  ./src/memory_config_g.o ./src/memorytest.o ./src/platform.o   -Wl,--start-group,-lxil,-lgcc,-lc,--end-group
'Finished building target: men_test1.elf'
' '
'Invoking: ARM Print Size'
arm-xilinx-eabi-size men_test1.elf  |tee "men_test1.elf.size"
   text	   data	    bss	    dec	    hex	filename
  26292	   1184	  14388	  41864	   a388	men_test1.elf
'Finished building: men_test1.elf.size'
' '
05:53:48 **** Build of project standalone_bsp_0 ****
make -k all 
"Running Make include in ps7_cortexa9_0/libsrc/coresightps_dcc_v1_0/src"
make -C ps7_cortexa9_0/libsrc/coresightps_dcc_v1_0/src -s include  "SHELL=CMD" "COMPILER=arm-xilinx-eabi-gcc" "ARCHIVER=arm-xilinx-eabi-ar" "COMPILER_FLAGS=  -O2 -c" "EXTRA_COMPILER_FLAGS=-g"
"Running Make include in ps7_cortexa9_0/libsrc/cpu_cortexa9_v2_1/src"
make -C ps7_cortexa9_0/libsrc/cpu_cortexa9_v2_1/src -s include  "SHELL=CMD" "COMPILER=arm-xilinx-eabi-gcc" "ARCHIVER=arm-xilinx-eabi-ar" "COMPILER_FLAGS=  -O2 -c" "EXTRA_COMPILER_FLAGS=-g"
"Running Make include in ps7_cortexa9_0/libsrc/devcfg_v3_3/src"
make -C ps7_cortexa9_0/libsrc/devcfg_v3_3/src -s include  "SHELL=CMD" "COMPILER=arm-xilinx-eabi-gcc" "ARCHIVER=arm-xilinx-eabi-ar" "COMPILER_FLAGS=  -O2 -c" "EXTRA_COMPILER_FLAGS=-g"
"Running Make include in ps7_cortexa9_0/libsrc/dmaps_v2_1/src"
make -C ps7_cortexa9_0/libsrc/dmaps_v2_1/src -s include  "SHELL=CMD" "COMPILER=arm-xilinx-eabi-gcc" "ARCHIVER=arm-xilinx-eabi-ar" "COMPILER_FLAGS=  -O2 -c" "EXTRA_COMPILER_FLAGS=-g"
"Running Make include in ps7_cortexa9_0/libsrc/gpio_v4_0/src"
make -C ps7_cortexa9_0/libsrc/gpio_v4_0/src -s include  "SHELL=CMD" "COMPILER=arm-xilinx-eabi-gcc" "ARCHIVER=arm-xilinx-eabi-ar" "COMPILER_FLAGS=  -O2 -c" "EXTRA_COMPILER_FLAGS=-g"
"Running Make include in ps7_cortexa9_0/libsrc/gpiops_v3_0/src"
make -C ps7_cortexa9_0/libsrc/gpiops_v3_0/src -s include  "SHELL=CMD" "COMPILER=arm-xilinx-eabi-gcc" "ARCHIVER=arm-xilinx-eabi-ar" "COMPILER_FLAGS=  -O2 -c" "EXTRA_COMPILER_FLAGS=-g"
"Running Make include in ps7_cortexa9_0/libsrc/scugic_v3_0/src"
make -C ps7_cortexa9_0/libsrc/scugic_v3_0/src -s include  "SHELL=CMD" "COMPILER=arm-xilinx-eabi-gcc" "ARCHIVER=arm-xilinx-eabi-ar" "COMPILER_FLAGS=  -O2 -c" "EXTRA_COMPILER_FLAGS=-g"
"Running Make include in ps7_cortexa9_0/libsrc/scutimer_v2_1/src"
make -C ps7_cortexa9_0/libsrc/scutimer_v2_1/src -s include  "SHELL=CMD" "COMPILER=arm-xilinx-eabi-gcc" "ARCHIVER=arm-xilinx-eabi-ar" "COMPILER_FLAGS=  -O2 -c" "EXTRA_COMPILER_FLAGS=-g"
"Running Make include in ps7_cortexa9_0/libsrc/scuwdt_v2_1/src"
make -C ps7_cortexa9_0/libsrc/scuwdt_v2_1/src -s include  "SHELL=CMD" "COMPILER=arm-xilinx-eabi-gcc" "ARCHIVER=arm-xilinx-eabi-ar" "COMPILER_FLAGS=  -O2 -c" "EXTRA_COMPILER_FLAGS=-g"
"Running Make include in ps7_cortexa9_0/libsrc/standalone_v5_1/src"
make -C ps7_cortexa9_0/libsrc/standalone_v5_1/src -s include  "SHELL=CMD" "COMPILER=arm-xilinx-eabi-gcc" "ARCHIVER=arm-xilinx-eabi-ar" "COMPILER_FLAGS=  -O2 -c" "EXTRA_COMPILER_FLAGS=-g"
"Running Make include in ps7_cortexa9_0/libsrc/uartps_v3_0/src"
make -C ps7_cortexa9_0/libsrc/uartps_v3_0/src -s include  "SHELL=CMD" "COMPILER=arm-xilinx-eabi-gcc" "ARCHIVER=arm-xilinx-eabi-ar" "COMPILER_FLAGS=  -O2 -c" "EXTRA_COMPILER_FLAGS=-g"
"Running Make include in ps7_cortexa9_0/libsrc/xadcps_v2_2/src"
make -C ps7_cortexa9_0/libsrc/xadcps_v2_2/src -s include  "SHELL=CMD" "COMPILER=arm-xilinx-eabi-gcc" "ARCHIVER=arm-xilinx-eabi-ar" "COMPILER_FLAGS=  -O2 -c" "EXTRA_COMPILER_FLAGS=-g"
"Running Make libs in ps7_cortexa9_0/libsrc/coresightps_dcc_v1_0/src"
make -C ps7_cortexa9_0/libsrc/coresightps_dcc_v1_0/src -s libs  "SHELL=CMD" "COMPILER=arm-xilinx-eabi-gcc" "ARCHIVER=arm-xilinx-eabi-ar" "COMPILER_FLAGS=  -O2 -c" "EXTRA_COMPILER_FLAGS=-g"
"Compiling coresightps_dcc"
arm-xilinx-eabi-ar: creating ../../../lib/libxil.a
"Running Make libs in ps7_cortexa9_0/libsrc/cpu_cortexa9_v2_1/src"
make -C ps7_cortexa9_0/libsrc/cpu_cortexa9_v2_1/src -s libs  "SHELL=CMD" "COMPILER=arm-xilinx-eabi-gcc" "ARCHIVER=arm-xilinx-eabi-ar" "COMPILER_FLAGS=  -O2 -c" "EXTRA_COMPILER_FLAGS=-g"
"Compiling cpu_cortexa9"
"Running Make libs in ps7_cortexa9_0/libsrc/devcfg_v3_3/src"
make -C ps7_cortexa9_0/libsrc/devcfg_v3_3/src -s libs  "SHELL=CMD" "COMPILER=arm-xilinx-eabi-gcc" "ARCHIVER=arm-xilinx-eabi-ar" "COMPILER_FLAGS=  -O2 -c" "EXTRA_COMPILER_FLAGS=-g"
"Compiling devcfg"
"Running Make libs in ps7_cortexa9_0/libsrc/dmaps_v2_1/src"
make -C ps7_cortexa9_0/libsrc/dmaps_v2_1/src -s libs  "SHELL=CMD" "COMPILER=arm-xilinx-eabi-gcc" "ARCHIVER=arm-xilinx-eabi-ar" "COMPILER_FLAGS=  -O2 -c" "EXTRA_COMPILER_FLAGS=-g"
"Compiling dmaps"
"Running Make libs in ps7_cortexa9_0/libsrc/gpio_v4_0/src"
make -C ps7_cortexa9_0/libsrc/gpio_v4_0/src -s libs  "SHELL=CMD" "COMPILER=arm-xilinx-eabi-gcc" "ARCHIVER=arm-xilinx-eabi-ar" "COMPILER_FLAGS=  -O2 -c" "EXTRA_COMPILER_FLAGS=-g"
"Compiling gpio"
"Running Make libs in ps7_cortexa9_0/libsrc/gpiops_v3_0/src"
make -C ps7_cortexa9_0/libsrc/gpiops_v3_0/src -s libs  "SHELL=CMD" "COMPILER=arm-xilinx-eabi-gcc" "ARCHIVER=arm-xilinx-eabi-ar" "COMPILER_FLAGS=  -O2 -c" "EXTRA_COMPILER_FLAGS=-g"
"Compiling gpiops"
"Running Make libs in ps7_cortexa9_0/libsrc/scugic_v3_0/src"
make -C ps7_cortexa9_0/libsrc/scugic_v3_0/src -s libs  "SHELL=CMD" "COMPILER=arm-xilinx-eabi-gcc" "ARCHIVER=arm-xilinx-eabi-ar" "COMPILER_FLAGS=  -O2 -c" "EXTRA_COMPILER_FLAGS=-g"
"Compiling scugic"
"Running Make libs in ps7_cortexa9_0/libsrc/scutimer_v2_1/src"
make -C ps7_cortexa9_0/libsrc/scutimer_v2_1/src -s libs  "SHELL=CMD" "COMPILER=arm-xilinx-eabi-gcc" "ARCHIVER=arm-xilinx-eabi-ar" "COMPILER_FLAGS=  -O2 -c" "EXTRA_COMPILER_FLAGS=-g"
"Compiling scutimer"
"Running Make libs in ps7_cortexa9_0/libsrc/scuwdt_v2_1/src"
make -C ps7_cortexa9_0/libsrc/scuwdt_v2_1/src -s libs  "SHELL=CMD" "COMPILER=arm-xilinx-eabi-gcc" "ARCHIVER=arm-xilinx-eabi-ar" "COMPILER_FLAGS=  -O2 -c" "EXTRA_COMPILER_FLAGS=-g"
"Compiling scuwdt"
"Running Make libs in ps7_cortexa9_0/libsrc/standalone_v5_1/src"
make -C ps7_cortexa9_0/libsrc/standalone_v5_1/src -s libs  "SHELL=CMD" "COMPILER=arm-xilinx-eabi-gcc" "ARCHIVER=arm-xilinx-eabi-ar" "COMPILER_FLAGS=  -O2 -c" "EXTRA_COMPILER_FLAGS=-g"
"Compiling standalone"
"Running Make libs in ps7_cortexa9_0/libsrc/uartps_v3_0/src"
make -C ps7_cortexa9_0/libsrc/uartps_v3_0/src -s libs  "SHELL=CMD" "COMPILER=arm-xilinx-eabi-gcc" "ARCHIVER=arm-xilinx-eabi-ar" "COMPILER_FLAGS=  -O2 -c" "EXTRA_COMPILER_FLAGS=-g"
"Compiling uartps"
"Running Make libs in ps7_cortexa9_0/libsrc/xadcps_v2_2/src"
make -C ps7_cortexa9_0/libsrc/xadcps_v2_2/src -s libs  "SHELL=CMD" "COMPILER=arm-xilinx-eabi-gcc" "ARCHIVER=arm-xilinx-eabi-ar" "COMPILER_FLAGS=  -O2 -c" "EXTRA_COMPILER_FLAGS=-g"
"Compiling xadcps"
'Finished building libraries'

**** Build of configuration Debug for project TestApp ****

Nothing to build for project TestApp
06:35:49 **** Auto Build of configuration Debug for project TestApp ****
make all 
'Building file: ../src/lab2.c'
'Invoking: ARM gcc compiler'
arm-xilinx-eabi-gcc -Wall -O0 -g3 -c -fmessage-length=0 -MT"src/lab2.o" -I../../standalone_bsp_0/ps7_cortexa9_0/include -MMD -MP -MF"src/lab2.d" -MT"src/lab2.d" -o "src/lab2.o" "../src/lab2.c"
../src/lab2.c: In function 'main':
../src/lab2.c:8:1: error: unknown type name 'xil_printfStart'
 xil_printfStart of the Program --\r\n");
 ^
../src/lab2.c:8:20: error: expected '=', ',', ';', 'asm' or '__attribute__' before 'the'
 xil_printfStart of the Program --\r\n");
                    ^
../src/lab2.c:8:20: error: stray '\' in program
../src/lab2.c:8:20: error: stray '\' in program
../src/lab2.c:8:38: warning: missing terminating " character
 xil_printfStart of the Program --\r\n");
                                      ^
../src/lab2.c:8:20: error: missing terminating " character
 xil_printfStart of the Program --\r\n");
                    ^
../src/lab2.c:11:25: error: 'XPAR_BUTTONS_DEVICE_ID' undeclared (first use in this function)
 XGpio_Initialize(&push, XPAR_BUTTONS_DEVICE_ID);
                         ^
../src/lab2.c:11:25: note: each undeclared identifier is reported only once for each function it appears in
../src/lab2.c:12:34: error: 'Qxffffffff' undeclared (first use in this function)
 XGpio_SetDataDirection(&push, 1, Qxffffffff);
                                  ^
../src/lab2.c:19:5: warning: implicit declaration of function 'sleep' [-Wimplicit-function-declaration]
     sleep(1);
     ^
make: *** [src/lab2.o] ´íÎó 1
06:36:21 **** Auto Build of configuration Debug for project TestApp ****
make all 
'Building file: ../src/lab2.c'
'Invoking: ARM gcc compiler'
arm-xilinx-eabi-gcc -Wall -O0 -g3 -c -fmessage-length=0 -MT"src/lab2.o" -I../../standalone_bsp_0/ps7_cortexa9_0/include -MMD -MP -MF"src/lab2.d" -MT"src/lab2.d" -o "src/lab2.o" "../src/lab2.c"
../src/lab2.c: In function 'main':
../src/lab2.c:8:1: warning: implicit declaration of function 'Xil_printf' [-Wimplicit-function-declaration]
 Xil_printf("Start of the Program --\r\n");
 ^
../src/lab2.c:11:25: error: 'XPAR_BUTTONS_DEVICE_ID' undeclared (first use in this function)
 XGpio_Initialize(&push, XPAR_BUTTONS_DEVICE_ID);
                         ^
../src/lab2.c:11:25: note: each undeclared identifier is reported only once for each function it appears in
../src/lab2.c:12:34: error: 'Qxffffffff' undeclared (first use in this function)
 XGpio_SetDataDirection(&push, 1, Qxffffffff);
                                  ^
../src/lab2.c:19:5: warning: implicit declaration of function 'sleep' [-Wimplicit-function-declaration]
     sleep(1);
     ^
make: *** [src/lab2.o] ´íÎó 1
06:36:39 **** Auto Build of configuration Debug for project TestApp ****
make all 
'Building file: ../src/lab2.c'
'Invoking: ARM gcc compiler'
arm-xilinx-eabi-gcc -Wall -O0 -g3 -c -fmessage-length=0 -MT"src/lab2.o" -I../../standalone_bsp_0/ps7_cortexa9_0/include -MMD -MP -MF"src/lab2.d" -MT"src/lab2.d" -o "src/lab2.o" "../src/lab2.c"
../src/lab2.c: In function 'main':
../src/lab2.c:11:25: error: 'XPAR_BUTTONS_DEVICE_ID' undeclared (first use in this function)
 XGpio_Initialize(&push, XPAR_BUTTONS_DEVICE_ID);
                         ^
../src/lab2.c:11:25: note: each undeclared identifier is reported only once for each function it appears in
../src/lab2.c:12:34: error: 'Qxffffffff' undeclared (first use in this function)
 XGpio_SetDataDirection(&push, 1, Qxffffffff);
                                  ^
../src/lab2.c:19:5: warning: implicit declaration of function 'sleep' [-Wimplicit-function-declaration]
     sleep(1);
     ^
make: *** [src/lab2.o] ´íÎó 1
06:37:30 **** Auto Build of configuration Debug for project TestApp ****
make all 
'Building file: ../src/lab2.c'
'Invoking: ARM gcc compiler'
arm-xilinx-eabi-gcc -Wall -O0 -g3 -c -fmessage-length=0 -MT"src/lab2.o" -I../../standalone_bsp_0/ps7_cortexa9_0/include -MMD -MP -MF"src/lab2.d" -MT"src/lab2.d" -o "src/lab2.o" "../src/lab2.c"
../src/lab2.c: In function 'main':
../src/lab2.c:11:25: error: 'XPAR_BUTTONS_DEVICE_ID' undeclared (first use in this function)
 XGpio_Initialize(&push, XPAR_BUTTONS_DEVICE_ID);
                         ^
../src/lab2.c:11:25: note: each undeclared identifier is reported only once for each function it appears in
../src/lab2.c:19:5: warning: implicit declaration of function 'sleep' [-Wimplicit-function-declaration]
     sleep(1);
     ^
make: *** [src/lab2.o] ´íÎó 1
06:37:34 **** Auto Build of configuration Debug for project TestApp ****
make all 
'Building file: ../src/lab2.c'
'Invoking: ARM gcc compiler'
arm-xilinx-eabi-gcc -Wall -O0 -g3 -c -fmessage-length=0 -MT"src/lab2.o" -I../../standalone_bsp_0/ps7_cortexa9_0/include -MMD -MP -MF"src/lab2.d" -MT"src/lab2.d" -o "src/lab2.o" "../src/lab2.c"
../src/lab2.c: In function 'main':
../src/lab2.c:11:25: error: 'XPAR_BUTTONS_DEVICE_ID' undeclared (first use in this function)
 XGpio_Initialize(&push, XPAR_BUTTONS_DEVICE_ID);
                         ^
../src/lab2.c:11:25: note: each undeclared identifier is reported only once for each function it appears in
../src/lab2.c:20:5: warning: implicit declaration of function 'sleep' [-Wimplicit-function-declaration]
     sleep(1);
     ^
make: *** [src/lab2.o] ´íÎó 1
06:38:12 **** Auto Build of configuration Debug for project TestApp ****
make all 
'Building file: ../src/lab2.c'
'Invoking: ARM gcc compiler'
arm-xilinx-eabi-gcc -Wall -O0 -g3 -c -fmessage-length=0 -MT"src/lab2.o" -I../../standalone_bsp_0/ps7_cortexa9_0/include -MMD -MP -MF"src/lab2.d" -MT"src/lab2.d" -o "src/lab2.o" "../src/lab2.c"
../src/lab2.c: In function 'main':
../src/lab2.c:11:25: error: 'XPAR_BUTTONS_DEVICE_ID' undeclared (first use in this function)
 XGpio_Initialize(&push, XPAR_BUTTONS_DEVICE_ID);
                         ^
../src/lab2.c:11:25: note: each undeclared identifier is reported only once for each function it appears in
../src/lab2.c:20:5: warning: implicit declaration of function 'sleep' [-Wimplicit-function-declaration]
     sleep(1);
     ^
make: *** [src/lab2.o] ´íÎó 1
06:38:16 **** Auto Build of configuration Debug for project TestApp ****
make all 
'Building file: ../src/lab2.c'
'Invoking: ARM gcc compiler'
arm-xilinx-eabi-gcc -Wall -O0 -g3 -c -fmessage-length=0 -MT"src/lab2.o" -I../../standalone_bsp_0/ps7_cortexa9_0/include -MMD -MP -MF"src/lab2.d" -MT"src/lab2.d" -o "src/lab2.o" "../src/lab2.c"
../src/lab2.c: In function 'main':
../src/lab2.c:11:25: error: 'XPAR_BUTTONS_DEVICE_ID' undeclared (first use in this function)
 XGpio_Initialize(&push, XPAR_BUTTONS_DEVICE_ID);
                         ^
../src/lab2.c:11:25: note: each undeclared identifier is reported only once for each function it appears in
../src/lab2.c:20:5: warning: implicit declaration of function 'sleep' [-Wimplicit-function-declaration]
     sleep(1);
     ^
make: *** [src/lab2.o] ´íÎó 1
06:39:34 **** Auto Build of configuration Debug for project TestApp ****
make all 
'Building file: ../src/lab2.c'
'Invoking: ARM gcc compiler'
arm-xilinx-eabi-gcc -Wall -O0 -g3 -c -fmessage-length=0 -MT"src/lab2.o" -I../../standalone_bsp_0/ps7_cortexa9_0/include -MMD -MP -MF"src/lab2.d" -MT"src/lab2.d" -o "src/lab2.o" "../src/lab2.c"
../src/lab2.c: In function 'main':
../src/lab2.c:11:25: error: 'XPAR_BUTTON_DEVICE_ID' undeclared (first use in this function)
 XGpio_Initialize(&push, XPAR_BUTTON_DEVICE_ID);
                         ^
../src/lab2.c:11:25: note: each undeclared identifier is reported only once for each function it appears in
../src/lab2.c:20:5: warning: implicit declaration of function 'sleep' [-Wimplicit-function-declaration]
     sleep(1);
     ^
make: *** [src/lab2.o] ´íÎó 1
06:40:09 **** Auto Build of configuration Debug for project TestApp ****
make all 
'Building file: ../src/lab2.c'
'Invoking: ARM gcc compiler'
arm-xilinx-eabi-gcc -Wall -O0 -g3 -c -fmessage-length=0 -MT"src/lab2.o" -I../../standalone_bsp_0/ps7_cortexa9_0/include -MMD -MP -MF"src/lab2.d" -MT"src/lab2.d" -o "src/lab2.o" "../src/lab2.c"
../src/lab2.c: In function 'main':
../src/lab2.c:11:25: error: 'XPAR_BUTTONS_DEVICE_ID' undeclared (first use in this function)
 XGpio_Initialize(&push, XPAR_BUTTONS_DEVICE_ID);
                         ^
../src/lab2.c:11:25: note: each undeclared identifier is reported only once for each function it appears in
../src/lab2.c:20:5: warning: implicit declaration of function 'sleep' [-Wimplicit-function-declaration]
     sleep(1);
     ^
make: *** [src/lab2.o] ´íÎó 1
06:43:58 **** Incremental Build of configuration Debug for project TestApp ****
make all 
'Building file: ../src/lab2.c'
'Invoking: ARM gcc compiler'
arm-xilinx-eabi-gcc -Wall -O0 -g3 -c -fmessage-length=0 -MT"src/lab2.o" -I../../standalone_bsp_0/ps7_cortexa9_0/include -MMD -MP -MF"src/lab2.d" -MT"src/lab2.d" -o "src/lab2.o" "../src/lab2.c"
../src/lab2.c: In function 'main':
../src/lab2.c:13:25: error: 'XPAR_BUTTONS_DEVICE_ID' undeclared (first use in this function)
 XGpio_Initialize(&push, XPAR_BUTTONS_DEVICE_ID);
                         ^
../src/lab2.c:13:25: note: each undeclared identifier is reported only once for each function it appears in
../src/lab2.c:23:5: warning: implicit declaration of function 'sleep' [-Wimplicit-function-declaration]
     sleep(1);
     ^
make: *** [src/lab2.o] ´íÎó 1
06:44:37 **** Auto Build of configuration Debug for project TestApp ****
make all 
'Building file: ../src/lab2.c'
'Invoking: ARM gcc compiler'
arm-xilinx-eabi-gcc -Wall -O0 -g3 -c -fmessage-length=0 -MT"src/lab2.o" -I../../standalone_bsp_0/ps7_cortexa9_0/include -MMD -MP -MF"src/lab2.d" -MT"src/lab2.d" -o "src/lab2.o" "../src/lab2.c"
../src/lab2.c: In function 'main':
../src/lab2.c:22:5: warning: implicit declaration of function 'sleep' [-Wimplicit-function-declaration]
     sleep(1);
     ^
'Finished building: ../src/lab2.c'
' '
'Building target: TestApp.elf'
'Invoking: ARM gcc linker'
arm-xilinx-eabi-gcc -Wl,-T -Wl,../src/lscript.ld -L../../standalone_bsp_0/ps7_cortexa9_0/lib -o "TestApp.elf"  ./src/lab2.o   -Wl,--start-group,-lxil,-lgcc,-lc,--end-group
'Finished building target: TestApp.elf'
' '
'Invoking: ARM Print Size'
arm-xilinx-eabi-size TestApp.elf  |tee "TestApp.elf.size"
   text	   data	    bss	    dec	    hex	filename
  23796	   1184	  22580	  47560	   b9c8	TestApp.elf
'Finished building: TestApp.elf.size'
' '
06:45:18 **** Auto Build of configuration Debug for project TestApp ****
make all 
'Building file: ../src/lab2.c'
'Invoking: ARM gcc compiler'
arm-xilinx-eabi-gcc -Wall -O0 -g3 -c -fmessage-length=0 -MT"src/lab2.o" -I../../standalone_bsp_0/ps7_cortexa9_0/include -MMD -MP -MF"src/lab2.d" -MT"src/lab2.d" -o "src/lab2.o" "../src/lab2.c"
../src/lab2.c: In function 'main':
../src/lab2.c:13:1: warning: implicit declaration of function 'XgPIO_sETdaTAdIRECTION' [-Wimplicit-function-declaration]
 XgPIO_sETdaTAdIRECTION();
 ^
../src/lab2.c:22:5: warning: implicit declaration of function 'sleep' [-Wimplicit-function-declaration]
     sleep(1);
     ^
'Finished building: ../src/lab2.c'
' '
'Building target: TestApp.elf'
'Invoking: ARM gcc linker'
arm-xilinx-eabi-gcc -Wl,-T -Wl,../src/lscript.ld -L../../standalone_bsp_0/ps7_cortexa9_0/lib -o "TestApp.elf"  ./src/lab2.o   -Wl,--start-group,-lxil,-lgcc,-lc,--end-group
./src/lab2.o: In function `main':
C:\Users\yizii\Desktop\SOC\lab2\lab2.sdk\TestApp\Debug/../src/lab2.c:13: undefined reference to `XgPIO_sETdaTAdIRECTION'
collect2.exe: error: ld returned 1 exit status
make: *** [TestApp.elf] ´íÎó 1
06:45:53 **** Auto Build of configuration Debug for project TestApp ****
make all 
'Building file: ../src/lab2.c'
'Invoking: ARM gcc compiler'
arm-xilinx-eabi-gcc -Wall -O0 -g3 -c -fmessage-length=0 -MT"src/lab2.o" -I../../standalone_bsp_0/ps7_cortexa9_0/include -MMD -MP -MF"src/lab2.d" -MT"src/lab2.d" -o "src/lab2.o" "../src/lab2.c"
../src/lab2.c: In function 'main':
../src/lab2.c:13:1: warning: implicit declaration of function 'XgPIO_sETdaTAdIRECTION' [-Wimplicit-function-declaration]
 XgPIO_sETdaTAdIRECTION(&push, XPAR_BUTTONS_DEVICE_ID);
 ^
../src/lab2.c:13:31: error: 'XPAR_BUTTONS_DEVICE_ID' undeclared (first use in this function)
 XgPIO_sETdaTAdIRECTION(&push, XPAR_BUTTONS_DEVICE_ID);
                               ^
../src/lab2.c:13:31: note: each undeclared identifier is reported only once for each function it appears in
../src/lab2.c:22:5: warning: implicit declaration of function 'sleep' [-Wimplicit-function-declaration]
     sleep(1);
     ^
make: *** [src/lab2.o] ´íÎó 1
06:46:02 **** Auto Build of configuration Debug for project TestApp ****
make all 
'Building file: ../src/lab2.c'
'Invoking: ARM gcc compiler'
arm-xilinx-eabi-gcc -Wall -O0 -g3 -c -fmessage-length=0 -MT"src/lab2.o" -I../../standalone_bsp_0/ps7_cortexa9_0/include -MMD -MP -MF"src/lab2.d" -MT"src/lab2.d" -o "src/lab2.o" "../src/lab2.c"
../src/lab2.c: In function 'main':
../src/lab2.c:13:1: warning: implicit declaration of function 'XGPIO_sETdaTAdIRECTION' [-Wimplicit-function-declaration]
 XGPIO_sETdaTAdIRECTION(&push, XPAR_BUTTONS_DEVICE_ID);
 ^
../src/lab2.c:13:31: error: 'XPAR_BUTTONS_DEVICE_ID' undeclared (first use in this function)
 XGPIO_sETdaTAdIRECTION(&push, XPAR_BUTTONS_DEVICE_ID);
                               ^
../src/lab2.c:13:31: note: each undeclared identifier is reported only once for each function it appears in
../src/lab2.c:22:5: warning: implicit declaration of function 'sleep' [-Wimplicit-function-declaration]
     sleep(1);
     ^
make: *** [src/lab2.o] ´íÎó 1
06:46:13 **** Auto Build of configuration Debug for project TestApp ****
make all 
'Building file: ../src/lab2.c'
'Invoking: ARM gcc compiler'
arm-xilinx-eabi-gcc -Wall -O0 -g3 -c -fmessage-length=0 -MT"src/lab2.o" -I../../standalone_bsp_0/ps7_cortexa9_0/include -MMD -MP -MF"src/lab2.d" -MT"src/lab2.d" -o "src/lab2.o" "../src/lab2.c"
../src/lab2.c: In function 'main':
../src/lab2.c:13:1: warning: implicit declaration of function 'XGpio_sETdaTAdIRECTION' [-Wimplicit-function-declaration]
 XGpio_sETdaTAdIRECTION(&push, XPAR_BUTTONS_DEVICE_ID);
 ^
../src/lab2.c:13:31: error: 'XPAR_BUTTONS_DEVICE_ID' undeclared (first use in this function)
 XGpio_sETdaTAdIRECTION(&push, XPAR_BUTTONS_DEVICE_ID);
                               ^
../src/lab2.c:13:31: note: each undeclared identifier is reported only once for each function it appears in
../src/lab2.c:22:5: warning: implicit declaration of function 'sleep' [-Wimplicit-function-declaration]
     sleep(1);
     ^
make: *** [src/lab2.o] ´íÎó 1
06:46:43 **** Auto Build of configuration Debug for project TestApp ****
make all 
'Building file: ../src/lab2.c'
'Invoking: ARM gcc compiler'
arm-xilinx-eabi-gcc -Wall -O0 -g3 -c -fmessage-length=0 -MT"src/lab2.o" -I../../standalone_bsp_0/ps7_cortexa9_0/include -MMD -MP -MF"src/lab2.d" -MT"src/lab2.d" -o "src/lab2.o" "../src/lab2.c"
../src/lab2.c: In function 'main':
../src/lab2.c:13:31: error: 'XPAR_BUTTONS_DEVICE_ID' undeclared (first use in this function)
 XGpio_SetDataDirection(&push, XPAR_BUTTONS_DEVICE_ID);
                               ^
../src/lab2.c:13:31: note: each undeclared identifier is reported only once for each function it appears in
../src/lab2.c:13:1: error: too few arguments to function 'XGpio_SetDataDirection'
 XGpio_SetDataDirection(&push, XPAR_BUTTONS_DEVICE_ID);
 ^
In file included from ../src/lab2.c:2:0:
../../standalone_bsp_0/ps7_cortexa9_0/include/xgpio.h:162:6: note: declared here
 void XGpio_SetDataDirection(XGpio *InstancePtr, unsigned Channel,
      ^
../src/lab2.c:22:5: warning: implicit declaration of function 'sleep' [-Wimplicit-function-declaration]
     sleep(1);
     ^
make: *** [src/lab2.o] ´íÎó 1
06:47:07 **** Auto Build of configuration Debug for project TestApp ****
make all 
'Building file: ../src/lab2.c'
'Invoking: ARM gcc compiler'
arm-xilinx-eabi-gcc -Wall -O0 -g3 -c -fmessage-length=0 -MT"src/lab2.o" -I../../standalone_bsp_0/ps7_cortexa9_0/include -MMD -MP -MF"src/lab2.d" -MT"src/lab2.d" -o "src/lab2.o" "../src/lab2.c"
../src/lab2.c: In function 'main':
../src/lab2.c:22:5: warning: implicit declaration of function 'sleep' [-Wimplicit-function-declaration]
     sleep(1);
     ^
'Finished building: ../src/lab2.c'
' '
'Building target: TestApp.elf'
'Invoking: ARM gcc linker'
arm-xilinx-eabi-gcc -Wl,-T -Wl,../src/lscript.ld -L../../standalone_bsp_0/ps7_cortexa9_0/lib -o "TestApp.elf"  ./src/lab2.o   -Wl,--start-group,-lxil,-lgcc,-lc,--end-group
'Finished building target: TestApp.elf'
' '
'Invoking: ARM Print Size'
arm-xilinx-eabi-size TestApp.elf  |tee "TestApp.elf.size"
   text	   data	    bss	    dec	    hex	filename
  23796	   1184	  22580	  47560	   b9c8	TestApp.elf
'Finished building: TestApp.elf.size'
' '
06:47:26 **** Auto Build of configuration Debug for project TestApp ****
make all 
'Building file: ../src/lab2.c'
'Invoking: ARM gcc compiler'
arm-xilinx-eabi-gcc -Wall -O0 -g3 -c -fmessage-length=0 -MT"src/lab2.o" -I../../standalone_bsp_0/ps7_cortexa9_0/include -MMD -MP -MF"src/lab2.d" -MT"src/lab2.d" -o "src/lab2.o" "../src/lab2.c"
../src/lab2.c: In function 'main':
../src/lab2.c:20:5: warning: implicit declaration of function 'sleep' [-Wimplicit-function-declaration]
     sleep(1);
     ^
'Finished building: ../src/lab2.c'
' '
'Building target: TestApp.elf'
'Invoking: ARM gcc linker'
arm-xilinx-eabi-gcc -Wl,-T -Wl,../src/lscript.ld -L../../standalone_bsp_0/ps7_cortexa9_0/lib -o "TestApp.elf"  ./src/lab2.o   -Wl,--start-group,-lxil,-lgcc,-lc,--end-group
'Finished building target: TestApp.elf'
' '
'Invoking: ARM Print Size'
arm-xilinx-eabi-size TestApp.elf  |tee "TestApp.elf.size"
   text	   data	    bss	    dec	    hex	filename
  23796	   1184	  22580	  47560	   b9c8	TestApp.elf
'Finished building: TestApp.elf.size'
' '
06:49:09 **** Incremental Build of configuration Debug for project TestApp ****
make all 
make: Nothing to be done for `all'.
06:50:23 **** Incremental Build of configuration Debug for project TestApp ****
make all 
make: Nothing to be done for `all'.
06:51:12 **** Incremental Build of configuration Debug for project TestApp ****
make all 
make: Nothing to be done for `all'.
06:53:52 **** Auto Build of configuration Debug for project TestApp ****
make all 
'Building file: ../src/lab2.c'
'Invoking: ARM gcc compiler'
arm-xilinx-eabi-gcc -Wall -O0 -g3 -c -fmessage-length=0 -MT"src/lab2.o" -I../../standalone_bsp_0/ps7_cortexa9_0/include -MMD -MP -MF"src/lab2.d" -MT"src/lab2.d" -o "src/lab2.o" "../src/lab2.c"
../src/lab2.c: In function 'main':
../src/lab2.c:20:5: warning: implicit declaration of function 'sleep' [-Wimplicit-function-declaration]
     sleep(1);
     ^
'Finished building: ../src/lab2.c'
' '
'Building target: TestApp.elf'
'Invoking: ARM gcc linker'
arm-xilinx-eabi-gcc -Wl,-T -Wl,../src/lscript.ld -L../../standalone_bsp_0/ps7_cortexa9_0/lib -o "TestApp.elf"  ./src/lab2.o   -Wl,--start-group,-lxil,-lgcc,-lc,--end-group
'Finished building target: TestApp.elf'
' '
'Invoking: ARM Print Size'
arm-xilinx-eabi-size TestApp.elf  |tee "TestApp.elf.size"
   text	   data	    bss	    dec	    hex	filename
  23860	   1184	  22580	  47624	   ba08	TestApp.elf
'Finished building: TestApp.elf.size'
' '
06:54:11 **** Incremental Build of configuration Debug for project TestApp ****
make all 
make: Nothing to be done for `all'.
06:54:42 **** Auto Build of configuration Debug for project TestApp ****
make all 
'Building file: ../src/lab2.c'
'Invoking: ARM gcc compiler'
arm-xilinx-eabi-gcc -Wall -O0 -g3 -c -fmessage-length=0 -MT"src/lab2.o" -I../../standalone_bsp_0/ps7_cortexa9_0/include -MMD -MP -MF"src/lab2.d" -MT"src/lab2.d" -o "src/lab2.o" "../src/lab2.c"
../src/lab2.c: In function 'main':
../src/lab2.c:20:5: warning: implicit declaration of function 'sleep' [-Wimplicit-function-declaration]
     sleep(1);
     ^
'Finished building: ../src/lab2.c'
' '
'Building target: TestApp.elf'
'Invoking: ARM gcc linker'
arm-xilinx-eabi-gcc -Wl,-T -Wl,../src/lscript.ld -L../../standalone_bsp_0/ps7_cortexa9_0/lib -o "TestApp.elf"  ./src/lab2.o   -Wl,--start-group,-lxil,-lgcc,-lc,--end-group
'Finished building target: TestApp.elf'
' '
'Invoking: ARM Print Size'
arm-xilinx-eabi-size TestApp.elf  |tee "TestApp.elf.size"
   text	   data	    bss	    dec	    hex	filename
  23796	   1184	  22580	  47560	   b9c8	TestApp.elf
'Finished building: TestApp.elf.size'
' '
06:55:22 **** Clean-only build of configuration Debug for project TestApp ****
make clean 
rm -rf  ./src/lab2.o  ./src/lab2.d  TestApp.elf.size  TestApp.elf
' '
06:55:22 **** Clean-only build of project standalone_bsp_0 ****
make -k clean 
rm -f ps7_cortexa9_0/lib/libxil.a
06:55:23 **** Build of project standalone_bsp_0 ****
make -k all 
"Running Make include in ps7_cortexa9_0/libsrc/coresightps_dcc_v1_0/src"
make -C ps7_cortexa9_0/libsrc/coresightps_dcc_v1_0/src -s include  "SHELL=CMD" "COMPILER=arm-xilinx-eabi-gcc" "ARCHIVER=arm-xilinx-eabi-ar" "COMPILER_FLAGS=  -O2 -c" "EXTRA_COMPILER_FLAGS=-g"
"Running Make include in ps7_cortexa9_0/libsrc/cpu_cortexa9_v2_1/src"
make -C ps7_cortexa9_0/libsrc/cpu_cortexa9_v2_1/src -s include  "SHELL=CMD" "COMPILER=arm-xilinx-eabi-gcc" "ARCHIVER=arm-xilinx-eabi-ar" "COMPILER_FLAGS=  -O2 -c" "EXTRA_COMPILER_FLAGS=-g"
"Running Make include in ps7_cortexa9_0/libsrc/devcfg_v3_3/src"
make -C ps7_cortexa9_0/libsrc/devcfg_v3_3/src -s include  "SHELL=CMD" "COMPILER=arm-xilinx-eabi-gcc" "ARCHIVER=arm-xilinx-eabi-ar" "COMPILER_FLAGS=  -O2 -c" "EXTRA_COMPILER_FLAGS=-g"
"Running Make include in ps7_cortexa9_0/libsrc/dmaps_v2_1/src"
make -C ps7_cortexa9_0/libsrc/dmaps_v2_1/src -s include  "SHELL=CMD" "COMPILER=arm-xilinx-eabi-gcc" "ARCHIVER=arm-xilinx-eabi-ar" "COMPILER_FLAGS=  -O2 -c" "EXTRA_COMPILER_FLAGS=-g"
"Running Make include in ps7_cortexa9_0/libsrc/gpio_v4_0/src"
make -C ps7_cortexa9_0/libsrc/gpio_v4_0/src -s include  "SHELL=CMD" "COMPILER=arm-xilinx-eabi-gcc" "ARCHIVER=arm-xilinx-eabi-ar" "COMPILER_FLAGS=  -O2 -c" "EXTRA_COMPILER_FLAGS=-g"
"Running Make include in ps7_cortexa9_0/libsrc/gpiops_v3_0/src"
make -C ps7_cortexa9_0/libsrc/gpiops_v3_0/src -s include  "SHELL=CMD" "COMPILER=arm-xilinx-eabi-gcc" "ARCHIVER=arm-xilinx-eabi-ar" "COMPILER_FLAGS=  -O2 -c" "EXTRA_COMPILER_FLAGS=-g"
"Running Make include in ps7_cortexa9_0/libsrc/scugic_v3_0/src"
make -C ps7_cortexa9_0/libsrc/scugic_v3_0/src -s include  "SHELL=CMD" "COMPILER=arm-xilinx-eabi-gcc" "ARCHIVER=arm-xilinx-eabi-ar" "COMPILER_FLAGS=  -O2 -c" "EXTRA_COMPILER_FLAGS=-g"
"Running Make include in ps7_cortexa9_0/libsrc/scutimer_v2_1/src"
make -C ps7_cortexa9_0/libsrc/scutimer_v2_1/src -s include  "SHELL=CMD" "COMPILER=arm-xilinx-eabi-gcc" "ARCHIVER=arm-xilinx-eabi-ar" "COMPILER_FLAGS=  -O2 -c" "EXTRA_COMPILER_FLAGS=-g"
"Running Make include in ps7_cortexa9_0/libsrc/scuwdt_v2_1/src"
make -C ps7_cortexa9_0/libsrc/scuwdt_v2_1/src -s include  "SHELL=CMD" "COMPILER=arm-xilinx-eabi-gcc" "ARCHIVER=arm-xilinx-eabi-ar" "COMPILER_FLAGS=  -O2 -c" "EXTRA_COMPILER_FLAGS=-g"
"Running Make include in ps7_cortexa9_0/libsrc/standalone_v5_1/src"
make -C ps7_cortexa9_0/libsrc/standalone_v5_1/src -s include  "SHELL=CMD" "COMPILER=arm-xilinx-eabi-gcc" "ARCHIVER=arm-xilinx-eabi-ar" "COMPILER_FLAGS=  -O2 -c" "EXTRA_COMPILER_FLAGS=-g"
"Running Make include in ps7_cortexa9_0/libsrc/uartps_v3_0/src"
make -C ps7_cortexa9_0/libsrc/uartps_v3_0/src -s include  "SHELL=CMD" "COMPILER=arm-xilinx-eabi-gcc" "ARCHIVER=arm-xilinx-eabi-ar" "COMPILER_FLAGS=  -O2 -c" "EXTRA_COMPILER_FLAGS=-g"
"Running Make include in ps7_cortexa9_0/libsrc/xadcps_v2_2/src"
make -C ps7_cortexa9_0/libsrc/xadcps_v2_2/src -s include  "SHELL=CMD" "COMPILER=arm-xilinx-eabi-gcc" "ARCHIVER=arm-xilinx-eabi-ar" "COMPILER_FLAGS=  -O2 -c" "EXTRA_COMPILER_FLAGS=-g"
"Running Make libs in ps7_cortexa9_0/libsrc/coresightps_dcc_v1_0/src"
make -C ps7_cortexa9_0/libsrc/coresightps_dcc_v1_0/src -s libs  "SHELL=CMD" "COMPILER=arm-xilinx-eabi-gcc" "ARCHIVER=arm-xilinx-eabi-ar" "COMPILER_FLAGS=  -O2 -c" "EXTRA_COMPILER_FLAGS=-g"
"Compiling coresightps_dcc"
arm-xilinx-eabi-ar: creating ../../../lib/libxil.a
"Running Make libs in ps7_cortexa9_0/libsrc/cpu_cortexa9_v2_1/src"
make -C ps7_cortexa9_0/libsrc/cpu_cortexa9_v2_1/src -s libs  "SHELL=CMD" "COMPILER=arm-xilinx-eabi-gcc" "ARCHIVER=arm-xilinx-eabi-ar" "COMPILER_FLAGS=  -O2 -c" "EXTRA_COMPILER_FLAGS=-g"
"Compiling cpu_cortexa9"
"Running Make libs in ps7_cortexa9_0/libsrc/devcfg_v3_3/src"
make -C ps7_cortexa9_0/libsrc/devcfg_v3_3/src -s libs  "SHELL=CMD" "COMPILER=arm-xilinx-eabi-gcc" "ARCHIVER=arm-xilinx-eabi-ar" "COMPILER_FLAGS=  -O2 -c" "EXTRA_COMPILER_FLAGS=-g"
"Compiling devcfg"
"Running Make libs in ps7_cortexa9_0/libsrc/dmaps_v2_1/src"
make -C ps7_cortexa9_0/libsrc/dmaps_v2_1/src -s libs  "SHELL=CMD" "COMPILER=arm-xilinx-eabi-gcc" "ARCHIVER=arm-xilinx-eabi-ar" "COMPILER_FLAGS=  -O2 -c" "EXTRA_COMPILER_FLAGS=-g"
"Compiling dmaps"
"Running Make libs in ps7_cortexa9_0/libsrc/gpio_v4_0/src"
make -C ps7_cortexa9_0/libsrc/gpio_v4_0/src -s libs  "SHELL=CMD" "COMPILER=arm-xilinx-eabi-gcc" "ARCHIVER=arm-xilinx-eabi-ar" "COMPILER_FLAGS=  -O2 -c" "EXTRA_COMPILER_FLAGS=-g"
"Compiling gpio"
"Running Make libs in ps7_cortexa9_0/libsrc/gpiops_v3_0/src"
make -C ps7_cortexa9_0/libsrc/gpiops_v3_0/src -s libs  "SHELL=CMD" "COMPILER=arm-xilinx-eabi-gcc" "ARCHIVER=arm-xilinx-eabi-ar" "COMPILER_FLAGS=  -O2 -c" "EXTRA_COMPILER_FLAGS=-g"
"Compiling gpiops"
"Running Make libs in ps7_cortexa9_0/libsrc/scugic_v3_0/src"
make -C ps7_cortexa9_0/libsrc/scugic_v3_0/src -s libs  "SHELL=CMD" "COMPILER=arm-xilinx-eabi-gcc" "ARCHIVER=arm-xilinx-eabi-ar" "COMPILER_FLAGS=  -O2 -c" "EXTRA_COMPILER_FLAGS=-g"
"Compiling scugic"
"Running Make libs in ps7_cortexa9_0/libsrc/scutimer_v2_1/src"
make -C ps7_cortexa9_0/libsrc/scutimer_v2_1/src -s libs  "SHELL=CMD" "COMPILER=arm-xilinx-eabi-gcc" "ARCHIVER=arm-xilinx-eabi-ar" "COMPILER_FLAGS=  -O2 -c" "EXTRA_COMPILER_FLAGS=-g"
"Compiling scutimer"
"Running Make libs in ps7_cortexa9_0/libsrc/scuwdt_v2_1/src"
make -C ps7_cortexa9_0/libsrc/scuwdt_v2_1/src -s libs  "SHELL=CMD" "COMPILER=arm-xilinx-eabi-gcc" "ARCHIVER=arm-xilinx-eabi-ar" "COMPILER_FLAGS=  -O2 -c" "EXTRA_COMPILER_FLAGS=-g"
"Compiling scuwdt"
"Running Make libs in ps7_cortexa9_0/libsrc/standalone_v5_1/src"
make -C ps7_cortexa9_0/libsrc/standalone_v5_1/src -s libs  "SHELL=CMD" "COMPILER=arm-xilinx-eabi-gcc" "ARCHIVER=arm-xilinx-eabi-ar" "COMPILER_FLAGS=  -O2 -c" "EXTRA_COMPILER_FLAGS=-g"
"Compiling standalone"
"Running Make libs in ps7_cortexa9_0/libsrc/uartps_v3_0/src"
make -C ps7_cortexa9_0/libsrc/uartps_v3_0/src -s libs  "SHELL=CMD" "COMPILER=arm-xilinx-eabi-gcc" "ARCHIVER=arm-xilinx-eabi-ar" "COMPILER_FLAGS=  -O2 -c" "EXTRA_COMPILER_FLAGS=-g"
"Compiling uartps"
"Running Make libs in ps7_cortexa9_0/libsrc/xadcps_v2_2/src"
make -C ps7_cortexa9_0/libsrc/xadcps_v2_2/src -s libs  "SHELL=CMD" "COMPILER=arm-xilinx-eabi-gcc" "ARCHIVER=arm-xilinx-eabi-ar" "COMPILER_FLAGS=  -O2 -c" "EXTRA_COMPILER_FLAGS=-g"
"Compiling xadcps"
'Finished building libraries'
06:55:45 **** Build of configuration Debug for project TestApp ****
make all 
'Building file: ../src/lab2.c'
'Invoking: ARM gcc compiler'
arm-xilinx-eabi-gcc -Wall -O0 -g3 -c -fmessage-length=0 -MT"src/lab2.o" -I../../standalone_bsp_0/ps7_cortexa9_0/include -MMD -MP -MF"src/lab2.d" -MT"src/lab2.d" -o "src/lab2.o" "../src/lab2.c"
../src/lab2.c: In function 'main':
../src/lab2.c:20:5: warning: implicit declaration of function 'sleep' [-Wimplicit-function-declaration]
     sleep(1);
     ^
'Finished building: ../src/lab2.c'
' '
'Building target: TestApp.elf'
'Invoking: ARM gcc linker'
arm-xilinx-eabi-gcc -Wl,-T -Wl,../src/lscript.ld -L../../standalone_bsp_0/ps7_cortexa9_0/lib -o "TestApp.elf"  ./src/lab2.o   -Wl,--start-group,-lxil,-lgcc,-lc,--end-group
'Finished building target: TestApp.elf'
' '
'Invoking: ARM Print Size'
arm-xilinx-eabi-size TestApp.elf  |tee "TestApp.elf.size"
   text	   data	    bss	    dec	    hex	filename
  23796	   1184	  22580	  47560	   b9c8	TestApp.elf
'Finished building: TestApp.elf.size'
' '
06:56:13 **** Incremental Build of configuration Debug for project TestApp ****
make all 
make: Nothing to be done for `all'.
06:58:07 **** Auto Build of configuration Debug for project TestApp ****
make all 
'Building file: ../src/lab2.c'
'Invoking: ARM gcc compiler'
arm-xilinx-eabi-gcc -Wall -O0 -g3 -c -fmessage-length=0 -MT"src/lab2.o" -I../../standalone_bsp_0/ps7_cortexa9_0/include -MMD -MP -MF"src/lab2.d" -MT"src/lab2.d" -o "src/lab2.o" "../src/lab2.c"
../src/lab2.c: In function 'main':
../src/lab2.c:22:5: warning: implicit declaration of function 'sleep' [-Wimplicit-function-declaration]
     sleep(1);
     ^
'Finished building: ../src/lab2.c'
' '
'Building target: TestApp.elf'
'Invoking: ARM gcc linker'
arm-xilinx-eabi-gcc -Wl,-T -Wl,../src/lscript.ld -L../../standalone_bsp_0/ps7_cortexa9_0/lib -o "TestApp.elf"  ./src/lab2.o   -Wl,--start-group,-lxil,-lgcc,-lc,--end-group
'Finished building target: TestApp.elf'
' '
'Invoking: ARM Print Size'
arm-xilinx-eabi-size TestApp.elf  |tee "TestApp.elf.size"
   text	   data	    bss	    dec	    hex	filename
  23796	   1184	  22580	  47560	   b9c8	TestApp.elf
'Finished building: TestApp.elf.size'
' '
06:58:25 **** Auto Build of configuration Debug for project TestApp ****
make all 
'Building file: ../src/lab2.c'
'Invoking: ARM gcc compiler'
arm-xilinx-eabi-gcc -Wall -O0 -g3 -c -fmessage-length=0 -MT"src/lab2.o" -I../../standalone_bsp_0/ps7_cortexa9_0/include -MMD -MP -MF"src/lab2.d" -MT"src/lab2.d" -o "src/lab2.o" "../src/lab2.c"
'Finished building: ../src/lab2.c'
' '
'Building target: TestApp.elf'
'Invoking: ARM gcc linker'
arm-xilinx-eabi-gcc -Wl,-T -Wl,../src/lscript.ld -L../../standalone_bsp_0/ps7_cortexa9_0/lib -o "TestApp.elf"  ./src/lab2.o   -Wl,--start-group,-lxil,-lgcc,-lc,--end-group
'Finished building target: TestApp.elf'
' '
'Invoking: ARM Print Size'
arm-xilinx-eabi-size TestApp.elf  |tee "TestApp.elf.size"
   text	   data	    bss	    dec	    hex	filename
  23732	   1184	  22580	  47496	   b988	TestApp.elf
'Finished building: TestApp.elf.size'
' '
06:58:32 **** Incremental Build of configuration Debug for project TestApp ****
make all 
make: Nothing to be done for `all'.
06:58:53 **** Incremental Build of configuration Debug for project TestApp ****
make all 
make: Nothing to be done for `all'.
06:59:16 **** Auto Build of configuration Debug for project TestApp ****
make all 
'Building file: ../src/lab2.c'
'Invoking: ARM gcc compiler'
arm-xilinx-eabi-gcc -Wall -O0 -g3 -c -fmessage-length=0 -MT"src/lab2.o" -I../../standalone_bsp_0/ps7_cortexa9_0/include -MMD -MP -MF"src/lab2.d" -MT"src/lab2.d" -o "src/lab2.o" "../src/lab2.c"
../src/lab2.c: In function 'main':
../src/lab2.c:22:5: warning: implicit declaration of function 'sleep' [-Wimplicit-function-declaration]
     sleep(1);
     ^
'Finished building: ../src/lab2.c'
' '
'Building target: TestApp.elf'
'Invoking: ARM gcc linker'
arm-xilinx-eabi-gcc -Wl,-T -Wl,../src/lscript.ld -L../../standalone_bsp_0/ps7_cortexa9_0/lib -o "TestApp.elf"  ./src/lab2.o   -Wl,--start-group,-lxil,-lgcc,-lc,--end-group
'Finished building target: TestApp.elf'
' '
'Invoking: ARM Print Size'
arm-xilinx-eabi-size TestApp.elf  |tee "TestApp.elf.size"
   text	   data	    bss	    dec	    hex	filename
  23796	   1184	  22580	  47560	   b9c8	TestApp.elf
'Finished building: TestApp.elf.size'
' '
07:04:32 **** Incremental Build of configuration Debug for project TestApp ****
make all 
make: Nothing to be done for `all'.
07:05:18 **** Incremental Build of configuration Debug for project TestApp ****
make all 
make: Nothing to be done for `all'.
07:05:44 **** Incremental Build of configuration Debug for project TestApp ****
make all 
make: Nothing to be done for `all'.
07:06:48 **** Incremental Build of configuration Debug for project TestApp ****
make all 
make: Nothing to be done for `all'.
07:18:45 **** Incremental Build of configuration Debug for project TestApp ****
make all 
make: Nothing to be done for `all'.
07:19:30 **** Incremental Build of configuration Debug for project TestApp ****
make all 
make: Nothing to be done for `all'.
07:19:54 **** Incremental Build of configuration Debug for project TestApp ****
make all 
make: Nothing to be done for `all'.
07:20:50 **** Clean-only build of configuration Debug for project TestApp ****
make clean 
rm -rf  ./src/lab2.o  ./src/lab2.d  TestApp.elf.size  TestApp.elf
' '

****  of configuration Debug for project TestApp ****

Nothing to build for project TestApp
07:21:05 **** Auto Build of configuration Debug for project TestApp ****
make all 
'Building file: ../src/lab2.c'
'Invoking: ARM gcc compiler'
arm-xilinx-eabi-gcc -Wall -O0 -g3 -c -fmessage-length=0 -MT"src/lab2.o" -I../../standalone_bsp_0/ps7_cortexa9_0/include -MMD -MP -MF"src/lab2.d" -MT"src/lab2.d" -o "src/lab2.o" "../src/lab2.c"
../src/lab2.c: In function 'main':
../src/lab2.c:18:26: error: 'XPAR_BUTTONS_DEVICE_ID' undeclared (first use in this function)
  XGpio_Initialize(&push, XPAR_BUTTONS_DEVICE_ID);
                          ^
../src/lab2.c:18:26: note: each undeclared identifier is reported only once for each function it appears in
../src/lab2.c:28:4: warning: implicit declaration of function 'sleep' [-Wimplicit-function-declaration]
    sleep(1);
    ^
make: *** [src/lab2.o] ´íÎó 1
07:33:28 **** Clean-only build of configuration Debug for project TestApp ****
make clean 
rm -rf  ./src/lab2.o  ./src/lab2.d  TestApp.elf.size  TestApp.elf
' '

****  of configuration Debug for project TestApp ****

Nothing to build for project TestApp
07:34:14 **** Auto Build of configuration Debug for project TestApp ****
make all 
'Building file: ../src/lab2.c'
'Invoking: ARM gcc compiler'
arm-xilinx-eabi-gcc -Wall -O0 -g3 -c -fmessage-length=0 -MT"src/lab2.o" -I../../standalone_bsp_0/ps7_cortexa9_0/include -MMD -MP -MF"src/lab2.d" -MT"src/lab2.d" -o "src/lab2.o" "../src/lab2.c"
../src/lab2.c: In function 'main':
../src/lab2.c:18:26: error: 'XPAR_BUTTONS_DEVICE_ID' undeclared (first use in this function)
  XGpio_Initialize(&push, XPAR_BUTTONS_DEVICE_ID);
                          ^
../src/lab2.c:18:26: note: each undeclared identifier is reported only once for each function it appears in
../src/lab2.c:28:4: warning: implicit declaration of function 'sleep' [-Wimplicit-function-declaration]
    sleep(1);
    ^
make: *** [src/lab2.o] ´íÎó 1
07:53:58 **** Auto Build of configuration Debug for project TestApp ****
make all 
'Building file: ../src/lab2.c'
'Invoking: ARM gcc compiler'
arm-xilinx-eabi-gcc -Wall -O0 -g3 -c -fmessage-length=0 -MT"src/lab2.o" -I../../standalone_bsp_0/ps7_cortexa9_0/include -MMD -MP -MF"src/lab2.d" -MT"src/lab2.d" -o "src/lab2.o" "../src/lab2.c"
In file included from ../../standalone_bsp_0/ps7_cortexa9_0/include/xil_printf.h:12:0,
                 from ../../standalone_bsp_0/ps7_cortexa9_0/include/xil_io.h:65,
                 from ../../standalone_bsp_0/ps7_cortexa9_0/include/xgpio_l.h:84,
                 from ../../standalone_bsp_0/ps7_cortexa9_0/include/xgpio.h:118,
                 from ../src/lab2.c:2:
../src/lab2.c: In function 'main':
../../standalone_bsp_0/ps7_cortexa9_0/include/xparameters.h:171:31: warning: large integer implicitly truncated to unsigned type [-Woverflow]
 #define XPAR_BOTTOMS_BASEADDR 0x41210000
                               ^
../src/lab2.c:18:26: note: in expansion of macro 'XPAR_BOTTOMS_BASEADDR'
  XGpio_Initialize(&push, XPAR_BOTTOMS_BASEADDR);
                          ^
../src/lab2.c:28:4: warning: implicit declaration of function 'sleep' [-Wimplicit-function-declaration]
    sleep(1);
    ^
'Finished building: ../src/lab2.c'
' '
'Building target: TestApp.elf'
'Invoking: ARM gcc linker'
arm-xilinx-eabi-gcc -Wl,-T -Wl,../src/lscript.ld -L../../standalone_bsp_0/ps7_cortexa9_0/lib -o "TestApp.elf"  ./src/lab2.o   -Wl,--start-group,-lxil,-lgcc,-lc,--end-group
'Finished building target: TestApp.elf'
' '
'Invoking: ARM Print Size'
arm-xilinx-eabi-size TestApp.elf  |tee "TestApp.elf.size"
   text	   data	    bss	    dec	    hex	filename
  23796	   1184	  22580	  47560	   b9c8	TestApp.elf
'Finished building: TestApp.elf.size'
' '
07:54:30 **** Incremental Build of configuration Debug for project TestApp ****
make all 
make: Nothing to be done for `all'.
