
*** Running vivado
    with args -log zynq_interrupt_system_wrapper.vdi -applog -m64 -messageDb vivado.pb -mode batch -source zynq_interrupt_system_wrapper.tcl -notrace

WARNING: Default location for XILINX_VIVADO_HLS not found: 

****** Vivado v2015.2 (64-bit)
  **** SW Build 1266856 on Fri Jun 26 16:35:25 MDT 2015
  **** IP Build 1264090 on Wed Jun 24 14:22:01 MDT 2015
    ** Copyright 1986-2015 Xilinx, Inc. All Rights Reserved.

source zynq_interrupt_system_wrapper.tcl -notrace
Design is defaulting to srcset: sources_1
Design is defaulting to constrset: constrs_1
INFO: [Netlist 29-17] Analyzing 72 Unisim elements for replacement
INFO: [Netlist 29-28] Unisim Transformation completed in 0 CPU seconds
INFO: [Project 1-479] Netlist was created with Vivado 2015.2
INFO: [Device 21-403] Loading part xc7z010clg400-1
INFO: [Project 1-570] Preparing netlist for logic optimization
Parsing XDC File [c:/Users/yizii/Desktop/SOC/zynq_interrupts_exercise2D/zynq_interrupts_exercise2D.srcs/sources_1/bd/zynq_interrupt_system/ip/zynq_interrupt_system_processing_system7_0_0/zynq_interrupt_system_processing_system7_0_0.xdc] for cell 'zynq_interrupt_system_i/processing_system7_0/inst'
Finished Parsing XDC File [c:/Users/yizii/Desktop/SOC/zynq_interrupts_exercise2D/zynq_interrupts_exercise2D.srcs/sources_1/bd/zynq_interrupt_system/ip/zynq_interrupt_system_processing_system7_0_0/zynq_interrupt_system_processing_system7_0_0.xdc] for cell 'zynq_interrupt_system_i/processing_system7_0/inst'
Parsing XDC File [c:/Users/yizii/Desktop/SOC/zynq_interrupts_exercise2D/zynq_interrupts_exercise2D.srcs/sources_1/bd/zynq_interrupt_system/ip/zynq_interrupt_system_axi_gpio_0_0/zynq_interrupt_system_axi_gpio_0_0_board.xdc] for cell 'zynq_interrupt_system_i/axi_gpio_0/U0'
Finished Parsing XDC File [c:/Users/yizii/Desktop/SOC/zynq_interrupts_exercise2D/zynq_interrupts_exercise2D.srcs/sources_1/bd/zynq_interrupt_system/ip/zynq_interrupt_system_axi_gpio_0_0/zynq_interrupt_system_axi_gpio_0_0_board.xdc] for cell 'zynq_interrupt_system_i/axi_gpio_0/U0'
Parsing XDC File [c:/Users/yizii/Desktop/SOC/zynq_interrupts_exercise2D/zynq_interrupts_exercise2D.srcs/sources_1/bd/zynq_interrupt_system/ip/zynq_interrupt_system_axi_gpio_0_0/zynq_interrupt_system_axi_gpio_0_0.xdc] for cell 'zynq_interrupt_system_i/axi_gpio_0/U0'
Finished Parsing XDC File [c:/Users/yizii/Desktop/SOC/zynq_interrupts_exercise2D/zynq_interrupts_exercise2D.srcs/sources_1/bd/zynq_interrupt_system/ip/zynq_interrupt_system_axi_gpio_0_0/zynq_interrupt_system_axi_gpio_0_0.xdc] for cell 'zynq_interrupt_system_i/axi_gpio_0/U0'
Parsing XDC File [c:/Users/yizii/Desktop/SOC/zynq_interrupts_exercise2D/zynq_interrupts_exercise2D.srcs/sources_1/bd/zynq_interrupt_system/ip/zynq_interrupt_system_axi_gpio_1_0/zynq_interrupt_system_axi_gpio_1_0_board.xdc] for cell 'zynq_interrupt_system_i/axi_gpio_1/U0'
Finished Parsing XDC File [c:/Users/yizii/Desktop/SOC/zynq_interrupts_exercise2D/zynq_interrupts_exercise2D.srcs/sources_1/bd/zynq_interrupt_system/ip/zynq_interrupt_system_axi_gpio_1_0/zynq_interrupt_system_axi_gpio_1_0_board.xdc] for cell 'zynq_interrupt_system_i/axi_gpio_1/U0'
Parsing XDC File [c:/Users/yizii/Desktop/SOC/zynq_interrupts_exercise2D/zynq_interrupts_exercise2D.srcs/sources_1/bd/zynq_interrupt_system/ip/zynq_interrupt_system_axi_gpio_1_0/zynq_interrupt_system_axi_gpio_1_0.xdc] for cell 'zynq_interrupt_system_i/axi_gpio_1/U0'
Finished Parsing XDC File [c:/Users/yizii/Desktop/SOC/zynq_interrupts_exercise2D/zynq_interrupts_exercise2D.srcs/sources_1/bd/zynq_interrupt_system/ip/zynq_interrupt_system_axi_gpio_1_0/zynq_interrupt_system_axi_gpio_1_0.xdc] for cell 'zynq_interrupt_system_i/axi_gpio_1/U0'
Parsing XDC File [c:/Users/yizii/Desktop/SOC/zynq_interrupts_exercise2D/zynq_interrupts_exercise2D.srcs/sources_1/bd/zynq_interrupt_system/ip/zynq_interrupt_system_rst_processing_system7_0_100M_0/zynq_interrupt_system_rst_processing_system7_0_100M_0_board.xdc] for cell 'zynq_interrupt_system_i/rst_processing_system7_0_100M'
Finished Parsing XDC File [c:/Users/yizii/Desktop/SOC/zynq_interrupts_exercise2D/zynq_interrupts_exercise2D.srcs/sources_1/bd/zynq_interrupt_system/ip/zynq_interrupt_system_rst_processing_system7_0_100M_0/zynq_interrupt_system_rst_processing_system7_0_100M_0_board.xdc] for cell 'zynq_interrupt_system_i/rst_processing_system7_0_100M'
Parsing XDC File [c:/Users/yizii/Desktop/SOC/zynq_interrupts_exercise2D/zynq_interrupts_exercise2D.srcs/sources_1/bd/zynq_interrupt_system/ip/zynq_interrupt_system_rst_processing_system7_0_100M_0/zynq_interrupt_system_rst_processing_system7_0_100M_0.xdc] for cell 'zynq_interrupt_system_i/rst_processing_system7_0_100M'
Finished Parsing XDC File [c:/Users/yizii/Desktop/SOC/zynq_interrupts_exercise2D/zynq_interrupts_exercise2D.srcs/sources_1/bd/zynq_interrupt_system/ip/zynq_interrupt_system_rst_processing_system7_0_100M_0/zynq_interrupt_system_rst_processing_system7_0_100M_0.xdc] for cell 'zynq_interrupt_system_i/rst_processing_system7_0_100M'
Parsing XDC File [c:/Users/yizii/Desktop/SOC/zynq_interrupts_exercise2D/zynq_interrupts_exercise2D.srcs/sources_1/bd/zynq_interrupt_system/ip/zynq_interrupt_system_axi_timer_0_0/zynq_interrupt_system_axi_timer_0_0.xdc] for cell 'zynq_interrupt_system_i/axi_timer_0'
Finished Parsing XDC File [c:/Users/yizii/Desktop/SOC/zynq_interrupts_exercise2D/zynq_interrupts_exercise2D.srcs/sources_1/bd/zynq_interrupt_system/ip/zynq_interrupt_system_axi_timer_0_0/zynq_interrupt_system_axi_timer_0_0.xdc] for cell 'zynq_interrupt_system_i/axi_timer_0'
INFO: [Opt 31-138] Pushed 0 inverter(s) to 0 load pin(s).
INFO: [Project 1-111] Unisim Transformation Summary:
No Unisim elements were transformed.

link_design: Time (s): cpu = 00:00:08 ; elapsed = 00:00:09 . Memory (MB): peak = 462.273 ; gain = 267.848
Command: opt_design
Attempting to get a license for feature 'Implementation' and/or device 'xc7z010'
INFO: [Common 17-349] Got license for feature 'Implementation' and/or device 'xc7z010'
Running DRC as a precondition to command opt_design

Starting DRC Task
INFO: [DRC 23-27] Running DRC with 2 threads
INFO: [Project 1-461] DRC finished with 0 Errors
INFO: [Project 1-462] Please refer to the DRC report (report_drc) for more information.

Time (s): cpu = 00:00:00 ; elapsed = 00:00:00.111 . Memory (MB): peak = 466.816 ; gain = 3.547
INFO: [Timing 38-35] Done setting XDC timing constraints.

Starting Logic Optimization Task

Phase 1 Retarget

INFO: [Opt 31-138] Pushed 0 inverter(s) to 0 load pin(s).
INFO: [Opt 31-49] Retargeted 0 cell(s).
Phase 1 Retarget | Checksum: 13c23b7a9

Time (s): cpu = 00:00:00 ; elapsed = 00:00:00.249 . Memory (MB): peak = 934.926 ; gain = 0.004

Phase 2 Constant Propagation
INFO: [Opt 31-138] Pushed 0 inverter(s) to 0 load pin(s).
INFO: [Opt 31-10] Eliminated 58 cells.
Phase 2 Constant Propagation | Checksum: 153042d3c

Time (s): cpu = 00:00:01 ; elapsed = 00:00:00.689 . Memory (MB): peak = 934.926 ; gain = 0.004

Phase 3 Sweep
INFO: [Opt 31-12] Eliminated 279 unconnected nets.
INFO: [Opt 31-11] Eliminated 217 unconnected cells.
Phase 3 Sweep | Checksum: b784acef

Time (s): cpu = 00:00:01 ; elapsed = 00:00:01 . Memory (MB): peak = 934.926 ; gain = 0.004

Starting Connectivity Check Task

Time (s): cpu = 00:00:00 ; elapsed = 00:00:00.008 . Memory (MB): peak = 934.926 ; gain = 0.000
Ending Logic Optimization Task | Checksum: b784acef

Time (s): cpu = 00:00:01 ; elapsed = 00:00:01 . Memory (MB): peak = 934.926 ; gain = 0.004
Implement Debug Cores | Checksum: 123582f1d
Logic Optimization | Checksum: 123582f1d

Starting Power Optimization Task
INFO: [Pwropt 34-132] Skipping clock gating for clocks with a period < 3.13 ns.
Ending Power Optimization Task | Checksum: b784acef

Time (s): cpu = 00:00:00 ; elapsed = 00:00:00.015 . Memory (MB): peak = 934.926 ; gain = 0.000
INFO: [Common 17-83] Releasing license: Implementation
20 Infos, 0 Warnings, 0 Critical Warnings and 0 Errors encountered.
opt_design completed successfully
opt_design: Time (s): cpu = 00:00:14 ; elapsed = 00:00:15 . Memory (MB): peak = 934.926 ; gain = 472.652
Writing placer database...
Writing XDEF routing.
Writing XDEF routing logical nets.
Writing XDEF routing special nets.
Write XDEF Complete: Time (s): cpu = 00:00:01 ; elapsed = 00:00:00.105 . Memory (MB): peak = 934.926 ; gain = 0.000
INFO: [DRC 23-27] Running DRC with 2 threads
INFO: [Coretcl 2-168] The results of DRC are in file C:/Users/yizii/Desktop/SOC/zynq_interrupts_exercise2D/zynq_interrupts_exercise2D.runs/impl_1/zynq_interrupt_system_wrapper_drc_opted.rpt.
Command: place_design
Attempting to get a license for feature 'Implementation' and/or device 'xc7z010'
INFO: [Common 17-349] Got license for feature 'Implementation' and/or device 'xc7z010'
INFO: [DRC 23-27] Running DRC with 2 threads
INFO: [Vivado_Tcl 4-198] DRC finished with 0 Errors
INFO: [Vivado_Tcl 4-199] Please refer to the DRC report (report_drc) for more information.
Running DRC as a precondition to command place_design
INFO: [DRC 23-27] Running DRC with 2 threads
INFO: [Vivado_Tcl 4-198] DRC finished with 0 Errors
INFO: [Vivado_Tcl 4-199] Please refer to the DRC report (report_drc) for more information.

Starting Placer Task
INFO: [Place 30-611] Multithreading enabled for place_design using a maximum of 2 CPUs

Phase 1 Placer Runtime Estimator
Phase 1 Placer Runtime Estimator | Checksum: 859d9db8

Time (s): cpu = 00:00:00 ; elapsed = 00:00:00.039 . Memory (MB): peak = 934.926 ; gain = 0.000

Phase 2 Placer Initialization
Netlist sorting complete. Time (s): cpu = 00:00:00 ; elapsed = 00:00:00.006 . Memory (MB): peak = 934.926 ; gain = 0.000
Netlist sorting complete. Time (s): cpu = 00:00:00 ; elapsed = 00:00:00.005 . Memory (MB): peak = 934.926 ; gain = 0.000

Phase 2.1 IO Placement/ Clock Placement/ Build Placer Device

Phase 2.1.1 Pre-Place Cells
Phase 2.1.1 Pre-Place Cells | Checksum: 2ed5bde8

Time (s): cpu = 00:00:00 ; elapsed = 00:00:00.081 . Memory (MB): peak = 934.926 ; gain = 0.000
WARNING: [Place 30-12] An IO Bus FIXED_IO_mio with more than one IO standard is found. Components associated with this bus are: 
	FIXED_IO_mio[53] of IOStandard LVCMOS18
	FIXED_IO_mio[52] of IOStandard LVCMOS18
	FIXED_IO_mio[51] of IOStandard LVCMOS18
	FIXED_IO_mio[50] of IOStandard LVCMOS18
	FIXED_IO_mio[49] of IOStandard LVCMOS18
	FIXED_IO_mio[48] of IOStandard LVCMOS18
	FIXED_IO_mio[47] of IOStandard LVCMOS18
	FIXED_IO_mio[46] of IOStandard LVCMOS18
	FIXED_IO_mio[45] of IOStandard LVCMOS18
	FIXED_IO_mio[44] of IOStandard LVCMOS18
	FIXED_IO_mio[43] of IOStandard LVCMOS18
	FIXED_IO_mio[42] of IOStandard LVCMOS18
	FIXED_IO_mio[41] of IOStandard LVCMOS18
	FIXED_IO_mio[40] of IOStandard LVCMOS18
	FIXED_IO_mio[39] of IOStandard LVCMOS18
	FIXED_IO_mio[38] of IOStandard LVCMOS18
	FIXED_IO_mio[37] of IOStandard LVCMOS18
	FIXED_IO_mio[36] of IOStandard LVCMOS18
	FIXED_IO_mio[35] of IOStandard LVCMOS18
	FIXED_IO_mio[34] of IOStandard LVCMOS18
	FIXED_IO_mio[33] of IOStandard LVCMOS18
	FIXED_IO_mio[32] of IOStandard LVCMOS18
	FIXED_IO_mio[31] of IOStandard LVCMOS18
	FIXED_IO_mio[30] of IOStandard LVCMOS18
	FIXED_IO_mio[29] of IOStandard LVCMOS18
	FIXED_IO_mio[28] of IOStandard LVCMOS18
	FIXED_IO_mio[27] of IOStandard HSTL_I_18
	FIXED_IO_mio[26] of IOStandard HSTL_I_18
	FIXED_IO_mio[25] of IOStandard HSTL_I_18
	FIXED_IO_mio[24] of IOStandard HSTL_I_18
	FIXED_IO_mio[23] of IOStandard HSTL_I_18
	FIXED_IO_mio[22] of IOStandard HSTL_I_18
	FIXED_IO_mio[21] of IOStandard HSTL_I_18
	FIXED_IO_mio[20] of IOStandard HSTL_I_18
	FIXED_IO_mio[19] of IOStandard HSTL_I_18
	FIXED_IO_mio[18] of IOStandard HSTL_I_18
	FIXED_IO_mio[17] of IOStandard HSTL_I_18
	FIXED_IO_mio[16] of IOStandard HSTL_I_18
	FIXED_IO_mio[15] of IOStandard LVCMOS33
	FIXED_IO_mio[14] of IOStandard LVCMOS33
	FIXED_IO_mio[13] of IOStandard LVCMOS33
	FIXED_IO_mio[12] of IOStandard LVCMOS33
	FIXED_IO_mio[11] of IOStandard LVCMOS33
	FIXED_IO_mio[10] of IOStandard LVCMOS33
	FIXED_IO_mio[9] of IOStandard LVCMOS33
	FIXED_IO_mio[8] of IOStandard LVCMOS33
	FIXED_IO_mio[7] of IOStandard LVCMOS33
	FIXED_IO_mio[6] of IOStandard LVCMOS33
	FIXED_IO_mio[5] of IOStandard LVCMOS33
	FIXED_IO_mio[4] of IOStandard LVCMOS33
	FIXED_IO_mio[3] of IOStandard LVCMOS33
	FIXED_IO_mio[2] of IOStandard LVCMOS33
	FIXED_IO_mio[1] of IOStandard LVCMOS33
	FIXED_IO_mio[0] of IOStandard LVCMOS33
INFO: [Timing 38-35] Done setting XDC timing constraints.

Phase 2.1.2 IO & Clk Clean Up
Phase 2.1.2 IO & Clk Clean Up | Checksum: 2ed5bde8

Time (s): cpu = 00:00:02 ; elapsed = 00:00:03 . Memory (MB): peak = 951.734 ; gain = 16.809

Phase 2.1.3 Implementation Feasibility check On IDelay
Phase 2.1.3 Implementation Feasibility check On IDelay | Checksum: 2ed5bde8

Time (s): cpu = 00:00:02 ; elapsed = 00:00:03 . Memory (MB): peak = 951.734 ; gain = 16.809

Phase 2.1.4 Commit IO Placement
Phase 2.1.4 Commit IO Placement | Checksum: 54e2b80b

Time (s): cpu = 00:00:02 ; elapsed = 00:00:03 . Memory (MB): peak = 951.734 ; gain = 16.809
Phase 2.1 IO Placement/ Clock Placement/ Build Placer Device | Checksum: cd81bb28

Time (s): cpu = 00:00:02 ; elapsed = 00:00:03 . Memory (MB): peak = 951.734 ; gain = 16.809

Phase 2.2 Build Placer Netlist Model

Phase 2.2.1 Place Init Design

Phase 2.2.1.1 Init Lut Pin Assignment
Phase 2.2.1.1 Init Lut Pin Assignment | Checksum: 18a2ab163

Time (s): cpu = 00:00:02 ; elapsed = 00:00:03 . Memory (MB): peak = 951.734 ; gain = 16.809
Phase 2.2.1 Place Init Design | Checksum: e77a847e

Time (s): cpu = 00:00:03 ; elapsed = 00:00:03 . Memory (MB): peak = 951.734 ; gain = 16.809
Phase 2.2 Build Placer Netlist Model | Checksum: e77a847e

Time (s): cpu = 00:00:03 ; elapsed = 00:00:03 . Memory (MB): peak = 951.734 ; gain = 16.809

Phase 2.3 Constrain Clocks/Macros

Phase 2.3.1 Constrain Global/Regional Clocks
Phase 2.3.1 Constrain Global/Regional Clocks | Checksum: e77a847e

Time (s): cpu = 00:00:03 ; elapsed = 00:00:03 . Memory (MB): peak = 951.734 ; gain = 16.809
Phase 2.3 Constrain Clocks/Macros | Checksum: e77a847e

Time (s): cpu = 00:00:03 ; elapsed = 00:00:03 . Memory (MB): peak = 951.734 ; gain = 16.809
Phase 2 Placer Initialization | Checksum: e77a847e

Time (s): cpu = 00:00:03 ; elapsed = 00:00:03 . Memory (MB): peak = 951.734 ; gain = 16.809

Phase 3 Global Placement
Phase 3 Global Placement | Checksum: 19a7d5a4e

Time (s): cpu = 00:00:05 ; elapsed = 00:00:04 . Memory (MB): peak = 951.734 ; gain = 16.809

Phase 4 Detail Placement

Phase 4.1 Commit Multi Column Macros
Phase 4.1 Commit Multi Column Macros | Checksum: 19a7d5a4e

Time (s): cpu = 00:00:05 ; elapsed = 00:00:04 . Memory (MB): peak = 951.734 ; gain = 16.809

Phase 4.2 Commit Most Macros & LUTRAMs
Phase 4.2 Commit Most Macros & LUTRAMs | Checksum: 1202a11db

Time (s): cpu = 00:00:05 ; elapsed = 00:00:05 . Memory (MB): peak = 951.734 ; gain = 16.809

Phase 4.3 Area Swap Optimization
Phase 4.3 Area Swap Optimization | Checksum: 111e947af

Time (s): cpu = 00:00:05 ; elapsed = 00:00:05 . Memory (MB): peak = 951.734 ; gain = 16.809

Phase 4.4 updateClock Trees: DP
Phase 4.4 updateClock Trees: DP | Checksum: 111e947af

Time (s): cpu = 00:00:05 ; elapsed = 00:00:05 . Memory (MB): peak = 951.734 ; gain = 16.809

Phase 4.5 Timing Path Optimizer
Phase 4.5 Timing Path Optimizer | Checksum: 1b506e510

Time (s): cpu = 00:00:05 ; elapsed = 00:00:05 . Memory (MB): peak = 951.734 ; gain = 16.809

Phase 4.6 Small Shape Detail Placement

Phase 4.6.1 Commit Small Macros & Core Logic

Phase 4.6.1.1 setBudgets
Phase 4.6.1.1 setBudgets | Checksum: 130827c6a

Time (s): cpu = 00:00:05 ; elapsed = 00:00:05 . Memory (MB): peak = 951.734 ; gain = 16.809

Phase 4.6.1.2 Commit Slice Clusters
Phase 4.6.1.2 Commit Slice Clusters | Checksum: 1412c6740

Time (s): cpu = 00:00:06 ; elapsed = 00:00:05 . Memory (MB): peak = 951.734 ; gain = 16.809
Phase 4.6.1 Commit Small Macros & Core Logic | Checksum: 1412c6740

Time (s): cpu = 00:00:06 ; elapsed = 00:00:05 . Memory (MB): peak = 951.734 ; gain = 16.809

Phase 4.6.2 Clock Restriction Legalization for Leaf Columns
Phase 4.6.2 Clock Restriction Legalization for Leaf Columns | Checksum: 1412c6740

Time (s): cpu = 00:00:06 ; elapsed = 00:00:05 . Memory (MB): peak = 951.734 ; gain = 16.809

Phase 4.6.3 Clock Restriction Legalization for Non-Clock Pins
Phase 4.6.3 Clock Restriction Legalization for Non-Clock Pins | Checksum: 1412c6740

Time (s): cpu = 00:00:06 ; elapsed = 00:00:05 . Memory (MB): peak = 951.734 ; gain = 16.809
Phase 4.6 Small Shape Detail Placement | Checksum: 1412c6740

Time (s): cpu = 00:00:06 ; elapsed = 00:00:05 . Memory (MB): peak = 951.734 ; gain = 16.809

Phase 4.7 Re-assign LUT pins
Phase 4.7 Re-assign LUT pins | Checksum: 1412c6740

Time (s): cpu = 00:00:06 ; elapsed = 00:00:05 . Memory (MB): peak = 951.734 ; gain = 16.809
Phase 4 Detail Placement | Checksum: 1412c6740

Time (s): cpu = 00:00:06 ; elapsed = 00:00:05 . Memory (MB): peak = 951.734 ; gain = 16.809

Phase 5 Post Placement Optimization and Clean-Up

Phase 5.1 PCOPT Shape updates
Phase 5.1 PCOPT Shape updates | Checksum: 2053e33f5

Time (s): cpu = 00:00:06 ; elapsed = 00:00:05 . Memory (MB): peak = 951.734 ; gain = 16.809

Phase 5.2 Post Commit Optimization

Phase 5.2.1 updateClock Trees: PCOPT
Phase 5.2.1 updateClock Trees: PCOPT | Checksum: 2053e33f5

Time (s): cpu = 00:00:06 ; elapsed = 00:00:05 . Memory (MB): peak = 951.734 ; gain = 16.809

Phase 5.2.2 Post Placement Optimization

Phase 5.2.2.1 Post Placement Timing Optimization
INFO: [Place 30-746] Post Placement Timing Summary WNS=3.338. For the most accurate timing information please run report_timing.
Phase 5.2.2.1 Post Placement Timing Optimization | Checksum: 1d5e573e7

Time (s): cpu = 00:00:07 ; elapsed = 00:00:06 . Memory (MB): peak = 951.734 ; gain = 16.809
Phase 5.2.2 Post Placement Optimization | Checksum: 1d5e573e7

Time (s): cpu = 00:00:07 ; elapsed = 00:00:06 . Memory (MB): peak = 951.734 ; gain = 16.809
Phase 5.2 Post Commit Optimization | Checksum: 1d5e573e7

Time (s): cpu = 00:00:07 ; elapsed = 00:00:06 . Memory (MB): peak = 951.734 ; gain = 16.809

Phase 5.3 Sweep Clock Roots: Post-Placement
Phase 5.3 Sweep Clock Roots: Post-Placement | Checksum: 1d5e573e7

Time (s): cpu = 00:00:07 ; elapsed = 00:00:06 . Memory (MB): peak = 951.734 ; gain = 16.809

Phase 5.4 Post Placement Cleanup
Phase 5.4 Post Placement Cleanup | Checksum: 1d5e573e7

Time (s): cpu = 00:00:07 ; elapsed = 00:00:06 . Memory (MB): peak = 951.734 ; gain = 16.809

Phase 5.5 Placer Reporting

Phase 5.5.1 Restore STA
Phase 5.5.1 Restore STA | Checksum: 1d5e573e7

Time (s): cpu = 00:00:07 ; elapsed = 00:00:06 . Memory (MB): peak = 951.734 ; gain = 16.809
Phase 5.5 Placer Reporting | Checksum: 1d5e573e7

Time (s): cpu = 00:00:07 ; elapsed = 00:00:06 . Memory (MB): peak = 951.734 ; gain = 16.809

Phase 5.6 Final Placement Cleanup
Phase 5.6 Final Placement Cleanup | Checksum: 2290127e6

Time (s): cpu = 00:00:07 ; elapsed = 00:00:06 . Memory (MB): peak = 951.734 ; gain = 16.809
Phase 5 Post Placement Optimization and Clean-Up | Checksum: 2290127e6

Time (s): cpu = 00:00:07 ; elapsed = 00:00:06 . Memory (MB): peak = 951.734 ; gain = 16.809
Ending Placer Task | Checksum: 1976a0f42

Time (s): cpu = 00:00:07 ; elapsed = 00:00:06 . Memory (MB): peak = 951.734 ; gain = 16.809
INFO: [Common 17-83] Releasing license: Implementation
33 Infos, 1 Warnings, 0 Critical Warnings and 0 Errors encountered.
place_design completed successfully
place_design: Time (s): cpu = 00:00:08 ; elapsed = 00:00:07 . Memory (MB): peak = 951.734 ; gain = 16.809
Writing placer database...
Writing XDEF routing.
Writing XDEF routing logical nets.
Writing XDEF routing special nets.
Write XDEF Complete: Time (s): cpu = 00:00:01 ; elapsed = 00:00:00.299 . Memory (MB): peak = 951.734 ; gain = 0.000
report_io: Time (s): cpu = 00:00:00 ; elapsed = 00:00:00.059 . Memory (MB): peak = 951.734 ; gain = 0.000
report_utilization: Time (s): cpu = 00:00:00 ; elapsed = 00:00:00.069 . Memory (MB): peak = 951.734 ; gain = 0.000
report_control_sets: Time (s): cpu = 00:00:00 ; elapsed = 00:00:00.008 . Memory (MB): peak = 951.734 ; gain = 0.000
Command: route_design
Attempting to get a license for feature 'Implementation' and/or device 'xc7z010'
INFO: [Common 17-349] Got license for feature 'Implementation' and/or device 'xc7z010'
Running DRC as a precondition to command route_design
INFO: [DRC 23-27] Running DRC with 2 threads
WARNING: [DRC 23-20] Rule violation (PLIO-7) Placement Constraints Check for IO constraints - An IO Bus FIXED_IO_mio[53:0] with more than one IO standard is found. Components associated with this bus are:  FIXED_IO_mio[53] of IOStandard LVCMOS18; FIXED_IO_mio[52] of IOStandard LVCMOS18; FIXED_IO_mio[51] of IOStandard LVCMOS18; FIXED_IO_mio[50] of IOStandard LVCMOS18; FIXED_IO_mio[49] of IOStandard LVCMOS18; FIXED_IO_mio[48] of IOStandard LVCMOS18; FIXED_IO_mio[47] of IOStandard LVCMOS18; FIXED_IO_mio[46] of IOStandard LVCMOS18; FIXED_IO_mio[45] of IOStandard LVCMOS18; FIXED_IO_mio[44] of IOStandard LVCMOS18; FIXED_IO_mio[43] of IOStandard LVCMOS18; FIXED_IO_mio[42] of IOStandard LVCMOS18; FIXED_IO_mio[41] of IOStandard LVCMOS18; FIXED_IO_mio[40] of IOStandard LVCMOS18; FIXED_IO_mio[39] of IOStandard LVCMOS18; FIXED_IO_mio[38] of IOStandard LVCMOS18; FIXED_IO_mio[37] of IOStandard LVCMOS18; FIXED_IO_mio[36] of IOStandard LVCMOS18; FIXED_IO_mio[35] of IOStandard LVCMOS18; FIXED_IO_mio[34] of IOStandard LVCMOS18; FIXED_IO_mio[33] of IOStandard LVCMOS18; FIXED_IO_mio[32] of IOStandard LVCMOS18; FIXED_IO_mio[31] of IOStandard LVCMOS18; FIXED_IO_mio[30] of IOStandard LVCMOS18; FIXED_IO_mio[29] of IOStandard LVCMOS18; FIXED_IO_mio[28] of IOStandard LVCMOS18; FIXED_IO_mio[27] of IOStandard HSTL_I_18; FIXED_IO_mio[26] of IOStandard HSTL_I_18; FIXED_IO_mio[25] of IOStandard HSTL_I_18; FIXED_IO_mio[24] of IOStandard HSTL_I_18; FIXED_IO_mio[23] of IOStandard HSTL_I_18; FIXED_IO_mio[22] of IOStandard HSTL_I_18; FIXED_IO_mio[21] of IOStandard HSTL_I_18; FIXED_IO_mio[20] of IOStandard HSTL_I_18; FIXED_IO_mio[19] of IOStandard HSTL_I_18; FIXED_IO_mio[18] of IOStandard HSTL_I_18; FIXED_IO_mio[17] of IOStandard HSTL_I_18; FIXED_IO_mio[16] of IOStandard HSTL_I_18; FIXED_IO_mio[15] of IOStandard LVCMOS33; FIXED_IO_mio[14] of IOStandard LVCMOS33; FIXED_IO_mio[13] of IOStandard LVCMOS33; FIXED_IO_mio[12] of IOStandard LVCMOS33; FIXED_IO_mio[11] of IOStandard LVCMOS33; FIXED_IO_mio[10] of IOStandard LVCMOS33; FIXED_IO_mio[9] of IOStandard LVCMOS33; FIXED_IO_mio[8] of IOStandard LVCMOS33; FIXED_IO_mio[7] of IOStandard LVCMOS33; FIXED_IO_mio[6] of IOStandard LVCMOS33; FIXED_IO_mio[5] of IOStandard LVCMOS33; FIXED_IO_mio[4] of IOStandard LVCMOS33; FIXED_IO_mio[3] of IOStandard LVCMOS33; FIXED_IO_mio[2] of IOStandard LVCMOS33; FIXED_IO_mio[1] of IOStandard LVCMOS33; FIXED_IO_mio[0] of IOStandard LVCMOS33;
INFO: [Vivado_Tcl 4-198] DRC finished with 0 Errors, 1 Warnings
INFO: [Vivado_Tcl 4-199] Please refer to the DRC report (report_drc) for more information.


Starting Routing Task
INFO: [Route 35-254] Multithreading enabled for route_design using a maximum of 2 CPUs

Phase 1 Build RT Design
Phase 1 Build RT Design | Checksum: 159dcef39

Time (s): cpu = 00:00:18 ; elapsed = 00:00:16 . Memory (MB): peak = 986.406 ; gain = 34.672

Phase 2 Router Initialization

Phase 2.1 Create Timer
Phase 2.1 Create Timer | Checksum: 159dcef39

Time (s): cpu = 00:00:18 ; elapsed = 00:00:17 . Memory (MB): peak = 989.184 ; gain = 37.449

Phase 2.2 Pre Route Cleanup
Phase 2.2 Pre Route Cleanup | Checksum: 159dcef39

Time (s): cpu = 00:00:18 ; elapsed = 00:00:17 . Memory (MB): peak = 995.527 ; gain = 43.793
 Number of Nodes with overlaps = 0

Phase 2.3 Update Timing
Phase 2.3 Update Timing | Checksum: 26d5ce242

Time (s): cpu = 00:00:19 ; elapsed = 00:00:17 . Memory (MB): peak = 1004.887 ; gain = 53.152
INFO: [Route 35-57] Estimated Timing Summary | WNS=3.359  | TNS=0.000  | WHS=-0.240 | THS=-23.893|

Phase 2 Router Initialization | Checksum: 27ef692dc

Time (s): cpu = 00:00:20 ; elapsed = 00:00:17 . Memory (MB): peak = 1004.887 ; gain = 53.152

Phase 3 Initial Routing
Phase 3 Initial Routing | Checksum: 1fe4249d0

Time (s): cpu = 00:00:20 ; elapsed = 00:00:18 . Memory (MB): peak = 1004.887 ; gain = 53.152

Phase 4 Rip-up And Reroute

Phase 4.1 Global Iteration 0
 Number of Nodes with overlaps = 132
 Number of Nodes with overlaps = 4
 Number of Nodes with overlaps = 0

Phase 4.1.1 Update Timing
Phase 4.1.1 Update Timing | Checksum: 1132402dd

Time (s): cpu = 00:00:21 ; elapsed = 00:00:18 . Memory (MB): peak = 1004.887 ; gain = 53.152
INFO: [Route 35-57] Estimated Timing Summary | WNS=3.123  | TNS=0.000  | WHS=N/A    | THS=N/A    |

Phase 4.1 Global Iteration 0 | Checksum: d8053675

Time (s): cpu = 00:00:21 ; elapsed = 00:00:18 . Memory (MB): peak = 1004.887 ; gain = 53.152

Phase 4.2 Global Iteration 1
 Number of Nodes with overlaps = 0

Phase 4.2.1 Update Timing
Phase 4.2.1 Update Timing | Checksum: 1ea409772

Time (s): cpu = 00:00:21 ; elapsed = 00:00:18 . Memory (MB): peak = 1004.887 ; gain = 53.152
INFO: [Route 35-57] Estimated Timing Summary | WNS=3.123  | TNS=0.000  | WHS=N/A    | THS=N/A    |

Phase 4.2 Global Iteration 1 | Checksum: 1c5c0018c

Time (s): cpu = 00:00:21 ; elapsed = 00:00:18 . Memory (MB): peak = 1004.887 ; gain = 53.152
Phase 4 Rip-up And Reroute | Checksum: 1c5c0018c

Time (s): cpu = 00:00:21 ; elapsed = 00:00:18 . Memory (MB): peak = 1004.887 ; gain = 53.152

Phase 5 Delay and Skew Optimization

Phase 5.1 Delay CleanUp

Phase 5.1.1 Update Timing
Phase 5.1.1 Update Timing | Checksum: 21bca9e8a

Time (s): cpu = 00:00:21 ; elapsed = 00:00:18 . Memory (MB): peak = 1004.887 ; gain = 53.152
INFO: [Route 35-57] Estimated Timing Summary | WNS=3.123  | TNS=0.000  | WHS=N/A    | THS=N/A    |

Phase 5.1 Delay CleanUp | Checksum: 21bca9e8a

Time (s): cpu = 00:00:21 ; elapsed = 00:00:18 . Memory (MB): peak = 1004.887 ; gain = 53.152

Phase 5.2 Clock Skew Optimization
Phase 5.2 Clock Skew Optimization | Checksum: 21bca9e8a

Time (s): cpu = 00:00:21 ; elapsed = 00:00:18 . Memory (MB): peak = 1004.887 ; gain = 53.152
Phase 5 Delay and Skew Optimization | Checksum: 21bca9e8a

Time (s): cpu = 00:00:21 ; elapsed = 00:00:18 . Memory (MB): peak = 1004.887 ; gain = 53.152

Phase 6 Post Hold Fix

Phase 6.1 Update Timing
Phase 6.1 Update Timing | Checksum: 1b6c16143

Time (s): cpu = 00:00:22 ; elapsed = 00:00:18 . Memory (MB): peak = 1004.887 ; gain = 53.152
INFO: [Route 35-57] Estimated Timing Summary | WNS=3.123  | TNS=0.000  | WHS=0.036  | THS=0.000  |

Phase 6 Post Hold Fix | Checksum: 1be505759

Time (s): cpu = 00:00:22 ; elapsed = 00:00:18 . Memory (MB): peak = 1004.887 ; gain = 53.152

Phase 7 Route finalize

Router Utilization Summary
  Global Vertical Routing Utilization    = 0.726914 %
  Global Horizontal Routing Utilization  = 1.04044 %
  Routable Net Status*
  *Does not include unroutable nets such as driverless and loadless.
  Run report_route_status for detailed report.
  Number of Failed Nets               = 0
  Number of Unrouted Nets             = 0
  Number of Partially Routed Nets     = 0
  Number of Node Overlaps             = 0

Phase 7 Route finalize | Checksum: 2226be1c8

Time (s): cpu = 00:00:22 ; elapsed = 00:00:18 . Memory (MB): peak = 1004.887 ; gain = 53.152

Phase 8 Verifying routed nets

 Verification completed successfully
Phase 8 Verifying routed nets | Checksum: 2226be1c8

Time (s): cpu = 00:00:22 ; elapsed = 00:00:18 . Memory (MB): peak = 1004.887 ; gain = 53.152

Phase 9 Depositing Routes
Phase 9 Depositing Routes | Checksum: 1aa50bd55

Time (s): cpu = 00:00:22 ; elapsed = 00:00:19 . Memory (MB): peak = 1004.887 ; gain = 53.152

Phase 10 Post Router Timing
INFO: [Route 35-57] Estimated Timing Summary | WNS=3.123  | TNS=0.000  | WHS=0.036  | THS=0.000  |

INFO: [Route 35-327] The final timing numbers are based on the router estimated timing analysis. For a complete and accurate timing signoff, please run report_timing_summary.
Phase 10 Post Router Timing | Checksum: 1aa50bd55

Time (s): cpu = 00:00:22 ; elapsed = 00:00:19 . Memory (MB): peak = 1004.887 ; gain = 53.152
INFO: [Route 35-16] Router Completed Successfully

Time (s): cpu = 00:00:22 ; elapsed = 00:00:19 . Memory (MB): peak = 1004.887 ; gain = 53.152

Routing Is Done.
INFO: [Common 17-83] Releasing license: Implementation
47 Infos, 2 Warnings, 0 Critical Warnings and 0 Errors encountered.
route_design completed successfully
route_design: Time (s): cpu = 00:00:23 ; elapsed = 00:00:19 . Memory (MB): peak = 1004.887 ; gain = 53.152
Writing placer database...
Writing XDEF routing.
Writing XDEF routing logical nets.
Writing XDEF routing special nets.
Write XDEF Complete: Time (s): cpu = 00:00:01 ; elapsed = 00:00:00.354 . Memory (MB): peak = 1004.887 ; gain = 0.000
INFO: [DRC 23-27] Running DRC with 2 threads
INFO: [Coretcl 2-168] The results of DRC are in file C:/Users/yizii/Desktop/SOC/zynq_interrupts_exercise2D/zynq_interrupts_exercise2D.runs/impl_1/zynq_interrupt_system_wrapper_drc_routed.rpt.
INFO: [Timing 38-91] UpdateTimingParams: Speed grade: -1, Delay Type: min_max.
INFO: [Timing 38-191] Multithreading enabled for timing update using a maximum of 2 CPUs
Running Vector-less Activity Propagation...

Finished Running Vector-less Activity Propagation
Attempting to get a license for feature 'Implementation' and/or device 'xc7z010'
INFO: [Common 17-349] Got license for feature 'Implementation' and/or device 'xc7z010'
Running DRC as a precondition to command write_bitstream
INFO: [DRC 23-27] Running DRC with 2 threads
INFO: [Vivado 12-3199] DRC finished with 0 Errors
INFO: [Vivado 12-3200] Please refer to the DRC report (report_drc) for more information.
Loading data files...
Loading site data...
Loading route data...
Processing options...
Creating bitmap...
Creating bitstream...
Writing bitstream ./zynq_interrupt_system_wrapper.bit...
INFO: [Vivado 12-1842] Bitgen Completed Successfully.
INFO: [Common 17-83] Releasing license: Implementation
write_bitstream: Time (s): cpu = 00:00:19 ; elapsed = 00:00:19 . Memory (MB): peak = 1338.477 ; gain = 321.012
INFO: [Common 17-206] Exiting Vivado at Wed Jun 12 07:28:13 2019...

*** Running vivado
    with args -log zynq_interrupt_system_wrapper.vdi -applog -m64 -messageDb vivado.pb -mode batch -source zynq_interrupt_system_wrapper.tcl -notrace

WARNING: Default location for XILINX_VIVADO_HLS not found: 

****** Vivado v2015.2 (64-bit)
  **** SW Build 1266856 on Fri Jun 26 16:35:25 MDT 2015
  **** IP Build 1264090 on Wed Jun 24 14:22:01 MDT 2015
    ** Copyright 1986-2015 Xilinx, Inc. All Rights Reserved.

source zynq_interrupt_system_wrapper.tcl -notrace
Command: open_checkpoint zynq_interrupt_system_wrapper_routed.dcp
INFO: [Netlist 29-17] Analyzing 72 Unisim elements for replacement
INFO: [Netlist 29-28] Unisim Transformation completed in 0 CPU seconds
INFO: [Project 1-479] Netlist was created with Vivado 2015.2
INFO: [Device 21-403] Loading part xc7z010clg400-1
INFO: [Project 1-570] Preparing netlist for logic optimization
Parsing XDC File [C:/Users/yizii/Desktop/SOC/zynq_interrupts_exercise2D/zynq_interrupts_exercise2D.runs/impl_1/.Xil/Vivado-9004-DESKTOP-VUIUF3J/dcp/zynq_interrupt_system_wrapper_early.xdc]
Finished Parsing XDC File [C:/Users/yizii/Desktop/SOC/zynq_interrupts_exercise2D/zynq_interrupts_exercise2D.runs/impl_1/.Xil/Vivado-9004-DESKTOP-VUIUF3J/dcp/zynq_interrupt_system_wrapper_early.xdc]
Reading XDEF placement.
Reading placer database...
Reading XDEF routing.
Read XDEF File: Time (s): cpu = 00:00:01 ; elapsed = 00:00:00.520 . Memory (MB): peak = 455.805 ; gain = 1.211
Restored from archive | CPU: 1.000000 secs | Memory: 0.000000 MB |
Finished XDEF File Restore: Time (s): cpu = 00:00:01 ; elapsed = 00:00:00.520 . Memory (MB): peak = 455.805 ; gain = 1.211
INFO: [Project 1-111] Unisim Transformation Summary:
No Unisim elements were transformed.

INFO: [Project 1-484] Checkpoint was created with build 1266856
open_checkpoint: Time (s): cpu = 00:00:08 ; elapsed = 00:00:09 . Memory (MB): peak = 455.805 ; gain = 267.055
Attempting to get a license for feature 'Implementation' and/or device 'xc7z010'
INFO: [Common 17-349] Got license for feature 'Implementation' and/or device 'xc7z010'
Running DRC as a precondition to command write_bitstream
INFO: [DRC 23-27] Running DRC with 2 threads
INFO: [Vivado 12-3199] DRC finished with 0 Errors
INFO: [Vivado 12-3200] Please refer to the DRC report (report_drc) for more information.
Loading data files...
Loading site data...
Loading route data...
Processing options...
Creating bitmap...
Creating bitstream...
Writing bitstream ./zynq_interrupt_system_wrapper.bit...
INFO: [Vivado 12-1842] Bitgen Completed Successfully.
INFO: [Common 17-83] Releasing license: Implementation
write_bitstream: Time (s): cpu = 00:00:19 ; elapsed = 00:00:21 . Memory (MB): peak = 798.352 ; gain = 342.547
INFO: [Common 17-206] Exiting Vivado at Wed Jun 12 07:46:08 2019...
