#-----------------------------------------------------------
# Vivado v2015.2 (64-bit)
# SW Build 1266856 on Fri Jun 26 16:35:25 MDT 2015
# IP Build 1264090 on Wed Jun 24 14:22:01 MDT 2015
# Start of session at: Thu Jun 06 11:14:59 2019
# Process ID: 10352
# Log file: C:/Users/yizii/Desktop/SOC/managed_ip_project/vivado.log
# Journal file: C:/Users/yizii/Desktop/SOC/managed_ip_project\vivado.jou
#-----------------------------------------------------------
start_gui
open_project C:/Users/yizii/Desktop/SOC/managed_ip_project/managed_ip_project.xpr
Scanning sources...
Finished scanning sources
WARNING: [filemgmt 56-3] IP Repository Path: Could not find the directory 'C:/Users/yizii/Desktop/SOC/ip_repo/led_ip_1.0'.
WARNING: [filemgmt 56-3] IP Repository Path: Could not find the directory 'C:/Users/yizii/Desktop/SOC/ip_repo/led_ip_1.0'.
WARNING: [filemgmt 56-3] IP Repository Path: Could not find the directory 'C:/Users/yizii/Desktop/SOC/ip_repo/led_ip_1.0'.
WARNING: [filemgmt 56-3] IP Repository Path: Could not find the directory 'C:/Users/yizii/Desktop/SOC/ip_repo/myip_1.0'.
WARNING: [filemgmt 56-3] IP Repository Path: Could not find the directory 'C:/Users/yizii/Desktop/SOC/ip_repo/led_ip_1.0'.
INFO: [IP_Flow 19-234] Refreshing IP repositories
WARNING: [IP_Flow 19-2248] Failed to load user IP repository 'c:/Users/yizii/Desktop/SOC/ip_repo/led_ip_1.0'; Can't find the specified path.
If this directory should no longer be in your list of user repositories, go to the IP Settings dialog and remove it.
WARNING: [IP_Flow 19-2207] Repository 'c:/Users/yizii/Desktop/SOC/ip_repo/led_ip_1.0' already exists; ignoring attempt to add it again.
WARNING: [IP_Flow 19-2248] Failed to load user IP repository 'c:/Users/yizii/Desktop/SOC/ip_repo/led_ip_1.0'; Can't find the specified path.
If this directory should no longer be in your list of user repositories, go to the IP Settings dialog and remove it.
WARNING: [IP_Flow 19-2207] Repository 'c:/Users/yizii/Desktop/SOC/ip_repo/led_ip_1.0' already exists; ignoring attempt to add it again.
WARNING: [IP_Flow 19-2248] Failed to load user IP repository 'c:/Users/yizii/Desktop/SOC/ip_repo/led_ip_1.0'; Can't find the specified path.
If this directory should no longer be in your list of user repositories, go to the IP Settings dialog and remove it.
WARNING: [IP_Flow 19-2248] Failed to load user IP repository 'c:/Users/yizii/Desktop/SOC/ip_repo/myip_1.0'; Can't find the specified path.
If this directory should no longer be in your list of user repositories, go to the IP Settings dialog and remove it.
WARNING: [IP_Flow 19-2207] Repository 'c:/Users/yizii/Desktop/SOC/ip_repo/led_ip_1.0' already exists; ignoring attempt to add it again.
WARNING: [IP_Flow 19-2248] Failed to load user IP repository 'c:/Users/yizii/Desktop/SOC/ip_repo/led_ip_1.0'; Can't find the specified path.
If this directory should no longer be in your list of user repositories, go to the IP Settings dialog and remove it.
INFO: [IP_Flow 19-2313] Loaded Vivado IP repository 'C:/Users/XLInux/Vivado/2015.2/data/ip'.
create_peripheral xilinx.com user led_ip 1.0 -dir C:/Users/yizii/Desktop/SOC/ip_repo
add_peripheral_interface S00_AXI -interface_mode slave -axi_type lite [ipx::find_open_core xilinx.com:user:led_ip:1.0]
generate_peripheral -driver -bfm_example_design -debug_hw_example_design [ipx::find_open_core xilinx.com:user:led_ip:1.0]
write_peripheral [ipx::find_open_core xilinx.com:user:led_ip:1.0]
set_property  ip_repo_paths  {C:/Users/yizii/Desktop/SOC/ip_repo/led_ip_1.0 C:/Users/yizii/Desktop/SOC/ip_repo/led_ip_1.0 C:/Users/yizii/Desktop/SOC/ip_repo/led_ip_1.0 C:/Users/yizii/Desktop/SOC/ip_repo/led_ip_1.0 C:/Users/yizii/Desktop/SOC/ip_repo/myip_1.0 C:/Users/yizii/Desktop/SOC/ip_repo/led_ip_1.0} [current_project]
update_ip_catalog -rebuild
INFO: [IP_Flow 19-234] Refreshing IP repositories
INFO: [IP_Flow 19-1700] Loaded user IP repository 'c:/Users/yizii/Desktop/SOC/ip_repo/led_ip_1.0'.
WARNING: [IP_Flow 19-2207] Repository 'c:/Users/yizii/Desktop/SOC/ip_repo/led_ip_1.0' already exists; ignoring attempt to add it again.
INFO: [IP_Flow 19-1700] Loaded user IP repository 'c:/Users/yizii/Desktop/SOC/ip_repo/led_ip_1.0'.
WARNING: [IP_Flow 19-2207] Repository 'c:/Users/yizii/Desktop/SOC/ip_repo/led_ip_1.0' already exists; ignoring attempt to add it again.
INFO: [IP_Flow 19-1700] Loaded user IP repository 'c:/Users/yizii/Desktop/SOC/ip_repo/led_ip_1.0'.
WARNING: [IP_Flow 19-2207] Repository 'c:/Users/yizii/Desktop/SOC/ip_repo/led_ip_1.0' already exists; ignoring attempt to add it again.
INFO: [IP_Flow 19-1700] Loaded user IP repository 'c:/Users/yizii/Desktop/SOC/ip_repo/led_ip_1.0'.
WARNING: [IP_Flow 19-2248] Failed to load user IP repository 'c:/Users/yizii/Desktop/SOC/ip_repo/myip_1.0'; Can't find the specified path.
If this directory should no longer be in your list of user repositories, go to the IP Settings dialog and remove it.
WARNING: [IP_Flow 19-2207] Repository 'c:/Users/yizii/Desktop/SOC/ip_repo/led_ip_1.0' already exists; ignoring attempt to add it again.
INFO: [IP_Flow 19-1700] Loaded user IP repository 'c:/Users/yizii/Desktop/SOC/ip_repo/led_ip_1.0'.
ipx::edit_ip_in_project -upgrade true -name edit_led_ip_v1_0 -directory C:/Users/yizii/Desktop/SOC/ip_repo c:/Users/yizii/Desktop/SOC/ip_repo/led_ip_1.0/component.xml
INFO: [IP_Flow 19-234] Refreshing IP repositories
INFO: [IP_Flow 19-1704] No user IP repositories specified
INFO: [IP_Flow 19-2313] Loaded Vivado IP repository 'C:/Users/XLInux/Vivado/2015.2/data/ip'.
INFO: [IP_Flow 19-234] Refreshing IP repositories
INFO: [IP_Flow 19-1700] Loaded user IP repository 'c:/Users/yizii/Desktop/SOC/ip_repo/led_ip_1.0'.
WARNING: [IP_Flow 19-2207] Repository 'c:/Users/yizii/Desktop/SOC/ip_repo/led_ip_1.0' already exists; ignoring attempt to add it again.
INFO: [IP_Flow 19-1700] Loaded user IP repository 'c:/Users/yizii/Desktop/SOC/ip_repo/led_ip_1.0'.
WARNING: [IP_Flow 19-2207] Repository 'c:/Users/yizii/Desktop/SOC/ip_repo/led_ip_1.0' already exists; ignoring attempt to add it again.
INFO: [IP_Flow 19-1700] Loaded user IP repository 'c:/Users/yizii/Desktop/SOC/ip_repo/led_ip_1.0'.
WARNING: [IP_Flow 19-2207] Repository 'c:/Users/yizii/Desktop/SOC/ip_repo/led_ip_1.0' already exists; ignoring attempt to add it again.
INFO: [IP_Flow 19-1700] Loaded user IP repository 'c:/Users/yizii/Desktop/SOC/ip_repo/led_ip_1.0'.
WARNING: [IP_Flow 19-2248] Failed to load user IP repository 'c:/Users/yizii/Desktop/SOC/ip_repo/myip_1.0'; Can't find the specified path.
If this directory should no longer be in your list of user repositories, go to the IP Settings dialog and remove it.
WARNING: [IP_Flow 19-2207] Repository 'c:/Users/yizii/Desktop/SOC/ip_repo/led_ip_1.0' already exists; ignoring attempt to add it again.
INFO: [IP_Flow 19-1700] Loaded user IP repository 'c:/Users/yizii/Desktop/SOC/ip_repo/led_ip_1.0'.
ipx::edit_ip_in_project: Time (s): cpu = 00:00:09 ; elapsed = 00:00:05 . Memory (MB): peak = 727.156 ; gain = 6.961
update_compile_order -fileset sim_1
add_files -fileset constrs_1 -norecurse C:/xup/embedded/2015_2_zynq_sources/lab3/lab3_zed.xdc
add_files -fileset constrs_1 -copy_to C:/Users/yizii/Desktop/SOC/ip_repo/led_ip_1.0/src C:/xup/embedded/2015_2_zynq_sources/lab3/lab3_zed.xdc
remove_files -fileset constrs_1 C:/Users/yizii/Desktop/SOC/ip_repo/led_ip_1.0/src/lab3_zed.xdc
launch_runs synth_1 -jobs 2
INFO: [HDL 9-2216] Analyzing Verilog file "c:/users/yizii/desktop/soc/ip_repo/led_ip_1.0/hdl/led_ip_v1_0.v" into library work [c:/users/yizii/desktop/soc/ip_repo/led_ip_1.0/hdl/led_ip_v1_0.v:1]
INFO: [HDL 9-2216] Analyzing Verilog file "c:/users/yizii/desktop/soc/ip_repo/led_ip_1.0/hdl/led_ip_v1_0_S00_AXI.v" into library work [c:/users/yizii/desktop/soc/ip_repo/led_ip_1.0/hdl/led_ip_v1_0_S00_AXI.v:1]
[Thu Jun 06 11:19:09 2019] Launched synth_1...
Run output will be captured here: c:/users/yizii/desktop/soc/ip_repo/edit_led_ip_v1_0.runs/synth_1/runme.log
add_files -norecurse -copy_to C:/Users/yizii/Desktop/SOC/ip_repo/led_ip_1.0/src C:/xup/embedded/2015_2_zynq_sources/lab3/lab3_user_logic.v
update_compile_order -fileset sources_1
reset_run synth_1
launch_runs synth_1 -jobs 2
INFO: [HDL 9-2216] Analyzing Verilog file "C:/Users/yizii/Desktop/SOC/ip_repo/led_ip_1.0/src/lab3_user_logic.v" into library work [C:/Users/yizii/Desktop/SOC/ip_repo/led_ip_1.0/src/lab3_user_logic.v:1]
INFO: [HDL 9-2216] Analyzing Verilog file "c:/users/yizii/desktop/soc/ip_repo/led_ip_1.0/hdl/led_ip_v1_0.v" into library work [c:/users/yizii/desktop/soc/ip_repo/led_ip_1.0/hdl/led_ip_v1_0.v:1]
INFO: [HDL 9-2216] Analyzing Verilog file "c:/users/yizii/desktop/soc/ip_repo/led_ip_1.0/hdl/led_ip_v1_0_S00_AXI.v" into library work [c:/users/yizii/desktop/soc/ip_repo/led_ip_1.0/hdl/led_ip_v1_0_S00_AXI.v:1]
[Thu Jun 06 11:20:41 2019] Launched synth_1...
Run output will be captured here: c:/users/yizii/desktop/soc/ip_repo/edit_led_ip_v1_0.runs/synth_1/runme.log
ipx::merge_project_changes hdl_parameters [ipx::current_core]
INFO: [IP_Flow 19-2418] Expression "((C_S00_AXI_DATA_WIDTH / 8) - 1)": Will not convert operator '/' to XPATH 'div' to allow integer division if applicable.
ipx::remove_all_hdl_parameter [ipx::current_core]
ipx::add_model_parameters_from_hdl [ipx::current_core] -top_level_hdl_file C:/Users/yizii/Desktop/SOC/ip_repo/led_ip_1.0/hdl/led_ip_v1_0.v -top_module_name led_ip_v1_0
INFO: [IP_Flow 19-2418] Expression "((C_S00_AXI_DATA_WIDTH / 8) - 1)": Will not convert operator '/' to XPATH 'div' to allow integer division if applicable.
ipx::infer_user_parameters [ipx::current_core]
ipgui::add_param -name {LED_WIDTH} -component [ipx::current_core]
ipx::merge_project_changes files [ipx::current_core]
remove_files -fileset constrs_1 C:/xup/embedded/2015_2_zynq_sources/lab3/lab3_zed.xdc
add_files -fileset constrs_1 -norecurse C:/xup/embedded/2015_2_zynq_sources/lab3/lab3_zed.xdc
add_files -fileset constrs_1 -copy_to C:/Users/yizii/Desktop/SOC/ip_repo/led_ip_1.0/src C:/xup/embedded/2015_2_zynq_sources/lab3/lab3_zed.xdc
ERROR: [Vivado 12-3630] The destination file 'C:/Users/yizii/Desktop/SOC/ip_repo/led_ip_1.0/src/lab3_zed.xdc' already exists, please use -force if you want to overwrite!
ipx::merge_project_changes files [ipx::current_core]
remove_files -fileset constrs_1 C:/xup/embedded/2015_2_zynq_sources/lab3/lab3_zed.xdc
ipx::merge_project_changes files [ipx::current_core]
set_property taxonomy /Basic_Elements [ipx::current_core]
ipx::create_xgui_files [ipx::current_core]
ipx::update_checksums [ipx::current_core]
ipx::save_core [ipx::current_core]
close_project -delete
****** Webtalk v2015.2 (64-bit)
  **** SW Build 1266856 on Fri Jun 26 16:35:25 MDT 2015
  **** IP Build 1264090 on Wed Jun 24 14:22:01 MDT 2015
    ** Copyright 1986-2015 Xilinx, Inc. All Rights Reserved.

source c:/users/yizii/desktop/soc/ip_repo/edit_led_ip_v1_0.hw/webtalk/labtool_webtalk.tcl -notrace
INFO: [Common 17-186] 'c:/users/yizii/desktop/soc/ip_repo/edit_led_ip_v1_0.hw/webtalk/usage_statistics_ext_labtool.xml' has been successfully sent to Xilinx on Thu Jun 06 11:24:52 2019. For additional details about this file, please refer to the WebTalk help file at C:/Users/XLInux/Vivado/2015.2/doc/webtalk_introduction.html.
INFO: [Common 17-206] Exiting Webtalk at Thu Jun 06 11:24:52 2019...
close_project: Time (s): cpu = 00:00:01 ; elapsed = 00:00:05 . Memory (MB): peak = 811.023 ; gain = 0.000
update_ip_catalog -rebuild -repo_path c:/Users/yizii/Desktop/SOC/ip_repo/led_ip_1.0
INFO: [IP_Flow 19-725] Reloaded user IP repository 'c:/Users/yizii/Desktop/SOC/ip_repo/led_ip_1.0'
create_peripheral xilinx.com user led_ip 1.0 -dir C:/Users/yizii/Desktop/SOC/ip_repo
add_peripheral_interface S00_AXI -interface_mode slave -axi_type lite [ipx::find_open_core xilinx.com:user:led_ip:1.0]
generate_peripheral -driver -bfm_example_design -debug_hw_example_design [ipx::find_open_core xilinx.com:user:led_ip:1.0]
write_peripheral [ipx::find_open_core xilinx.com:user:led_ip:1.0]
set_property  ip_repo_paths  {C:/Users/yizii/Desktop/SOC/ip_repo/led_ip_1.0 C:/Users/yizii/Desktop/SOC/ip_repo/led_ip_1.0 C:/Users/yizii/Desktop/SOC/ip_repo/led_ip_1.0 C:/Users/yizii/Desktop/SOC/ip_repo/led_ip_1.0 C:/Users/yizii/Desktop/SOC/ip_repo/led_ip_1.0 C:/Users/yizii/Desktop/SOC/ip_repo/myip_1.0 C:/Users/yizii/Desktop/SOC/ip_repo/led_ip_1.0} [current_project]
update_ip_catalog -rebuild
INFO: [IP_Flow 19-234] Refreshing IP repositories
INFO: [IP_Flow 19-1700] Loaded user IP repository 'c:/Users/yizii/Desktop/SOC/ip_repo/led_ip_1.0'.
WARNING: [IP_Flow 19-2207] Repository 'c:/Users/yizii/Desktop/SOC/ip_repo/led_ip_1.0' already exists; ignoring attempt to add it again.
INFO: [IP_Flow 19-1700] Loaded user IP repository 'c:/Users/yizii/Desktop/SOC/ip_repo/led_ip_1.0'.
WARNING: [IP_Flow 19-2207] Repository 'c:/Users/yizii/Desktop/SOC/ip_repo/led_ip_1.0' already exists; ignoring attempt to add it again.
INFO: [IP_Flow 19-1700] Loaded user IP repository 'c:/Users/yizii/Desktop/SOC/ip_repo/led_ip_1.0'.
WARNING: [IP_Flow 19-2207] Repository 'c:/Users/yizii/Desktop/SOC/ip_repo/led_ip_1.0' already exists; ignoring attempt to add it again.
INFO: [IP_Flow 19-1700] Loaded user IP repository 'c:/Users/yizii/Desktop/SOC/ip_repo/led_ip_1.0'.
WARNING: [IP_Flow 19-2207] Repository 'c:/Users/yizii/Desktop/SOC/ip_repo/led_ip_1.0' already exists; ignoring attempt to add it again.
INFO: [IP_Flow 19-1700] Loaded user IP repository 'c:/Users/yizii/Desktop/SOC/ip_repo/led_ip_1.0'.
WARNING: [IP_Flow 19-2248] Failed to load user IP repository 'c:/Users/yizii/Desktop/SOC/ip_repo/myip_1.0'; Can't find the specified path.
If this directory should no longer be in your list of user repositories, go to the IP Settings dialog and remove it.
WARNING: [IP_Flow 19-2207] Repository 'c:/Users/yizii/Desktop/SOC/ip_repo/led_ip_1.0' already exists; ignoring attempt to add it again.
INFO: [IP_Flow 19-1700] Loaded user IP repository 'c:/Users/yizii/Desktop/SOC/ip_repo/led_ip_1.0'.
ipx::edit_ip_in_project -upgrade true -name edit_led_ip_v1_0 -directory C:/Users/yizii/Desktop/SOC/ip_repo c:/Users/yizii/Desktop/SOC/ip_repo/led_ip_1.0/component.xml
INFO: [IP_Flow 19-234] Refreshing IP repositories
INFO: [IP_Flow 19-1704] No user IP repositories specified
INFO: [IP_Flow 19-2313] Loaded Vivado IP repository 'C:/Users/XLInux/Vivado/2015.2/data/ip'.
INFO: [IP_Flow 19-234] Refreshing IP repositories
INFO: [IP_Flow 19-1700] Loaded user IP repository 'c:/Users/yizii/Desktop/SOC/ip_repo/led_ip_1.0'.
WARNING: [IP_Flow 19-2207] Repository 'c:/Users/yizii/Desktop/SOC/ip_repo/led_ip_1.0' already exists; ignoring attempt to add it again.
INFO: [IP_Flow 19-1700] Loaded user IP repository 'c:/Users/yizii/Desktop/SOC/ip_repo/led_ip_1.0'.
WARNING: [IP_Flow 19-2207] Repository 'c:/Users/yizii/Desktop/SOC/ip_repo/led_ip_1.0' already exists; ignoring attempt to add it again.
INFO: [IP_Flow 19-1700] Loaded user IP repository 'c:/Users/yizii/Desktop/SOC/ip_repo/led_ip_1.0'.
WARNING: [IP_Flow 19-2207] Repository 'c:/Users/yizii/Desktop/SOC/ip_repo/led_ip_1.0' already exists; ignoring attempt to add it again.
INFO: [IP_Flow 19-1700] Loaded user IP repository 'c:/Users/yizii/Desktop/SOC/ip_repo/led_ip_1.0'.
WARNING: [IP_Flow 19-2207] Repository 'c:/Users/yizii/Desktop/SOC/ip_repo/led_ip_1.0' already exists; ignoring attempt to add it again.
INFO: [IP_Flow 19-1700] Loaded user IP repository 'c:/Users/yizii/Desktop/SOC/ip_repo/led_ip_1.0'.
WARNING: [IP_Flow 19-2248] Failed to load user IP repository 'c:/Users/yizii/Desktop/SOC/ip_repo/myip_1.0'; Can't find the specified path.
If this directory should no longer be in your list of user repositories, go to the IP Settings dialog and remove it.
WARNING: [IP_Flow 19-2207] Repository 'c:/Users/yizii/Desktop/SOC/ip_repo/led_ip_1.0' already exists; ignoring attempt to add it again.
INFO: [IP_Flow 19-1700] Loaded user IP repository 'c:/Users/yizii/Desktop/SOC/ip_repo/led_ip_1.0'.
update_compile_order -fileset sim_1
add_files -norecurse -copy_to C:/Users/yizii/Desktop/SOC/ip_repo/led_ip_1.0/src C:/xup/embedded/2015_2_zynq_sources/lab3/lab3_user_logic.v
update_compile_order -fileset sources_1
launch_runs synth_1 -jobs 2
INFO: [HDL 9-2216] Analyzing Verilog file "C:/Users/yizii/Desktop/SOC/ip_repo/led_ip_1.0/src/lab3_user_logic.v" into library work [C:/Users/yizii/Desktop/SOC/ip_repo/led_ip_1.0/src/lab3_user_logic.v:1]
INFO: [HDL 9-2216] Analyzing Verilog file "c:/users/yizii/desktop/soc/ip_repo/led_ip_1.0/hdl/led_ip_v1_0.v" into library work [c:/users/yizii/desktop/soc/ip_repo/led_ip_1.0/hdl/led_ip_v1_0.v:1]
INFO: [HDL 9-2216] Analyzing Verilog file "c:/users/yizii/desktop/soc/ip_repo/led_ip_1.0/hdl/led_ip_v1_0_S00_AXI.v" into library work [c:/users/yizii/desktop/soc/ip_repo/led_ip_1.0/hdl/led_ip_v1_0_S00_AXI.v:1]
[Thu Jun 06 11:30:23 2019] Launched synth_1...
Run output will be captured here: c:/users/yizii/desktop/soc/ip_repo/edit_led_ip_v1_0.runs/synth_1/runme.log
set_property taxonomy /Basic_Elements [ipx::current_core]
ipx::merge_project_changes files [ipx::current_core]
ipx::merge_project_changes hdl_parameters [ipx::current_core]
INFO: [IP_Flow 19-2418] Expression "((C_S00_AXI_DATA_WIDTH / 8) - 1)": Will not convert operator '/' to XPATH 'div' to allow integer division if applicable.
ipx::remove_all_hdl_parameter [ipx::current_core]
ipx::add_model_parameters_from_hdl [ipx::current_core] -top_level_hdl_file C:/Users/yizii/Desktop/SOC/ip_repo/led_ip_1.0/hdl/led_ip_v1_0.v -top_module_name led_ip_v1_0
INFO: [IP_Flow 19-2418] Expression "((C_S00_AXI_DATA_WIDTH / 8) - 1)": Will not convert operator '/' to XPATH 'div' to allow integer division if applicable.
ipx::infer_user_parameters [ipx::current_core]
ipgui::add_param -name {LED_WIDTH} -component [ipx::current_core]
ipx::create_xgui_files [ipx::current_core]
ipx::update_checksums [ipx::current_core]
ipx::save_core [ipx::current_core]
close_project -delete
update_ip_catalog -rebuild -repo_path c:/Users/yizii/Desktop/SOC/ip_repo/led_ip_1.0
INFO: [IP_Flow 19-725] Reloaded user IP repository 'c:/Users/yizii/Desktop/SOC/ip_repo/led_ip_1.0'
exit
INFO: [Common 17-206] Exiting Vivado at Thu Jun 06 11:46:00 2019...
