#-----------------------------------------------------------
# Vivado v2015.2 (64-bit)
# SW Build 1266856 on Fri Jun 26 16:35:25 MDT 2015
# IP Build 1264090 on Wed Jun 24 14:22:01 MDT 2015
# Start of session at: Thu Jun 06 09:42:49 2019
# Process ID: 7100
# Log file: C:/Users/yizii/Desktop/SOC/managed_ip_project/vivado.log
# Journal file: C:/Users/yizii/Desktop/SOC/managed_ip_project\vivado.jou
#-----------------------------------------------------------
start_gui
open_project C:/Users/yizii/Desktop/SOC/managed_ip_project/managed_ip_project.xpr
Scanning sources...
Finished scanning sources
WARNING: [filemgmt 56-3] IP Repository Path: Could not find the directory 'C:/Users/yizii/Desktop/SOC/ip_repo/led_ip_1.0'.
INFO: [IP_Flow 19-234] Refreshing IP repositories
WARNING: [IP_Flow 19-2248] Failed to load user IP repository 'c:/Users/yizii/Desktop/SOC/ip_repo/led_ip_1.0'; Can't find the specified path.
If this directory should no longer be in your list of user repositories, go to the IP Settings dialog and remove it.
INFO: [IP_Flow 19-2313] Loaded Vivado IP repository 'C:/Users/XLInux/Vivado/2015.2/data/ip'.
exit
INFO: [Common 17-206] Exiting Vivado at Thu Jun 06 09:43:43 2019...
