#
# A fatal error has been detected by the Java Runtime Environment:
#
#  Internal Error (0xc000000d), pid=4376, tid=4304
#
# JRE version: Java(TM) SE Runtime Environment (8.0_25-b18) (build 1.8.0_25-b18)
# Java VM: Java HotSpot(TM) 64-Bit Server VM (25.25-b02 mixed mode windows-amd64 compressed oops)
# Problematic frame:
# C  [ntdll.dll+0x108580]
#
# Failed to write core dump. Minidumps are not enabled by default on client versions of Windows
#
# If you would like to submit a bug report, please visit:
#   http://bugreport.sun.com/bugreport/crash.jsp
#

---------------  T H R E A D  ---------------

Current thread (0x0000000014506000):  VMThread [stack: 0x0000000015590000,0x0000000015690000] [id=4304]

siginfo: ExceptionCode=0xc000000d

Registers:
RAX=0x0000000000000000, RBX=0xfffffffffffffffe, RCX=0x000000000015179c, RDX=0x0000000300000020
RSP=0x000000001568f1a0, RBP=0x00007ffaa5ab7408, RSI=0x0000000000000000, RDI=0x0000000000000e00
R8 =0x000000001568f000, R9 =0x0000000000000070, R10=0x0000000000000000, R11=0x0000000000000000
R12=0x000000001d561660, R13=0x0000000026c8a460, R14=0x000000001d561768, R15=0x000000001568f318
RIP=0x00007ffad6c78580, EFLAGS=0x0000000000000206

Top of Stack: (sp=0x000000001568f1a0)
0x000000001568f1a0:   0000000000000057 fffffffffffffffe
0x000000001568f1b0:   0000000000000000 0000000000000e00
0x000000001568f1c0:   00000000c000000d 0000000000000000
0x000000001568f1d0:   00007ffad6c78580 0000000000000000
0x000000001568f1e0:   0000000000000000 0000000000000000
0x000000001568f1f0:   0000000000000000 0000000000000000
0x000000001568f200:   0000000000000000 0000000000000000
0x000000001568f210:   0000000000000000 0000000000000000
0x000000001568f220:   0000000000000000 0000000000000000
0x000000001568f230:   0000000000000000 0000000000000000
0x000000001568f240:   0000000000000000 0000000000000000
0x000000001568f250:   0000000000000000 00007ffad6b8f5ec
0x000000001568f260:   00009488bf0a067c 000000001568f360
0x000000001568f270:   0000000000000000 00007ffad6c2786f
0x000000001568f280:   000000001568f298 0000000000000000
0x000000001568f290:   00000000004c4200 00007ffad6bbaab0 

Instructions: (pc=0x00007ffad6c78580)
0x00007ffad6c78560:   90 f9 ff c7 44 24 20 0d 00 00 c0 b9 57 00 00 00
0x00007ffad6c78570:   e8 1b fe ef ff 90 48 8d 4c 24 20 e8 00 36 f0 ff
0x00007ffad6c78580:   eb 00 48 8b 8c 24 c0 00 00 00 48 33 cc e8 4e 2b
0x00007ffad6c78590:   f8 ff 48 81 c4 d8 00 00 00 c3 40 55 48 83 ec 20 


Register to memory mapping:

RAX=0x0000000000000000 is an unknown value
RBX=0xfffffffffffffffe is an unknown value
RCX=0x000000000015179c is an unknown value
RDX=0x0000000300000020 is an unknown value
RSP=0x000000001568f1a0 is an unknown value
RBP=0x00007ffaa5ab7408 is an unknown value
RSI=0x0000000000000000 is an unknown value
RDI=0x0000000000000e00 is an unknown value
R8 =0x000000001568f000 is an unknown value
R9 =0x0000000000000070 is an unknown value
R10=0x0000000000000000 is an unknown value
R11=0x0000000000000000 is an unknown value
R12=0x000000001d561660 is an unknown value
R13=0x0000000026c8a460 is an unknown value
R14=0x000000001d561768 is an unknown value
R15=0x000000001568f318 is an unknown value


Stack: [0x0000000015590000,0x0000000015690000],  sp=0x000000001568f1a0,  free space=1020k
Native frames: (J=compiled Java code, j=interpreted, Vv=VM code, C=native code)
C  [ntdll.dll+0x108580]
C  [ntdll.dll+0xb786f]
C  [KERNEL32.DLL+0x1e92a]
C  [MSVCR110.dll+0x752d]
C  [MSVCR110.dll+0x14cde]
C  [MSVCR110.dll+0x13edc]
C  [MSVCR110.dll+0x239e]
C  [MSVCR110.dll+0xaf9e]
C  [MSVCP110.dll+0x397b9]
C  [librdi_common.dll+0x135d02]
C  [librdi_common.dll+0x13447b]
C  0x00007ffac45c2400
C  0x00007ffac45c2682
C  [ntdll.dll+0x3b583]
C  [ntdll.dll+0x47f85]
C  [ntdll.dll+0x47e48]
C  [KERNEL32.DLL+0x1ca7a]
C  [MSVCR100.dll+0x20ccd]
V  [jvm.dll+0x1f9c55]
V  [jvm.dll+0x2325e7]
V  [jvm.dll+0x231826]
V  [jvm.dll+0x231cc1]
V  [jvm.dll+0x231ede]
V  [jvm.dll+0x2852fa]
C  [MSVCR100.dll+0x21d9f]
C  [MSVCR100.dll+0x21e3b]
C  [KERNEL32.DLL+0x14034]
C  [ntdll.dll+0x73691]

VM_Operation (0x000000000014f500): Exit, mode: safepoint, requested by thread 0x00000000032de000


---------------  P R O C E S S  ---------------

Java Threads: ( => current thread )
  0x000000001ced3800 JavaThread "Thread-18" daemon [_thread_blocked, id=12204, stack(0x000000002a7e0000,0x000000002a8e0000)]
  0x000000001c471000 JavaThread "TCF Locator DNS Lookup" daemon [_thread_blocked, id=6484, stack(0x0000000022410000,0x0000000022510000)]
  0x000000001c477000 JavaThread "TCF Timer Dispatcher" daemon [_thread_blocked, id=11992, stack(0x0000000022010000,0x0000000022110000)]
  0x0000000017c20800 JavaThread "EMF Reference Cleaner" daemon [_thread_blocked, id=12568, stack(0x0000000019310000,0x0000000019410000)]
  0x0000000015c28800 JavaThread "Service Thread" daemon [_thread_blocked, id=6552, stack(0x0000000016190000,0x0000000016290000)]
  0x0000000015ba3000 JavaThread "C1 CompilerThread2" daemon [_thread_blocked, id=11296, stack(0x0000000016090000,0x0000000016190000)]
  0x0000000015b91000 JavaThread "C2 CompilerThread1" daemon [_thread_blocked, id=3468, stack(0x0000000015f90000,0x0000000016090000)]
  0x000000001459b800 JavaThread "C2 CompilerThread0" daemon [_thread_blocked, id=12360, stack(0x0000000015a90000,0x0000000015b90000)]
  0x000000001459a000 JavaThread "Attach Listener" daemon [_thread_blocked, id=6648, stack(0x0000000015990000,0x0000000015a90000)]
  0x0000000014599800 JavaThread "Signal Dispatcher" daemon [_thread_blocked, id=13728, stack(0x0000000015890000,0x0000000015990000)]
  0x0000000002854000 JavaThread "Finalizer" daemon [_thread_blocked, id=10140, stack(0x0000000015790000,0x0000000015890000)]
  0x000000000284b000 JavaThread "Reference Handler" daemon [_thread_blocked, id=13256, stack(0x0000000015690000,0x0000000015790000)]
  0x00000000032de000 JavaThread "main" [_thread_blocked, id=6664, stack(0x0000000000050000,0x0000000000150000)]

Other Threads:
=>0x0000000014506000 VMThread [stack: 0x0000000015590000,0x0000000015690000] [id=4304]

VM state:at safepoint (shutting down)

VM Mutex/Monitor currently owned by a thread:  ([mutex/lock_event])
[0x00000000032dd480] Threads_lock - owner thread: 0x0000000014506000

Heap:
 PSYoungGen      total 64512K, used 42900K [0x00000000f5580000, 0x00000000fb400000, 0x0000000100000000)
  eden space 48640K, 56% used [0x00000000f5580000,0x00000000f7044198,0x00000000f8500000)
  from space 15872K, 97% used [0x00000000f8600000,0x00000000f9521070,0x00000000f9580000)
  to   space 24064K, 0% used [0x00000000f9c80000,0x00000000f9c80000,0x00000000fb400000)
 ParOldGen       total 102400K, used 34100K [0x00000000e0000000, 0x00000000e6400000, 0x00000000f5580000)
  object space 102400K, 33% used [0x00000000e0000000,0x00000000e214d320,0x00000000e6400000)
 Metaspace       used 75570K, capacity 81300K, committed 81368K, reserved 1120256K
  class space    used 9404K, capacity 11240K, committed 11264K, reserved 1048576K

Card table byte_map: [0x0000000003110000,0x0000000003220000] byte_map_base: 0x0000000002a10000

Marking Bits: (ParMarkBitMap*) 0x000000000308d490
 Begin Bits: [0x0000000012aa0000, 0x00000000132a0000)
 End Bits:   [0x00000000132a0000, 0x0000000013aa0000)

Polling page: 0x0000000000480000

CodeCache: size=245760Kb used=25145Kb max_used=25213Kb free=220614Kb
 bounds [0x00000000032e0000, 0x0000000004bb0000, 0x00000000122e0000]
 total_blobs=8081 nmethods=7243 adapters=747
 compilation: enabled

Compilation events (10 events):
Event: 7219.389 Thread 0x0000000015ba3000 nmethod 9101 0x00000000047cf8d0 code [0x00000000047cfa20, 0x00000000047cfb70]
Event: 7219.402 Thread 0x0000000015b91000 nmethod 9084 0x0000000004b39090 code [0x0000000004b39340, 0x0000000004b3ae20]
Event: 7219.458 Thread 0x0000000015ba3000 9103       3       java.io.File::list (33 bytes)
Event: 7219.459 Thread 0x0000000015ba3000 nmethod 9103 0x0000000003932150 code [0x0000000003932320, 0x0000000003932a48]
Event: 7219.472 Thread 0x000000001459b800 9104       4       java.io.File::exists (43 bytes)
Event: 7219.475 Thread 0x000000001459b800 nmethod 9104 0x0000000004b371d0 code [0x0000000004b37340, 0x0000000004b37568]
Event: 7219.477 Thread 0x0000000015ba3000 9105   !   3       org.eclipse.osgi.internal.baseadaptor.BaseStorage::compact (215 bytes)
Event: 7219.479 Thread 0x0000000015ba3000 nmethod 9105 0x000000000490f1d0 code [0x000000000490f600, 0x0000000004911a68]
Event: 7219.499 Thread 0x0000000015ba3000 9106       3       org.eclipse.osgi.framework.internal.core.AbstractBundle::close (52 bytes)
Event: 7219.500 Thread 0x0000000015ba3000 nmethod 9106 0x0000000003886190 code [0x00000000038863c0, 0x00000000038870a8]

GC Heap History (10 events):
Event: 2832.467 GC heap before
{Heap before GC invocations=20 (full 3):
 PSYoungGen      total 77312K, used 69524K [0x00000000f5580000, 0x00000000fba00000, 0x0000000100000000)
  eden space 53760K, 100% used [0x00000000f5580000,0x00000000f8a00000,0x00000000f8a00000)
  from space 23552K, 66% used [0x00000000fa300000,0x00000000fb265060,0x00000000fba00000)
  to   space 24576K, 0% used [0x00000000f8a00000,0x00000000f8a00000,0x00000000fa200000)
 ParOldGen       total 102400K, used 34076K [0x00000000e0000000, 0x00000000e6400000, 0x00000000f5580000)
  object space 102400K, 33% used [0x00000000e0000000,0x00000000e2147320,0x00000000e6400000)
 Metaspace       used 74495K, capacity 80252K, committed 80472K, reserved 1118208K
  class space    used 9283K, capacity 11107K, committed 11136K, reserved 1048576K
Event: 2832.478 GC heap after
Heap after GC invocations=20 (full 3):
 PSYoungGen      total 68608K, used 15572K [0x00000000f5580000, 0x00000000fb900000, 0x0000000100000000)
  eden space 52736K, 0% used [0x00000000f5580000,0x00000000f5580000,0x00000000f8900000)
  from space 15872K, 98% used [0x00000000f8a00000,0x00000000f9935080,0x00000000f9980000)
  to   space 24576K, 0% used [0x00000000fa100000,0x00000000fa100000,0x00000000fb900000)
 ParOldGen       total 102400K, used 34084K [0x00000000e0000000, 0x00000000e6400000, 0x00000000f5580000)
  object space 102400K, 33% used [0x00000000e0000000,0x00000000e2149320,0x00000000e6400000)
 Metaspace       used 74495K, capacity 80252K, committed 80472K, reserved 1118208K
  class space    used 9283K, capacity 11107K, committed 11136K, reserved 1048576K
}
Event: 3923.739 GC heap before
{Heap before GC invocations=21 (full 3):
 PSYoungGen      total 68608K, used 68308K [0x00000000f5580000, 0x00000000fb900000, 0x0000000100000000)
  eden space 52736K, 100% used [0x00000000f5580000,0x00000000f8900000,0x00000000f8900000)
  from space 15872K, 98% used [0x00000000f8a00000,0x00000000f9935080,0x00000000f9980000)
  to   space 24576K, 0% used [0x00000000fa100000,0x00000000fa100000,0x00000000fb900000)
 ParOldGen       total 102400K, used 34084K [0x00000000e0000000, 0x00000000e6400000, 0x00000000f5580000)
  object space 102400K, 33% used [0x00000000e0000000,0x00000000e2149320,0x00000000e6400000)
 Metaspace       used 74535K, capacity 80316K, committed 80472K, reserved 1118208K
  class space    used 9283K, capacity 11107K, committed 11136K, reserved 1048576K
Event: 3923.751 GC heap after
Heap after GC invocations=21 (full 3):
 PSYoungGen      total 75264K, used 15556K [0x00000000f5580000, 0x00000000fb800000, 0x0000000100000000)
  eden space 51712K, 0% used [0x00000000f5580000,0x00000000f5580000,0x00000000f8800000)
  from space 23552K, 66% used [0x00000000fa100000,0x00000000fb031070,0x00000000fb800000)
  to   space 24576K, 0% used [0x00000000f8800000,0x00000000f8800000,0x00000000fa000000)
 ParOldGen       total 102400K, used 34092K [0x00000000e0000000, 0x00000000e6400000, 0x00000000f5580000)
  object space 102400K, 33% used [0x00000000e0000000,0x00000000e214b320,0x00000000e6400000)
 Metaspace       used 74535K, capacity 80316K, committed 80472K, reserved 1118208K
  class space    used 9283K, capacity 11107K, committed 11136K, reserved 1048576K
}
Event: 5102.135 GC heap before
{Heap before GC invocations=22 (full 3):
 PSYoungGen      total 75264K, used 67268K [0x00000000f5580000, 0x00000000fb800000, 0x0000000100000000)
  eden space 51712K, 100% used [0x00000000f5580000,0x00000000f8800000,0x00000000f8800000)
  from space 23552K, 66% used [0x00000000fa100000,0x00000000fb031070,0x00000000fb800000)
  to   space 24576K, 0% used [0x00000000f8800000,0x00000000f8800000,0x00000000fa000000)
 ParOldGen       total 102400K, used 34092K [0x00000000e0000000, 0x00000000e6400000, 0x00000000f5580000)
  object space 102400K, 33% used [0x00000000e0000000,0x00000000e214b320,0x00000000e6400000)
 Metaspace       used 74549K, capacity 80316K, committed 80472K, reserved 1118208K
  class space    used 9283K, capacity 11107K, committed 11136K, reserved 1048576K
Event: 5102.145 GC heap after
Heap after GC invocations=22 (full 3):
 PSYoungGen      total 66560K, used 15536K [0x00000000f5580000, 0x00000000fb700000, 0x0000000100000000)
  eden space 50688K, 0% used [0x00000000f5580000,0x00000000f5580000,0x00000000f8700000)
  from space 15872K, 97% used [0x00000000f8800000,0x00000000f972c240,0x00000000f9780000)
  to   space 24576K, 0% used [0x00000000f9f00000,0x00000000f9f00000,0x00000000fb700000)
 ParOldGen       total 102400K, used 34092K [0x00000000e0000000, 0x00000000e6400000, 0x00000000f5580000)
  object space 102400K, 33% used [0x00000000e0000000,0x00000000e214b320,0x00000000e6400000)
 Metaspace       used 74549K, capacity 80316K, committed 80472K, reserved 1118208K
  class space    used 9283K, capacity 11107K, committed 11136K, reserved 1048576K
}
Event: 6136.828 GC heap before
{Heap before GC invocations=23 (full 3):
 PSYoungGen      total 66560K, used 66224K [0x00000000f5580000, 0x00000000fb700000, 0x0000000100000000)
  eden space 50688K, 100% used [0x00000000f5580000,0x00000000f8700000,0x00000000f8700000)
  from space 15872K, 97% used [0x00000000f8800000,0x00000000f972c240,0x00000000f9780000)
  to   space 24576K, 0% used [0x00000000f9f00000,0x00000000f9f00000,0x00000000fb700000)
 ParOldGen       total 102400K, used 34092K [0x00000000e0000000, 0x00000000e6400000, 0x00000000f5580000)
  object space 102400K, 33% used [0x00000000e0000000,0x00000000e214b320,0x00000000e6400000)
 Metaspace       used 74575K, capacity 80316K, committed 80472K, reserved 1118208K
  class space    used 9283K, capacity 11107K, committed 11136K, reserved 1048576K
Event: 6136.841 GC heap after
Heap after GC invocations=23 (full 3):
 PSYoungGen      total 72192K, used 15524K [0x00000000f5580000, 0x00000000fb500000, 0x0000000100000000)
  eden space 49664K, 0% used [0x00000000f5580000,0x00000000f5580000,0x00000000f8600000)
  from space 22528K, 68% used [0x00000000f9f00000,0x00000000fae29090,0x00000000fb500000)
  to   space 24064K, 0% used [0x00000000f8600000,0x00000000f8600000,0x00000000f9d80000)
 ParOldGen       total 102400K, used 34092K [0x00000000e0000000, 0x00000000e6400000, 0x00000000f5580000)
  object space 102400K, 33% used [0x00000000e0000000,0x00000000e214b320,0x00000000e6400000)
 Metaspace       used 74575K, capacity 80316K, committed 80472K, reserved 1118208K
  class space    used 9283K, capacity 11107K, committed 11136K, reserved 1048576K
}
Event: 7196.753 GC heap before
{Heap before GC invocations=24 (full 3):
 PSYoungGen      total 72192K, used 65188K [0x00000000f5580000, 0x00000000fb500000, 0x0000000100000000)
  eden space 49664K, 100% used [0x00000000f5580000,0x00000000f8600000,0x00000000f8600000)
  from space 22528K, 68% used [0x00000000f9f00000,0x00000000fae29090,0x00000000fb500000)
  to   space 24064K, 0% used [0x00000000f8600000,0x00000000f8600000,0x00000000f9d80000)
 ParOldGen       total 102400K, used 34092K [0x00000000e0000000, 0x00000000e6400000, 0x00000000f5580000)
  object space 102400K, 33% used [0x00000000e0000000,0x00000000e214b320,0x00000000e6400000)
 Metaspace       used 74588K, capacity 80380K, committed 80472K, reserved 1118208K
  class space    used 9283K, capacity 11107K, committed 11136K, reserved 1048576K
Event: 7196.764 GC heap after
Heap after GC invocations=24 (full 3):
 PSYoungGen      total 64512K, used 15492K [0x00000000f5580000, 0x00000000fb400000, 0x0000000100000000)
  eden space 48640K, 0% used [0x00000000f5580000,0x00000000f5580000,0x00000000f8500000)
  from space 15872K, 97% used [0x00000000f8600000,0x00000000f9521070,0x00000000f9580000)
  to   space 24064K, 0% used [0x00000000f9c80000,0x00000000f9c80000,0x00000000fb400000)
 ParOldGen       total 102400K, used 34100K [0x00000000e0000000, 0x00000000e6400000, 0x00000000f5580000)
  object space 102400K, 33% used [0x00000000e0000000,0x00000000e214d320,0x00000000e6400000)
 Metaspace       used 74588K, capacity 80380K, committed 80472K, reserved 1118208K
  class space    used 9283K, capacity 11107K, committed 11136K, reserved 1048576K
}

Deoptimization events (10 events):
Event: 7218.622 Thread 0x00000000032de000 Uncommon trap: reason=class_check action=maybe_recompile pc=0x0000000004932fa4 method=org.eclipse.e4.core.internal.contexts.TrackableComputationExt.update(Lorg/eclipse/e4/core/internal/contexts/ContextChangeEvent;)Z @ 62
Event: 7218.622 Thread 0x00000000032de000 Uncommon trap: reason=class_check action=maybe_recompile pc=0x0000000004932fa4 method=org.eclipse.e4.core.internal.contexts.TrackableComputationExt.update(Lorg/eclipse/e4/core/internal/contexts/ContextChangeEvent;)Z @ 62
Event: 7218.737 Thread 0x000000001c478000 Uncommon trap: reason=bimorphic action=maybe_recompile pc=0x00000000040294c8 method=org.eclipse.tcf.protocol.Protocol$3.run()V @ 4
Event: 7218.764 Thread 0x00000000032de000 Uncommon trap: reason=bimorphic action=maybe_recompile pc=0x0000000004750a7c method=sun.nio.cs.StreamDecoder.inReady()Z @ 11
Event: 7218.765 Thread 0x00000000032de000 Uncommon trap: reason=speculate_class_check action=maybe_recompile pc=0x0000000004750a10 method=java.nio.charset.CharsetDecoder.reset()Ljava/nio/charset/CharsetDecoder; @ 1
Event: 7219.290 Thread 0x000000001c478000 Uncommon trap: reason=bimorphic action=maybe_recompile pc=0x00000000040294c8 method=org.eclipse.tcf.protocol.Protocol$3.run()V @ 4
Event: 7219.309 Thread 0x00000000032de000 Uncommon trap: reason=unreached action=reinterpret pc=0x00000000048c0790 method=org.eclipse.swt.widgets.Display.getDefault()Lorg/eclipse/swt/widgets/Display; @ 39
Event: 7219.321 Thread 0x00000000032de000 Uncommon trap: reason=null_check action=make_not_entrant pc=0x0000000003ddb218 method=org.eclipse.core.runtime.internal.adaptor.EclipseLazyStarter.shouldActivateFor(Ljava/lang/String;Lorg/eclipse/osgi/baseadaptor/BaseData;Lorg/eclipse/core/runtime/internal€¹~ž^3¼@
Event: 7219.370 Thread 0x000000001ced8000 Uncommon trap: reason=unreached action=reinterpret pc=0x0000000004834a78 method=org.eclipse.core.internal.jobs.JobManager.nextJob()Lorg/eclipse/core/runtime/jobs/Job; @ 80
Event: 7219.397 Thread 0x000000001c473800 Uncommon trap: reason=unloaded action=reinterpret pc=0x00000000048f6698 method=org.eclipse.tcf.EventQueue.invokeLater(Ljava/lang/Runnable;)V @ 25

Internal exceptions (10 events):
Event: 7217.966 Thread 0x00000000032de000 Implicit null exception at 0x00000000047aee09 to 0x00000000047afbe1
Event: 7218.152 Thread 0x000000001c476800 Exception <a 'java/lang/InterruptedException'> (0x00000000f64bab68) thrown at [D:\re\workspace\8-2-build-windows-amd64-cygwin\jdk8u25\1677\hotspot\src\share\vm\runtime\objectMonitor.cpp, line 1682]
Event: 7218.497 Thread 0x00000000032de000 Implicit null exception at 0x0000000003d82d85 to 0x0000000003d832fd
Event: 7218.508 Thread 0x00000000032de000 Implicit null exception at 0x000000000432cfe0 to 0x000000000432dbb1
Event: 7218.737 Thread 0x000000001ced4800 Exception <a 'java/lang/InterruptedException'> (0x00000000f6cb5980) thrown at [D:\re\workspace\8-2-build-windows-amd64-cygwin\jdk8u25\1677\hotspot\src\share\vm\runtime\objectMonitor.cpp, line 1682]
Event: 7219.321 Thread 0x00000000032de000 Implicit null exception at 0x0000000003dda6cb to 0x0000000003ddb20d
Event: 7219.388 Thread 0x000000001659b800 Exception <a 'java/lang/InterruptedException': sleep interrupted> (0x00000000f563fd70) thrown at [D:\re\workspace\8-2-build-windows-amd64-cygwin\jdk8u25\1677\hotspot\src\share\vm\prims\jvm.cpp, line 3141]
Event: 7219.392 Thread 0x0000000015ba6000 Exception <a 'java/lang/InterruptedException'> (0x00000000f6fd1d28) thrown at [D:\re\workspace\8-2-build-windows-amd64-cygwin\jdk8u25\1677\hotspot\src\share\vm\runtime\objectMonitor.cpp, line 1682]
Event: 7219.392 Thread 0x000000001761f000 Exception <a 'java/lang/InterruptedException'> (0x00000000f6fea260) thrown at [D:\re\workspace\8-2-build-windows-amd64-cygwin\jdk8u25\1677\hotspot\src\share\vm\runtime\objectMonitor.cpp, line 1682]
Event: 7219.499 Thread 0x000000001671d800 Exception <a 'java/lang/InterruptedException'> (0x00000000f6f35638) thrown at [D:\re\workspace\8-2-build-windows-amd64-cygwin\jdk8u25\1677\hotspot\src\share\vm\runtime\objectMonitor.cpp, line 1682]

Events (10 events):
Event: 7219.483 Thread 0x000000001c472800 Thread exited: 0x000000001c472800
Event: 7219.499 Thread 0x000000001671d800 Thread exited: 0x000000001671d800
Event: 7219.500 Thread 0x0000000015f5b800 Thread exited: 0x0000000015f5b800
Event: 7219.500 loading class java/util/IdentityHashMap$KeyIterator
Event: 7219.500 loading class java/util/IdentityHashMap$IdentityHashMapIterator
Event: 7219.500 loading class java/util/IdentityHashMap$IdentityHashMapIterator done
Event: 7219.500 loading class java/util/IdentityHashMap$KeyIterator done
Event: 7219.500 Thread 0x000000001ced2000 Thread added: 0x000000001ced2000
Event: 7219.501 Thread 0x000000001ced2000 Thread exited: 0x000000001ced2000
Event: 7219.502 Executing VM operation: Exit


Dynamic libraries:
0x0000000000400000 - 0x000000000044f000 	C:\Users\XLInux\SDK\2015.2\eclipse\win64.o\eclipse.exe
0x00007ffad6b70000 - 0x00007ffad6d51000 	C:\Windows\SYSTEM32\ntdll.dll
0x00007ffad60d0000 - 0x00007ffad6181000 	C:\Windows\System32\KERNEL32.DLL
0x00007ffad30b0000 - 0x00007ffad3323000 	C:\Windows\System32\KERNELBASE.dll
0x00007ffad5eb0000 - 0x00007ffad6040000 	C:\Windows\System32\USER32.dll
0x00007ffad3090000 - 0x00007ffad30b0000 	C:\Windows\System32\win32u.dll
0x00007ffad6040000 - 0x00007ffad6068000 	C:\Windows\System32\GDI32.dll
0x00007ffad33d0000 - 0x00007ffad3562000 	C:\Windows\System32\gdi32full.dll
0x00007ffad3330000 - 0x00007ffad33cf000 	C:\Windows\System32\msvcp_win.dll
0x00007ffad2f90000 - 0x00007ffad3088000 	C:\Windows\System32\ucrtbase.dll
0x00007ffad6280000 - 0x00007ffad631e000 	C:\Windows\System32\msvcrt.dll
0x00007ffac3950000 - 0x00007ffac3bb9000 	C:\Windows\WinSxS\amd64_microsoft.windows.common-controls_6595b64144ccf1df_6.0.17134.765_none_fb42a1a930655896\COMCTL32.dll
0x00007ffad6320000 - 0x00007ffad6642000 	C:\Windows\System32\combase.dll
0x00007ffad6650000 - 0x00007ffad6774000 	C:\Windows\System32\RPCRT4.dll
0x00007ffad3680000 - 0x00007ffad36fa000 	C:\Windows\System32\bcryptPrimitives.dll
0x00007ffad5e10000 - 0x00007ffad5e3d000 	C:\Windows\System32\IMM32.DLL
0x0000000072000000 - 0x0000000072012000 	C:\Users\XLInux\SDK\2015.2\eclipse\win64.o\plugins\org.eclipse.equinox.launcher.win32.win32.x86_64_1.1.200.v20140116-2212\eclipse_1503.dll
0x00007ffad6780000 - 0x00007ffad6821000 	C:\Windows\System32\ADVAPI32.dll
0x00007ffad58b0000 - 0x00007ffad590b000 	C:\Windows\System32\sechost.dll
0x00007ffacd790000 - 0x00007ffacd79a000 	C:\Windows\SYSTEM32\VERSION.dll
0x00007ffad1070000 - 0x00007ffad1108000 	C:\Windows\system32\uxtheme.dll
0x00007ffad69c0000 - 0x00007ffad6b33000 	C:\Windows\System32\MSCTF.dll
0x00007ffad68f0000 - 0x00007ffad69b2000 	C:\Windows\System32\OLEAUT32.dll
0x00000000028b0000 - 0x000000000310a000 	C:\Users\XLInux\SDK\2015.2\tps\win64\jre\bin\server\jvm.dll
0x00007ffad42a0000 - 0x00007ffad42a8000 	C:\Windows\System32\PSAPI.DLL
0x00007ffac9720000 - 0x00007ffac9743000 	C:\Windows\SYSTEM32\WINMM.dll
0x00007ffac9340000 - 0x00007ffac9349000 	C:\Windows\SYSTEM32\WSOCK32.dll
0x00000000751a0000 - 0x0000000075272000 	C:\Windows\SYSTEM32\MSVCR100.dll
0x00007ffad5e40000 - 0x00007ffad5eac000 	C:\Windows\System32\WS2_32.dll
0x00007ffac9510000 - 0x00007ffac953a000 	C:\Windows\SYSTEM32\WINMMBASE.dll
0x00007ffad2f40000 - 0x00007ffad2f89000 	C:\Windows\System32\cfgmgr32.dll
0x0000000071da0000 - 0x0000000071daf000 	C:\Users\XLInux\SDK\2015.2\tps\win64\jre\bin\verify.dll
0x0000000071d70000 - 0x0000000071d98000 	C:\Users\XLInux\SDK\2015.2\tps\win64\jre\bin\java.dll
0x0000000071d50000 - 0x0000000071d66000 	C:\Users\XLInux\SDK\2015.2\tps\win64\jre\bin\zip.dll
0x00007ffad42b0000 - 0x00007ffad56f0000 	C:\Windows\System32\SHELL32.dll
0x00007ffad5d60000 - 0x00007ffad5e09000 	C:\Windows\System32\shcore.dll
0x00007ffad38f0000 - 0x00007ffad3ffd000 	C:\Windows\System32\windows.storage.dll
0x00007ffad56f0000 - 0x00007ffad5741000 	C:\Windows\System32\shlwapi.dll
0x00007ffad2eb0000 - 0x00007ffad2ec1000 	C:\Windows\System32\kernel.appcore.dll
0x00007ffad2ed0000 - 0x00007ffad2eef000 	C:\Windows\System32\profapi.dll
0x00007ffad2ef0000 - 0x00007ffad2f3c000 	C:\Windows\System32\powrprof.dll
0x00007ffad2ea0000 - 0x00007ffad2eaa000 	C:\Windows\System32\FLTLIB.DLL
0x00007ffad28b0000 - 0x00007ffad28c7000 	C:\Windows\SYSTEM32\CRYPTSP.dll
0x00007ffad22e0000 - 0x00007ffad2313000 	C:\Windows\system32\rsaenh.dll
0x00007ffad29e0000 - 0x00007ffad2a05000 	C:\Windows\SYSTEM32\bcrypt.dll
0x00007ffad2db0000 - 0x00007ffad2dd8000 	C:\Windows\SYSTEM32\USERENV.dll
0x00007ffad28d0000 - 0x00007ffad28db000 	C:\Windows\SYSTEM32\CRYPTBASE.dll
0x0000000071d30000 - 0x0000000071d4a000 	C:\Users\XLInux\SDK\2015.2\tps\win64\jre\bin\net.dll
0x00007ffad2700000 - 0x00007ffad2766000 	C:\Windows\system32\mswsock.dll
0x00007ffad2480000 - 0x00007ffad24b8000 	C:\Windows\SYSTEM32\IPHLPAPI.DLL
0x00007ffad68e0000 - 0x00007ffad68e8000 	C:\Windows\System32\NSI.dll
0x00007ffacd600000 - 0x00007ffacd616000 	C:\Windows\SYSTEM32\dhcpcsvc6.DLL
0x00007ffacd450000 - 0x00007ffacd46a000 	C:\Windows\SYSTEM32\dhcpcsvc.DLL
0x0000000071d10000 - 0x0000000071d21000 	C:\Users\XLInux\SDK\2015.2\tps\win64\jre\bin\nio.dll
0x00007ffac2920000 - 0x00007ffac29b6000 	C:\Windows\System32\TextInputFramework.dll
0x00007ffac2580000 - 0x00007ffac289e000 	C:\Windows\System32\CoreUIComponents.dll
0x00007ffad0820000 - 0x00007ffad08fa000 	C:\Windows\System32\CoreMessaging.dll
0x00007ffad1f50000 - 0x00007ffad1f81000 	C:\Windows\SYSTEM32\ntmarta.dll
0x00007ffacee60000 - 0x00007ffacefad000 	C:\Windows\SYSTEM32\wintypes.dll
0x00007ffad13f0000 - 0x00007ffad1419000 	C:\Windows\system32\dwmapi.dll
0x00007ffab2720000 - 0x00007ffab2736000 	C:\Windows\system32\napinsp.dll
0x00007ffab2700000 - 0x00007ffab271a000 	C:\Windows\system32\pnrpnsp.dll
0x00007fface030000 - 0x00007fface049000 	C:\Windows\system32\NLAapi.dll
0x00007ffad24c0000 - 0x00007ffad257e000 	C:\Windows\SYSTEM32\DNSAPI.dll
0x00007ffab0bf0000 - 0x00007ffab0bfe000 	C:\Windows\System32\winrnr.dll
0x00007ffaccf50000 - 0x00007ffaccf65000 	C:\Windows\System32\wshbth.dll
0x00007ffaccb30000 - 0x00007ffaccb3a000 	C:\Windows\System32\rasadhlp.dll
0x00007ffacc730000 - 0x00007ffacc7a2000 	C:\Windows\System32\fwpuclnt.dll
0x0000000019600000 - 0x00000000196a8000 	C:\Users\yizii\.Xilinx\SDK\2015.2\org.eclipse.osgi\bundles\287\1\.cp\swt-win32-4335.dll
0x00007ffad5750000 - 0x00007ffad58a1000 	C:\Windows\System32\ole32.dll
0x00007ffad6190000 - 0x00007ffad627d000 	C:\Windows\System32\comdlg32.dll
0x00007ffad3700000 - 0x00007ffad38e2000 	C:\Windows\System32\CRYPT32.dll
0x00007ffad2e80000 - 0x00007ffad2e92000 	C:\Windows\System32\MSASN1.dll
0x00007ffac91f0000 - 0x00007ffac9275000 	C:\Windows\SYSTEM32\WINSPOOL.DRV
0x00007ffacee40000 - 0x00007ffacee59000 	C:\Windows\SYSTEM32\USP10.dll
0x00007ffac6fc0000 - 0x00007ffac74e1000 	C:\Windows\SYSTEM32\WININET.dll
0x00007ffad0d40000 - 0x00007ffad0ef4000 	C:\Windows\SYSTEM32\PROPSYS.dll
0x00007ffad6840000 - 0x00007ffad68e0000 	C:\Windows\System32\clbcatq.dll
0x00000000196f0000 - 0x000000001970e000 	C:\Users\yizii\.Xilinx\SDK\2015.2\org.eclipse.osgi\bundles\287\1\.cp\swt-gdip-win32-4335.dll
0x00007ffabac30000 - 0x00007ffabadcb000 	C:\Windows\WinSxS\amd64_microsoft.windows.gdiplus_6595b64144ccf1df_1.1.17134.765_none_2c2d948e8af7d264\gdiplus.dll
0x00007ffac2370000 - 0x00007ffac251e000 	C:\Windows\SYSTEM32\WindowsCodecs.dll
0x0000000180000000 - 0x0000000180012000 	C:\Users\yizii\.Xilinx\SDK\2015.2\org.eclipse.osgi\bundles\113\1\.cp\os\win32\x86_64\localfile_1_0_0.dll
0x00007ffaca4a0000 - 0x00007ffaca4b1000 	C:\Users\yizii\.Xilinx\SDK\2015.2\org.eclipse.osgi\bundles\116\1\.cp\jWinHttp-1.0.0.dll
0x00007fface510000 - 0x00007fface5ed000 	C:\Windows\SYSTEM32\WINHTTP.dll
0x00007ffacb6d0000 - 0x00007ffacb73b000 	C:\Windows\SYSTEM32\oleacc.dll
0x00007ffab6270000 - 0x00007ffab62c8000 	C:\Windows\system32\dataexchange.dll
0x00007ffad0340000 - 0x00007ffad04dc000 	C:\Windows\system32\dcomp.dll
0x00007ffacfa60000 - 0x00007ffacfd6b000 	C:\Windows\system32\d3d11.dll
0x00007ffad1c20000 - 0x00007ffad1cdb000 	C:\Windows\system32\dxgi.dll
0x00007ffad1230000 - 0x00007ffad13e8000 	C:\Windows\system32\twinapi.appcore.dll
0x00007ffad1420000 - 0x00007ffad1449000 	C:\Windows\system32\RMCLIENT.dll
0x00007ffab0910000 - 0x00007ffab094f000 	C:\Windows\system32\mlang.dll
0x00007ffac5a50000 - 0x00007ffac5a60000 	C:\Users\XLInux\SDK\2015.2\lib\win64.o\librdi_repo_manager.dll
0x00007ffabd4e0000 - 0x00007ffabd50a000 	C:\Users\XLInux\SDK\2015.2\lib\win64.o\libisl_sysinfo.dll
0x00007ffa7d2d0000 - 0x00007ffa7dc13000 	C:\Users\XLInux\SDK\2015.2\lib\win64.o\librdi_common.dll
0x00007ffabbdc0000 - 0x00007ffabbe14000 	C:\Users\XLInux\SDK\2015.2\lib\win64.o\librdi_commonxillic.dll
0x00007ffa7ab50000 - 0x00007ffa7ad38000 	C:\Users\XLInux\SDK\2015.2\lib\win64.o\librdi_hsm.dll
0x00007ffab3d30000 - 0x00007ffab3dd7000 	C:\Windows\SYSTEM32\MSVCP110.dll
0x00007ffaa5ab0000 - 0x00007ffaa5b84000 	C:\Windows\SYSTEM32\MSVCR110.dll
0x00007ffa7c440000 - 0x00007ffa7c6e8000 	C:\Users\XLInux\SDK\2015.2\lib\win64.o\libCOIN-all.dll
0x00007ffaa8d80000 - 0x00007ffaa8fa0000 	C:\Users\XLInux\SDK\2015.2\lib\win64.o\libXil_lmgr11.dll
0x00007ffad3620000 - 0x00007ffad3677000 	C:\Windows\System32\WINTRUST.dll
0x00007fface890000 - 0x00007fface8a0000 	C:\Users\XLInux\SDK\2015.2\lib\win64.o\libboost_date_time.dll
0x00007ffabd810000 - 0x00007ffabd832000 	C:\Users\XLInux\SDK\2015.2\lib\win64.o\libboost_filesystem.dll
0x00007ffabbea0000 - 0x00007ffabbf14000 	C:\Users\XLInux\SDK\2015.2\lib\win64.o\libboost_program_options.dll
0x00007ffaa6ea0000 - 0x00007ffaa6f9a000 	C:\Users\XLInux\SDK\2015.2\lib\win64.o\libboost_regex.dll
0x00007ffac3d90000 - 0x00007ffac3da3000 	C:\Users\XLInux\SDK\2015.2\lib\win64.o\libboost_signals.dll
0x00007ffaca530000 - 0x00007ffaca539000 	C:\Users\XLInux\SDK\2015.2\lib\win64.o\libboost_system.dll
0x00007ffac2f60000 - 0x00007ffac2f7d000 	C:\Users\XLInux\SDK\2015.2\lib\win64.o\libboost_thread.dll
0x00007ffabbe20000 - 0x00007ffabbea0000 	C:\Users\XLInux\SDK\2015.2\lib\win64.o\libhdlpsolve.dll
0x00007ffaad9c0000 - 0x00007ffaada5a000 	C:\Users\XLInux\SDK\2015.2\lib\win64.o\libhdxml.dll
0x00007ffa7be30000 - 0x00007ffa7c43a200 	C:\Users\XLInux\SDK\2015.2\lib\win64.o\libisl_iostreams.dll
0x00007ffabd510000 - 0x00007ffabd533000 	C:\Users\XLInux\SDK\2015.2\lib\win64.o\libisl_iosutils.dll
0x00007ffa7bd00000 - 0x00007ffa7be30000 	C:\Users\XLInux\SDK\2015.2\lib\win64.o\librdi_curl.dll
0x00007ffabd460000 - 0x00007ffabd478000 	C:\Users\XLInux\SDK\2015.2\lib\win64.o\librdiconfig.dll
0x00007ffab6180000 - 0x00007ffab61a3000 	C:\Users\XLInux\SDK\2015.2\lib\win64.o\librdizlib.dll
0x0000000071db0000 - 0x0000000071ed7000 	C:\Users\XLInux\SDK\2015.2\lib\win64.o\tcl85t.dll
0x00007ffac61b0000 - 0x00007ffac6378000 	C:\Windows\SYSTEM32\urlmon.dll
0x00007ffaa2df0000 - 0x00007ffaa2e13000 	C:\Windows\SYSTEM32\VCOMP110.DLL
0x00007ffaaeba0000 - 0x00007ffaaebe3000 	C:\Users\XLInux\SDK\2015.2\lib\win64.o\librdi_hdf.dll
0x00007ffa7a990000 - 0x00007ffa7ab4a000 	C:\Users\XLInux\SDK\2015.2\lib\win64.o\librdi_ippcw.dll
0x00007ffac8760000 - 0x00007ffac8775000 	C:\Users\XLInux\SDK\2015.2\lib\win64.o\pthreadVC2.dll
0x00007ffac68c0000 - 0x00007ffac68d7000 	C:\Windows\SYSTEM32\NETAPI32.dll
0x00007ffac9280000 - 0x00007ffac928b000 	C:\Users\XLInux\SDK\2015.2\lib\win64.o\libboost_chrono.dll
0x00007ffabd330000 - 0x00007ffabd346000 	C:\Users\XLInux\SDK\2015.2\lib\win64.o\libboost_iostreams.dll
0x00007ffac5a70000 - 0x00007ffac5d17000 	C:\Windows\SYSTEM32\iertutil.dll
0x0000000023e00000 - 0x0000000024063000 	C:\Users\XLInux\SDK\2015.2\lib\win64.o\xerces-c_3_1.dll
0x00007ffab9d70000 - 0x00007ffab9d8c000 	C:\Users\XLInux\SDK\2015.2\lib\win64.o\librdi_hw_platform.dll

VM Arguments:
jvm_args: -Dcom.xilinx.sdk.args.hwspec=C:/Users/yizii/Desktop/SOC/lab1/lab1.sdk/system_wrapper.hdf -Xms64m -Xmx512m & 
java_command: <unknown>
java_class_path (initial): C:\Users\XLInux\SDK\2015.2\eclipse\win64.o\\plugins/org.eclipse.equinox.launcher_1.3.0.v20130327-1440.jar
Launcher Type: generic

Environment Variables:
PATH=C:/Users/XLInux/SDK/2015.2/tps/win64/jre/bin/server;C:/Users/XLInux/SDK/2015.2/tps/win64/jre/bin;C:/Users/XLInux/SDK/2015.2/tps/win64/jre/lib/amd64;C:\Users\XLInux\SDK\2015.2\gnuwin\bin;C:\Users\XLInux\SDK\2015.2\gnu\microblaze\nt\bin;C:\Users\XLInux\SDK\2015.2\gnu\microblaze\linux_toolchain\nt64_le\bin;C:\Users\XLInux\SDK\2015.2\gnu\microblaze\linux_toolchain\nt64_be\bin;C:\Users\XLInux\SDK\2015.2\gnu\arm\nt\bin;C:\Users\XLInux\SDK\2015.2\gnu\aarch64\nt\aarch64-none\bin;C:\Users\XLInux\SDK\2015.2\gnu\aarch64\nt\aarch64-linux\bin;C:\Users\XLInux\SDK\2015.2\gnu\armr5\nt\gcc-arm-none-eabi\bin;C:\Users\XLInux\SDK\2015.2\gnu\aarch32\nt\gcc-arm-none-eabi\bin;C:\Users\XLInux\SDK\2015.2\gnu\aarch32\nt\gcc-arm-linux-gnueabi\bin;C:\Users\XLInux\SDK\2015.2\bin;C:\Users\XLInux\SDK\2015.2\lib\win64.o;C:\Users\XLInux\SDK\2015.2\tps\win64\jre\bin\server;C:\Users\XLInux\SDK\2015.2\tps\win64\jre\bin;C:\Users\XLInux\SDK\2015.2\bin;C:\Users\XLInux\SDK\2015.2\bin;C:\Users\XLInux\Vivado\2015.2\ids_lite\ISE\bin\nt64;C:\Users\XLInux\Vivado\2015.2\ids_lite\ISE\lib\nt64;C:\Users\XLInux\Vivado\2015.2\bin;C:\Users\XLInux\Vivado\2015.2\lib\win64.o;C:\Users\XLInux\Vivado\2015.2\tps\win64\jre\bin\server;C:\Users\XLInux\Vivado\2015.2\tps\win64\jre\bin;C:\Users\XLInux\SDK\2015.2\bin;C:\Users\XLInux\Vivado\2015.2\ids_lite\ISE\bin\nt64;C:\Users\XLInux\Vivado\2015.2\ids_lite\ISE\lib\nt64;C:\Windows\system32;C:\Windows;C:\Windows\System32\Wbem;C:\Windows\System32\WindowsPowerShell\v1.0\;C:\Windows\System32\OpenSSH\;E:\softwore\MPLABX\bin;E:\softwore\xc8\bin;E:\softwore\xc16\bin;C:\Program Files\Git\cmd;C:\Program Files (x86)\Altium Designer Winter 09\System;C:\Users\yizii\AppData\Local\Programs\Python\Python37-32\Scripts\;C:\Users\yizii\AppData\Local\Programs\Python\Python37-32\;C:\Users\yizii\AppData\Local\Microsoft\WindowsApps;;C:\Users\yizii\AppData\Local\Programs\Microsoft VS Code\bin;C:\Users\yizii\Desktop\SOC\lab1;
USERNAME=yizii
OS=Windows_NT
PROCESSOR_IDENTIFIER=Intel64 Family 6 Model 94 Stepping 3, GenuineIntel



---------------  S Y S T E M  ---------------

OS: Windows 8 , 64 bit Build 9200 

CPU:total 4 (4 cores per cpu, 1 threads per core) family 6 model 94 stepping 3, cmov, cx8, fxsr, mmx, sse, sse2, sse3, ssse3, sse4.1, sse4.2, popcnt, avx, avx2, aes, clmul, erms, rtm, lzcnt, tsc, tscinvbit, bmi1, bmi2

Memory: 4k page, physical 8282240k(1677240k free), swap 12243576k(2050880k free)

vm_info: Java HotSpot(TM) 64-Bit Server VM (25.25-b02) for windows-amd64 JRE (1.8.0_25-b18), built on Oct  7 2014 14:25:37 by "java_re" with MS VC++ 10.0 (VS2010)

time: Thu Jun 06 05:48:46 2019
elapsed time: 7227 seconds (0d 2h 0m 27s)

