#-----------------------------------------------------------
# Vivado v2015.2 (64-bit)
# SW Build 1266856 on Fri Jun 26 16:35:25 MDT 2015
# IP Build 1264090 on Wed Jun 24 14:22:01 MDT 2015
# Start of session at: Thu Jun 06 03:47:56 2019
# Process ID: 13112
# Log file: C:/Users/yizii/Desktop/SOC/lab1/vivado.log
# Journal file: C:/Users/yizii/Desktop/SOC/lab1\vivado.jou
#-----------------------------------------------------------
start_gui
open_project C:/Users/yizii/Desktop/SOC/lab1/lab1.xpr
Scanning sources...
Finished scanning sources
INFO: [IP_Flow 19-234] Refreshing IP repositories
INFO: [IP_Flow 19-1704] No user IP repositories specified
INFO: [IP_Flow 19-2313] Loaded Vivado IP repository 'C:/Users/XLInux/Vivado/2015.2/data/ip'.
open_project: Time (s): cpu = 00:00:12 ; elapsed = 00:00:07 . Memory (MB): peak = 702.609 ; gain = 146.777
launch_sdk -workspace C:/Users/yizii/Desktop/SOC/lab1/lab1.sdk -hwspec C:/Users/yizii/Desktop/SOC/lab1/lab1.sdk/system_wrapper.hdf
INFO: [Vivado 12-393] Launching SDK...
INFO: [Vivado 12-417] Running xsdk -workspace C:/Users/yizii/Desktop/SOC/lab1/lab1.sdk -hwspec C:/Users/yizii/Desktop/SOC/lab1/lab1.sdk/system_wrapper.hdf
INFO: [Vivado 12-3157] SDK launch initiated. Please check console for any further messages.
exit
INFO: [Common 17-206] Exiting Vivado at Thu Jun 06 03:56:07 2019...
