#
# A fatal error has been detected by the Java Runtime Environment:
#
#  Internal Error (0xc000000d), pid=9520, tid=4344
#
# JRE version: Java(TM) SE Runtime Environment (8.0_25-b18) (build 1.8.0_25-b18)
# Java VM: Java HotSpot(TM) 64-Bit Server VM (25.25-b02 mixed mode windows-amd64 compressed oops)
# Problematic frame:
# C  [ntdll.dll+0x108580]
#
# Failed to write core dump. Minidumps are not enabled by default on client versions of Windows
#
# If you would like to submit a bug report, please visit:
#   http://bugreport.sun.com/bugreport/crash.jsp
#

---------------  T H R E A D  ---------------

Current thread (0x00000000145f6000):  VMThread [stack: 0x00000000156a0000,0x00000000157a0000] [id=4344]

siginfo: ExceptionCode=0xc000000d

Registers:
RAX=0x0000000014505500, RBX=0xfffffffffffffffe, RCX=0x000000001579eca0, RDX=0x00000000029f3ea4
RSP=0x000000001579f1a0, RBP=0x00007ffaa5ab7408, RSI=0x0000000000000000, RDI=0x0000000000001150
R8 =0x00000000032177b0, R9 =0x0000000003215410, R10=0x00007ffad6bb829f, R11=0x0000000021e9f810
R12=0x0000000023fdea10, R13=0x0000000022812d20, R14=0x0000000023fdeb18, R15=0x000000001579f318
RIP=0x00007ffad6c78580, EFLAGS=0x0000000000000202

Top of Stack: (sp=0x000000001579f1a0)
0x000000001579f1a0:   0000000000000057 fffffffffffffffe
0x000000001579f1b0:   0000000000000000 0000000000001150
0x000000001579f1c0:   00000000c000000d 0000000000000000
0x000000001579f1d0:   00007ffad6c78580 0000000000000000
0x000000001579f1e0:   0000000000000000 0000000000000000
0x000000001579f1f0:   0000000000000000 0000000000000000
0x000000001579f200:   0000000000000000 0000000000000000
0x000000001579f210:   0000000000000000 0000000000000000
0x000000001579f220:   0000000000000000 0000000000000000
0x000000001579f230:   0000000000000000 0000000000000000
0x000000001579f240:   0000000000000000 0000000000000000
0x000000001579f250:   0000000000000000 0000000000000001
0x000000001579f260:   0000a9aa82ff1b7b 00007ffaa5fb8938
0x000000001579f270:   00000000000000fe 00007ffad6c2786f
0x000000001579f280:   0000000000d80029 0000000000000000
0x000000001579f290:   0000000000000000 0000000000000000 

Instructions: (pc=0x00007ffad6c78580)
0x00007ffad6c78560:   90 f9 ff c7 44 24 20 0d 00 00 c0 b9 57 00 00 00
0x00007ffad6c78570:   e8 1b fe ef ff 90 48 8d 4c 24 20 e8 00 36 f0 ff
0x00007ffad6c78580:   eb 00 48 8b 8c 24 c0 00 00 00 48 33 cc e8 4e 2b
0x00007ffad6c78590:   f8 ff 48 81 c4 d8 00 00 00 c3 40 55 48 83 ec 20 


Register to memory mapping:

RAX=0x0000000014505500 is an unknown value
RBX=0xfffffffffffffffe is an unknown value
RCX=0x000000001579eca0 is an unknown value
RDX=0x00000000029f3ea4 is an unknown value
RSP=0x000000001579f1a0 is an unknown value
RBP=0x00007ffaa5ab7408 is an unknown value
RSI=0x0000000000000000 is an unknown value
RDI=0x0000000000001150 is an unknown value
R8 =0x00000000032177b0 is at code_begin+1456 in an Interpreter codelet
invoke return entry points  [0x0000000003217200, 0x0000000003217b00]  2304 bytes
R9 =0x0000000003215410 is at code_begin+-80 in 
[CodeBlob (0x0000000003215410)]
Framesize: 0
BufferBlob (0x0000000003215410) used for Interpreter
R10=0x00007ffad6bb829f is an unknown value
R11=0x0000000021e9f810 is an unknown value
R12=0x0000000023fdea10 is an unknown value
R13=0x0000000022812d20 is an unknown value
R14=0x0000000023fdeb18 is an unknown value
R15=0x000000001579f318 is an unknown value


Stack: [0x00000000156a0000,0x00000000157a0000],  sp=0x000000001579f1a0,  free space=1020k
Native frames: (J=compiled Java code, j=interpreted, Vv=VM code, C=native code)
C  [ntdll.dll+0x108580]
C  [ntdll.dll+0xb786f]
C  [KERNEL32.DLL+0x1e92a]
C  [MSVCR110.dll+0x752d]
C  [MSVCR110.dll+0x14cde]
C  [MSVCR110.dll+0x13edc]
C  [MSVCR110.dll+0x239e]
C  [MSVCR110.dll+0xaf9e]
C  [MSVCP110.dll+0x397b9]
C  [librdi_common.dll+0x135d02]
C  [librdi_common.dll+0x13447b]
C  0x00007ffac3e54874
C  0x00007ffac3e54af6
C  [ntdll.dll+0x3b583]
C  [ntdll.dll+0x47f85]
C  [ntdll.dll+0x47e48]
C  [KERNEL32.DLL+0x1ca7a]
C  [MSVCR100.dll+0x20ccd]
V  [jvm.dll+0x1f9c55]
V  [jvm.dll+0x2325e7]
V  [jvm.dll+0x231826]
V  [jvm.dll+0x231cc1]
V  [jvm.dll+0x231ede]
V  [jvm.dll+0x2852fa]
C  [MSVCR100.dll+0x21d9f]
C  [MSVCR100.dll+0x21e3b]
C  [KERNEL32.DLL+0x14034]
C  [ntdll.dll+0x73691]

VM_Operation (0x000000000014f500): Exit, mode: safepoint, requested by thread 0x000000000310e000


---------------  P R O C E S S  ---------------

Java Threads: ( => current thread )
  0x0000000018113800 JavaThread "pool-1-thread-3" [_thread_blocked, id=15052, stack(0x0000000035e30000,0x0000000035f30000)]
  0x0000000018116000 JavaThread "pool-1-thread-2" [_thread_blocked, id=14340, stack(0x0000000034d30000,0x0000000034e30000)]
  0x0000000016095000 JavaThread "pool-1-thread-1" [_thread_blocked, id=4732, stack(0x0000000030e30000,0x0000000030f30000)]
  0x000000001609b000 JavaThread "Thread-26" daemon [_thread_blocked, id=13876, stack(0x0000000030d30000,0x0000000030e30000)]
  0x000000001ba0a800 JavaThread "TCF Locator DNS Lookup" daemon [_thread_blocked, id=13936, stack(0x00000000215a0000,0x00000000216a0000)]
  0x000000001ba0d800 JavaThread "TCF Locator Timer" daemon [_thread_blocked, id=4040, stack(0x00000000214a0000,0x00000000215a0000)]
  0x000000001ba0c800 JavaThread "TCF Locator Receiver" daemon [_thread_in_native, id=11460, stack(0x00000000213a0000,0x00000000214a0000)]
  0x000000001ba0c000 JavaThread "TCF Timer Dispatcher" daemon [_thread_blocked, id=7556, stack(0x00000000211a0000,0x00000000212a0000)]
  0x00000000197ee000 JavaThread "EMF Reference Cleaner" daemon [_thread_blocked, id=772, stack(0x000000001a8d0000,0x000000001a9d0000)]
  0x0000000015d27000 JavaThread "Service Thread" daemon [_thread_blocked, id=8608, stack(0x00000000162a0000,0x00000000163a0000)]
  0x0000000015ca7000 JavaThread "C1 CompilerThread2" daemon [_thread_blocked, id=5096, stack(0x00000000161a0000,0x00000000162a0000)]
  0x0000000015ca0800 JavaThread "C2 CompilerThread1" daemon [_thread_blocked, id=8404, stack(0x00000000160a0000,0x00000000161a0000)]
  0x000000001468b800 JavaThread "C2 CompilerThread0" daemon [_thread_blocked, id=5300, stack(0x0000000015ba0000,0x0000000015ca0000)]
  0x000000001468a000 JavaThread "Attach Listener" daemon [_thread_blocked, id=3092, stack(0x0000000015aa0000,0x0000000015ba0000)]
  0x0000000014689800 JavaThread "Signal Dispatcher" daemon [_thread_blocked, id=8748, stack(0x00000000159a0000,0x0000000015aa0000)]
  0x0000000003204000 JavaThread "Finalizer" daemon [_thread_blocked, id=10524, stack(0x00000000158a0000,0x00000000159a0000)]
  0x00000000031fb000 JavaThread "Reference Handler" daemon [_thread_blocked, id=12716, stack(0x00000000157a0000,0x00000000158a0000)]
  0x000000000310e000 JavaThread "main" [_thread_blocked, id=5488, stack(0x0000000000050000,0x0000000000150000)]

Other Threads:
=>0x00000000145f6000 VMThread [stack: 0x00000000156a0000,0x00000000157a0000] [id=4344]

VM state:at safepoint (shutting down)

VM Mutex/Monitor currently owned by a thread:  ([mutex/lock_event])
[0x000000000310dde0] Threads_lock - owner thread: 0x00000000145f6000

Heap:
 PSYoungGen      total 123392K, used 118513K [0x00000000f5580000, 0x00000000fe900000, 0x0000000100000000)
  eden space 116224K, 95% used [0x00000000f5580000,0x00000000fc25f000,0x00000000fc700000)
  from space 7168K, 98% used [0x00000000fcb00000,0x00000000fd1dd740,0x00000000fd200000)
  to   space 17408K, 0% used [0x00000000fd800000,0x00000000fd800000,0x00000000fe900000)
 ParOldGen       total 90624K, used 44171K [0x00000000e0000000, 0x00000000e5880000, 0x00000000f5580000)
  object space 90624K, 48% used [0x00000000e0000000,0x00000000e2b22ed0,0x00000000e5880000)
 Metaspace       used 85207K, capacity 91450K, committed 91648K, reserved 1128448K
  class space    used 10300K, capacity 12216K, committed 12288K, reserved 1048576K

Card table byte_map: [0x00000000125d0000,0x00000000126e0000] byte_map_base: 0x0000000011ed0000

Marking Bits: (ParMarkBitMap*) 0x0000000002fdd490
 Begin Bits: [0x0000000012b90000, 0x0000000013390000)
 End Bits:   [0x0000000013390000, 0x0000000013b90000)

Polling page: 0x0000000000550000

CodeCache: size=245760Kb used=40389Kb max_used=40395Kb free=205370Kb
 bounds [0x0000000003210000, 0x00000000059d0000, 0x0000000012210000]
 total_blobs=12163 nmethods=11310 adapters=760
 compilation: enabled

Compilation events (10 events):
Event: 1188.401 Thread 0x0000000015ca7000 nmethod 13862 0x0000000004a3fed0 code [0x0000000004a40100, 0x0000000004a40fa8]
Event: 1188.402 Thread 0x0000000015ca7000 13863       3       org.eclipse.osgi.framework.internal.core.BundleHost::refresh (83 bytes)
Event: 1188.403 Thread 0x0000000015ca7000 nmethod 13863 0x0000000005833d90 code [0x0000000005833fe0, 0x0000000005834d78]
Event: 1188.406 Thread 0x0000000015ca0800 nmethod 13849 0x00000000059bea10 code [0x00000000059bec60, 0x00000000059bfe30]
Event: 1188.410 Thread 0x0000000015ca7000 13865   !   3       java.util.zip.ZipFile::close (223 bytes)
Event: 1188.411 Thread 0x0000000015ca7000 nmethod 13865 0x0000000004a3b5d0 code [0x0000000004a3b8c0, 0x0000000004a3d2c8]
Event: 1188.676 Thread 0x0000000015ca7000 13866   !   3       org.eclipse.osgi.internal.baseadaptor.BaseStorage::compact (215 bytes)
Event: 1188.678 Thread 0x0000000015ca7000 nmethod 13866 0x00000000059c1110 code [0x00000000059c1540, 0x00000000059c39a8]
Event: 1188.705 Thread 0x0000000015ca7000 13867       3       org.eclipse.osgi.framework.internal.core.AbstractBundle::close (52 bytes)
Event: 1188.705 Thread 0x0000000015ca7000 nmethod 13867 0x0000000004a3a150 code [0x0000000004a3a380, 0x0000000004a3b068]

GC Heap History (10 events):
Event: 303.312 GC heap before
{Heap before GC invocations=21 (full 6):
 PSYoungGen      total 133632K, used 112128K [0x00000000f5580000, 0x00000000fed00000, 0x0000000100000000)
  eden space 112128K, 100% used [0x00000000f5580000,0x00000000fc300000,0x00000000fc300000)
  from space 21504K, 0% used [0x00000000fd800000,0x00000000fd800000,0x00000000fed00000)
  to   space 21504K, 0% used [0x00000000fc300000,0x00000000fc300000,0x00000000fd800000)
 ParOldGen       total 90624K, used 44131K [0x00000000e0000000, 0x00000000e5880000, 0x00000000f5580000)
  object space 90624K, 48% used [0x00000000e0000000,0x00000000e2b18ed0,0x00000000e5880000)
 Metaspace       used 77743K, capacity 84022K, committed 84224K, reserved 1122304K
  class space    used 9630K, capacity 11479K, committed 11520K, reserved 1048576K
Event: 303.321 GC heap after
Heap after GC invocations=21 (full 6):
 PSYoungGen      total 133632K, used 9491K [0x00000000f5580000, 0x00000000ffe00000, 0x0000000100000000)
  eden space 112128K, 0% used [0x00000000f5580000,0x00000000f5580000,0x00000000fc300000)
  from space 21504K, 44% used [0x00000000fc300000,0x00000000fcc44e70,0x00000000fd800000)
  to   space 20480K, 0% used [0x00000000fea00000,0x00000000fea00000,0x00000000ffe00000)
 ParOldGen       total 90624K, used 44139K [0x00000000e0000000, 0x00000000e5880000, 0x00000000f5580000)
  object space 90624K, 48% used [0x00000000e0000000,0x00000000e2b1aed0,0x00000000e5880000)
 Metaspace       used 77743K, capacity 84022K, committed 84224K, reserved 1122304K
  class space    used 9630K, capacity 11479K, committed 11520K, reserved 1048576K
}
Event: 526.556 GC heap before
{Heap before GC invocations=22 (full 6):
 PSYoungGen      total 133632K, used 121619K [0x00000000f5580000, 0x00000000ffe00000, 0x0000000100000000)
  eden space 112128K, 100% used [0x00000000f5580000,0x00000000fc300000,0x00000000fc300000)
  from space 21504K, 44% used [0x00000000fc300000,0x00000000fcc44e70,0x00000000fd800000)
  to   space 20480K, 0% used [0x00000000fea00000,0x00000000fea00000,0x00000000ffe00000)
 ParOldGen       total 90624K, used 44139K [0x00000000e0000000, 0x00000000e5880000, 0x00000000f5580000)
  object space 90624K, 48% used [0x00000000e0000000,0x00000000e2b1aed0,0x00000000e5880000)
 Metaspace       used 78465K, capacity 84744K, committed 85120K, reserved 1122304K
  class space    used 9663K, capacity 11547K, committed 11648K, reserved 1048576K
Event: 526.564 GC heap after
Heap after GC invocations=22 (full 6):
 PSYoungGen      total 145920K, used 6513K [0x00000000f5580000, 0x00000000ffa80000, 0x0000000100000000)
  eden space 129024K, 0% used [0x00000000f5580000,0x00000000f5580000,0x00000000fd380000)
  from space 16896K, 38% used [0x00000000fea00000,0x00000000ff05c790,0x00000000ffa80000)
  to   space 19968K, 0% used [0x00000000fd380000,0x00000000fd380000,0x00000000fe700000)
 ParOldGen       total 90624K, used 44147K [0x00000000e0000000, 0x00000000e5880000, 0x00000000f5580000)
  object space 90624K, 48% used [0x00000000e0000000,0x00000000e2b1ced0,0x00000000e5880000)
 Metaspace       used 78465K, capacity 84744K, committed 85120K, reserved 1122304K
  class space    used 9663K, capacity 11547K, committed 11648K, reserved 1048576K
}
Event: 656.791 GC heap before
{Heap before GC invocations=23 (full 6):
 PSYoungGen      total 145920K, used 135537K [0x00000000f5580000, 0x00000000ffa80000, 0x0000000100000000)
  eden space 129024K, 100% used [0x00000000f5580000,0x00000000fd380000,0x00000000fd380000)
  from space 16896K, 38% used [0x00000000fea00000,0x00000000ff05c790,0x00000000ffa80000)
  to   space 19968K, 0% used [0x00000000fd380000,0x00000000fd380000,0x00000000fe700000)
 ParOldGen       total 90624K, used 44147K [0x00000000e0000000, 0x00000000e5880000, 0x00000000f5580000)
  object space 90624K, 48% used [0x00000000e0000000,0x00000000e2b1ced0,0x00000000e5880000)
 Metaspace       used 79145K, capacity 85436K, committed 85632K, reserved 1124352K
  class space    used 9676K, capacity 11584K, committed 11648K, reserved 1048576K
Event: 656.799 GC heap after
Heap after GC invocations=23 (full 6):
 PSYoungGen      total 131584K, used 7150K [0x00000000f5580000, 0x00000000ff400000, 0x0000000100000000)
  eden space 124416K, 0% used [0x00000000f5580000,0x00000000f5580000,0x00000000fcf00000)
  from space 7168K, 99% used [0x00000000fd380000,0x00000000fda7b940,0x00000000fda80000)
  to   space 18944K, 0% used [0x00000000fe180000,0x00000000fe180000,0x00000000ff400000)
 ParOldGen       total 90624K, used 44155K [0x00000000e0000000, 0x00000000e5880000, 0x00000000f5580000)
  object space 90624K, 48% used [0x00000000e0000000,0x00000000e2b1eed0,0x00000000e5880000)
 Metaspace       used 79145K, capacity 85436K, committed 85632K, reserved 1124352K
  class space    used 9676K, capacity 11584K, committed 11648K, reserved 1048576K
}
Event: 937.264 GC heap before
{Heap before GC invocations=24 (full 6):
 PSYoungGen      total 131584K, used 131566K [0x00000000f5580000, 0x00000000ff400000, 0x0000000100000000)
  eden space 124416K, 100% used [0x00000000f5580000,0x00000000fcf00000,0x00000000fcf00000)
  from space 7168K, 99% used [0x00000000fd380000,0x00000000fda7b940,0x00000000fda80000)
  to   space 18944K, 0% used [0x00000000fe180000,0x00000000fe180000,0x00000000ff400000)
 ParOldGen       total 90624K, used 44155K [0x00000000e0000000, 0x00000000e5880000, 0x00000000f5580000)
  object space 90624K, 48% used [0x00000000e0000000,0x00000000e2b1eed0,0x00000000e5880000)
 Metaspace       used 79670K, capacity 86082K, committed 86400K, reserved 1124352K
  class space    used 9677K, capacity 11585K, committed 11648K, reserved 1048576K
Event: 937.274 GC heap after
Heap after GC invocations=24 (full 6):
 PSYoungGen      total 133120K, used 7518K [0x00000000f5580000, 0x00000000fee00000, 0x0000000100000000)
  eden space 120320K, 0% used [0x00000000f5580000,0x00000000f5580000,0x00000000fcb00000)
  from space 12800K, 58% used [0x00000000fe180000,0x00000000fe8d7960,0x00000000fee00000)
  to   space 17920K, 0% used [0x00000000fcb00000,0x00000000fcb00000,0x00000000fdc80000)
 ParOldGen       total 90624K, used 44163K [0x00000000e0000000, 0x00000000e5880000, 0x00000000f5580000)
  object space 90624K, 48% used [0x00000000e0000000,0x00000000e2b20ed0,0x00000000e5880000)
 Metaspace       used 79670K, capacity 86082K, committed 86400K, reserved 1124352K
  class space    used 9677K, capacity 11585K, committed 11648K, reserved 1048576K
}
Event: 1030.222 GC heap before
{Heap before GC invocations=25 (full 6):
 PSYoungGen      total 133120K, used 127838K [0x00000000f5580000, 0x00000000fee00000, 0x0000000100000000)
  eden space 120320K, 100% used [0x00000000f5580000,0x00000000fcb00000,0x00000000fcb00000)
  from space 12800K, 58% used [0x00000000fe180000,0x00000000fe8d7960,0x00000000fee00000)
  to   space 17920K, 0% used [0x00000000fcb00000,0x00000000fcb00000,0x00000000fdc80000)
 ParOldGen       total 90624K, used 44163K [0x00000000e0000000, 0x00000000e5880000, 0x00000000f5580000)
  object space 90624K, 48% used [0x00000000e0000000,0x00000000e2b20ed0,0x00000000e5880000)
 Metaspace       used 80286K, capacity 86632K, committed 86912K, reserved 1124352K
  class space    used 9715K, capacity 11618K, committed 11648K, reserved 1048576K
Event: 1030.230 GC heap after
Heap after GC invocations=25 (full 6):
 PSYoungGen      total 123392K, used 7029K [0x00000000f5580000, 0x00000000fe900000, 0x0000000100000000)
  eden space 116224K, 0% used [0x00000000f5580000,0x00000000f5580000,0x00000000fc700000)
  from space 7168K, 98% used [0x00000000fcb00000,0x00000000fd1dd740,0x00000000fd200000)
  to   space 17408K, 0% used [0x00000000fd800000,0x00000000fd800000,0x00000000fe900000)
 ParOldGen       total 90624K, used 44171K [0x00000000e0000000, 0x00000000e5880000, 0x00000000f5580000)
  object space 90624K, 48% used [0x00000000e0000000,0x00000000e2b22ed0,0x00000000e5880000)
 Metaspace       used 80286K, capacity 86632K, committed 86912K, reserved 1124352K
  class space    used 9715K, capacity 11618K, committed 11648K, reserved 1048576K
}

Deoptimization events (10 events):
Event: 1187.738 Thread 0x000000000310e000 Uncommon trap: reason=class_check action=maybe_recompile pc=0x0000000005631e54 method=org.eclipse.e4.core.internal.contexts.TrackableComputationExt.update(Lorg/eclipse/e4/core/internal/contexts/ContextChangeEvent;)Z @ 62
Event: 1187.738 Thread 0x000000000310e000 Uncommon trap: reason=class_check action=maybe_recompile pc=0x00000000043a943c method=org.eclipse.e4.core.internal.contexts.ContextObjectSupplier$ContextInjectionListener.update(Lorg/eclipse/e4/core/contexts/IEclipseContext;I[Ljava/lang/Object;)Z @ 173
Event: 1187.738 Thread 0x000000000310e000 Uncommon trap: reason=class_check action=maybe_recompile pc=0x0000000005631e54 method=org.eclipse.e4.core.internal.contexts.TrackableComputationExt.update(Lorg/eclipse/e4/core/internal/contexts/ContextChangeEvent;)Z @ 62
Event: 1187.738 Thread 0x000000000310e000 Uncommon trap: reason=class_check action=maybe_recompile pc=0x00000000043a943c method=org.eclipse.e4.core.internal.contexts.ContextObjectSupplier$ContextInjectionListener.update(Lorg/eclipse/e4/core/contexts/IEclipseContext;I[Ljava/lang/Object;)Z @ 173
Event: 1187.738 Thread 0x000000000310e000 Uncommon trap: reason=class_check action=maybe_recompile pc=0x0000000005631e54 method=org.eclipse.e4.core.internal.contexts.TrackableComputationExt.update(Lorg/eclipse/e4/core/internal/contexts/ContextChangeEvent;)Z @ 62
Event: 1187.738 Thread 0x000000000310e000 Uncommon trap: reason=class_check action=maybe_recompile pc=0x00000000043a943c method=org.eclipse.e4.core.internal.contexts.ContextObjectSupplier$ContextInjectionListener.update(Lorg/eclipse/e4/core/contexts/IEclipseContext;I[Ljava/lang/Object;)Z @ 173
Event: 1188.317 Thread 0x000000000310e000 Uncommon trap: reason=unreached action=reinterpret pc=0x000000000441c690 method=org.eclipse.swt.widgets.Display.getDefault()Lorg/eclipse/swt/widgets/Display; @ 39
Event: 1188.322 Thread 0x000000000310e000 Uncommon trap: reason=null_check action=make_not_entrant pc=0x0000000003d4f61c method=org.eclipse.core.runtime.internal.adaptor.EclipseLazyStarter.shouldActivateFor(Ljava/lang/String;Lorg/eclipse/osgi/baseadaptor/BaseData;Lorg/eclipse/core/runtime/internal
Event: 1188.388 Thread 0x000000001ba13800 Uncommon trap: reason=unreached action=reinterpret pc=0x000000000547ec34 method=org.eclipse.core.internal.jobs.JobManager.nextJob()Lorg/eclipse/core/runtime/jobs/Job; @ 80
Event: 1188.705 Thread 0x000000000310e000 Uncommon trap: reason=unreached action=reinterpret pc=0x00000000058d211c method=sun.reflect.UnsafeStaticObjectFieldAccessorImpl.set(Ljava/lang/Object;Ljava/lang/Object;)V @ 13

Internal exceptions (10 events):
Event: 1187.337 Thread 0x000000000310e000 Implicit null exception at 0x0000000003e3f94c to 0x0000000003e3f9a9
Event: 1187.351 Thread 0x000000001ba13800 Exception <a 'java/lang/InterruptedException'> (0x00000000fb546750) thrown at [D:\re\workspace\8-2-build-windows-amd64-cygwin\jdk8u25\1677\hotspot\src\share\vm\runtime\objectMonitor.cpp, line 1682]
Event: 1187.505 Thread 0x000000000310e000 Implicit null exception at 0x00000000039cfbc9 to 0x00000000039cff1d
Event: 1187.779 Thread 0x000000001609a000 Exception <a 'java/lang/InterruptedException'> (0x00000000fbd72fa8) thrown at [D:\re\workspace\8-2-build-windows-amd64-cygwin\jdk8u25\1677\hotspot\src\share\vm\runtime\objectMonitor.cpp, line 1682]
Event: 1188.322 Thread 0x000000000310e000 Implicit null exception at 0x0000000003d4ed43 to 0x0000000003d4f60d
Event: 1188.413 Thread 0x0000000016bef000 Exception <a 'java/lang/InterruptedException': sleep interrupted> (0x00000000fc136d10) thrown at [D:\re\workspace\8-2-build-windows-amd64-cygwin\jdk8u25\1677\hotspot\src\share\vm\prims\jvm.cpp, line 3141]
Event: 1188.415 Thread 0x00000000179d9800 Exception <a 'java/lang/InterruptedException'> (0x00000000fbf6fb38) thrown at [D:\re\workspace\8-2-build-windows-amd64-cygwin\jdk8u25\1677\hotspot\src\share\vm\runtime\objectMonitor.cpp, line 1682]
Event: 1188.415 Thread 0x0000000016d2d000 Exception <a 'java/lang/InterruptedException'> (0x00000000fc1953c0) thrown at [D:\re\workspace\8-2-build-windows-amd64-cygwin\jdk8u25\1677\hotspot\src\share\vm\runtime\objectMonitor.cpp, line 1682]
Event: 1188.705 Thread 0x0000000017762800 Exception <a 'java/lang/InterruptedException'> (0x00000000fc1338d8) thrown at [D:\re\workspace\8-2-build-windows-amd64-cygwin\jdk8u25\1677\hotspot\src\share\vm\runtime\objectMonitor.cpp, line 1682]
Event: 1188.705 Thread 0x000000000310e000 Implicit null exception at 0x00000000058d1d60 to 0x00000000058d210d

Events (10 events):
Event: 1188.705 Thread 0x0000000016987000 Thread exited: 0x0000000016987000
Event: 1188.705 loading class java/util/IdentityHashMap$KeyIterator
Event: 1188.706 Thread 0x0000000015ca7000 flushing nmethod 0x000000000448fc50
Event: 1188.706 loading class java/util/IdentityHashMap$IdentityHashMapIterator
Event: 1188.706 loading class java/util/IdentityHashMap$IdentityHashMapIterator done
Event: 1188.706 loading class java/util/IdentityHashMap$KeyIterator done
Event: 1188.706 Thread 0x0000000018112000 Thread added: 0x0000000018112000
Event: 1188.706 Thread 0x0000000015ca7000 flushing nmethod 0x0000000004523010
Event: 1188.707 Thread 0x0000000018112000 Thread exited: 0x0000000018112000
Event: 1188.707 Executing VM operation: Exit


Dynamic libraries:
0x0000000000400000 - 0x000000000044f000 	C:\Users\XLInux\SDK\2015.2\eclipse\win64.o\eclipse.exe
0x00007ffad6b70000 - 0x00007ffad6d51000 	C:\Windows\SYSTEM32\ntdll.dll
0x00007ffad60d0000 - 0x00007ffad6181000 	C:\Windows\System32\KERNEL32.DLL
0x00007ffad30b0000 - 0x00007ffad3323000 	C:\Windows\System32\KERNELBASE.dll
0x00007ffad5eb0000 - 0x00007ffad6040000 	C:\Windows\System32\USER32.dll
0x00007ffad3090000 - 0x00007ffad30b0000 	C:\Windows\System32\win32u.dll
0x00007ffad6040000 - 0x00007ffad6068000 	C:\Windows\System32\GDI32.dll
0x00007ffad33d0000 - 0x00007ffad3562000 	C:\Windows\System32\gdi32full.dll
0x00007ffad3330000 - 0x00007ffad33cf000 	C:\Windows\System32\msvcp_win.dll
0x00007ffad2f90000 - 0x00007ffad3088000 	C:\Windows\System32\ucrtbase.dll
0x00007ffad6280000 - 0x00007ffad631e000 	C:\Windows\System32\msvcrt.dll
0x00007ffac3950000 - 0x00007ffac3bb9000 	C:\Windows\WinSxS\amd64_microsoft.windows.common-controls_6595b64144ccf1df_6.0.17134.765_none_fb42a1a930655896\COMCTL32.dll
0x00007ffad6320000 - 0x00007ffad6642000 	C:\Windows\System32\combase.dll
0x00007ffad6650000 - 0x00007ffad6774000 	C:\Windows\System32\RPCRT4.dll
0x00007ffad3680000 - 0x00007ffad36fa000 	C:\Windows\System32\bcryptPrimitives.dll
0x00007ffad5e10000 - 0x00007ffad5e3d000 	C:\Windows\System32\IMM32.DLL
0x0000000072000000 - 0x0000000072012000 	C:\Users\XLInux\SDK\2015.2\eclipse\win64.o\plugins\org.eclipse.equinox.launcher.win32.win32.x86_64_1.1.200.v20140116-2212\eclipse_1503.dll
0x00007ffad6780000 - 0x00007ffad6821000 	C:\Windows\System32\ADVAPI32.dll
0x00007ffad58b0000 - 0x00007ffad590b000 	C:\Windows\System32\sechost.dll
0x00007ffacd790000 - 0x00007ffacd79a000 	C:\Windows\SYSTEM32\VERSION.dll
0x00007ffad1070000 - 0x00007ffad1108000 	C:\Windows\system32\uxtheme.dll
0x00007ffad69c0000 - 0x00007ffad6b33000 	C:\Windows\System32\MSCTF.dll
0x00007ffad68f0000 - 0x00007ffad69b2000 	C:\Windows\System32\OLEAUT32.dll
0x0000000002800000 - 0x000000000305a000 	C:\Users\XLInux\SDK\2015.2\tps\win64\jre\bin\server\jvm.dll
0x00007ffad42a0000 - 0x00007ffad42a8000 	C:\Windows\System32\PSAPI.DLL
0x00007ffac9340000 - 0x00007ffac9349000 	C:\Windows\SYSTEM32\WSOCK32.dll
0x00007ffac9720000 - 0x00007ffac9743000 	C:\Windows\SYSTEM32\WINMM.dll
0x00000000751a0000 - 0x0000000075272000 	C:\Windows\SYSTEM32\MSVCR100.dll
0x00007ffad5e40000 - 0x00007ffad5eac000 	C:\Windows\System32\WS2_32.dll
0x00007ffac9510000 - 0x00007ffac953a000 	C:\Windows\SYSTEM32\winmmbase.dll
0x00007ffad2f40000 - 0x00007ffad2f89000 	C:\Windows\System32\cfgmgr32.dll
0x0000000071da0000 - 0x0000000071daf000 	C:\Users\XLInux\SDK\2015.2\tps\win64\jre\bin\verify.dll
0x0000000071d70000 - 0x0000000071d98000 	C:\Users\XLInux\SDK\2015.2\tps\win64\jre\bin\java.dll
0x0000000071d50000 - 0x0000000071d66000 	C:\Users\XLInux\SDK\2015.2\tps\win64\jre\bin\zip.dll
0x00007ffad42b0000 - 0x00007ffad56f0000 	C:\Windows\System32\SHELL32.dll
0x00007ffad5d60000 - 0x00007ffad5e09000 	C:\Windows\System32\shcore.dll
0x00007ffad38f0000 - 0x00007ffad3ffd000 	C:\Windows\System32\windows.storage.dll
0x00007ffad56f0000 - 0x00007ffad5741000 	C:\Windows\System32\shlwapi.dll
0x00007ffad2eb0000 - 0x00007ffad2ec1000 	C:\Windows\System32\kernel.appcore.dll
0x00007ffad2ed0000 - 0x00007ffad2eef000 	C:\Windows\System32\profapi.dll
0x00007ffad2ef0000 - 0x00007ffad2f3c000 	C:\Windows\System32\powrprof.dll
0x00007ffad2ea0000 - 0x00007ffad2eaa000 	C:\Windows\System32\FLTLIB.DLL
0x00007ffad28b0000 - 0x00007ffad28c7000 	C:\Windows\SYSTEM32\CRYPTSP.dll
0x00007ffad22e0000 - 0x00007ffad2313000 	C:\Windows\system32\rsaenh.dll
0x00007ffad29e0000 - 0x00007ffad2a05000 	C:\Windows\SYSTEM32\bcrypt.dll
0x00007ffad2db0000 - 0x00007ffad2dd8000 	C:\Windows\SYSTEM32\USERENV.dll
0x00007ffad28d0000 - 0x00007ffad28db000 	C:\Windows\SYSTEM32\CRYPTBASE.dll
0x0000000071d30000 - 0x0000000071d4a000 	C:\Users\XLInux\SDK\2015.2\tps\win64\jre\bin\net.dll
0x00007ffad2700000 - 0x00007ffad2766000 	C:\Windows\system32\mswsock.dll
0x00007ffad2480000 - 0x00007ffad24b8000 	C:\Windows\SYSTEM32\IPHLPAPI.DLL
0x00007ffad68e0000 - 0x00007ffad68e8000 	C:\Windows\System32\NSI.dll
0x00007ffacd600000 - 0x00007ffacd616000 	C:\Windows\SYSTEM32\dhcpcsvc6.DLL
0x00007ffacd450000 - 0x00007ffacd46a000 	C:\Windows\SYSTEM32\dhcpcsvc.DLL
0x0000000071d10000 - 0x0000000071d21000 	C:\Users\XLInux\SDK\2015.2\tps\win64\jre\bin\nio.dll
0x00007ffac2920000 - 0x00007ffac29b6000 	C:\Windows\System32\TextInputFramework.dll
0x00007ffac2580000 - 0x00007ffac289e000 	C:\Windows\System32\CoreUIComponents.dll
0x00007ffad0820000 - 0x00007ffad08fa000 	C:\Windows\System32\CoreMessaging.dll
0x00007ffad1f50000 - 0x00007ffad1f81000 	C:\Windows\SYSTEM32\ntmarta.dll
0x00007ffacee60000 - 0x00007ffacefad000 	C:\Windows\SYSTEM32\wintypes.dll
0x00007ffad13f0000 - 0x00007ffad1419000 	C:\Windows\system32\dwmapi.dll
0x00007ffacb6d0000 - 0x00007ffacb73b000 	C:\Windows\system32\Oleacc.dll
0x00007ffab2720000 - 0x00007ffab2736000 	C:\Windows\system32\napinsp.dll
0x00007ffab2700000 - 0x00007ffab271a000 	C:\Windows\system32\pnrpnsp.dll
0x00007fface030000 - 0x00007fface049000 	C:\Windows\system32\NLAapi.dll
0x00007ffad24c0000 - 0x00007ffad257e000 	C:\Windows\SYSTEM32\DNSAPI.dll
0x00007ffab0bf0000 - 0x00007ffab0bfe000 	C:\Windows\System32\winrnr.dll
0x00007ffaccf50000 - 0x00007ffaccf65000 	C:\Windows\System32\wshbth.dll
0x00007ffaccb30000 - 0x00007ffaccb3a000 	C:\Windows\System32\rasadhlp.dll
0x00007ffacc730000 - 0x00007ffacc7a2000 	C:\Windows\System32\fwpuclnt.dll
0x0000000019020000 - 0x00000000190c8000 	C:\Users\yizii\.Xilinx\SDK\2015.2\org.eclipse.osgi\bundles\287\1\.cp\swt-win32-4335.dll
0x00007ffad5750000 - 0x00007ffad58a1000 	C:\Windows\System32\ole32.dll
0x00007ffad6190000 - 0x00007ffad627d000 	C:\Windows\System32\comdlg32.dll
0x00007ffad3700000 - 0x00007ffad38e2000 	C:\Windows\System32\CRYPT32.dll
0x00007ffad2e80000 - 0x00007ffad2e92000 	C:\Windows\System32\MSASN1.dll
0x00007ffac91f0000 - 0x00007ffac9275000 	C:\Windows\SYSTEM32\WINSPOOL.DRV
0x00007ffacee40000 - 0x00007ffacee59000 	C:\Windows\SYSTEM32\USP10.dll
0x00007ffac6fc0000 - 0x00007ffac74e1000 	C:\Windows\SYSTEM32\WININET.dll
0x00007ffad0d40000 - 0x00007ffad0ef4000 	C:\Windows\SYSTEM32\PROPSYS.dll
0x00007ffad6840000 - 0x00007ffad68e0000 	C:\Windows\System32\clbcatq.dll
0x0000000003070000 - 0x000000000308e000 	C:\Users\yizii\.Xilinx\SDK\2015.2\org.eclipse.osgi\bundles\287\1\.cp\swt-gdip-win32-4335.dll
0x00007ffabac30000 - 0x00007ffabadcb000 	C:\Windows\WinSxS\amd64_microsoft.windows.gdiplus_6595b64144ccf1df_1.1.17134.765_none_2c2d948e8af7d264\gdiplus.dll
0x00007ffac2370000 - 0x00007ffac251e000 	C:\Windows\SYSTEM32\WindowsCodecs.dll
0x0000000180000000 - 0x0000000180012000 	C:\Users\yizii\.Xilinx\SDK\2015.2\org.eclipse.osgi\bundles\113\1\.cp\os\win32\x86_64\localfile_1_0_0.dll
0x00007ffacdbd0000 - 0x00007ffacdbe1000 	C:\Users\yizii\.Xilinx\SDK\2015.2\org.eclipse.osgi\bundles\116\1\.cp\jWinHttp-1.0.0.dll
0x00007fface510000 - 0x00007fface5ed000 	C:\Windows\SYSTEM32\WINHTTP.dll
0x00007ffab6270000 - 0x00007ffab62c8000 	C:\Windows\system32\dataexchange.dll
0x00007ffacfa60000 - 0x00007ffacfd6b000 	C:\Windows\system32\d3d11.dll
0x00007ffad0340000 - 0x00007ffad04dc000 	C:\Windows\system32\dcomp.dll
0x00007ffad1c20000 - 0x00007ffad1cdb000 	C:\Windows\system32\dxgi.dll
0x00007ffad1230000 - 0x00007ffad13e8000 	C:\Windows\system32\twinapi.appcore.dll
0x00007ffad1420000 - 0x00007ffad1449000 	C:\Windows\system32\RMCLIENT.dll
0x00007ffab0910000 - 0x00007ffab094f000 	C:\Windows\system32\mlang.dll
0x00007ffaccb20000 - 0x00007ffaccb30000 	C:\Users\XLInux\SDK\2015.2\lib\win64.o\librdi_repo_manager.dll
0x00007ffac6450000 - 0x00007ffac647a000 	C:\Users\XLInux\SDK\2015.2\lib\win64.o\libisl_sysinfo.dll
0x00007ffabce30000 - 0x00007ffabce84000 	C:\Users\XLInux\SDK\2015.2\lib\win64.o\librdi_commonxillic.dll
0x00007ffaa72a0000 - 0x00007ffaa7be3000 	C:\Users\XLInux\SDK\2015.2\lib\win64.o\librdi_common.dll
0x00007ffaaa6f0000 - 0x00007ffaaa8d8000 	C:\Users\XLInux\SDK\2015.2\lib\win64.o\librdi_hsm.dll
0x00007ffaa5ab0000 - 0x00007ffaa5b84000 	C:\Windows\SYSTEM32\MSVCR110.dll
0x00007ffab3d30000 - 0x00007ffab3dd7000 	C:\Windows\SYSTEM32\MSVCP110.dll
0x00007ffabb830000 - 0x00007ffabba50000 	C:\Users\XLInux\SDK\2015.2\lib\win64.o\libXil_lmgr11.dll
0x00007ffad3620000 - 0x00007ffad3677000 	C:\Windows\System32\WINTRUST.dll
0x00007ffabd500000 - 0x00007ffabd5fa000 	C:\Users\XLInux\SDK\2015.2\lib\win64.o\libboost_regex.dll
0x00007fface890000 - 0x00007fface899000 	C:\Users\XLInux\SDK\2015.2\lib\win64.o\libboost_system.dll
0x00007ffaca440000 - 0x00007ffaca462000 	C:\Users\XLInux\SDK\2015.2\lib\win64.o\libboost_filesystem.dll
0x00007ffabbcb0000 - 0x00007ffabbf58000 	C:\Users\XLInux\SDK\2015.2\lib\win64.o\libCOIN-all.dll
0x00007ffacc580000 - 0x00007ffacc593000 	C:\Users\XLInux\SDK\2015.2\lib\win64.o\libboost_signals.dll
0x00007ffabd810000 - 0x00007ffabd884000 	C:\Users\XLInux\SDK\2015.2\lib\win64.o\libboost_program_options.dll
0x00007ffacedf0000 - 0x00007ffacee00000 	C:\Users\XLInux\SDK\2015.2\lib\win64.o\libboost_date_time.dll
0x00007ffacc190000 - 0x00007ffacc1ad000 	C:\Users\XLInux\SDK\2015.2\lib\win64.o\libboost_thread.dll
0x00007ffabcf30000 - 0x00007ffabcfb0000 	C:\Users\XLInux\SDK\2015.2\lib\win64.o\libhdlpsolve.dll
0x00007ffabce90000 - 0x00007ffabcf2a000 	C:\Users\XLInux\SDK\2015.2\lib\win64.o\libhdxml.dll
0x00007ffaa1da0000 - 0x00007ffaa23aa200 	C:\Users\XLInux\SDK\2015.2\lib\win64.o\libisl_iostreams.dll
0x00007ffaca200000 - 0x00007ffaca223000 	C:\Users\XLInux\SDK\2015.2\lib\win64.o\libisl_iosutils.dll
0x00007ffacd8e0000 - 0x00007ffacd8f5000 	C:\Users\XLInux\SDK\2015.2\lib\win64.o\pthreadVC2.dll
0x00007ffabca40000 - 0x00007ffabca83000 	C:\Users\XLInux\SDK\2015.2\lib\win64.o\librdi_hdf.dll
0x00007ffabc3f0000 - 0x00007ffabc520000 	C:\Users\XLInux\SDK\2015.2\lib\win64.o\librdi_curl.dll
0x00007ffaa9a10000 - 0x00007ffaa9bca000 	C:\Users\XLInux\SDK\2015.2\lib\win64.o\librdi_ippcw.dll
0x00007ffaca350000 - 0x00007ffaca368000 	C:\Users\XLInux\SDK\2015.2\lib\win64.o\librdiconfig.dll
0x0000000071db0000 - 0x0000000071ed7000 	C:\Users\XLInux\SDK\2015.2\lib\win64.o\tcl85t.dll
0x00007ffac6420000 - 0x00007ffac6443000 	C:\Users\XLInux\SDK\2015.2\lib\win64.o\librdizlib.dll
0x00007ffac61b0000 - 0x00007ffac6378000 	C:\Windows\SYSTEM32\urlmon.dll
0x00007ffaa2df0000 - 0x00007ffaa2e13000 	C:\Windows\SYSTEM32\VCOMP110.DLL
0x00007ffac68c0000 - 0x00007ffac68d7000 	C:\Windows\SYSTEM32\NETAPI32.dll
0x00007fface330000 - 0x00007fface33b000 	C:\Users\XLInux\SDK\2015.2\lib\win64.o\libboost_chrono.dll
0x00007ffaca300000 - 0x00007ffaca316000 	C:\Users\XLInux\SDK\2015.2\lib\win64.o\libboost_iostreams.dll
0x00007ffac5a70000 - 0x00007ffac5d17000 	C:\Windows\SYSTEM32\iertutil.dll
0x00000000221a0000 - 0x0000000022403000 	C:\Users\XLInux\SDK\2015.2\lib\win64.o\xerces-c_3_1.dll
0x00007ffaca390000 - 0x00007ffaca3ac000 	C:\Users\XLInux\SDK\2015.2\lib\win64.o\librdi_hw_platform.dll

VM Arguments:
jvm_args: -Dcom.xilinx.sdk.args.hwspec=C:/Users/yizii/Desktop/SOC/lab4/lab4.sdk/system_wrapper.hdf -Xms64m -Xmx512m & 
java_command: <unknown>
java_class_path (initial): C:\Users\XLInux\SDK\2015.2\eclipse\win64.o\\plugins/org.eclipse.equinox.launcher_1.3.0.v20130327-1440.jar
Launcher Type: generic

Environment Variables:
PATH=C:/Users/XLInux/SDK/2015.2/tps/win64/jre/bin/server;C:/Users/XLInux/SDK/2015.2/tps/win64/jre/bin;C:/Users/XLInux/SDK/2015.2/tps/win64/jre/lib/amd64;C:\Users\XLInux\SDK\2015.2\gnuwin\bin;C:\Users\XLInux\SDK\2015.2\gnu\microblaze\nt\bin;C:\Users\XLInux\SDK\2015.2\gnu\microblaze\linux_toolchain\nt64_le\bin;C:\Users\XLInux\SDK\2015.2\gnu\microblaze\linux_toolchain\nt64_be\bin;C:\Users\XLInux\SDK\2015.2\gnu\arm\nt\bin;C:\Users\XLInux\SDK\2015.2\gnu\aarch64\nt\aarch64-none\bin;C:\Users\XLInux\SDK\2015.2\gnu\aarch64\nt\aarch64-linux\bin;C:\Users\XLInux\SDK\2015.2\gnu\armr5\nt\gcc-arm-none-eabi\bin;C:\Users\XLInux\SDK\2015.2\gnu\aarch32\nt\gcc-arm-none-eabi\bin;C:\Users\XLInux\SDK\2015.2\gnu\aarch32\nt\gcc-arm-linux-gnueabi\bin;C:\Users\XLInux\SDK\2015.2\bin;C:\Users\XLInux\SDK\2015.2\lib\win64.o;C:\Users\XLInux\SDK\2015.2\tps\win64\jre\bin\server;C:\Users\XLInux\SDK\2015.2\tps\win64\jre\bin;C:\Users\XLInux\SDK\2015.2\bin;C:\Users\XLInux\SDK\2015.2\bin;C:\Users\XLInux\Vivado\2015.2\ids_lite\ISE\bin\nt64;C:\Users\XLInux\Vivado\2015.2\ids_lite\ISE\lib\nt64;C:\Users\XLInux\Vivado\2015.2\bin;C:\Users\XLInux\Vivado\2015.2\lib\win64.o;C:\Users\XLInux\Vivado\2015.2\tps\win64\jre\bin\server;C:\Users\XLInux\Vivado\2015.2\tps\win64\jre\bin;C:\Users\XLInux\SDK\2015.2\bin;C:\Users\XLInux\Vivado\2015.2\ids_lite\ISE\bin\nt64;C:\Users\XLInux\Vivado\2015.2\ids_lite\ISE\lib\nt64;C:\Windows\system32;C:\Windows;C:\Windows\System32\Wbem;C:\Windows\System32\WindowsPowerShell\v1.0\;C:\Windows\System32\OpenSSH\;E:\softwore\MPLABX\bin;E:\softwore\xc8\bin;E:\softwore\xc16\bin;C:\Program Files\Git\cmd;C:\Program Files (x86)\Altium Designer Winter 09\System;C:\Users\yizii\AppData\Local\Programs\Python\Python37-32\Scripts\;C:\Users\yizii\AppData\Local\Programs\Python\Python37-32\;C:\Users\yizii\AppData\Local\Microsoft\WindowsApps;;C:\Users\yizii\AppData\Local\Programs\Microsoft VS Code\bin;c:\Users\yizii\Desktop\SOC\lab2;
USERNAME=yizii
OS=Windows_NT
PROCESSOR_IDENTIFIER=Intel64 Family 6 Model 94 Stepping 3, GenuineIntel



---------------  S Y S T E M  ---------------

OS: Windows 8 , 64 bit Build 9200 

CPU:total 4 (4 cores per cpu, 1 threads per core) family 6 model 94 stepping 3, cmov, cx8, fxsr, mmx, sse, sse2, sse3, ssse3, sse4.1, sse4.2, popcnt, avx, avx2, aes, clmul, erms, rtm, lzcnt, tsc, tscinvbit, bmi1, bmi2

Memory: 4k page, physical 8282240k(2734356k free), swap 10946204k(1645564k free)

vm_info: Java HotSpot(TM) 64-Bit Server VM (25.25-b02) for windows-amd64 JRE (1.8.0_25-b18), built on Oct  7 2014 14:25:37 by "java_re" with MS VC++ 10.0 (VS2010)

time: Thu Jun 06 14:41:31 2019
elapsed time: 1196 seconds (0d 0h 19m 56s)

