#
# A fatal error has been detected by the Java Runtime Environment:
#
#  Internal Error (0xc000000d), pid=14824, tid=3412
#
# JRE version: Java(TM) SE Runtime Environment (8.0_25-b18) (build 1.8.0_25-b18)
# Java VM: Java HotSpot(TM) 64-Bit Server VM (25.25-b02 mixed mode windows-amd64 compressed oops)
# Problematic frame:
# C  [ntdll.dll+0x108580]
#
# Failed to write core dump. Minidumps are not enabled by default on client versions of Windows
#
# If you would like to submit a bug report, please visit:
#   http://bugreport.sun.com/bugreport/crash.jsp
#

---------------  T H R E A D  ---------------

Current thread (0x00000000144e6000):  VMThread [stack: 0x0000000015590000,0x0000000015690000] [id=3412]

siginfo: ExceptionCode=0xc000000d

Registers:
RAX=0x0000000000000000, RBX=0xfffffffffffffffe, RCX=0x000000000015179c, RDX=0x0000000300000020
RSP=0x000000001568f1a0, RBP=0x00007ffaa5ab7408, RSI=0x0000000000000000, RDI=0x0000000000000d4c
R8 =0x000000001568f000, R9 =0x0000000000000070, R10=0x0000000000000000, R11=0x0000000000000000
R12=0x0000000016d729f0, R13=0x00000000259c3c00, R14=0x0000000016d72af8, R15=0x000000001568f318
RIP=0x00007ffad6c78580, EFLAGS=0x0000000000000206

Top of Stack: (sp=0x000000001568f1a0)
0x000000001568f1a0:   0000000000000057 fffffffffffffffe
0x000000001568f1b0:   0000000000000000 0000000000000d4c
0x000000001568f1c0:   00000000c000000d 0000000000000000
0x000000001568f1d0:   00007ffad6c78580 0000000000000000
0x000000001568f1e0:   0000000000000000 0000000000000000
0x000000001568f1f0:   0000000000000000 0000000000000000
0x000000001568f200:   0000000000000000 0000000000000000
0x000000001568f210:   0000000000000000 0000000000000000
0x000000001568f220:   0000000000000000 0000000000000000
0x000000001568f230:   0000000000000000 0000000000000000
0x000000001568f240:   0000000000000000 0000000000000000
0x000000001568f250:   0000000000000000 00007ffad6b8f5ec
0x000000001568f260:   00006df171165e38 000000001568f360
0x000000001568f270:   0000000000000000 00007ffad6c2786f
0x000000001568f280:   000000001568f298 0000000000000000
0x000000001568f290:   0000000000534100 00007ffad6bbaab0 

Instructions: (pc=0x00007ffad6c78580)
0x00007ffad6c78560:   90 f9 ff c7 44 24 20 0d 00 00 c0 b9 57 00 00 00
0x00007ffad6c78570:   e8 1b fe ef ff 90 48 8d 4c 24 20 e8 00 36 f0 ff
0x00007ffad6c78580:   eb 00 48 8b 8c 24 c0 00 00 00 48 33 cc e8 4e 2b
0x00007ffad6c78590:   f8 ff 48 81 c4 d8 00 00 00 c3 40 55 48 83 ec 20 


Register to memory mapping:

RAX=0x0000000000000000 is an unknown value
RBX=0xfffffffffffffffe is an unknown value
RCX=0x000000000015179c is an unknown value
RDX=0x0000000300000020 is an unknown value
RSP=0x000000001568f1a0 is an unknown value
RBP=0x00007ffaa5ab7408 is an unknown value
RSI=0x0000000000000000 is an unknown value
RDI=0x0000000000000d4c is an unknown value
R8 =0x000000001568f000 is an unknown value
R9 =0x0000000000000070 is an unknown value
R10=0x0000000000000000 is an unknown value
R11=0x0000000000000000 is an unknown value
R12=0x0000000016d729f0 is an unknown value
R13=0x00000000259c3c00 is an unknown value
R14=0x0000000016d72af8 is an unknown value
R15=0x000000001568f318 is an unknown value


Stack: [0x0000000015590000,0x0000000015690000],  sp=0x000000001568f1a0,  free space=1020k
Native frames: (J=compiled Java code, j=interpreted, Vv=VM code, C=native code)
C  [ntdll.dll+0x108580]
C  [ntdll.dll+0xb786f]
C  [KERNEL32.DLL+0x1e92a]
C  [MSVCR110.dll+0x752d]
C  [MSVCR110.dll+0x14cde]
C  [MSVCR110.dll+0x13edc]
C  [MSVCR110.dll+0x239e]
C  [MSVCR110.dll+0xaf9e]
C  [MSVCP110.dll+0x397b9]
C  [librdi_common.dll+0x135d02]
C  [librdi_common.dll+0x13447b]
C  0x00007ffac3da0904
C  0x00007ffac3da0b86
C  [ntdll.dll+0x3b583]
C  [ntdll.dll+0x47f85]
C  [ntdll.dll+0x47e48]
C  [KERNEL32.DLL+0x1ca7a]
C  [MSVCR100.dll+0x20ccd]
V  [jvm.dll+0x1f9c55]
V  [jvm.dll+0x2325e7]
V  [jvm.dll+0x231826]
V  [jvm.dll+0x231cc1]
V  [jvm.dll+0x231ede]
V  [jvm.dll+0x2852fa]
C  [MSVCR100.dll+0x21d9f]
C  [MSVCR100.dll+0x21e3b]
C  [KERNEL32.DLL+0x14034]
C  [ntdll.dll+0x73691]

VM_Operation (0x000000000014f500): Exit, mode: safepoint, requested by thread 0x00000000031ae000


---------------  P R O C E S S  ---------------

Java Threads: ( => current thread )
  0x000000001cc07800 JavaThread "Spawner Reaper" daemon [_thread_in_native, id=11020, stack(0x0000000030170000,0x0000000030270000)]
  0x000000001b8db000 JavaThread "TCF Locator DNS Lookup" daemon [_thread_blocked, id=9364, stack(0x0000000020cf0000,0x0000000020df0000)]
  0x000000001b8da000 JavaThread "TCF Locator Timer" daemon [_thread_blocked, id=11180, stack(0x0000000020bf0000,0x0000000020cf0000)]
  0x000000001b8d9800 JavaThread "TCF Locator Receiver" daemon [_thread_in_native, id=4376, stack(0x0000000020af0000,0x0000000020bf0000)]
  0x000000001b8d8800 JavaThread "TCF Timer Dispatcher" daemon [_thread_blocked, id=988, stack(0x00000000208f0000,0x00000000209f0000)]
  0x0000000017c67000 JavaThread "EMF Reference Cleaner" daemon [_thread_blocked, id=15148, stack(0x00000000194a0000,0x00000000195a0000)]
  0x000000001592d000 JavaThread "Service Thread" daemon [_thread_blocked, id=4636, stack(0x0000000016190000,0x0000000016290000)]
  0x000000001455c000 JavaThread "C1 CompilerThread2" daemon [_thread_blocked, id=9528, stack(0x0000000016090000,0x0000000016190000)]
  0x0000000014546000 JavaThread "C2 CompilerThread1" daemon [_thread_blocked, id=2892, stack(0x0000000015f90000,0x0000000016090000)]
  0x0000000014539800 JavaThread "C2 CompilerThread0" daemon [_thread_blocked, id=3220, stack(0x0000000015e90000,0x0000000015f90000)]
  0x00000000158d3000 JavaThread "Attach Listener" daemon [_thread_blocked, id=10140, stack(0x0000000015d90000,0x0000000015e90000)]
  0x00000000158d2800 JavaThread "Signal Dispatcher" daemon [_thread_blocked, id=8840, stack(0x0000000015c90000,0x0000000015d90000)]
  0x00000000030a6000 JavaThread "Finalizer" daemon [_thread_blocked, id=4732, stack(0x0000000015790000,0x0000000015890000)]
  0x00000000144e8800 JavaThread "Reference Handler" daemon [_thread_blocked, id=1508, stack(0x0000000015690000,0x0000000015790000)]
  0x00000000031ae000 JavaThread "main" [_thread_blocked, id=5664, stack(0x0000000000050000,0x0000000000150000)]

Other Threads:
=>0x00000000144e6000 VMThread [stack: 0x0000000015590000,0x0000000015690000] [id=3412]

VM state:at safepoint (shutting down)

VM Mutex/Monitor currently owned by a thread:  ([mutex/lock_event])
[0x00000000031adce0] Threads_lock - owner thread: 0x00000000144e6000

Heap:
 PSYoungGen      total 85504K, used 26695K [0x00000000f5580000, 0x00000000fc180000, 0x0000000100000000)
  eden space 60416K, 44% used [0x00000000f5580000,0x00000000f6f91f40,0x00000000f9080000)
  from space 25088K, 0% used [0x00000000fa900000,0x00000000fa900000,0x00000000fc180000)
  to   space 25088K, 0% used [0x00000000f9080000,0x00000000f9080000,0x00000000fa900000)
 ParOldGen       total 107520K, used 49817K [0x00000000e0000000, 0x00000000e6900000, 0x00000000f5580000)
  object space 107520K, 46% used [0x00000000e0000000,0x00000000e30a66b0,0x00000000e6900000)
 Metaspace       used 79766K, capacity 85276K, committed 85632K, reserved 1124352K
  class space    used 9889K, capacity 11541K, committed 11648K, reserved 1048576K

Card table byte_map: [0x0000000012570000,0x0000000012680000] byte_map_base: 0x0000000011e70000

Marking Bits: (ParMarkBitMap*) 0x0000000002f2d490
 Begin Bits: [0x0000000012a80000, 0x0000000013280000)
 End Bits:   [0x0000000013280000, 0x0000000013a80000)

Polling page: 0x0000000002700000

CodeCache: size=245760Kb used=28889Kb max_used=29082Kb free=216870Kb
 bounds [0x00000000031b0000, 0x0000000004e50000, 0x00000000121b0000]
 total_blobs=8955 nmethods=8113 adapters=750
 compilation: enabled

Compilation events (10 events):
Event: 463.826 Thread 0x000000001455c000 9878       1       org.eclipse.osgi.internal.loader.BundleLoaderProxy::getBasicBundleLoader (5 bytes)
Event: 463.826 Thread 0x000000001455c000 nmethod 9878 0x0000000003eb3810 code [0x0000000003eb3960, 0x0000000003eb3a70]
Event: 463.836 Thread 0x000000001455c000 9884       3       java.io.File::list (33 bytes)
Event: 463.836 Thread 0x000000001455c000 nmethod 9884 0x00000000045edcd0 code [0x00000000045edea0, 0x00000000045ee5c8]
Event: 463.877 Thread 0x0000000014546000 9885       4       java.io.WinNTFileSystem::resolve (231 bytes)
Event: 463.886 Thread 0x0000000014546000 nmethod 9885 0x0000000003b6a610 code [0x0000000003b6a7c0, 0x0000000003b6b090]
Event: 463.900 Thread 0x000000001455c000 9886   !   3       org.eclipse.osgi.internal.baseadaptor.BaseStorage::compact (215 bytes)
Event: 463.902 Thread 0x000000001455c000 nmethod 9886 0x0000000004a3d610 code [0x0000000004a3da40, 0x0000000004a3fea8]
Event: 463.930 Thread 0x000000001455c000 9887       3       org.eclipse.osgi.framework.internal.core.AbstractBundle::close (52 bytes)
Event: 463.930 Thread 0x000000001455c000 nmethod 9887 0x0000000004a3c190 code [0x0000000004a3c3c0, 0x0000000004a3d0a8]

GC Heap History (10 events):
Event: 316.086 GC heap before
{Heap before GC invocations=30 (full 8):
 PSYoungGen      total 86016K, used 3773K [0x00000000f5580000, 0x00000000fc380000, 0x0000000100000000)
  eden space 60416K, 0% used [0x00000000f5580000,0x00000000f5580000,0x00000000f9080000)
  from space 25600K, 14% used [0x00000000faa80000,0x00000000fae2f5e0,0x00000000fc380000)
  to   space 26112K, 0% used [0x00000000f9080000,0x00000000f9080000,0x00000000faa00000)
 ParOldGen       total 107520K, used 47846K [0x00000000e0000000, 0x00000000e6900000, 0x00000000f5580000)
  object space 107520K, 44% used [0x00000000e0000000,0x00000000e2eb9960,0x00000000e6900000)
 Metaspace       used 78070K, capacity 83700K, committed 83968K, reserved 1122304K
  class space    used 9737K, capacity 11442K, committed 11520K, reserved 1048576K
Event: 316.405 GC heap after
Heap after GC invocations=30 (full 8):
 PSYoungGen      total 86016K, used 0K [0x00000000f5580000, 0x00000000fc380000, 0x0000000100000000)
  eden space 60416K, 0% used [0x00000000f5580000,0x00000000f5580000,0x00000000f9080000)
  from space 25600K, 0% used [0x00000000faa80000,0x00000000faa80000,0x00000000fc380000)
  to   space 26112K, 0% used [0x00000000f9080000,0x00000000f9080000,0x00000000faa00000)
 ParOldGen       total 107520K, used 49950K [0x00000000e0000000, 0x00000000e6900000, 0x00000000f5580000)
  object space 107520K, 46% used [0x00000000e0000000,0x00000000e30c7990,0x00000000e6900000)
 Metaspace       used 78070K, capacity 83700K, committed 83968K, reserved 1122304K
  class space    used 9737K, capacity 11442K, committed 11520K, reserved 1048576K
}
Event: 376.099 GC heap before
{Heap before GC invocations=31 (full 8):
 PSYoungGen      total 86016K, used 27896K [0x00000000f5580000, 0x00000000fc380000, 0x0000000100000000)
  eden space 60416K, 46% used [0x00000000f5580000,0x00000000f70be280,0x00000000f9080000)
  from space 25600K, 0% used [0x00000000faa80000,0x00000000faa80000,0x00000000fc380000)
  to   space 26112K, 0% used [0x00000000f9080000,0x00000000f9080000,0x00000000faa00000)
 ParOldGen       total 107520K, used 49950K [0x00000000e0000000, 0x00000000e6900000, 0x00000000f5580000)
  object space 107520K, 46% used [0x00000000e0000000,0x00000000e30c7990,0x00000000e6900000)
 Metaspace       used 78713K, capacity 84244K, committed 84480K, reserved 1122304K
  class space    used 9791K, capacity 11474K, committed 11520K, reserved 1048576K
Event: 376.103 GC heap after
Heap after GC invocations=31 (full 8):
 PSYoungGen      total 62464K, used 1939K [0x00000000f5580000, 0x00000000fc180000, 0x0000000100000000)
  eden space 60416K, 0% used [0x00000000f5580000,0x00000000f5580000,0x00000000f9080000)
  from space 2048K, 94% used [0x00000000f9080000,0x00000000f9264cf0,0x00000000f9280000)
  to   space 25088K, 0% used [0x00000000fa900000,0x00000000fa900000,0x00000000fc180000)
 ParOldGen       total 107520K, used 49958K [0x00000000e0000000, 0x00000000e6900000, 0x00000000f5580000)
  object space 107520K, 46% used [0x00000000e0000000,0x00000000e30c9990,0x00000000e6900000)
 Metaspace       used 78713K, capacity 84244K, committed 84480K, reserved 1122304K
  class space    used 9791K, capacity 11474K, committed 11520K, reserved 1048576K
}
Event: 376.103 GC heap before
{Heap before GC invocations=32 (full 9):
 PSYoungGen      total 62464K, used 1939K [0x00000000f5580000, 0x00000000fc180000, 0x0000000100000000)
  eden space 60416K, 0% used [0x00000000f5580000,0x00000000f5580000,0x00000000f9080000)
  from space 2048K, 94% used [0x00000000f9080000,0x00000000f9264cf0,0x00000000f9280000)
  to   space 25088K, 0% used [0x00000000fa900000,0x00000000fa900000,0x00000000fc180000)
 ParOldGen       total 107520K, used 49958K [0x00000000e0000000, 0x00000000e6900000, 0x00000000f5580000)
  object space 107520K, 46% used [0x00000000e0000000,0x00000000e30c9990,0x00000000e6900000)
 Metaspace       used 78713K, capacity 84244K, committed 84480K, reserved 1122304K
  class space    used 9791K, capacity 11474K, committed 11520K, reserved 1048576K
Event: 376.382 GC heap after
Heap after GC invocations=32 (full 9):
 PSYoungGen      total 62464K, used 0K [0x00000000f5580000, 0x00000000fc180000, 0x0000000100000000)
  eden space 60416K, 0% used [0x00000000f5580000,0x00000000f5580000,0x00000000f9080000)
  from space 2048K, 0% used [0x00000000f9080000,0x00000000f9080000,0x00000000f9280000)
  to   space 25088K, 0% used [0x00000000fa900000,0x00000000fa900000,0x00000000fc180000)
 ParOldGen       total 107520K, used 50093K [0x00000000e0000000, 0x00000000e6900000, 0x00000000f5580000)
  object space 107520K, 46% used [0x00000000e0000000,0x00000000e30eb5f0,0x00000000e6900000)
 Metaspace       used 78713K, capacity 84244K, committed 84480K, reserved 1122304K
  class space    used 9791K, capacity 11474K, committed 11520K, reserved 1048576K
}
Event: 436.111 GC heap before
{Heap before GC invocations=33 (full 9):
 PSYoungGen      total 62464K, used 16195K [0x00000000f5580000, 0x00000000fc180000, 0x0000000100000000)
  eden space 60416K, 26% used [0x00000000f5580000,0x00000000f6550c38,0x00000000f9080000)
  from space 2048K, 0% used [0x00000000f9080000,0x00000000f9080000,0x00000000f9280000)
  to   space 25088K, 0% used [0x00000000fa900000,0x00000000fa900000,0x00000000fc180000)
 ParOldGen       total 107520K, used 50093K [0x00000000e0000000, 0x00000000e6900000, 0x00000000f5580000)
  object space 107520K, 46% used [0x00000000e0000000,0x00000000e30eb5f0,0x00000000e6900000)
 Metaspace       used 78876K, capacity 84442K, committed 84736K, reserved 1122304K
  class space    used 9799K, capacity 11475K, committed 11520K, reserved 1048576K
Event: 436.114 GC heap after
Heap after GC invocations=33 (full 9):
 PSYoungGen      total 85504K, used 672K [0x00000000f5580000, 0x00000000fc180000, 0x0000000100000000)
  eden space 60416K, 0% used [0x00000000f5580000,0x00000000f5580000,0x00000000f9080000)
  from space 25088K, 2% used [0x00000000fa900000,0x00000000fa9a8000,0x00000000fc180000)
  to   space 25088K, 0% used [0x00000000f9080000,0x00000000f9080000,0x00000000fa900000)
 ParOldGen       total 107520K, used 50101K [0x00000000e0000000, 0x00000000e6900000, 0x00000000f5580000)
  object space 107520K, 46% used [0x00000000e0000000,0x00000000e30ed5f0,0x00000000e6900000)
 Metaspace       used 78876K, capacity 84442K, committed 84736K, reserved 1122304K
  class space    used 9799K, capacity 11475K, committed 11520K, reserved 1048576K
}
Event: 436.114 GC heap before
{Heap before GC invocations=34 (full 10):
 PSYoungGen      total 85504K, used 672K [0x00000000f5580000, 0x00000000fc180000, 0x0000000100000000)
  eden space 60416K, 0% used [0x00000000f5580000,0x00000000f5580000,0x00000000f9080000)
  from space 25088K, 2% used [0x00000000fa900000,0x00000000fa9a8000,0x00000000fc180000)
  to   space 25088K, 0% used [0x00000000f9080000,0x00000000f9080000,0x00000000fa900000)
 ParOldGen       total 107520K, used 50101K [0x00000000e0000000, 0x00000000e6900000, 0x00000000f5580000)
  object space 107520K, 46% used [0x00000000e0000000,0x00000000e30ed5f0,0x00000000e6900000)
 Metaspace       used 78876K, capacity 84442K, committed 84736K, reserved 1122304K
  class space    used 9799K, capacity 11475K, committed 11520K, reserved 1048576K
Event: 436.283 GC heap after
Heap after GC invocations=34 (full 10):
 PSYoungGen      total 85504K, used 0K [0x00000000f5580000, 0x00000000fc180000, 0x0000000100000000)
  eden space 60416K, 0% used [0x00000000f5580000,0x00000000f5580000,0x00000000f9080000)
  from space 25088K, 0% used [0x00000000fa900000,0x00000000fa900000,0x00000000fc180000)
  to   space 25088K, 0% used [0x00000000f9080000,0x00000000f9080000,0x00000000fa900000)
 ParOldGen       total 107520K, used 49817K [0x00000000e0000000, 0x00000000e6900000, 0x00000000f5580000)
  object space 107520K, 46% used [0x00000000e0000000,0x00000000e30a66b0,0x00000000e6900000)
 Metaspace       used 78876K, capacity 84442K, committed 84736K, reserved 1122304K
  class space    used 9799K, capacity 11475K, committed 11520K, reserved 1048576K
}

Deoptimization events (10 events):
Event: 463.041 Thread 0x000000001cc04800 Uncommon trap: reason=bimorphic action=maybe_recompile pc=0x0000000003667ec8 method=java.util.Properties.load0(Ljava/util/Properties$LineReader;)V @ 242
Event: 463.073 Thread 0x00000000031ae000 Uncommon trap: reason=class_check action=maybe_recompile pc=0x0000000004ce7cf4 method=org.eclipse.swt.widgets.TypedListener.handleEvent(Lorg/eclipse/swt/widgets/Event;)V @ 275
Event: 463.074 Thread 0x00000000031ae000 Uncommon trap: reason=unreached action=reinterpret pc=0x000000000456669c method=org.eclipse.e4.ui.internal.workbench.swt.PartRenderingEngine.someAreVisible(Ljava/util/List;)Z @ 41
Event: 463.098 Thread 0x00000000031ae000 Uncommon trap: reason=unloaded action=reinterpret pc=0x0000000004a5da60 method=org.eclipse.emf.ecore.xmi.impl.XMLSaveImpl$Escape.convert(Ljava/lang/String;)Ljava/lang/String; @ 732
Event: 463.118 Thread 0x00000000031ae000 Uncommon trap: reason=unreached action=reinterpret pc=0x0000000004db32d4 method=org.eclipse.emf.ecore.impl.MinimalEObjectImpl.setField(ILjava/lang/Object;)V @ 9
Event: 463.170 Thread 0x00000000031ae000 Uncommon trap: reason=class_check action=maybe_recompile pc=0x0000000004ddc804 method=org.eclipse.e4.core.internal.contexts.TrackableComputationExt.update(Lorg/eclipse/e4/core/internal/contexts/ContextChangeEvent;)Z @ 62
Event: 463.170 Thread 0x00000000031ae000 Uncommon trap: reason=class_check action=maybe_recompile pc=0x0000000004ddc804 method=org.eclipse.e4.core.internal.contexts.TrackableComputationExt.update(Lorg/eclipse/e4/core/internal/contexts/ContextChangeEvent;)Z @ 62
Event: 463.170 Thread 0x00000000031ae000 Uncommon trap: reason=class_check action=maybe_recompile pc=0x0000000004ddc804 method=org.eclipse.e4.core.internal.contexts.TrackableComputationExt.update(Lorg/eclipse/e4/core/internal/contexts/ContextChangeEvent;)Z @ 62
Event: 463.747 Thread 0x00000000031ae000 Uncommon trap: reason=unreached action=reinterpret pc=0x0000000003ea9410 method=org.eclipse.swt.widgets.Display.getDefault()Lorg/eclipse/swt/widgets/Display; @ 39
Event: 463.752 Thread 0x00000000031ae000 Uncommon trap: reason=null_check action=make_not_entrant pc=0x0000000003bca604 method=org.eclipse.core.runtime.internal.adaptor.EclipseLazyStarter.shouldActivateFor(Ljava/lang/String;Lorg/eclipse/osgi/baseadaptor/BaseData;Lorg/eclipse/core/runtime/internalJ¯Bp¨ð|@

Internal exceptions (10 events):
Event: 459.665 Thread 0x000000001cc0e000 Exception <a 'java/net/SocketException': Connection reset by peer: socket write error> (0x00000000f5af13e8) thrown at [D:\re\workspace\8-2-build-windows-amd64-cygwin\jdk8u25\1677\hotspot\src\share\vm\prims\jni.cpp, line 742]
Event: 459.666 Thread 0x000000001cc01800 Exception <a 'java/net/SocketException': Socket closed> (0x00000000f5bbfbc0) thrown at [D:\re\workspace\8-2-build-windows-amd64-cygwin\jdk8u25\1677\hotspot\src\share\vm\prims\jni.cpp, line 742]
Event: 459.667 Thread 0x000000001cc04800 Exception <a 'java/lang/InterruptedException'> (0x00000000f5bd3d30) thrown at [D:\re\workspace\8-2-build-windows-amd64-cygwin\jdk8u25\1677\hotspot\src\share\vm\runtime\objectMonitor.cpp, line 1682]
Event: 462.522 Thread 0x00000000031ae000 Implicit null exception at 0x000000000399d90c to 0x000000000399d969
Event: 462.771 Thread 0x00000000031ae000 Implicit null exception at 0x00000000044a7fc9 to 0x00000000044a831d
Event: 463.752 Thread 0x00000000031ae000 Implicit null exception at 0x0000000003bc977f to 0x0000000003bca5f5
Event: 463.820 Thread 0x0000000016844000 Exception <a 'java/lang/InterruptedException': sleep interrupted> (0x00000000f6de7810) thrown at [D:\re\workspace\8-2-build-windows-amd64-cygwin\jdk8u25\1677\hotspot\src\share\vm\prims\jvm.cpp, line 3141]
Event: 463.822 Thread 0x0000000017fd6000 Exception <a 'java/lang/InterruptedException'> (0x00000000f6d0ee98) thrown at [D:\re\workspace\8-2-build-windows-amd64-cygwin\jdk8u25\1677\hotspot\src\share\vm\runtime\objectMonitor.cpp, line 1682]
Event: 463.822 Thread 0x0000000016b34000 Exception <a 'java/lang/InterruptedException'> (0x00000000f6e7e868) thrown at [D:\re\workspace\8-2-build-windows-amd64-cygwin\jdk8u25\1677\hotspot\src\share\vm\runtime\objectMonitor.cpp, line 1682]
Event: 463.930 Thread 0x0000000016650000 Exception <a 'java/lang/InterruptedException'> (0x00000000f6de72b8) thrown at [D:\re\workspace\8-2-build-windows-amd64-cygwin\jdk8u25\1677\hotspot\src\share\vm\runtime\objectMonitor.cpp, line 1682]

Events (10 events):
Event: 463.930 loading class java/util/IdentityHashMap$IdentityHashMapIterator
Event: 463.930 loading class java/util/IdentityHashMap$IdentityHashMapIterator done
Event: 463.930 loading class java/util/IdentityHashMap$KeyIterator done
Event: 463.931 Thread 0x000000001cc04800 Thread added: 0x000000001cc04800
Event: 463.931 Executing VM operation: RevokeBias
Event: 463.931 Executing VM operation: RevokeBias done
Event: 463.931 Executing VM operation: RevokeBias
Event: 463.931 Executing VM operation: RevokeBias done
Event: 463.931 Thread 0x000000001cc04800 Thread exited: 0x000000001cc04800
Event: 463.932 Executing VM operation: Exit


Dynamic libraries:
0x0000000000400000 - 0x000000000044f000 	C:\Users\XLInux\SDK\2015.2\eclipse\win64.o\eclipse.exe
0x00007ffad6b70000 - 0x00007ffad6d51000 	C:\Windows\SYSTEM32\ntdll.dll
0x00007ffad60d0000 - 0x00007ffad6181000 	C:\Windows\System32\KERNEL32.DLL
0x00007ffad30b0000 - 0x00007ffad3323000 	C:\Windows\System32\KERNELBASE.dll
0x00007ffad5eb0000 - 0x00007ffad6040000 	C:\Windows\System32\USER32.dll
0x00007ffad3090000 - 0x00007ffad30b0000 	C:\Windows\System32\win32u.dll
0x00007ffad6040000 - 0x00007ffad6068000 	C:\Windows\System32\GDI32.dll
0x00007ffad33d0000 - 0x00007ffad3562000 	C:\Windows\System32\gdi32full.dll
0x00007ffad3330000 - 0x00007ffad33cf000 	C:\Windows\System32\msvcp_win.dll
0x00007ffad2f90000 - 0x00007ffad3088000 	C:\Windows\System32\ucrtbase.dll
0x00007ffad6280000 - 0x00007ffad631e000 	C:\Windows\System32\msvcrt.dll
0x00007ffac3950000 - 0x00007ffac3bb9000 	C:\Windows\WinSxS\amd64_microsoft.windows.common-controls_6595b64144ccf1df_6.0.17134.765_none_fb42a1a930655896\COMCTL32.dll
0x00007ffad6320000 - 0x00007ffad6642000 	C:\Windows\System32\combase.dll
0x00007ffad6650000 - 0x00007ffad6774000 	C:\Windows\System32\RPCRT4.dll
0x00007ffad3680000 - 0x00007ffad36fa000 	C:\Windows\System32\bcryptPrimitives.dll
0x00007ffad5e10000 - 0x00007ffad5e3d000 	C:\Windows\System32\IMM32.DLL
0x0000000072000000 - 0x0000000072012000 	C:\Users\XLInux\SDK\2015.2\eclipse\win64.o\plugins\org.eclipse.equinox.launcher.win32.win32.x86_64_1.1.200.v20140116-2212\eclipse_1503.dll
0x00007ffad6780000 - 0x00007ffad6821000 	C:\Windows\System32\ADVAPI32.dll
0x00007ffad58b0000 - 0x00007ffad590b000 	C:\Windows\System32\sechost.dll
0x00007ffacd790000 - 0x00007ffacd79a000 	C:\Windows\SYSTEM32\VERSION.dll
0x00007ffad1070000 - 0x00007ffad1108000 	C:\Windows\system32\uxtheme.dll
0x00007ffad69c0000 - 0x00007ffad6b33000 	C:\Windows\System32\MSCTF.dll
0x00007ffad68f0000 - 0x00007ffad69b2000 	C:\Windows\System32\OLEAUT32.dll
0x0000000002750000 - 0x0000000002faa000 	C:\Users\XLInux\SDK\2015.2\tps\win64\jre\bin\server\jvm.dll
0x00007ffad42a0000 - 0x00007ffad42a8000 	C:\Windows\System32\PSAPI.DLL
0x00007ffac9720000 - 0x00007ffac9743000 	C:\Windows\SYSTEM32\WINMM.dll
0x00007ffac9340000 - 0x00007ffac9349000 	C:\Windows\SYSTEM32\WSOCK32.dll
0x00007ffad5e40000 - 0x00007ffad5eac000 	C:\Windows\System32\WS2_32.dll
0x00000000751a0000 - 0x0000000075272000 	C:\Windows\SYSTEM32\MSVCR100.dll
0x00007ffac9510000 - 0x00007ffac953a000 	C:\Windows\SYSTEM32\WINMMBASE.dll
0x00007ffad2f40000 - 0x00007ffad2f89000 	C:\Windows\System32\cfgmgr32.dll
0x0000000071da0000 - 0x0000000071daf000 	C:\Users\XLInux\SDK\2015.2\tps\win64\jre\bin\verify.dll
0x0000000071d70000 - 0x0000000071d98000 	C:\Users\XLInux\SDK\2015.2\tps\win64\jre\bin\java.dll
0x0000000071d50000 - 0x0000000071d66000 	C:\Users\XLInux\SDK\2015.2\tps\win64\jre\bin\zip.dll
0x00007ffad42b0000 - 0x00007ffad56f0000 	C:\Windows\System32\SHELL32.dll
0x00007ffad5d60000 - 0x00007ffad5e09000 	C:\Windows\System32\shcore.dll
0x00007ffad38f0000 - 0x00007ffad3ffd000 	C:\Windows\System32\windows.storage.dll
0x00007ffad56f0000 - 0x00007ffad5741000 	C:\Windows\System32\shlwapi.dll
0x00007ffad2eb0000 - 0x00007ffad2ec1000 	C:\Windows\System32\kernel.appcore.dll
0x00007ffad2ed0000 - 0x00007ffad2eef000 	C:\Windows\System32\profapi.dll
0x00007ffad2ef0000 - 0x00007ffad2f3c000 	C:\Windows\System32\powrprof.dll
0x00007ffad2ea0000 - 0x00007ffad2eaa000 	C:\Windows\System32\FLTLIB.DLL
0x00007ffad28b0000 - 0x00007ffad28c7000 	C:\Windows\SYSTEM32\CRYPTSP.dll
0x00007ffad22e0000 - 0x00007ffad2313000 	C:\Windows\system32\rsaenh.dll
0x00007ffad29e0000 - 0x00007ffad2a05000 	C:\Windows\SYSTEM32\bcrypt.dll
0x00007ffad2db0000 - 0x00007ffad2dd8000 	C:\Windows\SYSTEM32\USERENV.dll
0x00007ffad28d0000 - 0x00007ffad28db000 	C:\Windows\SYSTEM32\CRYPTBASE.dll
0x0000000071d30000 - 0x0000000071d4a000 	C:\Users\XLInux\SDK\2015.2\tps\win64\jre\bin\net.dll
0x00007ffad2700000 - 0x00007ffad2766000 	C:\Windows\system32\mswsock.dll
0x00007ffad2480000 - 0x00007ffad24b8000 	C:\Windows\SYSTEM32\IPHLPAPI.DLL
0x00007ffad68e0000 - 0x00007ffad68e8000 	C:\Windows\System32\NSI.dll
0x00007ffacd600000 - 0x00007ffacd616000 	C:\Windows\SYSTEM32\dhcpcsvc6.DLL
0x00007ffacd450000 - 0x00007ffacd46a000 	C:\Windows\SYSTEM32\dhcpcsvc.DLL
0x0000000071d10000 - 0x0000000071d21000 	C:\Users\XLInux\SDK\2015.2\tps\win64\jre\bin\nio.dll
0x00007ffac2920000 - 0x00007ffac29b6000 	C:\Windows\System32\TextInputFramework.dll
0x00007ffac2580000 - 0x00007ffac289e000 	C:\Windows\System32\CoreUIComponents.dll
0x00007ffad0820000 - 0x00007ffad08fa000 	C:\Windows\System32\CoreMessaging.dll
0x00007ffad1f50000 - 0x00007ffad1f81000 	C:\Windows\SYSTEM32\ntmarta.dll
0x00007ffacee60000 - 0x00007ffacefad000 	C:\Windows\SYSTEM32\wintypes.dll
0x00007ffad13f0000 - 0x00007ffad1419000 	C:\Windows\system32\dwmapi.dll
0x00007ffacb6d0000 - 0x00007ffacb73b000 	C:\Windows\system32\Oleacc.dll
0x00007ffab2720000 - 0x00007ffab2736000 	C:\Windows\system32\napinsp.dll
0x00007ffab2700000 - 0x00007ffab271a000 	C:\Windows\system32\pnrpnsp.dll
0x00007fface030000 - 0x00007fface049000 	C:\Windows\system32\NLAapi.dll
0x00007ffad24c0000 - 0x00007ffad257e000 	C:\Windows\SYSTEM32\DNSAPI.dll
0x00007ffab0bf0000 - 0x00007ffab0bfe000 	C:\Windows\System32\winrnr.dll
0x00007ffaccf50000 - 0x00007ffaccf65000 	C:\Windows\System32\wshbth.dll
0x00007ffaccb30000 - 0x00007ffaccb3a000 	C:\Windows\System32\rasadhlp.dll
0x00007ffacc730000 - 0x00007ffacc7a2000 	C:\Windows\System32\fwpuclnt.dll
0x00000000191a0000 - 0x0000000019248000 	C:\Users\yizii\.Xilinx\SDK\2015.2\org.eclipse.osgi\bundles\287\1\.cp\swt-win32-4335.dll
0x00007ffad5750000 - 0x00007ffad58a1000 	C:\Windows\System32\ole32.dll
0x00007ffad6190000 - 0x00007ffad627d000 	C:\Windows\System32\comdlg32.dll
0x00007ffad3700000 - 0x00007ffad38e2000 	C:\Windows\System32\CRYPT32.dll
0x00007ffad2e80000 - 0x00007ffad2e92000 	C:\Windows\System32\MSASN1.dll
0x00007ffac91f0000 - 0x00007ffac9275000 	C:\Windows\SYSTEM32\WINSPOOL.DRV
0x00007ffacee40000 - 0x00007ffacee59000 	C:\Windows\SYSTEM32\USP10.dll
0x00007ffac6fc0000 - 0x00007ffac74e1000 	C:\Windows\SYSTEM32\WININET.dll
0x00007ffad0d40000 - 0x00007ffad0ef4000 	C:\Windows\SYSTEM32\PROPSYS.dll
0x00007ffad6840000 - 0x00007ffad68e0000 	C:\Windows\System32\clbcatq.dll
0x0000000016cb0000 - 0x0000000016cce000 	C:\Users\yizii\.Xilinx\SDK\2015.2\org.eclipse.osgi\bundles\287\1\.cp\swt-gdip-win32-4335.dll
0x00007ffabac30000 - 0x00007ffabadcb000 	C:\Windows\WinSxS\amd64_microsoft.windows.gdiplus_6595b64144ccf1df_1.1.17134.765_none_2c2d948e8af7d264\gdiplus.dll
0x00007ffac2370000 - 0x00007ffac251e000 	C:\Windows\SYSTEM32\WindowsCodecs.dll
0x0000000180000000 - 0x0000000180012000 	C:\Users\yizii\.Xilinx\SDK\2015.2\org.eclipse.osgi\bundles\113\1\.cp\os\win32\x86_64\localfile_1_0_0.dll
0x00007ffacdbd0000 - 0x00007ffacdbe1000 	C:\Users\yizii\.Xilinx\SDK\2015.2\org.eclipse.osgi\bundles\116\1\.cp\jWinHttp-1.0.0.dll
0x00007fface510000 - 0x00007fface5ed000 	C:\Windows\SYSTEM32\WINHTTP.dll
0x00007ffab6270000 - 0x00007ffab62c8000 	C:\Windows\system32\dataexchange.dll
0x00007ffacfa60000 - 0x00007ffacfd6b000 	C:\Windows\system32\d3d11.dll
0x00007ffad0340000 - 0x00007ffad04dc000 	C:\Windows\system32\dcomp.dll
0x00007ffad1c20000 - 0x00007ffad1cdb000 	C:\Windows\system32\dxgi.dll
0x00007ffad1230000 - 0x00007ffad13e8000 	C:\Windows\system32\twinapi.appcore.dll
0x00007ffad1420000 - 0x00007ffad1449000 	C:\Windows\system32\RMCLIENT.dll
0x00007ffab0910000 - 0x00007ffab094f000 	C:\Windows\system32\mlang.dll
0x00007ffaccb20000 - 0x00007ffaccb30000 	C:\Users\XLInux\SDK\2015.2\lib\win64.o\librdi_repo_manager.dll
0x00007ffac6420000 - 0x00007ffac644a000 	C:\Users\XLInux\SDK\2015.2\lib\win64.o\libisl_sysinfo.dll
0x00007ffaa72a0000 - 0x00007ffaa7be3000 	C:\Users\XLInux\SDK\2015.2\lib\win64.o\librdi_common.dll
0x00007ffabb640000 - 0x00007ffabb828000 	C:\Users\XLInux\SDK\2015.2\lib\win64.o\librdi_hsm.dll
0x00007ffaa5ab0000 - 0x00007ffaa5b84000 	C:\Windows\SYSTEM32\MSVCR110.dll
0x00007ffab3d30000 - 0x00007ffab3dd7000 	C:\Windows\SYSTEM32\MSVCP110.dll
0x00007ffabce30000 - 0x00007ffabce84000 	C:\Users\XLInux\SDK\2015.2\lib\win64.o\librdi_commonxillic.dll
0x00007ffabbcb0000 - 0x00007ffabbf58000 	C:\Users\XLInux\SDK\2015.2\lib\win64.o\libCOIN-all.dll
0x00007ffabb830000 - 0x00007ffabba50000 	C:\Users\XLInux\SDK\2015.2\lib\win64.o\libXil_lmgr11.dll
0x00007ffad3620000 - 0x00007ffad3677000 	C:\Windows\System32\WINTRUST.dll
0x00007ffaca200000 - 0x00007ffaca222000 	C:\Users\XLInux\SDK\2015.2\lib\win64.o\libboost_filesystem.dll
0x00007ffacedf0000 - 0x00007ffacee00000 	C:\Users\XLInux\SDK\2015.2\lib\win64.o\libboost_date_time.dll
0x00007ffabd4c0000 - 0x00007ffabd5ba000 	C:\Users\XLInux\SDK\2015.2\lib\win64.o\libboost_regex.dll
0x00007ffabd810000 - 0x00007ffabd884000 	C:\Users\XLInux\SDK\2015.2\lib\win64.o\libboost_program_options.dll
0x00007fface890000 - 0x00007fface899000 	C:\Users\XLInux\SDK\2015.2\lib\win64.o\libboost_system.dll
0x00007ffacc580000 - 0x00007ffacc593000 	C:\Users\XLInux\SDK\2015.2\lib\win64.o\libboost_signals.dll
0x00007ffacc190000 - 0x00007ffacc1ad000 	C:\Users\XLInux\SDK\2015.2\lib\win64.o\libboost_thread.dll
0x00007ffabcf30000 - 0x00007ffabcfb0000 	C:\Users\XLInux\SDK\2015.2\lib\win64.o\libhdlpsolve.dll
0x00007ffabce90000 - 0x00007ffabcf2a000 	C:\Users\XLInux\SDK\2015.2\lib\win64.o\libhdxml.dll
0x00007ffaa1da0000 - 0x00007ffaa23aa200 	C:\Users\XLInux\SDK\2015.2\lib\win64.o\libisl_iostreams.dll
0x00007ffac6450000 - 0x00007ffac6473000 	C:\Users\XLInux\SDK\2015.2\lib\win64.o\libisl_iosutils.dll
0x00007ffacd8e0000 - 0x00007ffacd8f5000 	C:\Users\XLInux\SDK\2015.2\lib\win64.o\pthreadVC2.dll
0x00007ffabc3f0000 - 0x00007ffabc520000 	C:\Users\XLInux\SDK\2015.2\lib\win64.o\librdi_curl.dll
0x00007ffaca4c0000 - 0x00007ffaca4d8000 	C:\Users\XLInux\SDK\2015.2\lib\win64.o\librdiconfig.dll
0x00007ffac61b0000 - 0x00007ffac6378000 	C:\Windows\SYSTEM32\urlmon.dll
0x00007ffaa2df0000 - 0x00007ffaa2e13000 	C:\Windows\SYSTEM32\VCOMP110.DLL
0x00007ffac3e50000 - 0x00007ffac3e73000 	C:\Users\XLInux\SDK\2015.2\lib\win64.o\librdizlib.dll
0x0000000071db0000 - 0x0000000071ed7000 	C:\Users\XLInux\SDK\2015.2\lib\win64.o\tcl85t.dll
0x00007ffabca40000 - 0x00007ffabca83000 	C:\Users\XLInux\SDK\2015.2\lib\win64.o\librdi_hdf.dll
0x00007ffab3de0000 - 0x00007ffab3f9a000 	C:\Users\XLInux\SDK\2015.2\lib\win64.o\librdi_ippcw.dll
0x00007ffac68c0000 - 0x00007ffac68d7000 	C:\Windows\SYSTEM32\NETAPI32.dll
0x00007fface330000 - 0x00007fface33b000 	C:\Users\XLInux\SDK\2015.2\lib\win64.o\libboost_chrono.dll
0x00007ffac5a70000 - 0x00007ffac5d17000 	C:\Windows\SYSTEM32\iertutil.dll
0x00007ffaca300000 - 0x00007ffaca316000 	C:\Users\XLInux\SDK\2015.2\lib\win64.o\libboost_iostreams.dll
0x00000000225e0000 - 0x0000000022843000 	C:\Users\XLInux\SDK\2015.2\lib\win64.o\xerces-c_3_1.dll
0x00007ffac8760000 - 0x00007ffac877c000 	C:\Users\XLInux\SDK\2015.2\lib\win64.o\librdi_hw_platform.dll

VM Arguments:
jvm_args: -Dcom.xilinx.sdk.args.hwspec=C:/Users/yizii/Desktop/SOC/lab4/lab4.sdk/system_wrapper.hdf -Xms64m -Xmx512m & 
java_command: <unknown>
java_class_path (initial): C:\Users\XLInux\SDK\2015.2\eclipse\win64.o\\plugins/org.eclipse.equinox.launcher_1.3.0.v20130327-1440.jar
Launcher Type: generic

Environment Variables:
PATH=C:/Users/XLInux/SDK/2015.2/tps/win64/jre/bin/server;C:/Users/XLInux/SDK/2015.2/tps/win64/jre/bin;C:/Users/XLInux/SDK/2015.2/tps/win64/jre/lib/amd64;C:\Users\XLInux\SDK\2015.2\gnuwin\bin;C:\Users\XLInux\SDK\2015.2\gnu\microblaze\nt\bin;C:\Users\XLInux\SDK\2015.2\gnu\microblaze\linux_toolchain\nt64_le\bin;C:\Users\XLInux\SDK\2015.2\gnu\microblaze\linux_toolchain\nt64_be\bin;C:\Users\XLInux\SDK\2015.2\gnu\arm\nt\bin;C:\Users\XLInux\SDK\2015.2\gnu\aarch64\nt\aarch64-none\bin;C:\Users\XLInux\SDK\2015.2\gnu\aarch64\nt\aarch64-linux\bin;C:\Users\XLInux\SDK\2015.2\gnu\armr5\nt\gcc-arm-none-eabi\bin;C:\Users\XLInux\SDK\2015.2\gnu\aarch32\nt\gcc-arm-none-eabi\bin;C:\Users\XLInux\SDK\2015.2\gnu\aarch32\nt\gcc-arm-linux-gnueabi\bin;C:\Users\XLInux\SDK\2015.2\bin;C:\Users\XLInux\SDK\2015.2\lib\win64.o;C:\Users\XLInux\SDK\2015.2\tps\win64\jre\bin\server;C:\Users\XLInux\SDK\2015.2\tps\win64\jre\bin;C:\Users\XLInux\SDK\2015.2\bin;C:\Users\XLInux\SDK\2015.2\bin;C:\Users\XLInux\Vivado\2015.2\ids_lite\ISE\bin\nt64;C:\Users\XLInux\Vivado\2015.2\ids_lite\ISE\lib\nt64;C:\Users\XLInux\Vivado\2015.2\bin;C:\Users\XLInux\Vivado\2015.2\lib\win64.o;C:\Users\XLInux\Vivado\2015.2\tps\win64\jre\bin\server;C:\Users\XLInux\Vivado\2015.2\tps\win64\jre\bin;C:\Users\XLInux\SDK\2015.2\bin;C:\Users\XLInux\Vivado\2015.2\ids_lite\ISE\bin\nt64;C:\Users\XLInux\Vivado\2015.2\ids_lite\ISE\lib\nt64;C:\Windows\system32;C:\Windows;C:\Windows\System32\Wbem;C:\Windows\System32\WindowsPowerShell\v1.0\;C:\Windows\System32\OpenSSH\;E:\softwore\MPLABX\bin;E:\softwore\xc8\bin;E:\softwore\xc16\bin;C:\Program Files\Git\cmd;C:\Program Files (x86)\Altium Designer Winter 09\System;C:\Users\yizii\AppData\Local\Programs\Python\Python37-32\Scripts\;C:\Users\yizii\AppData\Local\Programs\Python\Python37-32\;C:\Users\yizii\AppData\Local\Microsoft\WindowsApps;;C:\Users\yizii\AppData\Local\Programs\Microsoft VS Code\bin;c:\Users\yizii\Desktop\SOC\lab2;
USERNAME=yizii
OS=Windows_NT
PROCESSOR_IDENTIFIER=Intel64 Family 6 Model 94 Stepping 3, GenuineIntel



---------------  S Y S T E M  ---------------

OS: Windows 8 , 64 bit Build 9200 

CPU:total 4 (4 cores per cpu, 1 threads per core) family 6 model 94 stepping 3, cmov, cx8, fxsr, mmx, sse, sse2, sse3, ssse3, sse4.1, sse4.2, popcnt, avx, avx2, aes, clmul, erms, rtm, lzcnt, tsc, tscinvbit, bmi1, bmi2

Memory: 4k page, physical 8282240k(2049368k free), swap 11822804k(2511960k free)

vm_info: Java HotSpot(TM) 64-Bit Server VM (25.25-b02) for windows-amd64 JRE (1.8.0_25-b18), built on Oct  7 2014 14:25:37 by "java_re" with MS VC++ 10.0 (VS2010)

time: Thu Jun 06 14:07:15 2019
elapsed time: 469 seconds (0d 0h 7m 49s)

