#
# A fatal error has been detected by the Java Runtime Environment:
#
#  Internal Error (0xc000000d), pid=13384, tid=2032
#
# JRE version: Java(TM) SE Runtime Environment (8.0_25-b18) (build 1.8.0_25-b18)
# Java VM: Java HotSpot(TM) 64-Bit Server VM (25.25-b02 mixed mode windows-amd64 compressed oops)
# Problematic frame:
# C  [ntdll.dll+0x108580]
#
# Failed to write core dump. Minidumps are not enabled by default on client versions of Windows
#
# If you would like to submit a bug report, please visit:
#   http://bugreport.sun.com/bugreport/crash.jsp
#

---------------  T H R E A D  ---------------

Current thread (0x0000000014596000):  VMThread [stack: 0x0000000015620000,0x0000000015720000] [id=2032]

siginfo: ExceptionCode=0xc000000d

Registers:
RAX=0x0000000015fb10e0, RBX=0xfffffffffffffffe, RCX=0x000000001571eca0, RDX=0x0000000002af3ea4
RSP=0x000000001571f1a0, RBP=0x00007ffaa5ab7408, RSI=0x0000000000000000, RDI=0x0000000000000bbc
R8 =0x0000000003267a2d, R9 =0x00001cd9564a2e67, R10=0x00007ffad6bb829f, R11=0x000000001667f050
R12=0x0000000025371010, R13=0x0000000023cc5d20, R14=0x0000000025371118, R15=0x000000001571f318
RIP=0x00007ffad6c78580, EFLAGS=0x0000000000000206

Top of Stack: (sp=0x000000001571f1a0)
0x000000001571f1a0:   0000000000000057 fffffffffffffffe
0x000000001571f1b0:   0000000000000000 0000000000000bbc
0x000000001571f1c0:   00000000c000000d 0000000000000000
0x000000001571f1d0:   00007ffad6c78580 0000000000000000
0x000000001571f1e0:   0000000000000000 0000000000000000
0x000000001571f1f0:   0000000000000000 0000000000000000
0x000000001571f200:   0000000000000000 0000000000000000
0x000000001571f210:   0000000000000000 0000000000000000
0x000000001571f220:   0000000000000000 0000000000000000
0x000000001571f230:   0000000000000000 0000000000000000
0x000000001571f240:   0000000000000000 0000000000000000
0x000000001571f250:   0000000000000000 0000000000000000
0x000000001571f260:   0000ab9429c9247c 0000000000000000
0x000000001571f270:   0000000000000000 00007ffad6c2786f
0x000000001571f280:   0000000000000000 0000000000000000
0x000000001571f290:   0000000000000000 0000000000000000 

Instructions: (pc=0x00007ffad6c78580)
0x00007ffad6c78560:   90 f9 ff c7 44 24 20 0d 00 00 c0 b9 57 00 00 00
0x00007ffad6c78570:   e8 1b fe ef ff 90 48 8d 4c 24 20 e8 00 36 f0 ff
0x00007ffad6c78580:   eb 00 48 8b 8c 24 c0 00 00 00 48 33 cc e8 4e 2b
0x00007ffad6c78590:   f8 ff 48 81 c4 d8 00 00 00 c3 40 55 48 83 ec 20 


Register to memory mapping:

RAX=0x0000000015fb10e0 is an unknown value
RBX=0xfffffffffffffffe is an unknown value
RCX=0x000000001571eca0 is an unknown value
RDX=0x0000000002af3ea4 is an unknown value
RSP=0x000000001571f1a0 is an unknown value
RBP=0x00007ffaa5ab7408 is an unknown value
RSI=0x0000000000000000 is an unknown value
RDI=0x0000000000000bbc is an unknown value
R8 =0x0000000003267a2d is at code_begin+2093 in an Interpreter codelet
invoke return entry points  [0x0000000003267200, 0x0000000003267b00]  2304 bytes
R9 =0x00001cd9564a2e67 is an unknown value
R10=0x00007ffad6bb829f is an unknown value
R11=0x000000001667f050 is an unknown value
R12=0x0000000025371010 is an unknown value
R13=0x0000000023cc5d20 is an unknown value
R14=0x0000000025371118 is an unknown value
R15=0x000000001571f318 is an unknown value


Stack: [0x0000000015620000,0x0000000015720000],  sp=0x000000001571f1a0,  free space=1020k
Native frames: (J=compiled Java code, j=interpreted, Vv=VM code, C=native code)
C  [ntdll.dll+0x108580]
C  [ntdll.dll+0xb786f]
C  [KERNEL32.DLL+0x1e92a]
C  [MSVCR110.dll+0x752d]
C  [MSVCR110.dll+0x14cde]
C  [MSVCR110.dll+0x13edc]
C  [MSVCR110.dll+0x239e]
C  [MSVCR110.dll+0xaf9e]
C  [MSVCP110.dll+0x397b9]
C  [librdi_common.dll+0x135d02]
C  [librdi_common.dll+0x13447b]
C  0x00007ffac5a52400
C  0x00007ffac5a52682
C  [ntdll.dll+0x3b583]
C  [ntdll.dll+0x47f85]
C  [ntdll.dll+0x47e48]
C  [KERNEL32.DLL+0x1ca7a]
C  [MSVCR100.dll+0x20ccd]
V  [jvm.dll+0x1f9c55]
V  [jvm.dll+0x2325e7]
V  [jvm.dll+0x231826]
V  [jvm.dll+0x231cc1]
V  [jvm.dll+0x231ede]
V  [jvm.dll+0x2852fa]
C  [MSVCR100.dll+0x21d9f]
C  [MSVCR100.dll+0x21e3b]
C  [KERNEL32.DLL+0x14034]
C  [ntdll.dll+0x73691]

VM_Operation (0x000000000014f500): Exit, mode: safepoint, requested by thread 0x000000000281e000


---------------  P R O C E S S  ---------------

Java Threads: ( => current thread )
  0x00000000178d5800 JavaThread "pool-1-thread-1" [_thread_blocked, id=6772, stack(0x000000002a1a0000,0x000000002a2a0000)]
  0x00000000178d4000 JavaThread "Thread-18" daemon [_thread_blocked, id=14728, stack(0x0000000029fa0000,0x000000002a0a0000)]
  0x0000000019106000 JavaThread "TCF Locator DNS Lookup" daemon [_thread_blocked, id=9128, stack(0x000000001fc20000,0x000000001fd20000)]
  0x0000000019103000 JavaThread "TCF Locator Timer" daemon [_thread_blocked, id=16220, stack(0x000000001fb20000,0x000000001fc20000)]
  0x0000000019105000 JavaThread "TCF Locator Receiver" daemon [_thread_in_native, id=8076, stack(0x000000001fa20000,0x000000001fb20000)]
  0x0000000019100800 JavaThread "TCF Timer Dispatcher" daemon [_thread_blocked, id=13704, stack(0x000000001f820000,0x000000001f920000)]
  0x000000001782e000 JavaThread "EMF Reference Cleaner" daemon [_thread_blocked, id=7100, stack(0x000000001a5d0000,0x000000001a6d0000)]
  0x0000000015cac000 JavaThread "Service Thread" daemon [_thread_blocked, id=1248, stack(0x0000000016220000,0x0000000016320000)]
  0x0000000015c27000 JavaThread "C1 CompilerThread2" daemon [_thread_blocked, id=9680, stack(0x0000000016120000,0x0000000016220000)]
  0x0000000015c20800 JavaThread "C2 CompilerThread1" daemon [_thread_blocked, id=3484, stack(0x0000000016020000,0x0000000016120000)]
  0x000000001462b800 JavaThread "C2 CompilerThread0" daemon [_thread_blocked, id=8144, stack(0x0000000015b20000,0x0000000015c20000)]
  0x000000001462a000 JavaThread "Attach Listener" daemon [_thread_blocked, id=15956, stack(0x0000000015a20000,0x0000000015b20000)]
  0x0000000014629800 JavaThread "Signal Dispatcher" daemon [_thread_blocked, id=3724, stack(0x0000000015920000,0x0000000015a20000)]
  0x0000000003254000 JavaThread "Finalizer" daemon [_thread_blocked, id=14548, stack(0x0000000015820000,0x0000000015920000)]
  0x000000000324b000 JavaThread "Reference Handler" daemon [_thread_blocked, id=5128, stack(0x0000000015720000,0x0000000015820000)]
  0x000000000281e000 JavaThread "main" [_thread_blocked, id=12832, stack(0x0000000000050000,0x0000000000150000)]

Other Threads:
=>0x0000000014596000 VMThread [stack: 0x0000000015620000,0x0000000015720000] [id=2032]

VM state:at safepoint (shutting down)

VM Mutex/Monitor currently owned by a thread:  ([mutex/lock_event])
[0x000000000281d260] Threads_lock - owner thread: 0x0000000014596000

Heap:
 PSYoungGen      total 71680K, used 29975K [0x00000000f5580000, 0x00000000fb980000, 0x0000000100000000)
  eden space 53248K, 25% used [0x00000000f5580000,0x00000000f6293bb0,0x00000000f8980000)
  from space 18432K, 89% used [0x00000000fa780000,0x00000000fb7b20c0,0x00000000fb980000)
  to   space 24576K, 0% used [0x00000000f8980000,0x00000000f8980000,0x00000000fa180000)
 ParOldGen       total 104960K, used 36023K [0x00000000e0000000, 0x00000000e6680000, 0x00000000f5580000)
  object space 104960K, 34% used [0x00000000e0000000,0x00000000e232dde8,0x00000000e6680000)
 Metaspace       used 74951K, capacity 81004K, committed 81112K, reserved 1120256K
  class space    used 9366K, capacity 11222K, committed 11224K, reserved 1048576K

Card table byte_map: [0x0000000012620000,0x0000000012730000] byte_map_base: 0x0000000011f20000

Marking Bits: (ParMarkBitMap*) 0x00000000030dd490
 Begin Bits: [0x0000000012b30000, 0x0000000013330000)
 End Bits:   [0x0000000013330000, 0x0000000013b30000)

Polling page: 0x0000000000550000

CodeCache: size=245760Kb used=23715Kb max_used=23829Kb free=222044Kb
 bounds [0x0000000003260000, 0x00000000049d0000, 0x0000000012260000]
 total_blobs=7612 nmethods=6775 adapters=746
 compilation: enabled

Compilation events (10 events):
Event: 692.889 Thread 0x0000000015c27000 8129       1       org.eclipse.osgi.internal.loader.BundleLoaderProxy::getBundleData (5 bytes)
Event: 692.889 Thread 0x0000000015c27000 nmethod 8129 0x000000000422fa90 code [0x000000000422fbe0, 0x000000000422fcf0]
Event: 692.890 Thread 0x0000000015c27000 8131       3       java.util.zip.ZStreamRef::clear (6 bytes)
Event: 692.891 Thread 0x0000000015c27000 nmethod 8131 0x0000000003e42e50 code [0x0000000003e42fa0, 0x0000000003e43110]
Event: 692.976 Thread 0x0000000015c27000 8133       3       java.io.File::list (33 bytes)
Event: 692.976 Thread 0x0000000015c27000 nmethod 8133 0x0000000004684010 code [0x00000000046841e0, 0x0000000004684908]
Event: 693.004 Thread 0x0000000015c27000 8134   !   3       org.eclipse.osgi.internal.baseadaptor.BaseStorage::compact (215 bytes)
Event: 693.006 Thread 0x0000000015c27000 nmethod 8134 0x0000000003ba45d0 code [0x0000000003ba4a00, 0x0000000003ba6e68]
Event: 693.035 Thread 0x0000000015c27000 8135       3       org.eclipse.osgi.framework.internal.core.AbstractBundle::close (52 bytes)
Event: 693.035 Thread 0x0000000015c27000 nmethod 8135 0x0000000003527610 code [0x0000000003527840, 0x0000000003528528]

GC Heap History (10 events):
Event: 7.307 GC heap before
{Heap before GC invocations=15 (full 3):
 PSYoungGen      total 55808K, used 40448K [0x00000000f5580000, 0x00000000fa800000, 0x0000000100000000)
  eden space 40448K, 100% used [0x00000000f5580000,0x00000000f7d00000,0x00000000f7d00000)
  from space 15360K, 0% used [0x00000000f7d00000,0x00000000f7d00000,0x00000000f8c00000)
  to   space 17920K, 0% used [0x00000000f9680000,0x00000000f9680000,0x00000000fa800000)
 ParOldGen       total 104960K, used 35532K [0x00000000e0000000, 0x00000000e6680000, 0x00000000f5580000)
  object space 104960K, 33% used [0x00000000e0000000,0x00000000e22b3250,0x00000000e6680000)
 Metaspace       used 58291K, capacity 62598K, committed 62680K, reserved 1103872K
  class space    used 7279K, capacity 8638K, committed 8664K, reserved 1048576K
Event: 7.329 GC heap after
Heap after GC invocations=15 (full 3):
 PSYoungGen      total 65536K, used 7742K [0x00000000f5580000, 0x00000000fa700000, 0x0000000100000000)
  eden space 48640K, 0% used [0x00000000f5580000,0x00000000f5580000,0x00000000f8500000)
  from space 16896K, 45% used [0x00000000f9680000,0x00000000f9e0fa08,0x00000000fa700000)
  to   space 17408K, 0% used [0x00000000f8500000,0x00000000f8500000,0x00000000f9600000)
 ParOldGen       total 104960K, used 35532K [0x00000000e0000000, 0x00000000e6680000, 0x00000000f5580000)
  object space 104960K, 33% used [0x00000000e0000000,0x00000000e22b3250,0x00000000e6680000)
 Metaspace       used 58291K, capacity 62598K, committed 62680K, reserved 1103872K
  class space    used 7279K, capacity 8638K, committed 8664K, reserved 1048576K
}
Event: 10.412 GC heap before
{Heap before GC invocations=16 (full 3):
 PSYoungGen      total 65536K, used 56382K [0x00000000f5580000, 0x00000000fa700000, 0x0000000100000000)
  eden space 48640K, 100% used [0x00000000f5580000,0x00000000f8500000,0x00000000f8500000)
  from space 16896K, 45% used [0x00000000f9680000,0x00000000f9e0fa08,0x00000000fa700000)
  to   space 17408K, 0% used [0x00000000f8500000,0x00000000f8500000,0x00000000f9600000)
 ParOldGen       total 104960K, used 35532K [0x00000000e0000000, 0x00000000e6680000, 0x00000000f5580000)
  object space 104960K, 33% used [0x00000000e0000000,0x00000000e22b3250,0x00000000e6680000)
 Metaspace       used 64106K, capacity 69274K, committed 69592K, reserved 1110016K
  class space    used 8020K, capacity 9596K, committed 9688K, reserved 1048576K
Event: 10.422 GC heap after
Heap after GC invocations=16 (full 3):
 PSYoungGen      total 66048K, used 15857K [0x00000000f5580000, 0x00000000fb200000, 0x0000000100000000)
  eden space 48640K, 0% used [0x00000000f5580000,0x00000000f5580000,0x00000000f8500000)
  from space 17408K, 91% used [0x00000000f8500000,0x00000000f947c4b8,0x00000000f9600000)
  to   space 18944K, 0% used [0x00000000f9f80000,0x00000000f9f80000,0x00000000fb200000)
 ParOldGen       total 104960K, used 35540K [0x00000000e0000000, 0x00000000e6680000, 0x00000000f5580000)
  object space 104960K, 33% used [0x00000000e0000000,0x00000000e22b5250,0x00000000e6680000)
 Metaspace       used 64106K, capacity 69274K, committed 69592K, reserved 1110016K
  class space    used 8020K, capacity 9596K, committed 9688K, reserved 1048576K
}
Event: 25.629 GC heap before
{Heap before GC invocations=17 (full 3):
 PSYoungGen      total 66048K, used 64497K [0x00000000f5580000, 0x00000000fb200000, 0x0000000100000000)
  eden space 48640K, 100% used [0x00000000f5580000,0x00000000f8500000,0x00000000f8500000)
  from space 17408K, 91% used [0x00000000f8500000,0x00000000f947c4b8,0x00000000f9600000)
  to   space 18944K, 0% used [0x00000000f9f80000,0x00000000f9f80000,0x00000000fb200000)
 ParOldGen       total 104960K, used 35540K [0x00000000e0000000, 0x00000000e6680000, 0x00000000f5580000)
  object space 104960K, 33% used [0x00000000e0000000,0x00000000e22b5250,0x00000000e6680000)
 Metaspace       used 69772K, capacity 75432K, committed 75608K, reserved 1114112K
  class space    used 8763K, capacity 10495K, committed 10584K, reserved 1048576K
Event: 25.648 GC heap after
Heap after GC invocations=17 (full 3):
 PSYoungGen      total 73216K, used 18925K [0x00000000f5580000, 0x00000000fb580000, 0x0000000100000000)
  eden space 54272K, 0% used [0x00000000f5580000,0x00000000f5580000,0x00000000f8a80000)
  from space 18944K, 99% used [0x00000000f9f80000,0x00000000fb1fb5a0,0x00000000fb200000)
  to   space 21504K, 0% used [0x00000000f8a80000,0x00000000f8a80000,0x00000000f9f80000)
 ParOldGen       total 104960K, used 36007K [0x00000000e0000000, 0x00000000e6680000, 0x00000000f5580000)
  object space 104960K, 34% used [0x00000000e0000000,0x00000000e2329de8,0x00000000e6680000)
 Metaspace       used 69772K, capacity 75432K, committed 75608K, reserved 1114112K
  class space    used 8763K, capacity 10495K, committed 10584K, reserved 1048576K
}
Event: 303.191 GC heap before
{Heap before GC invocations=18 (full 3):
 PSYoungGen      total 73216K, used 73197K [0x00000000f5580000, 0x00000000fb580000, 0x0000000100000000)
  eden space 54272K, 100% used [0x00000000f5580000,0x00000000f8a80000,0x00000000f8a80000)
  from space 18944K, 99% used [0x00000000f9f80000,0x00000000fb1fb5a0,0x00000000fb200000)
  to   space 21504K, 0% used [0x00000000f8a80000,0x00000000f8a80000,0x00000000f9f80000)
 ParOldGen       total 104960K, used 36007K [0x00000000e0000000, 0x00000000e6680000, 0x00000000f5580000)
  object space 104960K, 34% used [0x00000000e0000000,0x00000000e2329de8,0x00000000e6680000)
 Metaspace       used 73229K, capacity 79526K, committed 79704K, reserved 1118208K
  class space    used 9216K, capacity 11028K, committed 11096K, reserved 1048576K
Event: 303.205 GC heap after
Heap after GC invocations=18 (full 3):
 PSYoungGen      total 75776K, used 19361K [0x00000000f5580000, 0x00000000fbe80000, 0x0000000100000000)
  eden space 54272K, 0% used [0x00000000f5580000,0x00000000f5580000,0x00000000f8a80000)
  from space 21504K, 90% used [0x00000000f8a80000,0x00000000f9d68750,0x00000000f9f80000)
  to   space 23552K, 0% used [0x00000000fa780000,0x00000000fa780000,0x00000000fbe80000)
 ParOldGen       total 104960K, used 36015K [0x00000000e0000000, 0x00000000e6680000, 0x00000000f5580000)
  object space 104960K, 34% used [0x00000000e0000000,0x00000000e232bde8,0x00000000e6680000)
 Metaspace       used 73229K, capacity 79526K, committed 79704K, reserved 1118208K
  class space    used 9216K, capacity 11028K, committed 11096K, reserved 1048576K
}
Event: 691.557 GC heap before
{Heap before GC invocations=19 (full 3):
 PSYoungGen      total 75776K, used 73633K [0x00000000f5580000, 0x00000000fbe80000, 0x0000000100000000)
  eden space 54272K, 100% used [0x00000000f5580000,0x00000000f8a80000,0x00000000f8a80000)
  from space 21504K, 90% used [0x00000000f8a80000,0x00000000f9d68750,0x00000000f9f80000)
  to   space 23552K, 0% used [0x00000000fa780000,0x00000000fa780000,0x00000000fbe80000)
 ParOldGen       total 104960K, used 36015K [0x00000000e0000000, 0x00000000e6680000, 0x00000000f5580000)
  object space 104960K, 34% used [0x00000000e0000000,0x00000000e232bde8,0x00000000e6680000)
 Metaspace       used 74378K, capacity 80684K, committed 80856K, reserved 1118208K
  class space    used 9309K, capacity 11222K, committed 11224K, reserved 1048576K
Event: 691.570 GC heap after
Heap after GC invocations=19 (full 3):
 PSYoungGen      total 71680K, used 16584K [0x00000000f5580000, 0x00000000fb980000, 0x0000000100000000)
  eden space 53248K, 0% used [0x00000000f5580000,0x00000000f5580000,0x00000000f8980000)
  from space 18432K, 89% used [0x00000000fa780000,0x00000000fb7b20c0,0x00000000fb980000)
  to   space 24576K, 0% used [0x00000000f8980000,0x00000000f8980000,0x00000000fa180000)
 ParOldGen       total 104960K, used 36023K [0x00000000e0000000, 0x00000000e6680000, 0x00000000f5580000)
  object space 104960K, 34% used [0x00000000e0000000,0x00000000e232dde8,0x00000000e6680000)
 Metaspace       used 74378K, capacity 80684K, committed 80856K, reserved 1118208K
  class space    used 9309K, capacity 11222K, committed 11224K, reserved 1048576K
}

Deoptimization events (10 events):
Event: 691.777 Thread 0x0000000017c5a800 Uncommon trap: reason=bimorphic action=maybe_recompile pc=0x00000000033aea74 method=java.util.Properties.load0(Ljava/util/Properties$LineReader;)V @ 242
Event: 691.790 Thread 0x000000000281e000 Uncommon trap: reason=unreached action=reinterpret pc=0x0000000004268edc method=org.eclipse.e4.ui.internal.workbench.swt.PartRenderingEngine.someAreVisible(Ljava/util/List;)Z @ 41
Event: 691.795 Thread 0x000000000281e000 Uncommon trap: reason=unloaded action=reinterpret pc=0x000000000470f408 method=org.eclipse.emf.ecore.xmi.impl.XMLSaveImpl$Escape.convert(Ljava/lang/String;)Ljava/lang/String; @ 732
Event: 691.802 Thread 0x000000000281e000 Uncommon trap: reason=unreached action=reinterpret pc=0x00000000048d9024 method=org.eclipse.emf.ecore.impl.MinimalEObjectImpl.setField(ILjava/lang/Object;)V @ 9
Event: 691.825 Thread 0x000000000281e000 Uncommon trap: reason=class_check action=maybe_recompile pc=0x0000000004929148 method=org.eclipse.e4.core.internal.contexts.TrackableComputationExt.update(Lorg/eclipse/e4/core/internal/contexts/ContextChangeEvent;)Z @ 62
Event: 691.825 Thread 0x000000000281e000 Uncommon trap: reason=class_check action=maybe_recompile pc=0x0000000004929148 method=org.eclipse.e4.core.internal.contexts.TrackableComputationExt.update(Lorg/eclipse/e4/core/internal/contexts/ContextChangeEvent;)Z @ 62
Event: 691.825 Thread 0x000000000281e000 Uncommon trap: reason=class_check action=maybe_recompile pc=0x0000000004929148 method=org.eclipse.e4.core.internal.contexts.TrackableComputationExt.update(Lorg/eclipse/e4/core/internal/contexts/ContextChangeEvent;)Z @ 62
Event: 692.780 Thread 0x000000000281e000 Uncommon trap: reason=unreached action=reinterpret pc=0x0000000004375510 method=org.eclipse.swt.widgets.Display.getDefault()Lorg/eclipse/swt/widgets/Display; @ 39
Event: 692.789 Thread 0x000000000281e000 Uncommon trap: reason=null_check action=make_not_entrant pc=0x0000000003c4e764 method=org.eclipse.core.runtime.internal.adaptor.EclipseLazyStarter.shouldActivateFor(Ljava/lang/String;Lorg/eclipse/osgi/baseadaptor/BaseData;Lorg/eclipse/core/runtime/internal8uNÓ±¦…@
Event: 692.837 Thread 0x000000000281e000 Uncommon trap: reason=null_check action=maybe_recompile pc=0x000000000457a4ec method=com.xilinx.sdk.targetmanager.internal.json.XMDJSONProcess.issueCommand(Ljava/lang/String;)Lcom/xilinx/sdk/targetmanager/internal/IXMDResult; @ 3

Internal exceptions (10 events):
Event: 691.249 Thread 0x000000001910c800 Exception <a 'java/lang/InterruptedException'> (0x00000000f84fbd48) thrown at [D:\re\workspace\8-2-build-windows-amd64-cygwin\jdk8u25\1677\hotspot\src\share\vm\runtime\objectMonitor.cpp, line 1682]
Event: 691.403 Thread 0x000000000281e000 Implicit null exception at 0x00000000043ea88c to 0x00000000043ea8e9
Event: 691.572 Thread 0x0000000017d9f800 Exception <a 'java/lang/InterruptedException'> (0x00000000f5654e80) thrown at [D:\re\workspace\8-2-build-windows-amd64-cygwin\jdk8u25\1677\hotspot\src\share\vm\runtime\objectMonitor.cpp, line 1682]
Event: 692.150 Thread 0x00000000178d3000 Exception <a 'java/lang/InterruptedException'> (0x00000000f5dd4a48) thrown at [D:\re\workspace\8-2-build-windows-amd64-cygwin\jdk8u25\1677\hotspot\src\share\vm\runtime\objectMonitor.cpp, line 1682]
Event: 692.789 Thread 0x000000000281e000 Implicit null exception at 0x0000000003c4d3ab to 0x0000000003c4e759
Event: 692.837 Thread 0x000000000281e000 Exception <a 'java/lang/NullPointerException'> (0x00000000f5f93e60) thrown at [D:\re\workspace\8-2-build-windows-amd64-cygwin\jdk8u25\1677\hotspot\src\share\vm\prims\jvm.cpp, line 1316]
Event: 692.892 Thread 0x0000000016838000 Exception <a 'java/lang/InterruptedException': sleep interrupted> (0x00000000f612a998) thrown at [D:\re\workspace\8-2-build-windows-amd64-cygwin\jdk8u25\1677\hotspot\src\share\vm\prims\jvm.cpp, line 3141]
Event: 692.894 Thread 0x0000000017da5000 Exception <a 'java/lang/InterruptedException'> (0x00000000f616d248) thrown at [D:\re\workspace\8-2-build-windows-amd64-cygwin\jdk8u25\1677\hotspot\src\share\vm\runtime\objectMonitor.cpp, line 1682]
Event: 692.894 Thread 0x00000000166e9800 Exception <a 'java/lang/InterruptedException'> (0x00000000f618e6e0) thrown at [D:\re\workspace\8-2-build-windows-amd64-cygwin\jdk8u25\1677\hotspot\src\share\vm\runtime\objectMonitor.cpp, line 1682]
Event: 693.035 Thread 0x0000000016be8000 Exception <a 'java/lang/InterruptedException'> (0x00000000f6129f50) thrown at [D:\re\workspace\8-2-build-windows-amd64-cygwin\jdk8u25\1677\hotspot\src\share\vm\runtime\objectMonitor.cpp, line 1682]

Events (10 events):
Event: 693.007 Thread 0x0000000015c27000 flushing nmethod 0x0000000004756950
Event: 693.035 Thread 0x0000000016be8000 Thread exited: 0x0000000016be8000
Event: 693.035 Thread 0x00000000166f3800 Thread exited: 0x00000000166f3800
Event: 693.035 loading class java/util/IdentityHashMap$KeyIterator
Event: 693.035 loading class java/util/IdentityHashMap$IdentityHashMapIterator
Event: 693.035 loading class java/util/IdentityHashMap$IdentityHashMapIterator done
Event: 693.035 loading class java/util/IdentityHashMap$KeyIterator done
Event: 693.035 Thread 0x0000000017c60800 Thread added: 0x0000000017c60800
Event: 693.036 Thread 0x0000000017c60800 Thread exited: 0x0000000017c60800
Event: 693.036 Executing VM operation: Exit


Dynamic libraries:
0x0000000000400000 - 0x000000000044f000 	C:\Users\XLInux\SDK\2015.2\eclipse\win64.o\eclipse.exe
0x00007ffad6b70000 - 0x00007ffad6d51000 	C:\Windows\SYSTEM32\ntdll.dll
0x00007ffad60d0000 - 0x00007ffad6181000 	C:\Windows\System32\KERNEL32.DLL
0x00007ffad30b0000 - 0x00007ffad3323000 	C:\Windows\System32\KERNELBASE.dll
0x00007ffad5eb0000 - 0x00007ffad6040000 	C:\Windows\System32\USER32.dll
0x00007ffad3090000 - 0x00007ffad30b0000 	C:\Windows\System32\win32u.dll
0x00007ffad6040000 - 0x00007ffad6068000 	C:\Windows\System32\GDI32.dll
0x00007ffad33d0000 - 0x00007ffad3562000 	C:\Windows\System32\gdi32full.dll
0x00007ffad3330000 - 0x00007ffad33cf000 	C:\Windows\System32\msvcp_win.dll
0x00007ffad2f90000 - 0x00007ffad3088000 	C:\Windows\System32\ucrtbase.dll
0x00007ffad6280000 - 0x00007ffad631e000 	C:\Windows\System32\msvcrt.dll
0x00007ffac3950000 - 0x00007ffac3bb9000 	C:\Windows\WinSxS\amd64_microsoft.windows.common-controls_6595b64144ccf1df_6.0.17134.765_none_fb42a1a930655896\COMCTL32.dll
0x00007ffad6320000 - 0x00007ffad6642000 	C:\Windows\System32\combase.dll
0x00007ffad6650000 - 0x00007ffad6774000 	C:\Windows\System32\RPCRT4.dll
0x00007ffad3680000 - 0x00007ffad36fa000 	C:\Windows\System32\bcryptPrimitives.dll
0x00007ffad5e10000 - 0x00007ffad5e3d000 	C:\Windows\System32\IMM32.DLL
0x0000000072000000 - 0x0000000072012000 	C:\Users\XLInux\SDK\2015.2\eclipse\win64.o\plugins\org.eclipse.equinox.launcher.win32.win32.x86_64_1.1.200.v20140116-2212\eclipse_1503.dll
0x00007ffad6780000 - 0x00007ffad6821000 	C:\Windows\System32\ADVAPI32.dll
0x00007ffad58b0000 - 0x00007ffad590b000 	C:\Windows\System32\sechost.dll
0x00007ffacd790000 - 0x00007ffacd79a000 	C:\Windows\SYSTEM32\VERSION.dll
0x00007ffad1070000 - 0x00007ffad1108000 	C:\Windows\system32\uxtheme.dll
0x00007ffad69c0000 - 0x00007ffad6b33000 	C:\Windows\System32\MSCTF.dll
0x00007ffad68f0000 - 0x00007ffad69b2000 	C:\Windows\System32\OLEAUT32.dll
0x0000000002900000 - 0x000000000315a000 	C:\Users\XLInux\SDK\2015.2\tps\win64\jre\bin\server\jvm.dll
0x00007ffad42a0000 - 0x00007ffad42a8000 	C:\Windows\System32\PSAPI.DLL
0x00007ffac9340000 - 0x00007ffac9349000 	C:\Windows\SYSTEM32\WSOCK32.dll
0x00007ffac9720000 - 0x00007ffac9743000 	C:\Windows\SYSTEM32\WINMM.dll
0x00007ffad5e40000 - 0x00007ffad5eac000 	C:\Windows\System32\WS2_32.dll
0x00007ffac9510000 - 0x00007ffac953a000 	C:\Windows\SYSTEM32\winmmbase.dll
0x00007ffad2f40000 - 0x00007ffad2f89000 	C:\Windows\System32\cfgmgr32.dll
0x00000000751a0000 - 0x0000000075272000 	C:\Windows\SYSTEM32\MSVCR100.dll
0x0000000071da0000 - 0x0000000071daf000 	C:\Users\XLInux\SDK\2015.2\tps\win64\jre\bin\verify.dll
0x0000000071d70000 - 0x0000000071d98000 	C:\Users\XLInux\SDK\2015.2\tps\win64\jre\bin\java.dll
0x0000000071d50000 - 0x0000000071d66000 	C:\Users\XLInux\SDK\2015.2\tps\win64\jre\bin\zip.dll
0x00007ffad42b0000 - 0x00007ffad56f0000 	C:\Windows\System32\SHELL32.dll
0x00007ffad5d60000 - 0x00007ffad5e09000 	C:\Windows\System32\shcore.dll
0x00007ffad38f0000 - 0x00007ffad3ffd000 	C:\Windows\System32\windows.storage.dll
0x00007ffad56f0000 - 0x00007ffad5741000 	C:\Windows\System32\shlwapi.dll
0x00007ffad2eb0000 - 0x00007ffad2ec1000 	C:\Windows\System32\kernel.appcore.dll
0x00007ffad2ed0000 - 0x00007ffad2eef000 	C:\Windows\System32\profapi.dll
0x00007ffad2ef0000 - 0x00007ffad2f3c000 	C:\Windows\System32\powrprof.dll
0x00007ffad2ea0000 - 0x00007ffad2eaa000 	C:\Windows\System32\FLTLIB.DLL
0x00007ffad28b0000 - 0x00007ffad28c7000 	C:\Windows\SYSTEM32\CRYPTSP.dll
0x00007ffad22e0000 - 0x00007ffad2313000 	C:\Windows\system32\rsaenh.dll
0x00007ffad29e0000 - 0x00007ffad2a05000 	C:\Windows\SYSTEM32\bcrypt.dll
0x00007ffad2db0000 - 0x00007ffad2dd8000 	C:\Windows\SYSTEM32\USERENV.dll
0x00007ffad28d0000 - 0x00007ffad28db000 	C:\Windows\SYSTEM32\CRYPTBASE.dll
0x0000000071d30000 - 0x0000000071d4a000 	C:\Users\XLInux\SDK\2015.2\tps\win64\jre\bin\net.dll
0x00007ffad2700000 - 0x00007ffad2766000 	C:\Windows\system32\mswsock.dll
0x00007ffad2480000 - 0x00007ffad24b8000 	C:\Windows\SYSTEM32\IPHLPAPI.DLL
0x00007ffad68e0000 - 0x00007ffad68e8000 	C:\Windows\System32\NSI.dll
0x00007ffacd600000 - 0x00007ffacd616000 	C:\Windows\SYSTEM32\dhcpcsvc6.DLL
0x00007ffacd450000 - 0x00007ffacd46a000 	C:\Windows\SYSTEM32\dhcpcsvc.DLL
0x0000000071d10000 - 0x0000000071d21000 	C:\Users\XLInux\SDK\2015.2\tps\win64\jre\bin\nio.dll
0x00007ffac2920000 - 0x00007ffac29b6000 	C:\Windows\System32\TextInputFramework.dll
0x00007ffac2580000 - 0x00007ffac289e000 	C:\Windows\System32\CoreUIComponents.dll
0x00007ffad0820000 - 0x00007ffad08fa000 	C:\Windows\System32\CoreMessaging.dll
0x00007ffad1f50000 - 0x00007ffad1f81000 	C:\Windows\SYSTEM32\ntmarta.dll
0x00007ffacee60000 - 0x00007ffacefad000 	C:\Windows\SYSTEM32\wintypes.dll
0x00007ffad13f0000 - 0x00007ffad1419000 	C:\Windows\system32\dwmapi.dll
0x00007ffacb6d0000 - 0x00007ffacb73b000 	C:\Windows\system32\Oleacc.dll
0x00007ffab2720000 - 0x00007ffab2736000 	C:\Windows\system32\napinsp.dll
0x00007ffab2700000 - 0x00007ffab271a000 	C:\Windows\system32\pnrpnsp.dll
0x00007fface030000 - 0x00007fface049000 	C:\Windows\system32\NLAapi.dll
0x00007ffad24c0000 - 0x00007ffad257e000 	C:\Windows\SYSTEM32\DNSAPI.dll
0x00007ffab0bf0000 - 0x00007ffab0bfe000 	C:\Windows\System32\winrnr.dll
0x00007ffaccf50000 - 0x00007ffaccf65000 	C:\Windows\System32\wshbth.dll
0x00007ffaccb30000 - 0x00007ffaccb3a000 	C:\Windows\System32\rasadhlp.dll
0x00007ffacc730000 - 0x00007ffacc7a2000 	C:\Windows\System32\fwpuclnt.dll
0x000000001a1b0000 - 0x000000001a258000 	C:\Users\yizii\.Xilinx\SDK\2015.2\org.eclipse.osgi\bundles\287\1\.cp\swt-win32-4335.dll
0x00007ffad5750000 - 0x00007ffad58a1000 	C:\Windows\System32\ole32.dll
0x00007ffad6190000 - 0x00007ffad627d000 	C:\Windows\System32\comdlg32.dll
0x00007ffad3700000 - 0x00007ffad38e2000 	C:\Windows\System32\CRYPT32.dll
0x00007ffad2e80000 - 0x00007ffad2e92000 	C:\Windows\System32\MSASN1.dll
0x00007ffac91f0000 - 0x00007ffac9275000 	C:\Windows\SYSTEM32\WINSPOOL.DRV
0x00007ffacdbd0000 - 0x00007ffacdbe9000 	C:\Windows\SYSTEM32\USP10.dll
0x00007ffac6fc0000 - 0x00007ffac74e1000 	C:\Windows\SYSTEM32\WININET.dll
0x00007ffad0d40000 - 0x00007ffad0ef4000 	C:\Windows\SYSTEM32\PROPSYS.dll
0x00007ffad6840000 - 0x00007ffad68e0000 	C:\Windows\System32\clbcatq.dll
0x000000001a4d0000 - 0x000000001a4ee000 	C:\Users\yizii\.Xilinx\SDK\2015.2\org.eclipse.osgi\bundles\287\1\.cp\swt-gdip-win32-4335.dll
0x00007ffabac30000 - 0x00007ffabadcb000 	C:\Windows\WinSxS\amd64_microsoft.windows.gdiplus_6595b64144ccf1df_1.1.17134.765_none_2c2d948e8af7d264\gdiplus.dll
0x00007ffac2370000 - 0x00007ffac251e000 	C:\Windows\SYSTEM32\WindowsCodecs.dll
0x0000000180000000 - 0x0000000180012000 	C:\Users\yizii\.Xilinx\SDK\2015.2\org.eclipse.osgi\bundles\113\1\.cp\os\win32\x86_64\localfile_1_0_0.dll
0x00007ffac8760000 - 0x00007ffac8771000 	C:\Users\yizii\.Xilinx\SDK\2015.2\org.eclipse.osgi\bundles\116\1\.cp\jWinHttp-1.0.0.dll
0x00007fface510000 - 0x00007fface5ed000 	C:\Windows\SYSTEM32\WINHTTP.dll
0x00007ffab6270000 - 0x00007ffab62c8000 	C:\Windows\system32\dataexchange.dll
0x00007ffad0340000 - 0x00007ffad04dc000 	C:\Windows\system32\dcomp.dll
0x00007ffacfa60000 - 0x00007ffacfd6b000 	C:\Windows\system32\d3d11.dll
0x00007ffad1c20000 - 0x00007ffad1cdb000 	C:\Windows\system32\dxgi.dll
0x00007ffad1230000 - 0x00007ffad13e8000 	C:\Windows\system32\twinapi.appcore.dll
0x00007ffad1420000 - 0x00007ffad1449000 	C:\Windows\system32\RMCLIENT.dll
0x00007ffab0910000 - 0x00007ffab094f000 	C:\Windows\system32\mlang.dll
0x00007ffacd010000 - 0x00007ffacd020000 	C:\Users\XLInux\SDK\2015.2\lib\win64.o\librdi_repo_manager.dll
0x00007ffac6450000 - 0x00007ffac647a000 	C:\Users\XLInux\SDK\2015.2\lib\win64.o\libisl_sysinfo.dll
0x00007ffaa72a0000 - 0x00007ffaa7be3000 	C:\Users\XLInux\SDK\2015.2\lib\win64.o\librdi_common.dll
0x00007ffabce30000 - 0x00007ffabce84000 	C:\Users\XLInux\SDK\2015.2\lib\win64.o\librdi_commonxillic.dll
0x00007ffab3d30000 - 0x00007ffab3dd7000 	C:\Windows\SYSTEM32\MSVCP110.dll
0x00007ffaa5ab0000 - 0x00007ffaa5b84000 	C:\Windows\SYSTEM32\MSVCR110.dll
0x00007ffaaa6f0000 - 0x00007ffaaa8d8000 	C:\Users\XLInux\SDK\2015.2\lib\win64.o\librdi_hsm.dll
0x00007ffabbcb0000 - 0x00007ffabbf58000 	C:\Users\XLInux\SDK\2015.2\lib\win64.o\libCOIN-all.dll
0x00007ffabb830000 - 0x00007ffabba50000 	C:\Users\XLInux\SDK\2015.2\lib\win64.o\libXil_lmgr11.dll
0x00007ffad3620000 - 0x00007ffad3677000 	C:\Windows\System32\WINTRUST.dll
0x00007ffacedf0000 - 0x00007ffacee00000 	C:\Users\XLInux\SDK\2015.2\lib\win64.o\libboost_date_time.dll
0x00007ffaca440000 - 0x00007ffaca462000 	C:\Users\XLInux\SDK\2015.2\lib\win64.o\libboost_filesystem.dll
0x00007ffabd810000 - 0x00007ffabd884000 	C:\Users\XLInux\SDK\2015.2\lib\win64.o\libboost_program_options.dll
0x00007ffabd500000 - 0x00007ffabd5fa000 	C:\Users\XLInux\SDK\2015.2\lib\win64.o\libboost_regex.dll
0x00007ffacc580000 - 0x00007ffacc593000 	C:\Users\XLInux\SDK\2015.2\lib\win64.o\libboost_signals.dll
0x00007fface890000 - 0x00007fface899000 	C:\Users\XLInux\SDK\2015.2\lib\win64.o\libboost_system.dll
0x00007ffacc190000 - 0x00007ffacc1ad000 	C:\Users\XLInux\SDK\2015.2\lib\win64.o\libboost_thread.dll
0x00007ffabcf30000 - 0x00007ffabcfb0000 	C:\Users\XLInux\SDK\2015.2\lib\win64.o\libhdlpsolve.dll
0x00007ffabce90000 - 0x00007ffabcf2a000 	C:\Users\XLInux\SDK\2015.2\lib\win64.o\libhdxml.dll
0x00007ffaa1da0000 - 0x00007ffaa23aa200 	C:\Users\XLInux\SDK\2015.2\lib\win64.o\libisl_iostreams.dll
0x00007ffaca200000 - 0x00007ffaca223000 	C:\Users\XLInux\SDK\2015.2\lib\win64.o\libisl_iosutils.dll
0x00007ffacd8e0000 - 0x00007ffacd8f5000 	C:\Users\XLInux\SDK\2015.2\lib\win64.o\pthreadVC2.dll
0x00007ffabc3f0000 - 0x00007ffabc520000 	C:\Users\XLInux\SDK\2015.2\lib\win64.o\librdi_curl.dll
0x00007ffaca350000 - 0x00007ffaca368000 	C:\Users\XLInux\SDK\2015.2\lib\win64.o\librdiconfig.dll
0x00007ffac6420000 - 0x00007ffac6443000 	C:\Users\XLInux\SDK\2015.2\lib\win64.o\librdizlib.dll
0x0000000071db0000 - 0x0000000071ed7000 	C:\Users\XLInux\SDK\2015.2\lib\win64.o\tcl85t.dll
0x00007ffac61b0000 - 0x00007ffac6378000 	C:\Windows\SYSTEM32\urlmon.dll
0x00007ffaa2df0000 - 0x00007ffaa2e13000 	C:\Windows\SYSTEM32\VCOMP110.DLL
0x00007ffabca40000 - 0x00007ffabca83000 	C:\Users\XLInux\SDK\2015.2\lib\win64.o\librdi_hdf.dll
0x00007ffaa9a10000 - 0x00007ffaa9bca000 	C:\Users\XLInux\SDK\2015.2\lib\win64.o\librdi_ippcw.dll
0x00007ffac68c0000 - 0x00007ffac68d7000 	C:\Windows\SYSTEM32\NETAPI32.dll
0x00007fface330000 - 0x00007fface33b000 	C:\Users\XLInux\SDK\2015.2\lib\win64.o\libboost_chrono.dll
0x00007ffaca300000 - 0x00007ffaca316000 	C:\Users\XLInux\SDK\2015.2\lib\win64.o\libboost_iostreams.dll
0x00007ffac5a70000 - 0x00007ffac5d17000 	C:\Windows\SYSTEM32\iertutil.dll
0x0000000022ec0000 - 0x0000000023123000 	C:\Users\XLInux\SDK\2015.2\lib\win64.o\xerces-c_3_1.dll
0x00007ffac63c0000 - 0x00007ffac63dc000 	C:\Users\XLInux\SDK\2015.2\lib\win64.o\librdi_hw_platform.dll

VM Arguments:
jvm_args: -Dcom.xilinx.sdk.args.hwspec=C:/Users/yizii/Desktop/SOC/lab4/lab4.sdk/system_wrapper.hdf -Xms64m -Xmx512m & 
java_command: <unknown>
java_class_path (initial): C:\Users\XLInux\SDK\2015.2\eclipse\win64.o\\plugins/org.eclipse.equinox.launcher_1.3.0.v20130327-1440.jar
Launcher Type: generic

Environment Variables:
PATH=C:/Users/XLInux/SDK/2015.2/tps/win64/jre/bin/server;C:/Users/XLInux/SDK/2015.2/tps/win64/jre/bin;C:/Users/XLInux/SDK/2015.2/tps/win64/jre/lib/amd64;C:\Users\XLInux\SDK\2015.2\gnuwin\bin;C:\Users\XLInux\SDK\2015.2\gnu\microblaze\nt\bin;C:\Users\XLInux\SDK\2015.2\gnu\microblaze\linux_toolchain\nt64_le\bin;C:\Users\XLInux\SDK\2015.2\gnu\microblaze\linux_toolchain\nt64_be\bin;C:\Users\XLInux\SDK\2015.2\gnu\arm\nt\bin;C:\Users\XLInux\SDK\2015.2\gnu\aarch64\nt\aarch64-none\bin;C:\Users\XLInux\SDK\2015.2\gnu\aarch64\nt\aarch64-linux\bin;C:\Users\XLInux\SDK\2015.2\gnu\armr5\nt\gcc-arm-none-eabi\bin;C:\Users\XLInux\SDK\2015.2\gnu\aarch32\nt\gcc-arm-none-eabi\bin;C:\Users\XLInux\SDK\2015.2\gnu\aarch32\nt\gcc-arm-linux-gnueabi\bin;C:\Users\XLInux\SDK\2015.2\bin;C:\Users\XLInux\SDK\2015.2\lib\win64.o;C:\Users\XLInux\SDK\2015.2\tps\win64\jre\bin\server;C:\Users\XLInux\SDK\2015.2\tps\win64\jre\bin;C:\Users\XLInux\SDK\2015.2\bin;C:\Users\XLInux\SDK\2015.2\bin;C:\Users\XLInux\Vivado\2015.2\ids_lite\ISE\bin\nt64;C:\Users\XLInux\Vivado\2015.2\ids_lite\ISE\lib\nt64;C:\Users\XLInux\Vivado\2015.2\bin;C:\Users\XLInux\Vivado\2015.2\lib\win64.o;C:\Users\XLInux\Vivado\2015.2\tps\win64\jre\bin\server;C:\Users\XLInux\Vivado\2015.2\tps\win64\jre\bin;C:\Users\XLInux\SDK\2015.2\bin;C:\Users\XLInux\Vivado\2015.2\ids_lite\ISE\bin\nt64;C:\Users\XLInux\Vivado\2015.2\ids_lite\ISE\lib\nt64;C:\Windows\system32;C:\Windows;C:\Windows\System32\Wbem;C:\Windows\System32\WindowsPowerShell\v1.0\;C:\Windows\System32\OpenSSH\;E:\softwore\MPLABX\bin;E:\softwore\xc8\bin;E:\softwore\xc16\bin;C:\Program Files\Git\cmd;C:\Program Files (x86)\Altium Designer Winter 09\System;C:\Users\yizii\AppData\Local\Programs\Python\Python37-32\Scripts\;C:\Users\yizii\AppData\Local\Programs\Python\Python37-32\;C:\Users\yizii\AppData\Local\Microsoft\WindowsApps;;C:\Users\yizii\AppData\Local\Programs\Microsoft VS Code\bin;c:\Users\yizii\Desktop\SOC\lab2;
USERNAME=yizii
OS=Windows_NT
PROCESSOR_IDENTIFIER=Intel64 Family 6 Model 94 Stepping 3, GenuineIntel



---------------  S Y S T E M  ---------------

OS: Windows 8 , 64 bit Build 9200 

CPU:total 4 (4 cores per cpu, 1 threads per core) family 6 model 94 stepping 3, cmov, cx8, fxsr, mmx, sse, sse2, sse3, ssse3, sse4.1, sse4.2, popcnt, avx, avx2, aes, clmul, erms, rtm, lzcnt, tsc, tscinvbit, bmi1, bmi2

Memory: 4k page, physical 8282240k(2877452k free), swap 11141176k(1990672k free)

vm_info: Java HotSpot(TM) 64-Bit Server VM (25.25-b02) for windows-amd64 JRE (1.8.0_25-b18), built on Oct  7 2014 14:25:37 by "java_re" with MS VC++ 10.0 (VS2010)

time: Fri Jun 07 01:09:10 2019
elapsed time: 698 seconds (0d 0h 11m 38s)

