#
# A fatal error has been detected by the Java Runtime Environment:
#
#  Internal Error (0xc000000d), pid=10980, tid=13648
#
# JRE version: Java(TM) SE Runtime Environment (8.0_25-b18) (build 1.8.0_25-b18)
# Java VM: Java HotSpot(TM) 64-Bit Server VM (25.25-b02 mixed mode windows-amd64 compressed oops)
# Problematic frame:
# C  [ntdll.dll+0x108580]
#
# Failed to write core dump. Minidumps are not enabled by default on client versions of Windows
#
# If you would like to submit a bug report, please visit:
#   http://bugreport.sun.com/bugreport/crash.jsp
#

---------------  T H R E A D  ---------------

Current thread (0x00000000144a6000):  VMThread [stack: 0x0000000015530000,0x0000000015630000] [id=13648]

siginfo: ExceptionCode=0xc000000d

Registers:
RAX=0x000000001685afb0, RBX=0xfffffffffffffffe, RCX=0x000000001562eea0, RDX=0x0000000002913ea4
RSP=0x000000001562f3a0, RBP=0x00007ffaa5ab7408, RSI=0x0000000000000000, RDI=0x0000000000000cf4
R8 =0x00000000030b7a2d, R9 =0x00001c12216eb211, R10=0x00007ffad6bb829f, R11=0x0000000016860a70
R12=0x000000001b343c30, R13=0x0000000022c8a130, R14=0x000000001b343d38, R15=0x000000001562f518
RIP=0x00007ffad6c78580, EFLAGS=0x0000000000000202

Top of Stack: (sp=0x000000001562f3a0)
0x000000001562f3a0:   0000000000000057 fffffffffffffffe
0x000000001562f3b0:   0000000000000000 0000000000000cf4
0x000000001562f3c0:   00000000c000000d 0000000000000000
0x000000001562f3d0:   00007ffad6c78580 0000000000000000
0x000000001562f3e0:   0000000000000000 0000000000000000
0x000000001562f3f0:   0000000000000000 0000000000000000
0x000000001562f400:   0000000000000000 0000000000000000
0x000000001562f410:   0000000000000000 0000000000000000
0x000000001562f420:   0000000000000000 0000000000000000
0x000000001562f430:   0000000000000000 0000000000000000
0x000000001562f440:   0000000000000000 0000000000000000
0x000000001562f450:   0000000000000000 0000000000000000
0x000000001562f460:   000075a7b9030d05 0000000000000000
0x000000001562f470:   0000000000000000 00007ffad6c2786f
0x000000001562f480:   0000000000000000 0000000000000000
0x000000001562f490:   0000000000000000 0000000000000000 

Instructions: (pc=0x00007ffad6c78580)
0x00007ffad6c78560:   90 f9 ff c7 44 24 20 0d 00 00 c0 b9 57 00 00 00
0x00007ffad6c78570:   e8 1b fe ef ff 90 48 8d 4c 24 20 e8 00 36 f0 ff
0x00007ffad6c78580:   eb 00 48 8b 8c 24 c0 00 00 00 48 33 cc e8 4e 2b
0x00007ffad6c78590:   f8 ff 48 81 c4 d8 00 00 00 c3 40 55 48 83 ec 20 


Register to memory mapping:

RAX=0x000000001685afb0 is an unknown value
RBX=0xfffffffffffffffe is an unknown value
RCX=0x000000001562eea0 is an unknown value
RDX=0x0000000002913ea4 is an unknown value
RSP=0x000000001562f3a0 is an unknown value
RBP=0x00007ffaa5ab7408 is an unknown value
RSI=0x0000000000000000 is an unknown value
RDI=0x0000000000000cf4 is an unknown value
R8 =0x00000000030b7a2d is at code_begin+2093 in an Interpreter codelet
invoke return entry points  [0x00000000030b7200, 0x00000000030b7b00]  2304 bytes
R9 =0x00001c12216eb211 is an unknown value
R10=0x00007ffad6bb829f is an unknown value
R11=0x0000000016860a70 is an unknown value
R12=0x000000001b343c30 is an unknown value
R13=0x0000000022c8a130 is an unknown value
R14=0x000000001b343d38 is an unknown value
R15=0x000000001562f518 is an unknown value


Stack: [0x0000000015530000,0x0000000015630000],  sp=0x000000001562f3a0,  free space=1020k
Native frames: (J=compiled Java code, j=interpreted, Vv=VM code, C=native code)
C  [ntdll.dll+0x108580]
C  [ntdll.dll+0xb786f]
C  [KERNEL32.DLL+0x1e92a]
C  [MSVCR110.dll+0x752d]
C  [MSVCR110.dll+0x14cde]
C  [MSVCR110.dll+0x13edc]
C  [MSVCR110.dll+0x239e]
C  [MSVCR110.dll+0xaf9e]
C  [MSVCP110.dll+0x397b9]
C  [librdi_common.dll+0x135d02]
C  [librdi_common.dll+0x13447b]
C  0x00007ffac8770904
C  0x00007ffac8770b86
C  [ntdll.dll+0x3b583]
C  [ntdll.dll+0x47f85]
C  [ntdll.dll+0x47e48]
C  [KERNEL32.DLL+0x1ca7a]
C  [MSVCR100.dll+0x20ccd]
V  [jvm.dll+0x1f9c55]
V  [jvm.dll+0x2325e7]
V  [jvm.dll+0x231826]
V  [jvm.dll+0x231cc1]
V  [jvm.dll+0x231ede]
V  [jvm.dll+0x2852fa]
C  [MSVCR100.dll+0x21d9f]
C  [MSVCR100.dll+0x21e3b]
C  [KERNEL32.DLL+0x14034]
C  [ntdll.dll+0x73691]

VM_Operation (0x000000000014f500): Exit, mode: safepoint, requested by thread 0x000000000263e000


---------------  P R O C E S S  ---------------

Java Threads: ( => current thread )
  0x000000001a0e1800 JavaThread "TCF Locator DNS Lookup" daemon [_thread_blocked, id=5252, stack(0x0000000021480000,0x0000000021580000)]
  0x000000001a0da000 JavaThread "TCF Locator Timer" daemon [_thread_blocked, id=14984, stack(0x0000000021380000,0x0000000021480000)]
  0x000000001a0df800 JavaThread "TCF Locator Receiver" daemon [_thread_in_native, id=5944, stack(0x0000000021280000,0x0000000021380000)]
  0x000000001a0e1000 JavaThread "TCF Timer Dispatcher" daemon [_thread_blocked, id=9596, stack(0x0000000021080000,0x0000000021180000)]
  0x0000000016a66000 JavaThread "EMF Reference Cleaner" daemon [_thread_blocked, id=5052, stack(0x00000000192f0000,0x00000000193f0000)]
  0x0000000015bda000 JavaThread "Service Thread" daemon [_thread_blocked, id=12508, stack(0x0000000016140000,0x0000000016240000)]
  0x0000000015b50800 JavaThread "C1 CompilerThread2" daemon [_thread_blocked, id=6980, stack(0x0000000016040000,0x0000000016140000)]
  0x0000000015b40800 JavaThread "C2 CompilerThread1" daemon [_thread_blocked, id=13392, stack(0x0000000015f40000,0x0000000016040000)]
  0x000000001453b800 JavaThread "C2 CompilerThread0" daemon [_thread_blocked, id=6452, stack(0x0000000015a40000,0x0000000015b40000)]
  0x000000001453a000 JavaThread "Attach Listener" daemon [_thread_blocked, id=2100, stack(0x0000000015940000,0x0000000015a40000)]
  0x0000000014539800 JavaThread "Signal Dispatcher" daemon [_thread_blocked, id=1156, stack(0x0000000015840000,0x0000000015940000)]
  0x0000000003094000 JavaThread "Finalizer" daemon [_thread_blocked, id=14308, stack(0x0000000015730000,0x0000000015830000)]
  0x000000000308b000 JavaThread "Reference Handler" daemon [_thread_blocked, id=9136, stack(0x0000000015630000,0x0000000015730000)]
  0x000000000263e000 JavaThread "main" [_thread_blocked, id=5380, stack(0x0000000000050000,0x0000000000150000)]

Other Threads:
=>0x00000000144a6000 VMThread [stack: 0x0000000015530000,0x0000000015630000] [id=13648]

VM state:at safepoint (shutting down)

VM Mutex/Monitor currently owned by a thread:  ([mutex/lock_event])
[0x000000000263cfe0] Threads_lock - owner thread: 0x00000000144a6000

Heap:
 PSYoungGen      total 78848K, used 47878K [0x00000000f5580000, 0x00000000fb380000, 0x0000000100000000)
  eden space 62464K, 76% used [0x00000000f5580000,0x00000000f8441838,0x00000000f9280000)
  from space 16384K, 0% used [0x00000000f9280000,0x00000000f9280000,0x00000000fa280000)
  to   space 16896K, 0% used [0x00000000fa300000,0x00000000fa300000,0x00000000fb380000)
 ParOldGen       total 94720K, used 34537K [0x00000000e0000000, 0x00000000e5c80000, 0x00000000f5580000)
  object space 94720K, 36% used [0x00000000e0000000,0x00000000e21ba6f8,0x00000000e5c80000)
 Metaspace       used 63612K, capacity 68738K, committed 68864K, reserved 1107968K
  class space    used 7821K, capacity 9445K, committed 9472K, reserved 1048576K

Card table byte_map: [0x0000000012470000,0x0000000012580000] byte_map_base: 0x0000000011d70000

Marking Bits: (ParMarkBitMap*) 0x0000000002efd490
 Begin Bits: [0x0000000012a30000, 0x0000000013230000)
 End Bits:   [0x0000000013230000, 0x0000000013a30000)

Polling page: 0x0000000002620000

CodeCache: size=245760Kb used=24270Kb max_used=24475Kb free=221489Kb
 bounds [0x00000000030b0000, 0x00000000048c0000, 0x00000000120b0000]
 total_blobs=7638 nmethods=6820 adapters=726
 compilation: enabled

Compilation events (10 events):
Event: 189.218 Thread 0x0000000015b50800 8114       3       java.io.File::list (33 bytes)
Event: 189.218 Thread 0x0000000015b50800 nmethod 8114 0x0000000003f20990 code [0x0000000003f20b60, 0x0000000003f21288]
Event: 189.289 Thread 0x0000000015b50800 8115   !   3       org.eclipse.osgi.internal.baseadaptor.BaseStorage::compact (215 bytes)
Event: 189.291 Thread 0x0000000015b50800 nmethod 8115 0x000000000489dad0 code [0x000000000489df00, 0x00000000048a0338]
Event: 189.298 Thread 0x0000000015b40800 8116       4       java.io.File::<init> (113 bytes)
Event: 189.301 Thread 0x0000000015b40800 nmethod 8116 0x000000000320d990 code [0x000000000320db20, 0x000000000320df20]
Event: 189.320 Thread 0x0000000015b50800 8117       3       org.eclipse.osgi.framework.internal.core.AbstractBundle::close (52 bytes)
Event: 189.321 Thread 0x0000000015b50800 nmethod 8117 0x0000000003be1050 code [0x0000000003be1280, 0x0000000003be1f68]
Event: 189.322 Thread 0x0000000015b50800 8118       1       java.util.logging.LogManager$LoggerContext::getOwner (5 bytes)
Event: 189.322 Thread 0x0000000015b50800 nmethod 8118 0x0000000003e2f290 code [0x0000000003e2f3e0, 0x0000000003e2f4f0]

GC Heap History (10 events):
Event: 62.202 GC heap before
{Heap before GC invocations=16 (full 3):
 PSYoungGen      total 68096K, used 52736K [0x00000000f5580000, 0x00000000faa00000, 0x0000000100000000)
  eden space 52736K, 100% used [0x00000000f5580000,0x00000000f8900000,0x00000000f8900000)
  from space 15360K, 0% used [0x00000000f9a00000,0x00000000f9a00000,0x00000000fa900000)
  to   space 16896K, 0% used [0x00000000f8900000,0x00000000f8900000,0x00000000f9980000)
 ParOldGen       total 94720K, used 31189K [0x00000000e0000000, 0x00000000e5c80000, 0x00000000f5580000)
  object space 94720K, 32% used [0x00000000e0000000,0x00000000e1e754a8,0x00000000e5c80000)
 Metaspace       used 59275K, capacity 64468K, committed 64640K, reserved 1105920K
  class space    used 7416K, capacity 8984K, committed 9088K, reserved 1048576K
Event: 62.208 GC heap after
Heap after GC invocations=16 (full 3):
 PSYoungGen      total 69632K, used 8243K [0x00000000f5580000, 0x00000000fb280000, 0x0000000100000000)
  eden space 52736K, 0% used [0x00000000f5580000,0x00000000f5580000,0x00000000f8900000)
  from space 16896K, 48% used [0x00000000f8900000,0x00000000f910cf60,0x00000000f9980000)
  to   space 16384K, 0% used [0x00000000fa280000,0x00000000fa280000,0x00000000fb280000)
 ParOldGen       total 94720K, used 31197K [0x00000000e0000000, 0x00000000e5c80000, 0x00000000f5580000)
  object space 94720K, 32% used [0x00000000e0000000,0x00000000e1e774a8,0x00000000e5c80000)
 Metaspace       used 59275K, capacity 64468K, committed 64640K, reserved 1105920K
  class space    used 7416K, capacity 8984K, committed 9088K, reserved 1048576K
}
Event: 84.254 GC heap before
{Heap before GC invocations=17 (full 3):
 PSYoungGen      total 69632K, used 26239K [0x00000000f5580000, 0x00000000fb280000, 0x0000000100000000)
  eden space 52736K, 34% used [0x00000000f5580000,0x00000000f6712fb0,0x00000000f8900000)
  from space 16896K, 48% used [0x00000000f8900000,0x00000000f910cf60,0x00000000f9980000)
  to   space 16384K, 0% used [0x00000000fa280000,0x00000000fa280000,0x00000000fb280000)
 ParOldGen       total 94720K, used 31197K [0x00000000e0000000, 0x00000000e5c80000, 0x00000000f5580000)
  object space 94720K, 32% used [0x00000000e0000000,0x00000000e1e774a8,0x00000000e5c80000)
 Metaspace       used 59448K, capacity 64596K, committed 64896K, reserved 1105920K
  class space    used 7419K, capacity 8984K, committed 9088K, reserved 1048576K
Event: 84.258 GC heap after
Heap after GC invocations=17 (full 3):
 PSYoungGen      total 78848K, used 4224K [0x00000000f5580000, 0x00000000fb280000, 0x0000000100000000)
  eden space 62464K, 0% used [0x00000000f5580000,0x00000000f5580000,0x00000000f9280000)
  from space 16384K, 25% used [0x00000000fa280000,0x00000000fa6a0010,0x00000000fb280000)
  to   space 16384K, 0% used [0x00000000f9280000,0x00000000f9280000,0x00000000fa280000)
 ParOldGen       total 94720K, used 31205K [0x00000000e0000000, 0x00000000e5c80000, 0x00000000f5580000)
  object space 94720K, 32% used [0x00000000e0000000,0x00000000e1e794a8,0x00000000e5c80000)
 Metaspace       used 59448K, capacity 64596K, committed 64896K, reserved 1105920K
  class space    used 7419K, capacity 8984K, committed 9088K, reserved 1048576K
}
Event: 84.258 GC heap before
{Heap before GC invocations=18 (full 4):
 PSYoungGen      total 78848K, used 4224K [0x00000000f5580000, 0x00000000fb280000, 0x0000000100000000)
  eden space 62464K, 0% used [0x00000000f5580000,0x00000000f5580000,0x00000000f9280000)
  from space 16384K, 25% used [0x00000000fa280000,0x00000000fa6a0010,0x00000000fb280000)
  to   space 16384K, 0% used [0x00000000f9280000,0x00000000f9280000,0x00000000fa280000)
 ParOldGen       total 94720K, used 31205K [0x00000000e0000000, 0x00000000e5c80000, 0x00000000f5580000)
  object space 94720K, 32% used [0x00000000e0000000,0x00000000e1e794a8,0x00000000e5c80000)
 Metaspace       used 59448K, capacity 64596K, committed 64896K, reserved 1105920K
  class space    used 7419K, capacity 8984K, committed 9088K, reserved 1048576K
Event: 84.502 GC heap after
Heap after GC invocations=18 (full 4):
 PSYoungGen      total 78848K, used 0K [0x00000000f5580000, 0x00000000fb280000, 0x0000000100000000)
  eden space 62464K, 0% used [0x00000000f5580000,0x00000000f5580000,0x00000000f9280000)
  from space 16384K, 0% used [0x00000000fa280000,0x00000000fa280000,0x00000000fb280000)
  to   space 16384K, 0% used [0x00000000f9280000,0x00000000f9280000,0x00000000fa280000)
 ParOldGen       total 94720K, used 31731K [0x00000000e0000000, 0x00000000e5c80000, 0x00000000f5580000)
  object space 94720K, 33% used [0x00000000e0000000,0x00000000e1efcfc0,0x00000000e5c80000)
 Metaspace       used 59448K, capacity 64596K, committed 64896K, reserved 1105920K
  class space    used 7419K, capacity 8984K, committed 9088K, reserved 1048576K
}
Event: 153.164 GC heap before
{Heap before GC invocations=19 (full 4):
 PSYoungGen      total 78848K, used 36462K [0x00000000f5580000, 0x00000000fb280000, 0x0000000100000000)
  eden space 62464K, 58% used [0x00000000f5580000,0x00000000f791bb38,0x00000000f9280000)
  from space 16384K, 0% used [0x00000000fa280000,0x00000000fa280000,0x00000000fb280000)
  to   space 16384K, 0% used [0x00000000f9280000,0x00000000f9280000,0x00000000fa280000)
 ParOldGen       total 94720K, used 31731K [0x00000000e0000000, 0x00000000e5c80000, 0x00000000f5580000)
  object space 94720K, 33% used [0x00000000e0000000,0x00000000e1efcfc0,0x00000000e5c80000)
 Metaspace       used 62117K, capacity 67360K, committed 67456K, reserved 1107968K
  class space    used 7669K, capacity 9308K, committed 9344K, reserved 1048576K
Event: 153.167 GC heap after
Heap after GC invocations=19 (full 4):
 PSYoungGen      total 78848K, used 3402K [0x00000000f5580000, 0x00000000fb380000, 0x0000000100000000)
  eden space 62464K, 0% used [0x00000000f5580000,0x00000000f5580000,0x00000000f9280000)
  from space 16384K, 20% used [0x00000000f9280000,0x00000000f95d2888,0x00000000fa280000)
  to   space 16896K, 0% used [0x00000000fa300000,0x00000000fa300000,0x00000000fb380000)
 ParOldGen       total 94720K, used 31739K [0x00000000e0000000, 0x00000000e5c80000, 0x00000000f5580000)
  object space 94720K, 33% used [0x00000000e0000000,0x00000000e1efefc0,0x00000000e5c80000)
 Metaspace       used 62117K, capacity 67360K, committed 67456K, reserved 1107968K
  class space    used 7669K, capacity 9308K, committed 9344K, reserved 1048576K
}
Event: 153.167 GC heap before
{Heap before GC invocations=20 (full 5):
 PSYoungGen      total 78848K, used 3402K [0x00000000f5580000, 0x00000000fb380000, 0x0000000100000000)
  eden space 62464K, 0% used [0x00000000f5580000,0x00000000f5580000,0x00000000f9280000)
  from space 16384K, 20% used [0x00000000f9280000,0x00000000f95d2888,0x00000000fa280000)
  to   space 16896K, 0% used [0x00000000fa300000,0x00000000fa300000,0x00000000fb380000)
 ParOldGen       total 94720K, used 31739K [0x00000000e0000000, 0x00000000e5c80000, 0x00000000f5580000)
  object space 94720K, 33% used [0x00000000e0000000,0x00000000e1efefc0,0x00000000e5c80000)
 Metaspace       used 62117K, capacity 67360K, committed 67456K, reserved 1107968K
  class space    used 7669K, capacity 9308K, committed 9344K, reserved 1048576K
Event: 153.406 GC heap after
Heap after GC invocations=20 (full 5):
 PSYoungGen      total 78848K, used 0K [0x00000000f5580000, 0x00000000fb380000, 0x0000000100000000)
  eden space 62464K, 0% used [0x00000000f5580000,0x00000000f5580000,0x00000000f9280000)
  from space 16384K, 0% used [0x00000000f9280000,0x00000000f9280000,0x00000000fa280000)
  to   space 16896K, 0% used [0x00000000fa300000,0x00000000fa300000,0x00000000fb380000)
 ParOldGen       total 94720K, used 34537K [0x00000000e0000000, 0x00000000e5c80000, 0x00000000f5580000)
  object space 94720K, 36% used [0x00000000e0000000,0x00000000e21ba6f8,0x00000000e5c80000)
 Metaspace       used 62117K, capacity 67360K, committed 67456K, reserved 1107968K
  class space    used 7669K, capacity 9308K, committed 9344K, reserved 1048576K
}

Deoptimization events (10 events):
Event: 188.521 Thread 0x000000000263e000 Uncommon trap: reason=unreached action=reinterpret pc=0x0000000003d9fe00 method=org.eclipse.e4.ui.model.application.impl.ApplicationElementImpl.eIsSet(I)Z @ 132
Event: 188.562 Thread 0x000000000263e000 Uncommon trap: reason=bimorphic action=maybe_recompile pc=0x00000000037df1e4 method=org.eclipse.emf.ecore.impl.ETypedElementImpl.getEType()Lorg/eclipse/emf/ecore/EClassifier; @ 18
Event: 188.562 Thread 0x000000000263e000 Uncommon trap: reason=bimorphic action=maybe_recompile pc=0x00000000037df1e4 method=org.eclipse.emf.ecore.impl.ETypedElementImpl.getEType()Lorg/eclipse/emf/ecore/EClassifier; @ 18
Event: 188.591 Thread 0x000000000263e000 Uncommon trap: reason=class_check action=maybe_recompile pc=0x0000000004804820 method=org.eclipse.e4.core.internal.contexts.TrackableComputationExt.update(Lorg/eclipse/e4/core/internal/contexts/ContextChangeEvent;)Z @ 62
Event: 188.591 Thread 0x000000000263e000 Uncommon trap: reason=class_check action=maybe_recompile pc=0x00000000048127fc method=org.eclipse.e4.core.internal.contexts.ContextObjectSupplier$ContextInjectionListener.update(Lorg/eclipse/e4/core/contexts/IEclipseContext;I[Ljava/lang/Object;)Z @ 173
Event: 188.591 Thread 0x000000000263e000 Uncommon trap: reason=class_check action=maybe_recompile pc=0x0000000004804820 method=org.eclipse.e4.core.internal.contexts.TrackableComputationExt.update(Lorg/eclipse/e4/core/internal/contexts/ContextChangeEvent;)Z @ 62
Event: 188.591 Thread 0x000000000263e000 Uncommon trap: reason=class_check action=maybe_recompile pc=0x00000000048127fc method=org.eclipse.e4.core.internal.contexts.ContextObjectSupplier$ContextInjectionListener.update(Lorg/eclipse/e4/core/contexts/IEclipseContext;I[Ljava/lang/Object;)Z @ 173
Event: 188.591 Thread 0x000000000263e000 Uncommon trap: reason=class_check action=maybe_recompile pc=0x0000000004804820 method=org.eclipse.e4.core.internal.contexts.TrackableComputationExt.update(Lorg/eclipse/e4/core/internal/contexts/ContextChangeEvent;)Z @ 62
Event: 188.591 Thread 0x000000000263e000 Uncommon trap: reason=class_check action=maybe_recompile pc=0x00000000048127fc method=org.eclipse.e4.core.internal.contexts.ContextObjectSupplier$ContextInjectionListener.update(Lorg/eclipse/e4/core/contexts/IEclipseContext;I[Ljava/lang/Object;)Z @ 173
Event: 189.142 Thread 0x000000000263e000 Uncommon trap: reason=null_check action=make_not_entrant pc=0x0000000003a52690 method=org.eclipse.core.runtime.internal.adaptor.EclipseLazyStarter.shouldActivateFor(Ljava/lang/String;Lorg/eclipse/osgi/baseadaptor/BaseData;Lorg/eclipse/core/runtime/internalØû#y´êg@

Internal exceptions (10 events):
Event: 188.056 Thread 0x000000001a0e7000 Exception <a 'java/net/SocketException': Connection reset by peer: socket write error> (0x00000000f7696a58) thrown at [D:\re\workspace\8-2-build-windows-amd64-cygwin\jdk8u25\1677\hotspot\src\share\vm\prims\jni.cpp, line 742]
Event: 188.057 Thread 0x000000001a0db800 Exception <a 'java/lang/InterruptedException'> (0x00000000f7798180) thrown at [D:\re\workspace\8-2-build-windows-amd64-cygwin\jdk8u25\1677\hotspot\src\share\vm\runtime\objectMonitor.cpp, line 1682]
Event: 188.057 Thread 0x000000001a0e5800 Exception <a 'java/net/SocketException': Socket closed> (0x00000000f7785c50) thrown at [D:\re\workspace\8-2-build-windows-amd64-cygwin\jdk8u25\1677\hotspot\src\share\vm\prims\jni.cpp, line 742]
Event: 188.141 Thread 0x000000000263e000 Implicit null exception at 0x0000000003f6e20c to 0x0000000003f6e269
Event: 188.305 Thread 0x000000000263e000 Implicit null exception at 0x00000000045bb389 to 0x00000000045bb6dd
Event: 189.142 Thread 0x000000000263e000 Implicit null exception at 0x0000000003a51d97 to 0x0000000003a52681
Event: 189.203 Thread 0x000000001684a800 Exception <a 'java/lang/InterruptedException': sleep interrupted> (0x00000000f826e5c0) thrown at [D:\re\workspace\8-2-build-windows-amd64-cygwin\jdk8u25\1677\hotspot\src\share\vm\prims\jvm.cpp, line 3141]
Event: 189.207 Thread 0x0000000017c63000 Exception <a 'java/lang/InterruptedException'> (0x00000000f81815b8) thrown at [D:\re\workspace\8-2-build-windows-amd64-cygwin\jdk8u25\1677\hotspot\src\share\vm\runtime\objectMonitor.cpp, line 1682]
Event: 189.208 Thread 0x0000000016850800 Exception <a 'java/lang/InterruptedException'> (0x00000000f830a800) thrown at [D:\re\workspace\8-2-build-windows-amd64-cygwin\jdk8u25\1677\hotspot\src\share\vm\runtime\objectMonitor.cpp, line 1682]
Event: 189.320 Thread 0x00000000167ca800 Exception <a 'java/lang/InterruptedException'> (0x00000000f826d3a0) thrown at [D:\re\workspace\8-2-build-windows-amd64-cygwin\jdk8u25\1677\hotspot\src\share\vm\runtime\objectMonitor.cpp, line 1682]

Events (10 events):
Event: 189.322 Thread 0x0000000015b50800 flushing nmethod 0x00000000046a10d0
Event: 189.322 Thread 0x0000000015b50800 flushing nmethod 0x00000000046a1b90
Event: 189.322 Thread 0x0000000015b50800 flushing nmethod 0x00000000046aaed0
Event: 189.322 Thread 0x0000000015b50800 flushing nmethod 0x00000000046bedd0
Event: 189.322 Thread 0x0000000015b50800 flushing nmethod 0x00000000046d60d0
Event: 189.322 Thread 0x0000000015b50800 flushing nmethod 0x00000000046d6650
Event: 189.322 Thread 0x0000000015b50800 flushing nmethod 0x00000000046d8550
Event: 189.323 Thread 0x0000000015b50800 flushing nmethod 0x00000000046f8490
Event: 189.323 Thread 0x0000000015b50800 flushing nmethod 0x00000000046f8b50
Event: 189.323 Executing VM operation: Exit


Dynamic libraries:
0x0000000000400000 - 0x000000000044f000 	C:\Users\XLInux\SDK\2015.2\eclipse\win64.o\eclipse.exe
0x00007ffad6b70000 - 0x00007ffad6d51000 	C:\Windows\SYSTEM32\ntdll.dll
0x00007ffad60d0000 - 0x00007ffad6181000 	C:\Windows\System32\KERNEL32.DLL
0x00007ffad30b0000 - 0x00007ffad3323000 	C:\Windows\System32\KERNELBASE.dll
0x00007ffad5eb0000 - 0x00007ffad6040000 	C:\Windows\System32\USER32.dll
0x00007ffad3090000 - 0x00007ffad30b0000 	C:\Windows\System32\win32u.dll
0x00007ffad6040000 - 0x00007ffad6068000 	C:\Windows\System32\GDI32.dll
0x00007ffad33d0000 - 0x00007ffad3562000 	C:\Windows\System32\gdi32full.dll
0x00007ffad3330000 - 0x00007ffad33cf000 	C:\Windows\System32\msvcp_win.dll
0x00007ffad2f90000 - 0x00007ffad3088000 	C:\Windows\System32\ucrtbase.dll
0x00007ffad6280000 - 0x00007ffad631e000 	C:\Windows\System32\msvcrt.dll
0x00007ffac3950000 - 0x00007ffac3bb9000 	C:\Windows\WinSxS\amd64_microsoft.windows.common-controls_6595b64144ccf1df_6.0.17134.765_none_fb42a1a930655896\COMCTL32.dll
0x00007ffad6320000 - 0x00007ffad6642000 	C:\Windows\System32\combase.dll
0x00007ffad6650000 - 0x00007ffad6774000 	C:\Windows\System32\RPCRT4.dll
0x00007ffad3680000 - 0x00007ffad36fa000 	C:\Windows\System32\bcryptPrimitives.dll
0x00007ffad5e10000 - 0x00007ffad5e3d000 	C:\Windows\System32\IMM32.DLL
0x0000000072000000 - 0x0000000072012000 	C:\Users\XLInux\SDK\2015.2\eclipse\win64.o\plugins\org.eclipse.equinox.launcher.win32.win32.x86_64_1.1.200.v20140116-2212\eclipse_1503.dll
0x00007ffad6780000 - 0x00007ffad6821000 	C:\Windows\System32\ADVAPI32.dll
0x00007ffad58b0000 - 0x00007ffad590b000 	C:\Windows\System32\sechost.dll
0x00007ffacd790000 - 0x00007ffacd79a000 	C:\Windows\SYSTEM32\VERSION.dll
0x00007ffad1070000 - 0x00007ffad1108000 	C:\Windows\system32\uxtheme.dll
0x00007ffad69c0000 - 0x00007ffad6b33000 	C:\Windows\System32\MSCTF.dll
0x00007ffad68f0000 - 0x00007ffad69b2000 	C:\Windows\System32\OLEAUT32.dll
0x0000000002720000 - 0x0000000002f7a000 	C:\Users\XLInux\SDK\2015.2\tps\win64\jre\bin\server\jvm.dll
0x00007ffad42a0000 - 0x00007ffad42a8000 	C:\Windows\System32\PSAPI.DLL
0x00007ffac9340000 - 0x00007ffac9349000 	C:\Windows\SYSTEM32\WSOCK32.dll
0x00007ffac9720000 - 0x00007ffac9743000 	C:\Windows\SYSTEM32\WINMM.dll
0x00000000751a0000 - 0x0000000075272000 	C:\Windows\SYSTEM32\MSVCR100.dll
0x00007ffad5e40000 - 0x00007ffad5eac000 	C:\Windows\System32\WS2_32.dll
0x00007ffac9510000 - 0x00007ffac953a000 	C:\Windows\SYSTEM32\WINMMBASE.dll
0x00007ffad2f40000 - 0x00007ffad2f89000 	C:\Windows\System32\cfgmgr32.dll
0x0000000071da0000 - 0x0000000071daf000 	C:\Users\XLInux\SDK\2015.2\tps\win64\jre\bin\verify.dll
0x0000000071d70000 - 0x0000000071d98000 	C:\Users\XLInux\SDK\2015.2\tps\win64\jre\bin\java.dll
0x0000000071d50000 - 0x0000000071d66000 	C:\Users\XLInux\SDK\2015.2\tps\win64\jre\bin\zip.dll
0x00007ffad42b0000 - 0x00007ffad56f0000 	C:\Windows\System32\SHELL32.dll
0x00007ffad5d60000 - 0x00007ffad5e09000 	C:\Windows\System32\shcore.dll
0x00007ffad38f0000 - 0x00007ffad3ffd000 	C:\Windows\System32\windows.storage.dll
0x00007ffad56f0000 - 0x00007ffad5741000 	C:\Windows\System32\shlwapi.dll
0x00007ffad2eb0000 - 0x00007ffad2ec1000 	C:\Windows\System32\kernel.appcore.dll
0x00007ffad2ed0000 - 0x00007ffad2eef000 	C:\Windows\System32\profapi.dll
0x00007ffad2ef0000 - 0x00007ffad2f3c000 	C:\Windows\System32\powrprof.dll
0x00007ffad2ea0000 - 0x00007ffad2eaa000 	C:\Windows\System32\FLTLIB.DLL
0x00007ffad28b0000 - 0x00007ffad28c7000 	C:\Windows\SYSTEM32\CRYPTSP.dll
0x00007ffad22e0000 - 0x00007ffad2313000 	C:\Windows\system32\rsaenh.dll
0x00007ffad29e0000 - 0x00007ffad2a05000 	C:\Windows\SYSTEM32\bcrypt.dll
0x00007ffad2db0000 - 0x00007ffad2dd8000 	C:\Windows\SYSTEM32\USERENV.dll
0x00007ffad28d0000 - 0x00007ffad28db000 	C:\Windows\SYSTEM32\CRYPTBASE.dll
0x0000000071d30000 - 0x0000000071d4a000 	C:\Users\XLInux\SDK\2015.2\tps\win64\jre\bin\net.dll
0x00007ffad2700000 - 0x00007ffad2766000 	C:\Windows\system32\mswsock.dll
0x00007ffad2480000 - 0x00007ffad24b8000 	C:\Windows\SYSTEM32\IPHLPAPI.DLL
0x00007ffad68e0000 - 0x00007ffad68e8000 	C:\Windows\System32\NSI.dll
0x00007ffacd600000 - 0x00007ffacd616000 	C:\Windows\SYSTEM32\dhcpcsvc6.DLL
0x00007ffacd450000 - 0x00007ffacd46a000 	C:\Windows\SYSTEM32\dhcpcsvc.DLL
0x0000000071d10000 - 0x0000000071d21000 	C:\Users\XLInux\SDK\2015.2\tps\win64\jre\bin\nio.dll
0x00007ffac2920000 - 0x00007ffac29b6000 	C:\Windows\System32\TextInputFramework.dll
0x00007ffac2580000 - 0x00007ffac289e000 	C:\Windows\System32\CoreUIComponents.dll
0x00007ffad0820000 - 0x00007ffad08fa000 	C:\Windows\System32\CoreMessaging.dll
0x00007ffad1f50000 - 0x00007ffad1f81000 	C:\Windows\SYSTEM32\ntmarta.dll
0x00007ffacee60000 - 0x00007ffacefad000 	C:\Windows\SYSTEM32\wintypes.dll
0x00007ffad13f0000 - 0x00007ffad1419000 	C:\Windows\system32\dwmapi.dll
0x00007ffacb6d0000 - 0x00007ffacb73b000 	C:\Windows\system32\Oleacc.dll
0x00007ffab2720000 - 0x00007ffab2736000 	C:\Windows\system32\napinsp.dll
0x00007ffab2700000 - 0x00007ffab271a000 	C:\Windows\system32\pnrpnsp.dll
0x00007fface030000 - 0x00007fface049000 	C:\Windows\system32\NLAapi.dll
0x00007ffad24c0000 - 0x00007ffad257e000 	C:\Windows\SYSTEM32\DNSAPI.dll
0x00007ffab0bf0000 - 0x00007ffab0bfe000 	C:\Windows\System32\winrnr.dll
0x00007ffaccf50000 - 0x00007ffaccf65000 	C:\Windows\System32\wshbth.dll
0x00007ffaccb30000 - 0x00007ffaccb3a000 	C:\Windows\System32\rasadhlp.dll
0x00007ffacc730000 - 0x00007ffacc7a2000 	C:\Windows\System32\fwpuclnt.dll
0x0000000018ff0000 - 0x0000000019098000 	C:\Users\yizii\.Xilinx\SDK\2015.2\org.eclipse.osgi\bundles\287\1\.cp\swt-win32-4335.dll
0x00007ffad5750000 - 0x00007ffad58a1000 	C:\Windows\System32\ole32.dll
0x00007ffad6190000 - 0x00007ffad627d000 	C:\Windows\System32\comdlg32.dll
0x00007ffad3700000 - 0x00007ffad38e2000 	C:\Windows\System32\CRYPT32.dll
0x00007ffad2e80000 - 0x00007ffad2e92000 	C:\Windows\System32\MSASN1.dll
0x00007ffac91f0000 - 0x00007ffac9275000 	C:\Windows\SYSTEM32\WINSPOOL.DRV
0x00007ffacee40000 - 0x00007ffacee59000 	C:\Windows\SYSTEM32\USP10.dll
0x00007ffac6fc0000 - 0x00007ffac74e1000 	C:\Windows\SYSTEM32\WININET.dll
0x00007ffad0d40000 - 0x00007ffad0ef4000 	C:\Windows\SYSTEM32\PROPSYS.dll
0x00007ffad6840000 - 0x00007ffad68e0000 	C:\Windows\System32\clbcatq.dll
0x0000000019410000 - 0x000000001942e000 	C:\Users\yizii\.Xilinx\SDK\2015.2\org.eclipse.osgi\bundles\287\1\.cp\swt-gdip-win32-4335.dll
0x00007ffabac30000 - 0x00007ffabadcb000 	C:\Windows\WinSxS\amd64_microsoft.windows.gdiplus_6595b64144ccf1df_1.1.17134.765_none_2c2d948e8af7d264\gdiplus.dll
0x00007ffac2370000 - 0x00007ffac251e000 	C:\Windows\SYSTEM32\WindowsCodecs.dll
0x0000000180000000 - 0x0000000180012000 	C:\Users\yizii\.Xilinx\SDK\2015.2\org.eclipse.osgi\bundles\113\1\.cp\os\win32\x86_64\localfile_1_0_0.dll
0x00007ffacdbd0000 - 0x00007ffacdbe6000 	C:\Users\XLInux\SDK\2015.2\eclipse\win64.o\plugins\org.eclipse.cdt.core.win32.x86_64_5.2.0.201402142303\os\win32\x86_64\spawner.dll
0x00007ffaca390000 - 0x00007ffaca3a1000 	C:\Users\yizii\.Xilinx\SDK\2015.2\org.eclipse.osgi\bundles\116\1\.cp\jWinHttp-1.0.0.dll
0x00007fface510000 - 0x00007fface5ed000 	C:\Windows\SYSTEM32\WINHTTP.dll
0x00007ffab6270000 - 0x00007ffab62c8000 	C:\Windows\system32\dataexchange.dll
0x00007ffacfa60000 - 0x00007ffacfd6b000 	C:\Windows\system32\d3d11.dll
0x00007ffad0340000 - 0x00007ffad04dc000 	C:\Windows\system32\dcomp.dll
0x00007ffad1c20000 - 0x00007ffad1cdb000 	C:\Windows\system32\dxgi.dll
0x00007ffad1230000 - 0x00007ffad13e8000 	C:\Windows\system32\twinapi.appcore.dll
0x00007ffad1420000 - 0x00007ffad1449000 	C:\Windows\system32\RMCLIENT.dll
0x00007ffab0910000 - 0x00007ffab094f000 	C:\Windows\system32\mlang.dll
0x00007ffaccb20000 - 0x00007ffaccb30000 	C:\Users\XLInux\SDK\2015.2\lib\win64.o\librdi_repo_manager.dll
0x00007ffac6450000 - 0x00007ffac647a000 	C:\Users\XLInux\SDK\2015.2\lib\win64.o\libisl_sysinfo.dll
0x00007ffabce30000 - 0x00007ffabce84000 	C:\Users\XLInux\SDK\2015.2\lib\win64.o\librdi_commonxillic.dll
0x00007ffaaa6f0000 - 0x00007ffaaa8d8000 	C:\Users\XLInux\SDK\2015.2\lib\win64.o\librdi_hsm.dll
0x00007ffab3d30000 - 0x00007ffab3dd7000 	C:\Windows\SYSTEM32\MSVCP110.dll
0x00007ffaa5ab0000 - 0x00007ffaa5b84000 	C:\Windows\SYSTEM32\MSVCR110.dll
0x00007ffabb830000 - 0x00007ffabba50000 	C:\Users\XLInux\SDK\2015.2\lib\win64.o\libXil_lmgr11.dll
0x00007ffad3620000 - 0x00007ffad3677000 	C:\Windows\System32\WINTRUST.dll
0x00007ffaa72a0000 - 0x00007ffaa7be3000 	C:\Users\XLInux\SDK\2015.2\lib\win64.o\librdi_common.dll
0x00007ffaca440000 - 0x00007ffaca462000 	C:\Users\XLInux\SDK\2015.2\lib\win64.o\libboost_filesystem.dll
0x00007ffabd500000 - 0x00007ffabd5fa000 	C:\Users\XLInux\SDK\2015.2\lib\win64.o\libboost_regex.dll
0x00007fface890000 - 0x00007fface899000 	C:\Users\XLInux\SDK\2015.2\lib\win64.o\libboost_system.dll
0x00007ffabca40000 - 0x00007ffabca83000 	C:\Users\XLInux\SDK\2015.2\lib\win64.o\librdi_hdf.dll
0x00007ffaa9a10000 - 0x00007ffaa9bca000 	C:\Users\XLInux\SDK\2015.2\lib\win64.o\librdi_ippcw.dll
0x00007ffac68c0000 - 0x00007ffac68d7000 	C:\Windows\SYSTEM32\NETAPI32.dll
0x0000000071db0000 - 0x0000000071ed7000 	C:\Users\XLInux\SDK\2015.2\lib\win64.o\tcl85t.dll
0x00007ffabbcb0000 - 0x00007ffabbf58000 	C:\Users\XLInux\SDK\2015.2\lib\win64.o\libCOIN-all.dll
0x00007ffacedf0000 - 0x00007ffacee00000 	C:\Users\XLInux\SDK\2015.2\lib\win64.o\libboost_date_time.dll
0x00007ffabd810000 - 0x00007ffabd884000 	C:\Users\XLInux\SDK\2015.2\lib\win64.o\libboost_program_options.dll
0x00007ffacc580000 - 0x00007ffacc593000 	C:\Users\XLInux\SDK\2015.2\lib\win64.o\libboost_signals.dll
0x00007ffacc190000 - 0x00007ffacc1ad000 	C:\Users\XLInux\SDK\2015.2\lib\win64.o\libboost_thread.dll
0x00007ffabcf30000 - 0x00007ffabcfb0000 	C:\Users\XLInux\SDK\2015.2\lib\win64.o\libhdlpsolve.dll
0x00007ffabce90000 - 0x00007ffabcf2a000 	C:\Users\XLInux\SDK\2015.2\lib\win64.o\libhdxml.dll
0x00007ffaa1da0000 - 0x00007ffaa23aa200 	C:\Users\XLInux\SDK\2015.2\lib\win64.o\libisl_iostreams.dll
0x00007ffacd8e0000 - 0x00007ffacd8f5000 	C:\Users\XLInux\SDK\2015.2\lib\win64.o\pthreadVC2.dll
0x00007ffabc3f0000 - 0x00007ffabc520000 	C:\Users\XLInux\SDK\2015.2\lib\win64.o\librdi_curl.dll
0x00007ffaca350000 - 0x00007ffaca368000 	C:\Users\XLInux\SDK\2015.2\lib\win64.o\librdiconfig.dll
0x00007ffac6420000 - 0x00007ffac6443000 	C:\Users\XLInux\SDK\2015.2\lib\win64.o\librdizlib.dll
0x00007ffac61b0000 - 0x00007ffac6378000 	C:\Windows\SYSTEM32\urlmon.dll
0x00007ffaa2df0000 - 0x00007ffaa2e13000 	C:\Windows\SYSTEM32\VCOMP110.DLL
0x00007fface330000 - 0x00007fface33b000 	C:\Users\XLInux\SDK\2015.2\lib\win64.o\libboost_chrono.dll
0x00007ffaca300000 - 0x00007ffaca316000 	C:\Users\XLInux\SDK\2015.2\lib\win64.o\libboost_iostreams.dll
0x00007ffaca200000 - 0x00007ffaca223000 	C:\Users\XLInux\SDK\2015.2\lib\win64.o\libisl_iosutils.dll
0x00007ffac5a70000 - 0x00007ffac5d17000 	C:\Windows\SYSTEM32\iertutil.dll
0x000000001d060000 - 0x000000001d2c3000 	C:\Users\XLInux\SDK\2015.2\lib\win64.o\xerces-c_3_1.dll

VM Arguments:
jvm_args: -Dcom.xilinx.sdk.args.hwspec=C:/Users/yizii/Desktop/SOC/lab4/lab4.sdk/system_wrapper.hdf -Xms64m -Xmx512m & 
java_command: <unknown>
java_class_path (initial): C:\Users\XLInux\SDK\2015.2\eclipse\win64.o\\plugins/org.eclipse.equinox.launcher_1.3.0.v20130327-1440.jar
Launcher Type: generic

Environment Variables:
PATH=C:/Users/XLInux/SDK/2015.2/tps/win64/jre/bin/server;C:/Users/XLInux/SDK/2015.2/tps/win64/jre/bin;C:/Users/XLInux/SDK/2015.2/tps/win64/jre/lib/amd64;C:\Users\XLInux\SDK\2015.2\gnuwin\bin;C:\Users\XLInux\SDK\2015.2\gnu\microblaze\nt\bin;C:\Users\XLInux\SDK\2015.2\gnu\microblaze\linux_toolchain\nt64_le\bin;C:\Users\XLInux\SDK\2015.2\gnu\microblaze\linux_toolchain\nt64_be\bin;C:\Users\XLInux\SDK\2015.2\gnu\arm\nt\bin;C:\Users\XLInux\SDK\2015.2\gnu\aarch64\nt\aarch64-none\bin;C:\Users\XLInux\SDK\2015.2\gnu\aarch64\nt\aarch64-linux\bin;C:\Users\XLInux\SDK\2015.2\gnu\armr5\nt\gcc-arm-none-eabi\bin;C:\Users\XLInux\SDK\2015.2\gnu\aarch32\nt\gcc-arm-none-eabi\bin;C:\Users\XLInux\SDK\2015.2\gnu\aarch32\nt\gcc-arm-linux-gnueabi\bin;C:\Users\XLInux\SDK\2015.2\bin;C:\Users\XLInux\SDK\2015.2\lib\win64.o;C:\Users\XLInux\SDK\2015.2\tps\win64\jre\bin\server;C:\Users\XLInux\SDK\2015.2\tps\win64\jre\bin;C:\Users\XLInux\SDK\2015.2\bin;C:\Users\XLInux\SDK\2015.2\bin;C:\Users\XLInux\Vivado\2015.2\ids_lite\ISE\bin\nt64;C:\Users\XLInux\Vivado\2015.2\ids_lite\ISE\lib\nt64;C:\Users\XLInux\Vivado\2015.2\bin;C:\Users\XLInux\Vivado\2015.2\lib\win64.o;C:\Users\XLInux\Vivado\2015.2\tps\win64\jre\bin\server;C:\Users\XLInux\Vivado\2015.2\tps\win64\jre\bin;C:\Users\XLInux\SDK\2015.2\bin;C:\Users\XLInux\Vivado\2015.2\ids_lite\ISE\bin\nt64;C:\Users\XLInux\Vivado\2015.2\ids_lite\ISE\lib\nt64;C:\Windows\system32;C:\Windows;C:\Windows\System32\Wbem;C:\Windows\System32\WindowsPowerShell\v1.0\;C:\Windows\System32\OpenSSH\;E:\softwore\MPLABX\bin;E:\softwore\xc8\bin;E:\softwore\xc16\bin;C:\Program Files\Git\cmd;C:\Program Files (x86)\Altium Designer Winter 09\System;C:\Users\yizii\AppData\Local\Programs\Python\Python37-32\Scripts\;C:\Users\yizii\AppData\Local\Programs\Python\Python37-32\;C:\Users\yizii\AppData\Local\Microsoft\WindowsApps;;C:\Users\yizii\AppData\Local\Programs\Microsoft VS Code\bin;c:\Users\yizii\Desktop\SOC\lab2;
USERNAME=yizii
OS=Windows_NT
PROCESSOR_IDENTIFIER=Intel64 Family 6 Model 94 Stepping 3, GenuineIntel



---------------  S Y S T E M  ---------------

OS: Windows 8 , 64 bit Build 9200 

CPU:total 4 (4 cores per cpu, 1 threads per core) family 6 model 94 stepping 3, cmov, cx8, fxsr, mmx, sse, sse2, sse3, ssse3, sse4.1, sse4.2, popcnt, avx, avx2, aes, clmul, erms, rtm, lzcnt, tsc, tscinvbit, bmi1, bmi2

Memory: 4k page, physical 8282240k(2320728k free), swap 10946204k(1713300k free)

vm_info: Java HotSpot(TM) 64-Bit Server VM (25.25-b02) for windows-amd64 JRE (1.8.0_25-b18), built on Oct  7 2014 14:25:37 by "java_re" with MS VC++ 10.0 (VS2010)

time: Thu Jun 06 14:21:36 2019
elapsed time: 196 seconds (0d 0h 3m 16s)

