#-----------------------------------------------------------
# Vivado v2015.2 (64-bit)
# SW Build 1266856 on Fri Jun 26 16:35:25 MDT 2015
# IP Build 1264090 on Wed Jun 24 14:22:01 MDT 2015
# Start of session at: Thu Jun 06 11:14:00 2019
# Process ID: 1104
# Log file: C:/Users/yizii/Desktop/SOC/lab2/vivado.log
# Journal file: C:/Users/yizii/Desktop/SOC/lab2\vivado.jou
#-----------------------------------------------------------
start_gui
open_project C:/Users/yizii/Desktop/SOC/lab2/lab2.xpr
Scanning sources...
Finished scanning sources
INFO: [IP_Flow 19-234] Refreshing IP repositories
INFO: [IP_Flow 19-1704] No user IP repositories specified
INFO: [IP_Flow 19-2313] Loaded Vivado IP repository 'C:/Users/XLInux/Vivado/2015.2/data/ip'.
open_project: Time (s): cpu = 00:00:14 ; elapsed = 00:00:09 . Memory (MB): peak = 764.367 ; gain = 203.879
save_project_as lab3 C:/Users/yizii/Desktop/SOC/lab3 -force
ERROR: [Vivado 12-106] *** Exception: ui.g.e: Error: Wrapper with null DB pointer (See C:/Users/yizii/Desktop/SOC/lab2/vivado_pid1104.debug)
ERROR: [Vivado 12-106] *** Exception: java.lang.NullPointerException: ComMsgMgrSrcHandle const & reference is null (See C:/Users/yizii/Desktop/SOC/lab2/vivado_pid1104.debug)
save_project_as: Time (s): cpu = 00:00:06 ; elapsed = 00:00:06 . Memory (MB): peak = 783.617 ; gain = 5.090
ERROR: [Common 17-39] 'save_project_as' failed due to earlier errors.
set_property  ip_repo_paths  C:/Users/yizii/Desktop/SOC/ip_repo [current_project]
update_ip_catalog
INFO: [IP_Flow 19-234] Refreshing IP repositories
INFO: [IP_Flow 19-1700] Loaded user IP repository 'c:/Users/yizii/Desktop/SOC/ip_repo'.
open_bd_design {C:/Users/yizii/Desktop/SOC/lab3/lab3.srcs/sources_1/bd/system/system.bd}
Adding component instance block -- xilinx.com:ip:processing_system7:5.5 - processing_system7_0
Adding component instance block -- xilinx.com:ip:axi_gpio:2.0 - switches
Adding component instance block -- xilinx.com:ip:proc_sys_reset:5.0 - rst_processing_system7_0_100M
Adding component instance block -- xilinx.com:ip:axi_gpio:2.0 - bottons
Adding component instance block -- xilinx.com:ip:axi_crossbar:2.1 - xbar
Adding component instance block -- xilinx.com:ip:axi_protocol_converter:2.1 - auto_pc
Successfully read diagram <system> from BD file <C:/Users/yizii/Desktop/SOC/lab3/lab3.srcs/sources_1/bd/system/system.bd>
open_bd_design: Time (s): cpu = 00:00:07 ; elapsed = 00:00:05 . Memory (MB): peak = 831.570 ; gain = 37.602
startgroup
create_bd_cell -type ip -vlnv xilinx.com:user:led_ip:1.0 led_ip_0
endgroup
delete_bd_objs [get_bd_cells led_ip_0]
WARNING: [IP_Flow 19-4318] IP-XACT file does not exist: c:/Users/yizii/Desktop/SOC/ip_repo/led_ip_1.0/component.xml. It will be created.
update_ip_catalog -rebuild
INFO: [IP_Flow 19-234] Refreshing IP repositories
INFO: [IP_Flow 19-1700] Loaded user IP repository 'c:/Users/yizii/Desktop/SOC/ip_repo'.
open_bd_design {C:/Users/yizii/Desktop/SOC/lab3/lab3.srcs/sources_1/bd/system/system.bd}
open_bd_design {C:/Users/yizii/Desktop/SOC/lab3/lab3.srcs/sources_1/bd/system/system.bd}
startgroup
create_bd_cell -type ip -vlnv xilinx.com:user:led_ip:1.0 led_ip_0
endgroup
save_bd_design
Wrote  : <C:/Users/yizii/Desktop/SOC/lab3/lab3.srcs/sources_1/bd/system/system.bd> 
exit
INFO: [Common 17-206] Exiting Vivado at Thu Jun 06 11:35:35 2019...
