#-----------------------------------------------------------
# Webtalk v2015.2 (64-bit)
# SW Build 1266856 on Fri Jun 26 16:35:25 MDT 2015
# 
# Start of session at: Thu Jun 06 15:01:51 2019
# Process ID: 420
# Log file: C:/Users/yizii/Desktop/SOC/lab4/lab4.sdk/webtalk/webtalk.log
# Journal file: C:/Users/yizii/Desktop/SOC/lab4/lab4.sdk/webtalk\webtalk.jou
#-----------------------------------------------------------
source sdk_webtalk.tcl
# webtalk_init -webtalk_dir C:\\Users\\yizii\\Desktop\\SOC\\lab4\\lab4.sdk\\webtalk
# webtalk_register_client -client project
# webtalk_add_data -client project -key date_generated -value "ÐÇÆÚËÄ ÁùÔÂ 6 15:01:50 2019" -context "software_version_and_target_device"
# webtalk_add_data -client project -key product_version -value "SDK v2015.2" -context "software_version_and_target_device"
# webtalk_add_data -client project -key build_version -value "2015.2" -context "software_version_and_target_device"
# webtalk_add_data -client project -key os_platform -value "amd64" -context "software_version_and_target_device"
# webtalk_add_data -client project -key registration_id -value "" -context "software_version_and_target_device"
# webtalk_add_data -client project -key tool_flow -value "SDK" -context "software_version_and_target_device"
# webtalk_add_data -client project -key beta -value "false" -context "software_version_and_target_device"
# webtalk_add_data -client project -key route_design -value "NA" -context "software_version_and_target_device"
# webtalk_add_data -client project -key target_family -value "NA" -context "software_version_and_target_device"
# webtalk_add_data -client project -key target_device -value "NA" -context "software_version_and_target_device"
# webtalk_add_data -client project -key target_package -value "NA" -context "software_version_and_target_device"
# webtalk_add_data -client project -key target_speed -value "NA" -context "software_version_and_target_device"
# webtalk_add_data -client project -key random_id -value "s5dgsitl0f578lk8aiombsrgue" -context "software_version_and_target_device"
# webtalk_add_data -client project -key project_id -value "2015.2_6" -context "software_version_and_target_device"
# webtalk_add_data -client project -key project_iteration -value "6" -context "software_version_and_target_device"
# webtalk_add_data -client project -key os_name -value "" -context "user_environment"
# webtalk_add_data -client project -key os_release -value "" -context "user_environment"
# webtalk_add_data -client project -key cpu_name -value "" -context "user_environment"
# webtalk_add_data -client project -key cpu_speed -value "" -context "user_environment"
# webtalk_add_data -client project -key total_processors -value "" -context "user_environment"
# webtalk_add_data -client project -key system_ram -value "" -context "user_environment"
# webtalk_register_client -client sdk
# webtalk_add_data -client sdk -key uid -value "1559803363461" -context "sdk\\\\bsp/1559803363461"
# webtalk_add_data -client sdk -key hwid -value "1559801355077" -context "sdk\\\\bsp/1559803363461"
# webtalk_add_data -client sdk -key os -value "standalone" -context "sdk\\\\bsp/1559803363461"
# webtalk_add_data -client sdk -key apptemplate -value "hello_world" -context "sdk\\\\bsp/1559803363461"
# webtalk_add_data -client sdk -key uid -value "1559803365712" -context "sdk\\\\application/1559803365712"
# webtalk_add_data -client sdk -key hwid -value "1559801355077" -context "sdk\\\\application/1559803365712"
# webtalk_add_data -client sdk -key bspid -value "1559803363461" -context "sdk\\\\application/1559803365712"
# webtalk_add_data -client sdk -key newbsp -value "true" -context "sdk\\\\application/1559803365712"
# webtalk_add_data -client sdk -key os -value "standalone" -context "sdk\\\\application/1559803365712"
# webtalk_add_data -client sdk -key apptemplate -value "hello_world" -context "sdk\\\\application/1559803365712"
# webtalk_add_data -client sdk -key uid -value "1559803418608" -context "sdk\\\\bsp/1559803418608"
# webtalk_add_data -client sdk -key hwid -value "1559801355077" -context "sdk\\\\bsp/1559803418608"
# webtalk_add_data -client sdk -key os -value "standalone" -context "sdk\\\\bsp/1559803418608"
# webtalk_add_data -client sdk -key apptemplate -value "hello_world" -context "sdk\\\\bsp/1559803418608"
# webtalk_add_data -client sdk -key uid -value "1559803420737" -context "sdk\\\\application/1559803420737"
# webtalk_add_data -client sdk -key hwid -value "1559801355077" -context "sdk\\\\application/1559803420737"
# webtalk_add_data -client sdk -key bspid -value "1559803418608" -context "sdk\\\\application/1559803420737"
# webtalk_add_data -client sdk -key newbsp -value "true" -context "sdk\\\\application/1559803420737"
# webtalk_add_data -client sdk -key os -value "standalone" -context "sdk\\\\application/1559803420737"
# webtalk_add_data -client sdk -key apptemplate -value "hello_world" -context "sdk\\\\application/1559803420737"
# webtalk_add_data -client sdk -key uid -value "1559803462777" -context "sdk\\\\bsp/1559803462777"
# webtalk_add_data -client sdk -key hwid -value "1559801355077" -context "sdk\\\\bsp/1559803462777"
# webtalk_add_data -client sdk -key os -value "standalone" -context "sdk\\\\bsp/1559803462777"
# webtalk_add_data -client sdk -key apptemplate -value "empty_application" -context "sdk\\\\bsp/1559803462777"
# webtalk_add_data -client sdk -key uid -value "1559803464826" -context "sdk\\\\application/1559803464826"
# webtalk_add_data -client sdk -key hwid -value "1559801355077" -context "sdk\\\\application/1559803464826"
# webtalk_add_data -client sdk -key bspid -value "1559803462777" -context "sdk\\\\application/1559803464826"
# webtalk_add_data -client sdk -key newbsp -value "true" -context "sdk\\\\application/1559803464826"
# webtalk_add_data -client sdk -key os -value "standalone" -context "sdk\\\\application/1559803464826"
# webtalk_add_data -client sdk -key apptemplate -value "empty_application" -context "sdk\\\\application/1559803464826"
# webtalk_add_data -client sdk -key uid -value "1559804023583" -context "sdk\\\\bsp/1559804023583"
# webtalk_add_data -client sdk -key hwid -value "1559801355077" -context "sdk\\\\bsp/1559804023583"
# webtalk_add_data -client sdk -key os -value "standalone" -context "sdk\\\\bsp/1559804023583"
# webtalk_add_data -client sdk -key apptemplate -value "hello_world" -context "sdk\\\\bsp/1559804023583"
# webtalk_add_data -client sdk -key uid -value "1559804025585" -context "sdk\\\\application/1559804025585"
# webtalk_add_data -client sdk -key hwid -value "1559801355077" -context "sdk\\\\application/1559804025585"
# webtalk_add_data -client sdk -key bspid -value "1559804023583" -context "sdk\\\\application/1559804025585"
# webtalk_add_data -client sdk -key newbsp -value "true" -context "sdk\\\\application/1559804025585"
# webtalk_add_data -client sdk -key os -value "standalone" -context "sdk\\\\application/1559804025585"
# webtalk_add_data -client sdk -key apptemplate -value "hello_world" -context "sdk\\\\application/1559804025585"
# webtalk_add_data -client sdk -key uid -value "1559804092674" -context "sdk\\\\bsp/1559804092674"
# webtalk_add_data -client sdk -key hwid -value "1559801355077" -context "sdk\\\\bsp/1559804092674"
# webtalk_add_data -client sdk -key os -value "standalone" -context "sdk\\\\bsp/1559804092674"
# webtalk_add_data -client sdk -key apptemplate -value "empty_application" -context "sdk\\\\bsp/1559804092674"
# webtalk_add_data -client sdk -key uid -value "1559804094720" -context "sdk\\\\application/1559804094720"
# webtalk_add_data -client sdk -key hwid -value "1559801355077" -context "sdk\\\\application/1559804094720"
# webtalk_add_data -client sdk -key bspid -value "1559804092674" -context "sdk\\\\application/1559804094720"
# webtalk_add_data -client sdk -key newbsp -value "true" -context "sdk\\\\application/1559804094720"
# webtalk_add_data -client sdk -key os -value "standalone" -context "sdk\\\\application/1559804094720"
# webtalk_add_data -client sdk -key apptemplate -value "empty_application" -context "sdk\\\\application/1559804094720"
# webtalk_add_data -client sdk -key uid -value "1559804236593" -context "sdk\\\\bsp/1559804236593"
# webtalk_add_data -client sdk -key hwid -value "1559801355077" -context "sdk\\\\bsp/1559804236593"
# webtalk_add_data -client sdk -key os -value "standalone" -context "sdk\\\\bsp/1559804236593"
# webtalk_add_data -client sdk -key apptemplate -value "empty_application" -context "sdk\\\\bsp/1559804236593"
# webtalk_add_data -client sdk -key uid -value "1559804238731" -context "sdk\\\\application/1559804238731"
# webtalk_add_data -client sdk -key hwid -value "1559801355077" -context "sdk\\\\application/1559804238731"
# webtalk_add_data -client sdk -key bspid -value "1559804236593" -context "sdk\\\\application/1559804238731"
# webtalk_add_data -client sdk -key newbsp -value "true" -context "sdk\\\\application/1559804238731"
# webtalk_add_data -client sdk -key os -value "standalone" -context "sdk\\\\application/1559804238731"
# webtalk_add_data -client sdk -key apptemplate -value "empty_application" -context "sdk\\\\application/1559804238731"
# webtalk_transmit -clientid 4241741295 -regid "" -xml C:\\Users\\yizii\\Desktop\\SOC\\lab4\\lab4.sdk\\webtalk\\usage_statistics_ext_sdk.xml -html C:\\Users\\yizii\\Desktop\\SOC\\lab4\\lab4.sdk\\webtalk\\usage_statistics_ext_sdk.html -wdm C:\\Users\\yizii\\Desktop\\SOC\\lab4\\lab4.sdk\\webtalk\\sdk_webtalk.wdm -intro "<H3>SDK Usage Report</H3><BR>"
INFO: [Common 17-186] 'C:\Users\yizii\Desktop\SOC\lab4\lab4.sdk\webtalk\usage_statistics_ext_sdk.xml' has been successfully sent to Xilinx on Thu Jun 06 15:06:49 2019. For additional details about this file, please refer to the WebTalk help file at C:/Users/XLInux/SDK/2015.2/doc/webtalk_introduction.html.
# webtalk_terminate
INFO: [Common 17-206] Exiting Webtalk at Thu Jun 06 15:06:49 2019...
