#-----------------------------------------------------------
# Webtalk v2015.2 (64-bit)
# SW Build 1266856 on Fri Jun 26 16:35:25 MDT 2015
# 
# Start of session at: Thu Jun 06 14:07:05 2019
# Process ID: 13680
# Log file: C:/Users/yizii/Desktop/SOC/lab4/lab4.sdk/webtalk/webtalk.log
# Journal file: C:/Users/yizii/Desktop/SOC/lab4/lab4.sdk/webtalk\webtalk.jou
#-----------------------------------------------------------
source sdk_webtalk.tcl
# webtalk_init -webtalk_dir C:\\Users\\yizii\\Desktop\\SOC\\lab4\\lab4.sdk\\webtalk
# webtalk_register_client -client project
# webtalk_add_data -client project -key date_generated -value "ÐÇÆÚËÄ ÁùÔÂ 6 14:07:04 2019" -context "software_version_and_target_device"
# webtalk_add_data -client project -key product_version -value "SDK v2015.2" -context "software_version_and_target_device"
# webtalk_add_data -client project -key build_version -value "2015.2" -context "software_version_and_target_device"
# webtalk_add_data -client project -key os_platform -value "amd64" -context "software_version_and_target_device"
# webtalk_add_data -client project -key registration_id -value "" -context "software_version_and_target_device"
# webtalk_add_data -client project -key tool_flow -value "SDK" -context "software_version_and_target_device"
# webtalk_add_data -client project -key beta -value "false" -context "software_version_and_target_device"
# webtalk_add_data -client project -key route_design -value "NA" -context "software_version_and_target_device"
# webtalk_add_data -client project -key target_family -value "NA" -context "software_version_and_target_device"
# webtalk_add_data -client project -key target_device -value "NA" -context "software_version_and_target_device"
# webtalk_add_data -client project -key target_package -value "NA" -context "software_version_and_target_device"
# webtalk_add_data -client project -key target_speed -value "NA" -context "software_version_and_target_device"
# webtalk_add_data -client project -key random_id -value "ldtv34trlk26epduaaqj0s635p" -context "software_version_and_target_device"
# webtalk_add_data -client project -key project_id -value "2015.2_5" -context "software_version_and_target_device"
# webtalk_add_data -client project -key project_iteration -value "5" -context "software_version_and_target_device"
# webtalk_add_data -client project -key os_name -value "" -context "user_environment"
# webtalk_add_data -client project -key os_release -value "" -context "user_environment"
# webtalk_add_data -client project -key cpu_name -value "" -context "user_environment"
# webtalk_add_data -client project -key cpu_speed -value "" -context "user_environment"
# webtalk_add_data -client project -key total_processors -value "" -context "user_environment"
# webtalk_add_data -client project -key system_ram -value "" -context "user_environment"
# webtalk_register_client -client sdk
# webtalk_add_data -client sdk -key uid -value "1559800777689" -context "sdk\\\\hardware/1559800777689"
# webtalk_add_data -client sdk -key isZynq -value "true" -context "sdk\\\\hardware/1559800777689"
# webtalk_add_data -client sdk -key Processors -value "2" -context "sdk\\\\hardware/1559800777689"
# webtalk_add_data -client sdk -key VivadoVersion -value "2015.2" -context "sdk\\\\hardware/1559800777689"
# webtalk_add_data -client sdk -key Arch -value "zynq" -context "sdk\\\\hardware/1559800777689"
# webtalk_add_data -client sdk -key Device -value "7z010" -context "sdk\\\\hardware/1559800777689"
# webtalk_add_data -client sdk -key IsHandoff -value "true" -context "sdk\\\\hardware/1559800777689"
# webtalk_transmit -clientid 3631607809 -regid "" -xml C:\\Users\\yizii\\Desktop\\SOC\\lab4\\lab4.sdk\\webtalk\\usage_statistics_ext_sdk.xml -html C:\\Users\\yizii\\Desktop\\SOC\\lab4\\lab4.sdk\\webtalk\\usage_statistics_ext_sdk.html -wdm C:\\Users\\yizii\\Desktop\\SOC\\lab4\\lab4.sdk\\webtalk\\sdk_webtalk.wdm -intro "<H3>SDK Usage Report</H3><BR>"
INFO: [Common 17-186] 'C:\Users\yizii\Desktop\SOC\lab4\lab4.sdk\webtalk\usage_statistics_ext_sdk.xml' has been successfully sent to Xilinx on Thu Jun 06 14:07:19 2019. For additional details about this file, please refer to the WebTalk help file at C:/Users/XLInux/SDK/2015.2/doc/webtalk_introduction.html.
# webtalk_terminate
INFO: [Common 17-206] Exiting Webtalk at Thu Jun 06 14:07:19 2019...
