#-----------------------------------------------------------
# Webtalk v2015.2 (64-bit)
# SW Build 1266856 on Fri Jun 26 16:35:25 MDT 2015
# 
# Start of session at: Thu Jun 06 13:58:57 2019
# Process ID: 6628
# Log file: C:/Users/yizii/Desktop/SOC/lab4/lab4.sdk/webtalk/webtalk.log
# Journal file: C:/Users/yizii/Desktop/SOC/lab4/lab4.sdk/webtalk\webtalk.jou
#-----------------------------------------------------------
source sdk_webtalk.tcl
# webtalk_init -webtalk_dir C:\\Users\\yizii\\Desktop\\SOC\\lab4\\lab4.sdk\\webtalk
# webtalk_register_client -client project
# webtalk_add_data -client project -key date_generated -value "ÐÇÆÚËÄ ÁùÔÂ 6 13:58:56 2019" -context "software_version_and_target_device"
# webtalk_add_data -client project -key product_version -value "SDK v2015.2" -context "software_version_and_target_device"
# webtalk_add_data -client project -key build_version -value "2015.2" -context "software_version_and_target_device"
# webtalk_add_data -client project -key os_platform -value "amd64" -context "software_version_and_target_device"
# webtalk_add_data -client project -key registration_id -value "" -context "software_version_and_target_device"
# webtalk_add_data -client project -key tool_flow -value "SDK" -context "software_version_and_target_device"
# webtalk_add_data -client project -key beta -value "false" -context "software_version_and_target_device"
# webtalk_add_data -client project -key route_design -value "NA" -context "software_version_and_target_device"
# webtalk_add_data -client project -key target_family -value "NA" -context "software_version_and_target_device"
# webtalk_add_data -client project -key target_device -value "NA" -context "software_version_and_target_device"
# webtalk_add_data -client project -key target_package -value "NA" -context "software_version_and_target_device"
# webtalk_add_data -client project -key target_speed -value "NA" -context "software_version_and_target_device"
# webtalk_add_data -client project -key random_id -value "8656cg5u8o8kf99827l5p3sj6p" -context "software_version_and_target_device"
# webtalk_add_data -client project -key project_id -value "2015.2_4" -context "software_version_and_target_device"
# webtalk_add_data -client project -key project_iteration -value "4" -context "software_version_and_target_device"
# webtalk_add_data -client project -key os_name -value "" -context "user_environment"
# webtalk_add_data -client project -key os_release -value "" -context "user_environment"
# webtalk_add_data -client project -key cpu_name -value "" -context "user_environment"
# webtalk_add_data -client project -key cpu_speed -value "" -context "user_environment"
# webtalk_add_data -client project -key total_processors -value "" -context "user_environment"
# webtalk_add_data -client project -key system_ram -value "" -context "user_environment"
# webtalk_register_client -client sdk
# webtalk_add_data -client sdk -key uid -value "1559798973256" -context "sdk\\\\hardware/1559798973256"
# webtalk_add_data -client sdk -key isZynq -value "true" -context "sdk\\\\hardware/1559798973256"
# webtalk_add_data -client sdk -key Processors -value "2" -context "sdk\\\\hardware/1559798973256"
# webtalk_add_data -client sdk -key VivadoVersion -value "2015.2" -context "sdk\\\\hardware/1559798973256"
# webtalk_add_data -client sdk -key Arch -value "zynq" -context "sdk\\\\hardware/1559798973256"
# webtalk_add_data -client sdk -key Device -value "7z010" -context "sdk\\\\hardware/1559798973256"
# webtalk_add_data -client sdk -key IsHandoff -value "true" -context "sdk\\\\hardware/1559798973256"
# webtalk_add_data -client sdk -key uid -value "1559799054741" -context "sdk\\\\bsp/1559799054741"
# webtalk_add_data -client sdk -key hwid -value "1559771301909" -context "sdk\\\\bsp/1559799054741"
# webtalk_add_data -client sdk -key os -value "standalone" -context "sdk\\\\bsp/1559799054741"
# webtalk_add_data -client sdk -key apptemplate -value "empty_application" -context "sdk\\\\bsp/1559799054741"
# webtalk_add_data -client sdk -key uid -value "1559799057527" -context "sdk\\\\application/1559799057527"
# webtalk_add_data -client sdk -key hwid -value "1559771301909" -context "sdk\\\\application/1559799057527"
# webtalk_add_data -client sdk -key bspid -value "1559799054741" -context "sdk\\\\application/1559799057527"
# webtalk_add_data -client sdk -key newbsp -value "true" -context "sdk\\\\application/1559799057527"
# webtalk_add_data -client sdk -key os -value "standalone" -context "sdk\\\\application/1559799057527"
# webtalk_add_data -client sdk -key apptemplate -value "empty_application" -context "sdk\\\\application/1559799057527"
# webtalk_add_data -client sdk -key uid -value "1559799441033" -context "sdk\\\\hardware/1559799441033"
# webtalk_add_data -client sdk -key isZynq -value "true" -context "sdk\\\\hardware/1559799441033"
# webtalk_add_data -client sdk -key Processors -value "2" -context "sdk\\\\hardware/1559799441033"
# webtalk_add_data -client sdk -key VivadoVersion -value "2015.1.0" -context "sdk\\\\hardware/1559799441033"
# webtalk_add_data -client sdk -key Arch -value "zynq" -context "sdk\\\\hardware/1559799441033"
# webtalk_add_data -client sdk -key Device -value "7z020" -context "sdk\\\\hardware/1559799441033"
# webtalk_add_data -client sdk -key IsHandoff -value "true" -context "sdk\\\\hardware/1559799441033"
# webtalk_add_data -client sdk -key uid -value "1559799441112" -context "sdk\\\\bsp/1559799441112"
# webtalk_add_data -client sdk -key hwid -value "1559799441033" -context "sdk\\\\bsp/1559799441112"
# webtalk_add_data -client sdk -key os -value "standalone" -context "sdk\\\\bsp/1559799441112"
# webtalk_add_data -client sdk -key apptemplate -value "empty_application" -context "sdk\\\\bsp/1559799441112"
# webtalk_add_data -client sdk -key uid -value "1559799443351" -context "sdk\\\\application/1559799443351"
# webtalk_add_data -client sdk -key hwid -value "1559799441033" -context "sdk\\\\application/1559799443351"
# webtalk_add_data -client sdk -key bspid -value "1559799441112" -context "sdk\\\\application/1559799443351"
# webtalk_add_data -client sdk -key newbsp -value "true" -context "sdk\\\\application/1559799443351"
# webtalk_add_data -client sdk -key os -value "standalone" -context "sdk\\\\application/1559799443351"
# webtalk_add_data -client sdk -key apptemplate -value "empty_application" -context "sdk\\\\application/1559799443351"
# webtalk_add_data -client sdk -key uid -value "1559799967763" -context "sdk\\\\bsp/1559799967763"
# webtalk_add_data -client sdk -key hwid -value "1559799441033" -context "sdk\\\\bsp/1559799967763"
# webtalk_add_data -client sdk -key os -value "standalone" -context "sdk\\\\bsp/1559799967763"
# webtalk_add_data -client sdk -key apptemplate -value "hello_world" -context "sdk\\\\bsp/1559799967763"
# webtalk_add_data -client sdk -key uid -value "1559799969957" -context "sdk\\\\application/1559799969957"
# webtalk_add_data -client sdk -key hwid -value "1559799441033" -context "sdk\\\\application/1559799969957"
# webtalk_add_data -client sdk -key bspid -value "1559799967763" -context "sdk\\\\application/1559799969957"
# webtalk_add_data -client sdk -key newbsp -value "true" -context "sdk\\\\application/1559799969957"
# webtalk_add_data -client sdk -key os -value "standalone" -context "sdk\\\\application/1559799969957"
# webtalk_add_data -client sdk -key apptemplate -value "hello_world" -context "sdk\\\\application/1559799969957"
# webtalk_add_data -client sdk -key uid -value "1559800021931" -context "sdk\\\\bsp/1559800021931"
# webtalk_add_data -client sdk -key hwid -value "1559799441033" -context "sdk\\\\bsp/1559800021931"
# webtalk_add_data -client sdk -key os -value "standalone" -context "sdk\\\\bsp/1559800021931"
# webtalk_add_data -client sdk -key apptemplate -value "empty_application" -context "sdk\\\\bsp/1559800021931"
# webtalk_add_data -client sdk -key uid -value "1559800024089" -context "sdk\\\\application/1559800024089"
# webtalk_add_data -client sdk -key hwid -value "1559799441033" -context "sdk\\\\application/1559800024089"
# webtalk_add_data -client sdk -key bspid -value "1559800021931" -context "sdk\\\\application/1559800024089"
# webtalk_add_data -client sdk -key newbsp -value "true" -context "sdk\\\\application/1559800024089"
# webtalk_add_data -client sdk -key os -value "standalone" -context "sdk\\\\application/1559800024089"
# webtalk_add_data -client sdk -key apptemplate -value "empty_application" -context "sdk\\\\application/1559800024089"
# webtalk_transmit -clientid 37577682 -regid "" -xml C:\\Users\\yizii\\Desktop\\SOC\\lab4\\lab4.sdk\\webtalk\\usage_statistics_ext_sdk.xml -html C:\\Users\\yizii\\Desktop\\SOC\\lab4\\lab4.sdk\\webtalk\\usage_statistics_ext_sdk.html -wdm C:\\Users\\yizii\\Desktop\\SOC\\lab4\\lab4.sdk\\webtalk\\sdk_webtalk.wdm -intro "<H3>SDK Usage Report</H3><BR>"
INFO: [Common 17-186] 'C:\Users\yizii\Desktop\SOC\lab4\lab4.sdk\webtalk\usage_statistics_ext_sdk.xml' has been successfully sent to Xilinx on Thu Jun 06 13:59:15 2019. For additional details about this file, please refer to the WebTalk help file at C:/Users/XLInux/SDK/2015.2/doc/webtalk_introduction.html.
# webtalk_terminate
INFO: [Common 17-206] Exiting Webtalk at Thu Jun 06 13:59:15 2019...
