#
# A fatal error has been detected by the Java Runtime Environment:
#
#  Internal Error (0xc000000d), pid=4924, tid=6876
#
# JRE version: Java(TM) SE Runtime Environment (8.0_25-b18) (build 1.8.0_25-b18)
# Java VM: Java HotSpot(TM) 64-Bit Server VM (25.25-b02 mixed mode windows-amd64 compressed oops)
# Problematic frame:
# C  [ntdll.dll+0x108580]
#
# Failed to write core dump. Minidumps are not enabled by default on client versions of Windows
#
# If you would like to submit a bug report, please visit:
#   http://bugreport.sun.com/bugreport/crash.jsp
#

---------------  T H R E A D  ---------------

Current thread (0x0000000013cc6000):  VMThread [stack: 0x0000000014d50000,0x0000000014e50000] [id=6876]

siginfo: ExceptionCode=0xc000000d

Registers:
RAX=0x000000001550dbc0, RBX=0xfffffffffffffffe, RCX=0x0000000014e4eea0, RDX=0x000000006c5f3ea4
RSP=0x0000000014e4f3a0, RBP=0x00007ff826a37408, RSI=0x0000000000000000, RDI=0x00000000000005a0
R8 =0x00000000028e7a2d, R9 =0x0000221fe961a64f, R10=0x00007ff856a2829f, R11=0x0000000015513680
R12=0x0000000024f546e0, R13=0x0000000021e9abc0, R14=0x0000000024f547e8, R15=0x0000000014e4f518
RIP=0x00007ff856ae8580, EFLAGS=0x0000000000000202

Top of Stack: (sp=0x0000000014e4f3a0)
0x0000000014e4f3a0:   0000000000000057 fffffffffffffffe
0x0000000014e4f3b0:   0000000000000000 00000000000005a0
0x0000000014e4f3c0:   00000000c000000d 0000000000000000
0x0000000014e4f3d0:   00007ff856ae8580 0000000000000000
0x0000000014e4f3e0:   0000000000000000 0000000000000000
0x0000000014e4f3f0:   0000000000000000 0000000000000000
0x0000000014e4f400:   0000000000000000 0000000000000000
0x0000000014e4f410:   0000000000000000 0000000000000000
0x0000000014e4f420:   0000000000000000 0000000000000000
0x0000000014e4f430:   0000000000000000 0000000000000000
0x0000000014e4f440:   0000000000000000 0000000000000000
0x0000000014e4f450:   0000000000000000 0000000000000000
0x0000000014e4f460:   0000a4e8dd1e6324 0000000000000000
0x0000000014e4f470:   0000000000000000 00007ff856a9786f
0x0000000014e4f480:   0000000000000000 0000000000000000
0x0000000014e4f490:   0000000000000000 0000000000000000 

Instructions: (pc=0x00007ff856ae8580)
0x00007ff856ae8560:   90 f9 ff c7 44 24 20 0d 00 00 c0 b9 57 00 00 00
0x00007ff856ae8570:   e8 1b fe ef ff 90 48 8d 4c 24 20 e8 00 36 f0 ff
0x00007ff856ae8580:   eb 00 48 8b 8c 24 c0 00 00 00 48 33 cc e8 4e 2b
0x00007ff856ae8590:   f8 ff 48 81 c4 d8 00 00 00 c3 40 55 48 83 ec 20 


Register to memory mapping:

RAX=0x000000001550dbc0 is an unknown value
RBX=0xfffffffffffffffe is an unknown value
RCX=0x0000000014e4eea0 is an unknown value
RDX=0x000000006c5f3ea4 is an unknown value
RSP=0x0000000014e4f3a0 is an unknown value
RBP=0x00007ff826a37408 is an unknown value
RSI=0x0000000000000000 is an unknown value
RDI=0x00000000000005a0 is an unknown value
R8 =0x00000000028e7a2d is at code_begin+2093 in an Interpreter codelet
invoke return entry points  [0x00000000028e7200, 0x00000000028e7b00]  2304 bytes
R9 =0x0000221fe961a64f is an unknown value
R10=0x00007ff856a2829f is an unknown value
R11=0x0000000015513680 is an unknown value
R12=0x0000000024f546e0 is an unknown value
R13=0x0000000021e9abc0 is an unknown value
R14=0x0000000024f547e8 is an unknown value
R15=0x0000000014e4f518 is an unknown value


Stack: [0x0000000014d50000,0x0000000014e50000],  sp=0x0000000014e4f3a0,  free space=1020k
Native frames: (J=compiled Java code, j=interpreted, Vv=VM code, C=native code)
C  [ntdll.dll+0x108580]
C  [ntdll.dll+0xb786f]
C  [KERNEL32.DLL+0x1e92a]
C  [MSVCR110.dll+0x752d]
C  [MSVCR110.dll+0x14cde]
C  [MSVCR110.dll+0x13edc]
C  [MSVCR110.dll+0x239e]
C  [MSVCR110.dll+0xaf9e]
C  [MSVCP110.dll+0x397b9]
C  [librdi_common.dll+0x135d02]
C  [librdi_common.dll+0x13447b]
C  0x00007ff84f820904
C  0x00007ff84f820b86
C  [ntdll.dll+0x3b583]
C  [ntdll.dll+0x47f85]
C  [ntdll.dll+0x47e48]
C  [KERNEL32.DLL+0x1ca7a]
C  [MSVCR100.dll+0x20ccd]
V  [jvm.dll+0x1f9c55]
V  [jvm.dll+0x2325e7]
V  [jvm.dll+0x231826]
V  [jvm.dll+0x231cc1]
V  [jvm.dll+0x231ede]
V  [jvm.dll+0x2852fa]
C  [MSVCR100.dll+0x21d9f]
C  [MSVCR100.dll+0x21e3b]
C  [KERNEL32.DLL+0x14034]
C  [ntdll.dll+0x73691]

VM_Operation (0x000000000014f500): Exit, mode: safepoint, requested by thread 0x00000000028de800


---------------  P R O C E S S  ---------------

Java Threads: ( => current thread )
  0x000000001c510800 JavaThread "TCF Locator DNS Lookup" daemon [_thread_blocked, id=9060, stack(0x0000000021000000,0x0000000021100000)]
  0x000000001c513000 JavaThread "TCF Locator Timer" daemon [_thread_blocked, id=3356, stack(0x0000000020f00000,0x0000000021000000)]
  0x000000001c50d800 JavaThread "TCF Locator Receiver" daemon [_thread_in_native, id=7680, stack(0x0000000020e00000,0x0000000020f00000)]
  0x000000001c512000 JavaThread "TCF Timer Dispatcher" daemon [_thread_blocked, id=12504, stack(0x0000000020b00000,0x0000000020c00000)]
  0x00000000170ed000 JavaThread "EMF Reference Cleaner" daemon [_thread_blocked, id=11848, stack(0x0000000018ad0000,0x0000000018bd0000)]
  0x00000000153d4800 JavaThread "Service Thread" daemon [_thread_blocked, id=6852, stack(0x0000000015950000,0x0000000015a50000)]
  0x0000000015357800 JavaThread "C1 CompilerThread2" daemon [_thread_blocked, id=2132, stack(0x0000000015850000,0x0000000015950000)]
  0x0000000013d5e800 JavaThread "C2 CompilerThread1" daemon [_thread_blocked, id=11368, stack(0x0000000015750000,0x0000000015850000)]
  0x0000000013d5b800 JavaThread "C2 CompilerThread0" daemon [_thread_blocked, id=8888, stack(0x0000000015250000,0x0000000015350000)]
  0x0000000013d5a000 JavaThread "Attach Listener" daemon [_thread_blocked, id=7272, stack(0x0000000015150000,0x0000000015250000)]
  0x0000000013d59800 JavaThread "Signal Dispatcher" daemon [_thread_blocked, id=7148, stack(0x0000000015050000,0x0000000015150000)]
  0x00000000028b5800 JavaThread "Finalizer" daemon [_thread_blocked, id=11004, stack(0x0000000014f50000,0x0000000015050000)]
  0x00000000028ab800 JavaThread "Reference Handler" daemon [_thread_blocked, id=7600, stack(0x0000000014e50000,0x0000000014f50000)]
  0x00000000028de800 JavaThread "main" [_thread_blocked, id=6356, stack(0x0000000000050000,0x0000000000150000)]

Other Threads:
=>0x0000000013cc6000 VMThread [stack: 0x0000000014d50000,0x0000000014e50000] [id=6876]

VM state:at safepoint (shutting down)

VM Mutex/Monitor currently owned by a thread:  ([mutex/lock_event])
[0x00000000028dd690] Threads_lock - owner thread: 0x0000000013cc6000

Heap:
 PSYoungGen      total 77824K, used 47483K [0x00000000f5580000, 0x00000000fb080000, 0x0000000100000000)
  eden space 63488K, 74% used [0x00000000f5580000,0x00000000f83dec38,0x00000000f9380000)
  from space 14336K, 0% used [0x00000000fa280000,0x00000000fa280000,0x00000000fb080000)
  to   space 14848K, 0% used [0x00000000f9380000,0x00000000f9380000,0x00000000fa200000)
 ParOldGen       total 93184K, used 32494K [0x00000000e0000000, 0x00000000e5b00000, 0x00000000f5580000)
  object space 93184K, 34% used [0x00000000e0000000,0x00000000e1fbbaa0,0x00000000e5b00000)
 Metaspace       used 62473K, capacity 67438K, committed 67752K, reserved 1107968K
  class space    used 7695K, capacity 9268K, committed 9384K, reserved 1048576K

Card table byte_map: [0x0000000011ca0000,0x0000000011db0000] byte_map_base: 0x00000000115a0000

Marking Bits: (ParMarkBitMap*) 0x000000006cbdd490
 Begin Bits: [0x0000000012260000, 0x0000000012a60000)
 End Bits:   [0x0000000012a60000, 0x0000000013260000)

Polling page: 0x0000000000480000

CodeCache: size=245760Kb used=22188Kb max_used=22229Kb free=223571Kb
 bounds [0x00000000028e0000, 0x0000000003ec0000, 0x00000000118e0000]
 total_blobs=7091 nmethods=6273 adapters=727
 compilation: enabled

Compilation events (10 events):
Event: 114.807 Thread 0x0000000015357800 nmethod 7492 0x0000000002a5b210 code [0x0000000002a5b3e0, 0x0000000002a5bb08]
Event: 114.862 Thread 0x0000000015357800 7493   !   3       org.eclipse.osgi.internal.baseadaptor.BaseStorage::compact (215 bytes)
Event: 114.864 Thread 0x0000000015357800 nmethod 7493 0x0000000003eaef90 code [0x0000000003eaf3c0, 0x0000000003eb17f8]
Event: 114.886 Thread 0x0000000013d5e800 7494       4       java.io.WinNTFileSystem::resolve (231 bytes)
Event: 114.895 Thread 0x0000000013d5e800 nmethod 7494 0x00000000032cce10 code [0x00000000032ccfc0, 0x00000000032cd870]
Event: 114.912 Thread 0x0000000015357800 7495       3       org.eclipse.osgi.framework.internal.core.AbstractBundle::close (52 bytes)
Event: 114.912 Thread 0x0000000013d5b800 7496       4       java.lang.Integer::parseInt (7 bytes)
Event: 114.913 Thread 0x0000000015357800 nmethod 7495 0x00000000032cea90 code [0x00000000032cecc0, 0x00000000032cf9a8]
Event: 114.915 Thread 0x0000000015357800 7497       1       java.util.logging.LogManager$LoggerContext::getOwner (5 bytes)
Event: 114.915 Thread 0x0000000015357800 nmethod 7497 0x0000000003235110 code [0x0000000003235260, 0x0000000003235370]

GC Heap History (10 events):
Event: 28.782 GC heap before
{Heap before GC invocations=14 (full 2):
 PSYoungGen      total 58368K, used 34615K [0x00000000f5580000, 0x00000000fa780000, 0x0000000100000000)
  eden space 45568K, 47% used [0x00000000f5580000,0x00000000f6ad57f0,0x00000000f8200000)
  from space 12800K, 99% used [0x00000000f8200000,0x00000000f8e785b0,0x00000000f8e80000)
  to   space 14336K, 0% used [0x00000000f9980000,0x00000000f9980000,0x00000000fa780000)
 ParOldGen       total 69632K, used 22587K [0x00000000e0000000, 0x00000000e4400000, 0x00000000f5580000)
  object space 69632K, 32% used [0x00000000e0000000,0x00000000e160ecb8,0x00000000e4400000)
 Metaspace       used 54105K, capacity 59086K, committed 59160K, reserved 1099776K
  class space    used 6767K, capacity 8347K, committed 8360K, reserved 1048576K
Event: 28.792 GC heap after
Heap after GC invocations=14 (full 2):
 PSYoungGen      total 68096K, used 13478K [0x00000000f5580000, 0x00000000fa900000, 0x0000000100000000)
  eden space 53760K, 0% used [0x00000000f5580000,0x00000000f5580000,0x00000000f8a00000)
  from space 14336K, 94% used [0x00000000f9980000,0x00000000fa6a9a08,0x00000000fa780000)
  to   space 15872K, 0% used [0x00000000f8a00000,0x00000000f8a00000,0x00000000f9980000)
 ParOldGen       total 69632K, used 22595K [0x00000000e0000000, 0x00000000e4400000, 0x00000000f5580000)
  object space 69632K, 32% used [0x00000000e0000000,0x00000000e1610cb8,0x00000000e4400000)
 Metaspace       used 54105K, capacity 59086K, committed 59160K, reserved 1099776K
  class space    used 6767K, capacity 8347K, committed 8360K, reserved 1048576K
}
Event: 28.792 GC heap before
{Heap before GC invocations=15 (full 3):
 PSYoungGen      total 68096K, used 13478K [0x00000000f5580000, 0x00000000fa900000, 0x0000000100000000)
  eden space 53760K, 0% used [0x00000000f5580000,0x00000000f5580000,0x00000000f8a00000)
  from space 14336K, 94% used [0x00000000f9980000,0x00000000fa6a9a08,0x00000000fa780000)
  to   space 15872K, 0% used [0x00000000f8a00000,0x00000000f8a00000,0x00000000f9980000)
 ParOldGen       total 69632K, used 22595K [0x00000000e0000000, 0x00000000e4400000, 0x00000000f5580000)
  object space 69632K, 32% used [0x00000000e0000000,0x00000000e1610cb8,0x00000000e4400000)
 Metaspace       used 54105K, capacity 59086K, committed 59160K, reserved 1099776K
  class space    used 6767K, capacity 8347K, committed 8360K, reserved 1048576K
Event: 28.939 GC heap after
Heap after GC invocations=15 (full 3):
 PSYoungGen      total 68096K, used 0K [0x00000000f5580000, 0x00000000fa900000, 0x0000000100000000)
  eden space 53760K, 0% used [0x00000000f5580000,0x00000000f5580000,0x00000000f8a00000)
  from space 14336K, 0% used [0x00000000f9980000,0x00000000f9980000,0x00000000fa780000)
  to   space 15872K, 0% used [0x00000000f8a00000,0x00000000f8a00000,0x00000000f9980000)
 ParOldGen       total 93184K, used 30556K [0x00000000e0000000, 0x00000000e5b00000, 0x00000000f5580000)
  object space 93184K, 32% used [0x00000000e0000000,0x00000000e1dd7360,0x00000000e5b00000)
 Metaspace       used 54105K, capacity 59086K, committed 59160K, reserved 1099776K
  class space    used 6767K, capacity 8347K, committed 8360K, reserved 1048576K
}
Event: 35.047 GC heap before
{Heap before GC invocations=16 (full 3):
 PSYoungGen      total 68096K, used 53760K [0x00000000f5580000, 0x00000000fa900000, 0x0000000100000000)
  eden space 53760K, 100% used [0x00000000f5580000,0x00000000f8a00000,0x00000000f8a00000)
  from space 14336K, 0% used [0x00000000f9980000,0x00000000f9980000,0x00000000fa780000)
  to   space 15872K, 0% used [0x00000000f8a00000,0x00000000f8a00000,0x00000000f9980000)
 ParOldGen       total 93184K, used 30556K [0x00000000e0000000, 0x00000000e5b00000, 0x00000000f5580000)
  object space 93184K, 32% used [0x00000000e0000000,0x00000000e1dd7360,0x00000000e5b00000)
 Metaspace       used 59479K, capacity 64586K, committed 64808K, reserved 1105920K
  class space    used 7362K, capacity 8902K, committed 9000K, reserved 1048576K
Event: 35.053 GC heap after
Heap after GC invocations=16 (full 3):
 PSYoungGen      total 69632K, used 8687K [0x00000000f5580000, 0x00000000fb180000, 0x0000000100000000)
  eden space 53760K, 0% used [0x00000000f5580000,0x00000000f5580000,0x00000000f8a00000)
  from space 15872K, 54% used [0x00000000f8a00000,0x00000000f927bf68,0x00000000f9980000)
  to   space 15360K, 0% used [0x00000000fa280000,0x00000000fa280000,0x00000000fb180000)
 ParOldGen       total 93184K, used 30564K [0x00000000e0000000, 0x00000000e5b00000, 0x00000000f5580000)
  object space 93184K, 32% used [0x00000000e0000000,0x00000000e1dd9360,0x00000000e5b00000)
 Metaspace       used 59479K, capacity 64586K, committed 64808K, reserved 1105920K
  class space    used 7362K, capacity 8902K, committed 9000K, reserved 1048576K
}
Event: 62.957 GC heap before
{Heap before GC invocations=17 (full 3):
 PSYoungGen      total 69632K, used 27495K [0x00000000f5580000, 0x00000000fb180000, 0x0000000100000000)
  eden space 53760K, 34% used [0x00000000f5580000,0x00000000f67de060,0x00000000f8a00000)
  from space 15872K, 54% used [0x00000000f8a00000,0x00000000f927bf68,0x00000000f9980000)
  to   space 15360K, 0% used [0x00000000fa280000,0x00000000fa280000,0x00000000fb180000)
 ParOldGen       total 93184K, used 30564K [0x00000000e0000000, 0x00000000e5b00000, 0x00000000f5580000)
  object space 93184K, 32% used [0x00000000e0000000,0x00000000e1dd9360,0x00000000e5b00000)
 Metaspace       used 60023K, capacity 64980K, committed 65064K, reserved 1105920K
  class space    used 7426K, capacity 8968K, committed 9000K, reserved 1048576K
Event: 62.962 GC heap after
Heap after GC invocations=17 (full 3):
 PSYoungGen      total 77824K, used 5632K [0x00000000f5580000, 0x00000000fb080000, 0x0000000100000000)
  eden space 63488K, 0% used [0x00000000f5580000,0x00000000f5580000,0x00000000f9380000)
  from space 14336K, 39% used [0x00000000fa280000,0x00000000fa800010,0x00000000fb080000)
  to   space 14848K, 0% used [0x00000000f9380000,0x00000000f9380000,0x00000000fa200000)
 ParOldGen       total 93184K, used 30572K [0x00000000e0000000, 0x00000000e5b00000, 0x00000000f5580000)
  object space 93184K, 32% used [0x00000000e0000000,0x00000000e1ddb360,0x00000000e5b00000)
 Metaspace       used 60023K, capacity 64980K, committed 65064K, reserved 1105920K
  class space    used 7426K, capacity 8968K, committed 9000K, reserved 1048576K
}
Event: 62.962 GC heap before
{Heap before GC invocations=18 (full 4):
 PSYoungGen      total 77824K, used 5632K [0x00000000f5580000, 0x00000000fb080000, 0x0000000100000000)
  eden space 63488K, 0% used [0x00000000f5580000,0x00000000f5580000,0x00000000f9380000)
  from space 14336K, 39% used [0x00000000fa280000,0x00000000fa800010,0x00000000fb080000)
  to   space 14848K, 0% used [0x00000000f9380000,0x00000000f9380000,0x00000000fa200000)
 ParOldGen       total 93184K, used 30572K [0x00000000e0000000, 0x00000000e5b00000, 0x00000000f5580000)
  object space 93184K, 32% used [0x00000000e0000000,0x00000000e1ddb360,0x00000000e5b00000)
 Metaspace       used 60023K, capacity 64980K, committed 65064K, reserved 1105920K
  class space    used 7426K, capacity 8968K, committed 9000K, reserved 1048576K
Event: 63.185 GC heap after
Heap after GC invocations=18 (full 4):
 PSYoungGen      total 77824K, used 0K [0x00000000f5580000, 0x00000000fb080000, 0x0000000100000000)
  eden space 63488K, 0% used [0x00000000f5580000,0x00000000f5580000,0x00000000f9380000)
  from space 14336K, 0% used [0x00000000fa280000,0x00000000fa280000,0x00000000fb080000)
  to   space 14848K, 0% used [0x00000000f9380000,0x00000000f9380000,0x00000000fa200000)
 ParOldGen       total 93184K, used 32494K [0x00000000e0000000, 0x00000000e5b00000, 0x00000000f5580000)
  object space 93184K, 34% used [0x00000000e0000000,0x00000000e1fbbaa0,0x00000000e5b00000)
 Metaspace       used 60023K, capacity 64980K, committed 65064K, reserved 1105920K
  class space    used 7426K, capacity 8968K, committed 9000K, reserved 1048576K
}

Deoptimization events (10 events):
Event: 113.925 Thread 0x0000000016686800 Uncommon trap: reason=unreached action=reinterpret pc=0x0000000003cc18c0 method=org.eclipse.swt.widgets.Display.isValidThread()Z @ 7
Event: 113.949 Thread 0x00000000028de800 Uncommon trap: reason=unreached action=reinterpret pc=0x0000000002f9721c method=org.eclipse.e4.ui.internal.workbench.swt.PartRenderingEngine.someAreVisible(Ljava/util/List;)Z @ 41
Event: 113.973 Thread 0x00000000028de800 Uncommon trap: reason=unreached action=reinterpret pc=0x00000000038e984c method=org.eclipse.e4.ui.model.application.ui.impl.UIElementImpl.eIsSet(I)Z @ 184
Event: 114.018 Thread 0x00000000028de800 Uncommon trap: reason=unreached action=reinterpret pc=0x0000000003e220a0 method=org.eclipse.e4.ui.model.application.commands.impl.CommandImpl.eIsSet(I)Z @ 139
Event: 114.033 Thread 0x00000000028de800 Uncommon trap: reason=bimorphic action=maybe_recompile pc=0x000000000351e4a4 method=org.eclipse.emf.ecore.impl.ETypedElementImpl.getEType()Lorg/eclipse/emf/ecore/EClassifier; @ 18
Event: 114.033 Thread 0x00000000028de800 Uncommon trap: reason=bimorphic action=maybe_recompile pc=0x000000000351e4a4 method=org.eclipse.emf.ecore.impl.ETypedElementImpl.getEType()Lorg/eclipse/emf/ecore/EClassifier; @ 18
Event: 114.061 Thread 0x00000000028de800 Uncommon trap: reason=class_check action=maybe_recompile pc=0x0000000003dfae58 method=org.eclipse.e4.core.internal.contexts.TrackableComputationExt.update(Lorg/eclipse/e4/core/internal/contexts/ContextChangeEvent;)Z @ 62
Event: 114.061 Thread 0x00000000028de800 Uncommon trap: reason=class_check action=maybe_recompile pc=0x0000000003dfae58 method=org.eclipse.e4.core.internal.contexts.TrackableComputationExt.update(Lorg/eclipse/e4/core/internal/contexts/ContextChangeEvent;)Z @ 62
Event: 114.061 Thread 0x00000000028de800 Uncommon trap: reason=class_check action=maybe_recompile pc=0x0000000003dfae58 method=org.eclipse.e4.core.internal.contexts.TrackableComputationExt.update(Lorg/eclipse/e4/core/internal/contexts/ContextChangeEvent;)Z @ 62
Event: 114.629 Thread 0x00000000028de800 Uncommon trap: reason=null_check action=make_not_entrant pc=0x0000000003399c6c method=org.eclipse.core.runtime.internal.adaptor.EclipseLazyStarter.shouldActivateFor(Ljava/lang/String;Lorg/eclipse/osgi/baseadaptor/BaseData;Lorg/eclipse/core/runtime/internal¾¶—A.{\@

Internal exceptions (10 events):
Event: 111.336 Thread 0x0000000016689800 Exception <a 'java/net/SocketException': Connection reset by peer: socket write error> (0x00000000f71f2f70) thrown at [D:\re\workspace\8-2-build-windows-amd64-cygwin\jdk8u25\1677\hotspot\src\share\vm\prims\jni.cpp, line 742]
Event: 111.337 Thread 0x0000000016682000 Exception <a 'java/net/SocketException': Socket closed> (0x00000000f72b6428) thrown at [D:\re\workspace\8-2-build-windows-amd64-cygwin\jdk8u25\1677\hotspot\src\share\vm\prims\jni.cpp, line 742]
Event: 111.338 Thread 0x000000001c50e800 Exception <a 'java/lang/InterruptedException'> (0x00000000f72cb600) thrown at [D:\re\workspace\8-2-build-windows-amd64-cygwin\jdk8u25\1677\hotspot\src\share\vm\runtime\objectMonitor.cpp, line 1682]
Event: 113.559 Thread 0x00000000028de800 Implicit null exception at 0x0000000003be598c to 0x0000000003be59e9
Event: 113.765 Thread 0x00000000028de800 Implicit null exception at 0x00000000033aa949 to 0x00000000033aac9d
Event: 114.629 Thread 0x00000000028de800 Implicit null exception at 0x00000000033990e7 to 0x0000000003399c61
Event: 114.722 Thread 0x0000000016982800 Exception <a 'java/lang/InterruptedException': sleep interrupted> (0x00000000f821c740) thrown at [D:\re\workspace\8-2-build-windows-amd64-cygwin\jdk8u25\1677\hotspot\src\share\vm\prims\jvm.cpp, line 3141]
Event: 114.738 Thread 0x000000001c504800 Exception <a 'java/lang/InterruptedException'> (0x00000000f82bb278) thrown at [D:\re\workspace\8-2-build-windows-amd64-cygwin\jdk8u25\1677\hotspot\src\share\vm\runtime\objectMonitor.cpp, line 1682]
Event: 114.738 Thread 0x00000000168dd800 Exception <a 'java/lang/InterruptedException'> (0x00000000f82cfcb0) thrown at [D:\re\workspace\8-2-build-windows-amd64-cygwin\jdk8u25\1677\hotspot\src\share\vm\runtime\objectMonitor.cpp, line 1682]
Event: 114.912 Thread 0x0000000016c0a000 Exception <a 'java/lang/InterruptedException'> (0x00000000f8181b50) thrown at [D:\re\workspace\8-2-build-windows-amd64-cygwin\jdk8u25\1677\hotspot\src\share\vm\runtime\objectMonitor.cpp, line 1682]

Events (10 events):
Event: 114.895 Thread 0x0000000013d5e800 flushing nmethod 0x000000000357e7d0
Event: 114.912 Thread 0x0000000016c0a000 Thread exited: 0x0000000016c0a000
Event: 114.912 Thread 0x0000000016939000 Thread exited: 0x0000000016939000
Event: 114.914 loading class java/util/IdentityHashMap$KeyIterator
Event: 114.914 loading class java/util/IdentityHashMap$IdentityHashMapIterator
Event: 114.914 loading class java/util/IdentityHashMap$IdentityHashMapIterator done
Event: 114.914 loading class java/util/IdentityHashMap$KeyIterator done
Event: 114.914 Thread 0x0000000016683800 Thread added: 0x0000000016683800
Event: 114.915 Thread 0x0000000016683800 Thread exited: 0x0000000016683800
Event: 114.916 Executing VM operation: Exit


Dynamic libraries:
0x0000000000400000 - 0x000000000044f000 	C:\Users\XLInux\SDK\2015.2\eclipse\win64.o\eclipse.exe
0x00007ff8569e0000 - 0x00007ff856bc1000 	C:\Windows\SYSTEM32\ntdll.dll
0x00007ff855230000 - 0x00007ff8552e1000 	C:\Windows\System32\KERNEL32.DLL
0x00007ff853990000 - 0x00007ff853c03000 	C:\Windows\System32\KERNELBASE.dll
0x00007ff853fe0000 - 0x00007ff854170000 	C:\Windows\System32\USER32.dll
0x00007ff853e50000 - 0x00007ff853e70000 	C:\Windows\System32\win32u.dll
0x00007ff855150000 - 0x00007ff855178000 	C:\Windows\System32\GDI32.dll
0x00007ff853670000 - 0x00007ff853801000 	C:\Windows\System32\gdi32full.dll
0x00007ff8535d0000 - 0x00007ff85366f000 	C:\Windows\System32\msvcp_win.dll
0x00007ff853890000 - 0x00007ff853988000 	C:\Windows\System32\ucrtbase.dll
0x00007ff854d20000 - 0x00007ff854dbe000 	C:\Windows\System32\msvcrt.dll
0x00007ff847340000 - 0x00007ff8475a9000 	C:\Windows\WinSxS\amd64_microsoft.windows.common-controls_6595b64144ccf1df_6.0.17134.829_none_fb46a5473061b9d5\COMCTL32.dll
0x00007ff854dc0000 - 0x00007ff8550e2000 	C:\Windows\System32\combase.dll
0x00007ff855440000 - 0x00007ff855564000 	C:\Windows\System32\RPCRT4.dll
0x00007ff853810000 - 0x00007ff85388a000 	C:\Windows\System32\bcryptPrimitives.dll
0x00007ff854c00000 - 0x00007ff854c2d000 	C:\Windows\System32\IMM32.DLL
0x0000000072000000 - 0x0000000072012000 	C:\Users\XLInux\SDK\2015.2\eclipse\win64.o\plugins\org.eclipse.equinox.launcher.win32.win32.x86_64_1.1.200.v20140116-2212\eclipse_1503.dll
0x00007ff855180000 - 0x00007ff855221000 	C:\Windows\System32\ADVAPI32.dll
0x00007ff854470000 - 0x00007ff8544cb000 	C:\Windows\System32\sechost.dll
0x00007ff84ce60000 - 0x00007ff84ce6a000 	C:\Windows\SYSTEM32\VERSION.dll
0x00007ff8509e0000 - 0x00007ff850a78000 	C:\Windows\system32\uxtheme.dll
0x00007ff854a70000 - 0x00007ff854be3000 	C:\Windows\System32\MSCTF.dll
0x00007ff8549a0000 - 0x00007ff854a62000 	C:\Windows\System32\OLEAUT32.dll
0x000000006c400000 - 0x000000006cc5a000 	C:\Users\XLInux\SDK\2015.2\tps\win64\jre\bin\server\jvm.dll
0x00007ff854bf0000 - 0x00007ff854bf8000 	C:\Windows\System32\PSAPI.DLL
0x00007ff8442a0000 - 0x00007ff8442a9000 	C:\Windows\SYSTEM32\WSOCK32.dll
0x00007ff84e000000 - 0x00007ff84e023000 	C:\Windows\SYSTEM32\WINMM.dll
0x000000006e780000 - 0x000000006e852000 	C:\Windows\SYSTEM32\MSVCR100.dll
0x00007ff8541f0000 - 0x00007ff85425c000 	C:\Windows\System32\WS2_32.dll
0x00007ff84e120000 - 0x00007ff84e14a000 	C:\Windows\SYSTEM32\WINMMBASE.dll
0x00007ff853c10000 - 0x00007ff853c59000 	C:\Windows\System32\cfgmgr32.dll
0x000000006d920000 - 0x000000006d92f000 	C:\Users\XLInux\SDK\2015.2\tps\win64\jre\bin\verify.dll
0x000000006c2a0000 - 0x000000006c2c8000 	C:\Users\XLInux\SDK\2015.2\tps\win64\jre\bin\java.dll
0x000000006c280000 - 0x000000006c296000 	C:\Users\XLInux\SDK\2015.2\tps\win64\jre\bin\zip.dll
0x00007ff855570000 - 0x00007ff8569b0000 	C:\Windows\System32\SHELL32.dll
0x00007ff8552f0000 - 0x00007ff855399000 	C:\Windows\System32\shcore.dll
0x00007ff852e10000 - 0x00007ff85351d000 	C:\Windows\System32\windows.storage.dll
0x00007ff8550f0000 - 0x00007ff855141000 	C:\Windows\System32\shlwapi.dll
0x00007ff852d90000 - 0x00007ff852da1000 	C:\Windows\System32\kernel.appcore.dll
0x00007ff852cf0000 - 0x00007ff852d0f000 	C:\Windows\System32\profapi.dll
0x00007ff852d10000 - 0x00007ff852d5c000 	C:\Windows\System32\powrprof.dll
0x00007ff852d60000 - 0x00007ff852d6a000 	C:\Windows\System32\FLTLIB.DLL
0x00007ff852720000 - 0x00007ff852737000 	C:\Windows\SYSTEM32\CRYPTSP.dll
0x00007ff852160000 - 0x00007ff852193000 	C:\Windows\system32\rsaenh.dll
0x00007ff852850000 - 0x00007ff852875000 	C:\Windows\SYSTEM32\bcrypt.dll
0x00007ff852bf0000 - 0x00007ff852c18000 	C:\Windows\SYSTEM32\USERENV.dll
0x00007ff852740000 - 0x00007ff85274b000 	C:\Windows\SYSTEM32\CRYPTBASE.dll
0x000000006c260000 - 0x000000006c27a000 	C:\Users\XLInux\SDK\2015.2\tps\win64\jre\bin\net.dll
0x00007ff852570000 - 0x00007ff8525d6000 	C:\Windows\system32\mswsock.dll
0x00007ff852300000 - 0x00007ff852338000 	C:\Windows\SYSTEM32\IPHLPAPI.DLL
0x00007ff853fd0000 - 0x00007ff853fd8000 	C:\Windows\System32\NSI.dll
0x00007ff84ca20000 - 0x00007ff84ca36000 	C:\Windows\SYSTEM32\dhcpcsvc6.DLL
0x00007ff84c850000 - 0x00007ff84c86a000 	C:\Windows\SYSTEM32\dhcpcsvc.DLL
0x000000006c240000 - 0x000000006c251000 	C:\Users\XLInux\SDK\2015.2\tps\win64\jre\bin\nio.dll
0x00007ff841460000 - 0x00007ff8414f6000 	C:\Windows\System32\TextInputFramework.dll
0x00007ff84c2c0000 - 0x00007ff84c5de000 	C:\Windows\System32\CoreUIComponents.dll
0x00007ff850290000 - 0x00007ff85036a000 	C:\Windows\System32\CoreMessaging.dll
0x00007ff851dd0000 - 0x00007ff851e01000 	C:\Windows\SYSTEM32\ntmarta.dll
0x00007ff84eaf0000 - 0x00007ff84ec3d000 	C:\Windows\SYSTEM32\wintypes.dll
0x00007ff8510b0000 - 0x00007ff8510d9000 	C:\Windows\system32\dwmapi.dll
0x00007ff833b50000 - 0x00007ff833b66000 	C:\Windows\system32\napinsp.dll
0x00007ff833b30000 - 0x00007ff833b4a000 	C:\Windows\system32\pnrpnsp.dll
0x00007ff84f160000 - 0x00007ff84f179000 	C:\Windows\system32\NLAapi.dll
0x00007ff852340000 - 0x00007ff8523fe000 	C:\Windows\SYSTEM32\DNSAPI.dll
0x00007ff833ae0000 - 0x00007ff833aee000 	C:\Windows\System32\winrnr.dll
0x00007ff84cf50000 - 0x00007ff84cf65000 	C:\Windows\System32\wshbth.dll
0x00007ff84c080000 - 0x00007ff84c08a000 	C:\Windows\System32\rasadhlp.dll
0x00007ff847eb0000 - 0x00007ff847f22000 	C:\Windows\System32\fwpuclnt.dll
0x00000000187d0000 - 0x0000000018878000 	C:\Users\yizii\.Xilinx\SDK\2015.2\org.eclipse.osgi\bundles\287\1\.cp\swt-win32-4335.dll
0x00007ff853e70000 - 0x00007ff853fc1000 	C:\Windows\System32\ole32.dll
0x00007ff854c30000 - 0x00007ff854d1d000 	C:\Windows\System32\comdlg32.dll
0x00007ff853c60000 - 0x00007ff853e42000 	C:\Windows\System32\CRYPT32.dll
0x00007ff852d70000 - 0x00007ff852d82000 	C:\Windows\System32\MSASN1.dll
0x00007ff847bc0000 - 0x00007ff847c45000 	C:\Windows\SYSTEM32\WINSPOOL.DRV
0x00007ff84f8f0000 - 0x00007ff84f909000 	C:\Windows\SYSTEM32\USP10.dll
0x00007ff843cd0000 - 0x00007ff84418d000 	C:\Windows\SYSTEM32\WININET.dll
0x00007ff850b80000 - 0x00007ff850d34000 	C:\Windows\SYSTEM32\PROPSYS.dll
0x00007ff8553a0000 - 0x00007ff855440000 	C:\Windows\System32\clbcatq.dll
0x00000000188b0000 - 0x00000000188ce000 	C:\Users\yizii\.Xilinx\SDK\2015.2\org.eclipse.osgi\bundles\287\1\.cp\swt-gdip-win32-4335.dll
0x00007ff847c50000 - 0x00007ff847deb000 	C:\Windows\WinSxS\amd64_microsoft.windows.gdiplus_6595b64144ccf1df_1.1.17134.829_none_2c31982c8af433a3\gdiplus.dll
0x00007ff84c870000 - 0x00007ff84ca1e000 	C:\Windows\SYSTEM32\WindowsCodecs.dll
0x0000000180000000 - 0x0000000180012000 	C:\Users\yizii\.Xilinx\SDK\2015.2\org.eclipse.osgi\bundles\113\1\.cp\os\win32\x86_64\localfile_1_0_0.dll
0x00007ff84f8d0000 - 0x00007ff84f8e6000 	C:\Users\XLInux\SDK\2015.2\eclipse\win64.o\plugins\org.eclipse.cdt.core.win32.x86_64_5.2.0.201402142303\os\win32\x86_64\spawner.dll
0x00007ff84f8b0000 - 0x00007ff84f8c1000 	C:\Users\yizii\.Xilinx\SDK\2015.2\org.eclipse.osgi\bundles\116\1\.cp\jWinHttp-1.0.0.dll
0x00007ff84cab0000 - 0x00007ff84cb8d000 	C:\Windows\SYSTEM32\WINHTTP.dll
0x00007ff847b50000 - 0x00007ff847bbb000 	C:\Windows\SYSTEM32\oleacc.dll
0x00007ff837350000 - 0x00007ff8373a8000 	C:\Windows\system32\dataexchange.dll
0x00007ff84fd60000 - 0x00007ff85006b000 	C:\Windows\system32\d3d11.dll
0x00007ff8500f0000 - 0x00007ff85028c000 	C:\Windows\system32\dcomp.dll
0x00007ff851aa0000 - 0x00007ff851b5b000 	C:\Windows\system32\dxgi.dll
0x00007ff851190000 - 0x00007ff851348000 	C:\Windows\system32\twinapi.appcore.dll
0x00007ff851380000 - 0x00007ff8513a9000 	C:\Windows\system32\RMCLIENT.dll
0x00007ff82f7f0000 - 0x00007ff82f82f000 	C:\Windows\system32\mlang.dll
0x00007ff84f880000 - 0x00007ff84f890000 	C:\Users\XLInux\SDK\2015.2\lib\win64.o\librdi_repo_manager.dll
0x00007ff82f3e0000 - 0x00007ff82f40a000 	C:\Users\XLInux\SDK\2015.2\lib\win64.o\libisl_sysinfo.dll
0x00007ff8072d0000 - 0x00007ff807c13000 	C:\Users\XLInux\SDK\2015.2\lib\win64.o\librdi_common.dll
0x00007ff82bdb0000 - 0x00007ff82be04000 	C:\Users\XLInux\SDK\2015.2\lib\win64.o\librdi_commonxillic.dll
0x00007ff805230000 - 0x00007ff805418000 	C:\Users\XLInux\SDK\2015.2\lib\win64.o\librdi_hsm.dll
0x00007ff827980000 - 0x00007ff827a27000 	C:\Windows\SYSTEM32\MSVCP110.dll
0x00007ff826a30000 - 0x00007ff826b04000 	C:\Windows\SYSTEM32\MSVCR110.dll
0x00007ff807020000 - 0x00007ff8072c8000 	C:\Users\XLInux\SDK\2015.2\lib\win64.o\libCOIN-all.dll
0x00007ff849650000 - 0x00007ff849660000 	C:\Users\XLInux\SDK\2015.2\lib\win64.o\libboost_date_time.dll
0x00007ff806cc0000 - 0x00007ff806ee0000 	C:\Users\XLInux\SDK\2015.2\lib\win64.o\libXil_lmgr11.dll
0x00007ff852db0000 - 0x00007ff852e07000 	C:\Windows\System32\WINTRUST.dll
0x00007ff838300000 - 0x00007ff838322000 	C:\Users\XLInux\SDK\2015.2\lib\win64.o\libboost_filesystem.dll
0x00007ff806bc0000 - 0x00007ff806cba000 	C:\Users\XLInux\SDK\2015.2\lib\win64.o\libboost_regex.dll
0x00007ff82de80000 - 0x00007ff82def4000 	C:\Users\XLInux\SDK\2015.2\lib\win64.o\libboost_program_options.dll
0x00007ff83a980000 - 0x00007ff83a993000 	C:\Users\XLInux\SDK\2015.2\lib\win64.o\libboost_signals.dll
0x00007ff845ac0000 - 0x00007ff845ac9000 	C:\Users\XLInux\SDK\2015.2\lib\win64.o\libboost_system.dll
0x00007ff838de0000 - 0x00007ff838dfd000 	C:\Users\XLInux\SDK\2015.2\lib\win64.o\libboost_thread.dll
0x00007ff82ba30000 - 0x00007ff82bab0000 	C:\Users\XLInux\SDK\2015.2\lib\win64.o\libhdlpsolve.dll
0x00007ff806510000 - 0x00007ff8065aa000 	C:\Users\XLInux\SDK\2015.2\lib\win64.o\libhdxml.dll
0x00007ff835e20000 - 0x00007ff835e43000 	C:\Users\XLInux\SDK\2015.2\lib\win64.o\libisl_iosutils.dll
0x00007ff837d00000 - 0x00007ff837d15000 	C:\Users\XLInux\SDK\2015.2\lib\win64.o\pthreadVC2.dll
0x00007ff8065b0000 - 0x00007ff806bba200 	C:\Users\XLInux\SDK\2015.2\lib\win64.o\libisl_iostreams.dll
0x00007ff8063e0000 - 0x00007ff806510000 	C:\Users\XLInux\SDK\2015.2\lib\win64.o\librdi_curl.dll
0x00007ff836820000 - 0x00007ff836838000 	C:\Users\XLInux\SDK\2015.2\lib\win64.o\librdiconfig.dll
0x00007ff82dc20000 - 0x00007ff82dc43000 	C:\Users\XLInux\SDK\2015.2\lib\win64.o\librdizlib.dll
0x000000006c2d0000 - 0x000000006c3f7000 	C:\Users\XLInux\SDK\2015.2\lib\win64.o\tcl85t.dll
0x00007ff8445e0000 - 0x00007ff8447a9000 	C:\Windows\SYSTEM32\urlmon.dll
0x00007ff84a590000 - 0x00007ff84a5b3000 	C:\Windows\SYSTEM32\VCOMP110.DLL
0x00007ff82db90000 - 0x00007ff82dbd3000 	C:\Users\XLInux\SDK\2015.2\lib\win64.o\librdi_hdf.dll
0x00007ff83fc80000 - 0x00007ff83fc97000 	C:\Windows\SYSTEM32\NETAPI32.dll
0x00007ff845360000 - 0x00007ff84536b000 	C:\Users\XLInux\SDK\2015.2\lib\win64.o\libboost_chrono.dll
0x00007ff844c70000 - 0x00007ff844f16000 	C:\Windows\SYSTEM32\iertutil.dll
0x00007ff835830000 - 0x00007ff835846000 	C:\Users\XLInux\SDK\2015.2\lib\win64.o\libboost_iostreams.dll
0x00007ff805070000 - 0x00007ff80522a000 	C:\Users\XLInux\SDK\2015.2\lib\win64.o\librdi_ippcw.dll
0x0000000021a00000 - 0x0000000021c63000 	C:\Users\XLInux\SDK\2015.2\lib\win64.o\xerces-c_3_1.dll

VM Arguments:
jvm_args: -Dcom.xilinx.sdk.args.hwspec=C:/Users/yizii/Desktop/SOC/lab10_part2/lab10_part2.sdk/vgademo_wrapper.hdf -Xms64m -Xmx512m & 
java_command: <unknown>
java_class_path (initial): C:\Users\XLInux\SDK\2015.2\eclipse\win64.o\\plugins/org.eclipse.equinox.launcher_1.3.0.v20130327-1440.jar
Launcher Type: generic

Environment Variables:
PATH=C:/Users/XLInux/SDK/2015.2/tps/win64/jre/bin/server;C:/Users/XLInux/SDK/2015.2/tps/win64/jre/bin;C:/Users/XLInux/SDK/2015.2/tps/win64/jre/lib/amd64;C:\Users\XLInux\SDK\2015.2\gnuwin\bin;C:\Users\XLInux\SDK\2015.2\gnu\microblaze\nt\bin;C:\Users\XLInux\SDK\2015.2\gnu\microblaze\linux_toolchain\nt64_le\bin;C:\Users\XLInux\SDK\2015.2\gnu\microblaze\linux_toolchain\nt64_be\bin;C:\Users\XLInux\SDK\2015.2\gnu\arm\nt\bin;C:\Users\XLInux\SDK\2015.2\gnu\aarch64\nt\aarch64-none\bin;C:\Users\XLInux\SDK\2015.2\gnu\aarch64\nt\aarch64-linux\bin;C:\Users\XLInux\SDK\2015.2\gnu\armr5\nt\gcc-arm-none-eabi\bin;C:\Users\XLInux\SDK\2015.2\gnu\aarch32\nt\gcc-arm-none-eabi\bin;C:\Users\XLInux\SDK\2015.2\gnu\aarch32\nt\gcc-arm-linux-gnueabi\bin;C:\Users\XLInux\SDK\2015.2\bin;C:\Users\XLInux\SDK\2015.2\lib\win64.o;C:\Users\XLInux\SDK\2015.2\tps\win64\jre\bin\server;C:\Users\XLInux\SDK\2015.2\tps\win64\jre\bin;C:\Users\XLInux\SDK\2015.2\bin;C:\Users\XLInux\SDK\2015.2\bin;C:\Users\XLInux\Vivado\2015.2\ids_lite\ISE\bin\nt64;C:\Users\XLInux\Vivado\2015.2\ids_lite\ISE\lib\nt64;C:\Users\XLInux\Vivado\2015.2\bin;C:\Users\XLInux\Vivado\2015.2\lib\win64.o;C:\Users\XLInux\Vivado\2015.2\tps\win64\jre\bin\server;C:\Users\XLInux\Vivado\2015.2\tps\win64\jre\bin;C:\Users\XLInux\SDK\2015.2\bin;C:\Users\XLInux\Vivado\2015.2\ids_lite\ISE\bin\nt64;C:\Users\XLInux\Vivado\2015.2\ids_lite\ISE\lib\nt64;C:\Windows\system32;C:\Windows;C:\Windows\System32\Wbem;C:\Windows\System32\WindowsPowerShell\v1.0\;C:\Windows\System32\OpenSSH\;E:\softwore\MPLABX\bin;E:\softwore\xc8\bin;E:\softwore\xc16\bin;C:\Program Files\Git\cmd;C:\Program Files (x86)\Altium Designer Winter 09\System;C:\Users\yizii\AppData\Local\Programs\Python\Python37-32\Scripts\;C:\Users\yizii\AppData\Local\Programs\Python\Python37-32\;C:\Users\yizii\AppData\Local\Microsoft\WindowsApps;;C:\Users\yizii\AppData\Local\Programs\Microsoft VS Code\bin;C:\Users\yizii\Desktop\SOC\lab10_part2;
USERNAME=yizii
OS=Windows_NT
PROCESSOR_IDENTIFIER=Intel64 Family 6 Model 94 Stepping 3, GenuineIntel



---------------  S Y S T E M  ---------------

OS: Windows 8 , 64 bit Build 9200 

CPU:total 4 (4 cores per cpu, 1 threads per core) family 6 model 94 stepping 3, cmov, cx8, fxsr, mmx, sse, sse2, sse3, ssse3, sse4.1, sse4.2, popcnt, avx, avx2, aes, clmul, erms, rtm, lzcnt, tsc, tscinvbit, bmi1, bmi2

Memory: 4k page, physical 8282240k(4093164k free), swap 11296896k(5902480k free)

vm_info: Java HotSpot(TM) 64-Bit Server VM (25.25-b02) for windows-amd64 JRE (1.8.0_25-b18), built on Oct  7 2014 14:25:37 by "java_re" with MS VC++ 10.0 (VS2010)

time: Fri Jun 14 03:25:10 2019
elapsed time: 119 seconds (0d 0h 1m 59s)

