#-----------------------------------------------------------
# Vivado v2015.2 (64-bit)
# SW Build 1266856 on Fri Jun 26 16:35:25 MDT 2015
# IP Build 1264090 on Wed Jun 24 14:22:01 MDT 2015
# Start of session at: Fri Jun 14 02:51:28 2019
# Process ID: 12376
# Log file: C:/Users/yizii/Desktop/SOC/lab10_part2/vivado.log
# Journal file: C:/Users/yizii/Desktop/SOC/lab10_part2\vivado.jou
#-----------------------------------------------------------
start_gui
open_project C:/Users/yizii/Desktop/SOC/lab10_part2/lab10_part2.xpr
INFO: [Project 1-313] Project file moved from 'D:/Study/Soc/SOC/labs/lab10/lab10_part2' since last save.
Scanning sources...
Finished scanning sources
WARNING: [filemgmt 56-2] IP Repository Path: Could not find the directory 'C:/Users/yizii/Desktop/SOC/zybo_base_system', nor could it be found using path 'D:/Study/Soc/SOC/labs/lab10/zybo_base_system'.
INFO: [IP_Flow 19-234] Refreshing IP repositories
WARNING: [IP_Flow 19-2248] Failed to load user IP repository 'c:/Users/yizii/Desktop/SOC/zybo_base_system'; Can't find the specified path.
If this directory should no longer be in your list of user repositories, go to the IP Settings dialog and remove it.
INFO: [IP_Flow 19-2313] Loaded Vivado IP repository 'C:/Users/XLInux/Vivado/2015.2/data/ip'.
WARNING: [BD 41-1661] One or more IPs have been locked in the design 'vgademo.bd'. Please run report_ip_status for more details and recommendations on how to fix this issue.
List of locked IPs:
vgademo_axi_dispctrl_0_0

open_project: Time (s): cpu = 00:00:14 ; elapsed = 00:00:11 . Memory (MB): peak = 807.727 ; gain = 247.039
INFO: [Vivado 12-4158] Exported Hardware file is out of date. Exported hardware information may be inconsistent with respect to the current state of the design. It is recommended that you re-export the design and launch SDK otherwise SDK is launched with out of date hardware system file.
launch_sdk -workspace C:/Users/yizii/Desktop/SOC/lab10_part2/lab10_part2.sdk -hwspec C:/Users/yizii/Desktop/SOC/lab10_part2/lab10_part2.sdk/vgademo_wrapper.hdf
INFO: [Vivado 12-393] Launching SDK...
INFO: [Vivado 12-417] Running xsdk -workspace C:/Users/yizii/Desktop/SOC/lab10_part2/lab10_part2.sdk -hwspec C:/Users/yizii/Desktop/SOC/lab10_part2/lab10_part2.sdk/vgademo_wrapper.hdf
INFO: [Vivado 12-3157] SDK launch initiated. Please check console for any further messages.
INFO: [Vivado 12-4159] Implementation run is out of date. Exported hardware information may be inconsistent with respect to the current state of the design. It is recommended that you re-run implementation and re-generate bitstream before doing hardware export.
file mkdir C:/Users/yizii/Desktop/SOC/lab10_part2/lab10_part2.sdk
file copy -force C:/Users/yizii/Desktop/SOC/lab10_part2/lab10_part2.runs/impl_1/vgademo_wrapper.sysdef C:/Users/yizii/Desktop/SOC/lab10_part2/lab10_part2.sdk/vgademo_wrapper.hdf

INFO: [Vivado 12-4158] Exported Hardware file is out of date. Exported hardware information may be inconsistent with respect to the current state of the design. It is recommended that you re-export the design and launch SDK otherwise SDK is launched with out of date hardware system file.
launch_sdk -workspace C:/Users/yizii/Desktop/SOC/lab10_part2/lab10_part2.sdk -hwspec C:/Users/yizii/Desktop/SOC/lab10_part2/lab10_part2.sdk/vgademo_wrapper.hdf
INFO: [Vivado 12-393] Launching SDK...
INFO: [Vivado 12-417] Running xsdk -workspace C:/Users/yizii/Desktop/SOC/lab10_part2/lab10_part2.sdk -hwspec C:/Users/yizii/Desktop/SOC/lab10_part2/lab10_part2.sdk/vgademo_wrapper.hdf
INFO: [Vivado 12-3157] SDK launch initiated. Please check console for any further messages.
INFO: [Vivado 12-4158] Exported Hardware file is out of date. Exported hardware information may be inconsistent with respect to the current state of the design. It is recommended that you re-export the design and launch SDK otherwise SDK is launched with out of date hardware system file.
launch_sdk -workspace C:/Users/yizii/Desktop/SOC/lab10_part2/lab10_part2.sdk -hwspec C:/Users/yizii/Desktop/SOC/lab10_part2/lab10_part2.sdk/vgademo_wrapper.hdf
INFO: [Vivado 12-393] Launching SDK...
INFO: [Vivado 12-417] Running xsdk -workspace C:/Users/yizii/Desktop/SOC/lab10_part2/lab10_part2.sdk -hwspec C:/Users/yizii/Desktop/SOC/lab10_part2/lab10_part2.sdk/vgademo_wrapper.hdf
INFO: [Vivado 12-3157] SDK launch initiated. Please check console for any further messages.
INFO: [Vivado 12-4158] Exported Hardware file is out of date. Exported hardware information may be inconsistent with respect to the current state of the design. It is recommended that you re-export the design and launch SDK otherwise SDK is launched with out of date hardware system file.
launch_sdk -workspace C:/Users/yizii/Desktop/SOC/lab10_part2/lab10_part2.sdk -hwspec C:/Users/yizii/Desktop/SOC/lab10_part2/lab10_part2.sdk/vgademo_wrapper.hdf
INFO: [Vivado 12-393] Launching SDK...
INFO: [Vivado 12-417] Running xsdk -workspace C:/Users/yizii/Desktop/SOC/lab10_part2/lab10_part2.sdk -hwspec C:/Users/yizii/Desktop/SOC/lab10_part2/lab10_part2.sdk/vgademo_wrapper.hdf
INFO: [Vivado 12-3157] SDK launch initiated. Please check console for any further messages.
INFO: [Vivado 12-4158] Exported Hardware file is out of date. Exported hardware information may be inconsistent with respect to the current state of the design. It is recommended that you re-export the design and launch SDK otherwise SDK is launched with out of date hardware system file.
launch_sdk -workspace C:/Users/yizii/Desktop/SOC/lab10_part2/lab10_part2.sdk -hwspec C:/Users/yizii/Desktop/SOC/lab10_part2/lab10_part2.sdk/vgademo_wrapper.hdf
INFO: [Vivado 12-393] Launching SDK...
INFO: [Vivado 12-417] Running xsdk -workspace C:/Users/yizii/Desktop/SOC/lab10_part2/lab10_part2.sdk -hwspec C:/Users/yizii/Desktop/SOC/lab10_part2/lab10_part2.sdk/vgademo_wrapper.hdf
INFO: [Vivado 12-3157] SDK launch initiated. Please check console for any further messages.
exit
INFO: [Common 17-206] Exiting Vivado at Fri Jun 14 06:26:11 2019...
